#
# A fatal error has been detected by the Java Runtime Environment:
#
#  EXCEPTION_ACCESS_VIOLATION (0xc0000005) at pc=0x00007ff807c82b60, pid=21960, tid=22912
#
# JRE version: OpenJDK Runtime Environment Temurin-17.0.5+8 (17.0.5+8) (build 17.0.5+8)
# Java VM: OpenJDK 64-Bit Server VM Temurin-17.0.5+8 (17.0.5+8, mixed mode, sharing, tiered, compressed oops, compressed class ptrs, g1 gc, windows-amd64)
# Problematic frame:
# C  [atio6axx.dll+0x192b60]
#
# No core dump will be written. Minidumps are not enabled by default on client versions of Windows
#
# If you would like to submit a bug report, please visit:
#   https://github.com/adoptium/adoptium-support/issues
# The crash happened outside the Java Virtual Machine in native code.
# See problematic frame for where to report the bug.
#

---------------  S U M M A R Y ------------

Command Line: -Dforge.enableGameTest=true -Dforge.logging.console.level=debug -Dforge.logging.markers=REGISTRIES -DignoreList=bootstraplauncher,securejarhandler,asm-commons,asm-util,asm-analysis,asm-tree,asm,JarJarFileSystems,client-extra,fmlcore,javafmllanguage,lowcodelanguage,mclanguage,forge- -Djava.net.preferIPv6Addresses=system -DlegacyClassPath.file=C:\Users\user\MCreatorWorkspaces\minecraft_backlog_updates_fix\build\classpath\runClient_minecraftClasspath.txt -DmergeModules=jna-5.10.0.jar,jna-platform-5.10.0.jar -Dos.version=10.0 --module-path=C:\Users\user\.mcreator\gradle\caches\modules-2\files-2.1\cpw.mods\bootstraplauncher\1.1.2\c546e00443d8432cda6baa1c860346980742628\bootstraplauncher-1.1.2.jar;C:\Users\user\.mcreator\gradle\caches\modules-2\files-2.1\cpw.mods\securejarhandler\2.1.4\f47e3b9dd860a7b82154b8f90a650ffd0aaa5582\securejarhandler-2.1.4.jar;C:\Users\user\.mcreator\gradle\caches\modules-2\files-2.1\org.ow2.asm\asm-commons\9.3\1f2a432d1212f5c352ae607d7b61dcae20c20af5\asm-commons-9.3.jar;C:\Users\user\.mcreator\gradle\caches\modules-2\files-2.1\org.ow2.asm\asm-util\9.3\9595bc05510d0bd4b610188b77333fe4851a1975\asm-util-9.3.jar;C:\Users\user\.mcreator\gradle\caches\modules-2\files-2.1\org.ow2.asm\asm-analysis\9.3\4b071f211b37c38e0e9f5998550197c8593f6ad8\asm-analysis-9.3.jar;C:\Users\user\.mcreator\gradle\caches\modules-2\files-2.1\org.ow2.asm\asm-tree\9.3\78d2ecd61318b5a58cd04fb237636c0e86b77d97\asm-tree-9.3.jar;C:\Users\user\.mcreator\gradle\caches\modules-2\files-2.1\org.ow2.asm\asm\9.3\8e6300ef51c1d801a7ed62d07cd221aca3a90640\asm-9.3.jar;C:\Users\user\.mcreator\gradle\caches\modules-2\files-2.1\net.minecraftforge\JarJarFileSystems\0.3.16\e52afbb2599dc7c6f779efea0496d32fc01152e3\JarJarFileSystems-0.3.16.jar --add-modules=ALL-MODULE-PATH --add-opens=java.base/java.util.jar=cpw.mods.securejarhandler --add-opens=java.base/java.lang.invoke=cpw.mods.securejarhandler --add-exports=java.base/sun.security.util=cpw.mods.securejarhandler --add-exports=jdk.naming.dns/com.sun.jndi.dns=java.naming -XX:HeapDumpPath=MojangTricksIntelDriversForPerformance_javaw.exe_minecraft.exe.heapdump -Dos.name=Windows 10 -Dfile.encoding=UTF-8 -Duser.country=US -Duser.language=en -Duser.variant cpw.mods.bootstraplauncher.BootstrapLauncher --launchTarget forgeclientuserdev --version MOD_DEV --assetIndex 1.19 --assetsDir C:\Users\user\.mcreator\gradle\caches\forge_gradle\assets --gameDir . --fml.forgeVersion 43.2.0 --fml.mcVersion 1.19.2 --fml.forgeGroup net.minecraftforge --fml.mcpVersion 20220805.130853

Host: AMD Ryzen 7 5800X 8-Core Processor             , 16 cores, 23G,  Windows 10 , 64 bit Build 19041 (10.0.19041.2788)
Time: Thu May 11 21:53:19 2023 Central Daylight Time elapsed time: 12.039032 seconds (0d 0h 0m 12s)

---------------  T H R E A D  ---------------

Current thread (0x0000016a102e4120):  JavaThread "Render thread" [_thread_in_native, id=22912, stack(0x0000002693d00000,0x0000002693e00000)]

Stack: [0x0000002693d00000,0x0000002693e00000],  sp=0x0000002693dfa5e8,  free space=1001k
Native frames: (J=compiled Java code, j=interpreted, Vv=VM code, C=native code)
C  [atio6axx.dll+0x192b60]

Java frames: (J=compiled Java code, j=interpreted, Vv=VM code)
j  org.lwjgl.system.JNI.invokePPPP(IIJJJJ)J+0 org.lwjgl@3.3.1+7
j  org.lwjgl.glfw.GLFW.nglfwCreateWindow(IIJJJ)J+14 org.lwjgl.glfw@3.3.1+7
j  org.lwjgl.glfw.GLFW.glfwCreateWindow(IILjava/lang/CharSequence;JJ)J+34 org.lwjgl.glfw@3.3.1+7
j  net.minecraftforge.client.loading.NoVizFallback.lambda$fallback$0(Ljava/util/function/IntSupplier;Ljava/util/function/IntSupplier;Ljava/util/function/Supplier;Ljava/util/function/LongSupplier;)J+28 forge@43.2.0
j  net.minecraftforge.client.loading.NoVizFallback$$Lambda$4186+0x0000000801614000.getAsLong()J+16 forge@43.2.0
j  net.minecraftforge.fml.loading.progress.EarlyProgressVisualization$Visualization$$Lambda$4187+0x0000000801609b68.apply(Ljava/lang/Object;)Ljava/lang/Object;+4 fmlloader@1.19.2-43.2.0
J 2818 c2 java.util.Optional.map(Ljava/util/function/Function;)Ljava/util/Optional; java.base@17.0.5 (30 bytes) @ 0x0000016a1fb1f47c [0x0000016a1fb1f420+0x000000000000005c]
j  net.minecraftforge.fml.loading.progress.EarlyProgressVisualization$Visualization.handOffWindow(Ljava/util/function/IntSupplier;Ljava/util/function/IntSupplier;Ljava/util/function/Supplier;Ljava/util/function/LongSupplier;)J+48 fmlloader@1.19.2-43.2.0
j  net.minecraftforge.fml.loading.progress.EarlyProgressVisualization.handOffWindow(Ljava/util/function/IntSupplier;Ljava/util/function/IntSupplier;Ljava/util/function/Supplier;Ljava/util/function/LongSupplier;)J+9 fmlloader@1.19.2-43.2.0
j  com.mojang.blaze3d.platform.Window.<init>(Lcom/mojang/blaze3d/platform/WindowEventHandler;Lcom/mojang/blaze3d/platform/ScreenManager;Lcom/mojang/blaze3d/platform/DisplayData;Ljava/lang/String;Ljava/lang/String;)V+279 minecraft@1.19.2
j  net.minecraft.client.renderer.VirtualScreen.newWindow(Lcom/mojang/blaze3d/platform/DisplayData;Ljava/lang/String;Ljava/lang/String;)Lcom/mojang/blaze3d/platform/Window;+15 minecraft@1.19.2
j  net.minecraft.client.Minecraft.<init>(Lnet/minecraft/client/main/GameConfig;)V+723 minecraft@1.19.2
j  net.minecraft.client.main.Main.run([Ljava/lang/String;Z)V+1356 minecraft@1.19.2
j  net.minecraft.client.main.Main.main([Ljava/lang/String;)V+12 minecraft@1.19.2
v  ~StubRoutines::call_stub
j  jdk.internal.reflect.NativeMethodAccessorImpl.invoke0(Ljava/lang/reflect/Method;Ljava/lang/Object;[Ljava/lang/Object;)Ljava/lang/Object;+0 java.base@17.0.5
j  jdk.internal.reflect.NativeMethodAccessorImpl.invoke(Ljava/lang/Object;[Ljava/lang/Object;)Ljava/lang/Object;+133 java.base@17.0.5
j  jdk.internal.reflect.DelegatingMethodAccessorImpl.invoke(Ljava/lang/Object;[Ljava/lang/Object;)Ljava/lang/Object;+6 java.base@17.0.5
j  java.lang.reflect.Method.invoke(Ljava/lang/Object;[Ljava/lang/Object;)Ljava/lang/Object;+59 java.base@17.0.5
j  net.minecraftforge.fml.loading.targets.ForgeClientUserdevLaunchHandler.lambda$launchService$0([Ljava/lang/String;Ljava/lang/ModuleLayer;)V+47 fmlloader@1.19.2-43.2.0
j  net.minecraftforge.fml.loading.targets.ForgeClientUserdevLaunchHandler$$Lambda$857+0x0000000800fbf708.run()V+12 fmlloader@1.19.2-43.2.0
j  cpw.mods.modlauncher.LaunchServiceHandlerDecorator.launch([Ljava/lang/String;Ljava/lang/ModuleLayer;)V+11 cpw.mods.modlauncher@10.0.8
j  cpw.mods.modlauncher.LaunchServiceHandler.launch(Ljava/lang/String;[Ljava/lang/String;Ljava/lang/ModuleLayer;Lcpw/mods/modlauncher/TransformingClassLoader;Lcpw/mods/modlauncher/LaunchPluginHandler;)V+58 cpw.mods.modlauncher@10.0.8
j  cpw.mods.modlauncher.LaunchServiceHandler.launch(Lcpw/mods/modlauncher/ArgumentHandler;Ljava/lang/ModuleLayer;Lcpw/mods/modlauncher/TransformingClassLoader;Lcpw/mods/modlauncher/LaunchPluginHandler;)V+21 cpw.mods.modlauncher@10.0.8
j  cpw.mods.modlauncher.Launcher.run([Ljava/lang/String;)V+310 cpw.mods.modlauncher@10.0.8
j  cpw.mods.modlauncher.Launcher.main([Ljava/lang/String;)V+78 cpw.mods.modlauncher@10.0.8
j  cpw.mods.modlauncher.BootstrapLaunchConsumer.accept([Ljava/lang/String;)V+1 cpw.mods.modlauncher@10.0.8
j  cpw.mods.modlauncher.BootstrapLaunchConsumer.accept(Ljava/lang/Object;)V+5 cpw.mods.modlauncher@10.0.8
j  cpw.mods.bootstraplauncher.BootstrapLauncher.main([Ljava/lang/String;)V+515 cpw.mods.bootstraplauncher@1.1.2
v  ~StubRoutines::call_stub

siginfo: EXCEPTION_ACCESS_VIOLATION (0xc0000005), reading address 0xffffffffffffffff


Register to memory mapping:

RIP=0x00007ff807c82b60 atio6axx.dll
RAX=0x0 is NULL
RBX=0x00007ff80b4c33b0 atio6axx.dll
RCX=0x612e67726f5c312e is an unknown value
RDX=0x00000000000000d1 is an unknown value
RSP=0x0000002693dfa5e8 is pointing into the stack for thread: 0x0000016a102e4120
RBP=0x0000002693dfa750 is pointing into the stack for thread: 0x0000016a102e4120
RSI=0x00007ff80b3d2d40 atio6axx.dll
RDI=0x0000002693dfaa40 is pointing into the stack for thread: 0x0000016a102e4120
R8 =0x00000000000001a5 is an unknown value
R9 =0x612e67726f5c312e is an unknown value
R10=0x0 is NULL
R11=0x0000000000000200 is an unknown value
R12=0x00007ff80b4c3408 atio6axx.dll
R13=0x00007ff80b4c5c08 atio6axx.dll
R14=0x00007ff80b4c33b0 atio6axx.dll
R15=0x0 is NULL


Registers:
RAX=0x0000000000000000, RBX=0x00007ff80b4c33b0, RCX=0x612e67726f5c312e, RDX=0x00000000000000d1
RSP=0x0000002693dfa5e8, RBP=0x0000002693dfa750, RSI=0x00007ff80b3d2d40, RDI=0x0000002693dfaa40
R8 =0x00000000000001a5, R9 =0x612e67726f5c312e, R10=0x0000000000000000, R11=0x0000000000000200
R12=0x00007ff80b4c3408, R13=0x00007ff80b4c5c08, R14=0x00007ff80b4c33b0, R15=0x0000000000000000
RIP=0x00007ff807c82b60, EFLAGS=0x0000000000010206

Top of Stack: (sp=0x0000002693dfa5e8)
0x0000002693dfa5e8:   00007ff807c82e7c 00007ff80b4c6020
0x0000002693dfa5f8:   0000016a3fd20878 0000000000000000
0x0000002693dfa608:   00007ff807c83e8d 0000002693dfaa40
0x0000002693dfa618:   00007ff807c3f484 00007ff80b4c33b0
0x0000002693dfa628:   00007ff80b3d2d40 0000652e6176616a
0x0000002693dfa638:   00007213c86efbbb 0000002693dfaa40
0x0000002693dfa648:   00007ff807c40457 00007ff80b4c33b8
0x0000002693dfa658:   00007ff80b3d2d40 00007ff80b3d2d40
0x0000002693dfa668:   0000016a3edfeafc 00007ff80b4c33b0
0x0000002693dfa678:   00007ff800000000 0000000000000009
0x0000002693dfa688:   0000016a3edfecac 0000016a3edfee08
0x0000002693dfa698:   00007ff80b4c33b8 0000002693dfaa40
0x0000002693dfa6a8:   0000002693dfa81a 00007f006176616a
0x0000002693dfa6b8:   00007f006176616a 46676e697274535c
0x0000002693dfa6c8:   5c6f666e49656c69 3062343039303430
0x0000002693dfa6d8:   726556656c69465c 000000006e6f6973 

Instructions: (pc=0x00007ff807c82b60)
0x00007ff807c82a60:   74 09 33 c9 ff 15 e6 89 66 03 90 48 8b c3 48 83
0x00007ff807c82a70:   c4 20 5b c3 cc cc cc cc cc cc cc cc cc cc cc cc
0x00007ff807c82a80:   48 83 ec 28 48 8b 51 08 48 85 d2 74 09 33 c9 ff
0x00007ff807c82a90:   15 bb 89 66 03 90 48 83 c4 28 c3 cc cc cc cc cc
0x00007ff807c82aa0:   48 89 11 c3 cc cc cc cc cc cc cc cc cc cc cc cc
0x00007ff807c82ab0:   48 8b c1 c3 cc cc cc cc cc cc cc cc cc cc cc cc
0x00007ff807c82ac0:   48 3b ca 74 10 41 8b 00 39 01 74 09 48 83 c1 04
0x00007ff807c82ad0:   48 3b ca 75 f3 48 8b c1 c3 cc cc cc cc cc cc cc
0x00007ff807c82ae0:   48 8b c1 c3 cc cc cc cc cc cc cc cc cc cc cc cc
0x00007ff807c82af0:   48 83 39 00 0f 94 c0 c3 cc cc cc cc cc cc cc cc
0x00007ff807c82b00:   4c 8d 04 d5 00 00 00 00 33 d2 e9 c1 d0 dd 01 cc
0x00007ff807c82b10:   4c 8b 41 08 48 8b 02 49 89 00 48 83 41 08 08 c3
0x00007ff807c82b20:   48 8b c1 c3 cc cc cc cc cc cc cc cc cc cc cc cc
0x00007ff807c82b30:   48 8b c1 c3 cc cc cc cc cc cc cc cc cc cc cc cc
0x00007ff807c82b40:   49 8b 00 48 89 02 c3 cc cc cc cc cc cc cc cc cc
0x00007ff807c82b50:   8b 81 40 39 00 00 c3 cc cc cc cc cc cc cc cc cc
0x00007ff807c82b60:   8b 81 40 39 00 00 83 c0 f0 83 f8 67 0f 87 5a 01
0x00007ff807c82b70:   00 00 48 8d 15 87 d4 e6 ff 0f b6 84 02 f0 2c 19
0x00007ff807c82b80:   00 8b 8c 82 d0 2c 19 00 48 03 ca ff e1 48 8b 0d
0x00007ff807c82b90:   6c 6f 7e 03 83 b9 b4 34 00 00 02 0f 87 2b 01 00
0x00007ff807c82ba0:   00 48 8d 91 0c 29 00 00 c7 02 e1 00 00 00 e9 ce
0x00007ff807c82bb0:   00 00 00 48 8b 0d 46 6f 7e 03 83 b9 b4 34 00 00
0x00007ff807c82bc0:   02 0f 87 05 01 00 00 48 8d 91 0c 29 00 00 c7 02
0x00007ff807c82bd0:   f0 00 00 00 e9 a8 00 00 00 48 8b 0d 20 6f 7e 03
0x00007ff807c82be0:   83 b9 b4 34 00 00 02 0f 87 df 00 00 00 48 8d 91
0x00007ff807c82bf0:   0c 29 00 00 c7 02 00 04 00 00 e9 82 00 00 00 48
0x00007ff807c82c00:   8b 0d fa 6e 7e 03 83 b9 b4 34 00 00 02 0f 87 b9
0x00007ff807c82c10:   00 00 00 48 8d 91 0c 29 00 00 c7 02 00 08 00 00
0x00007ff807c82c20:   eb 5f 48 8b 0d d7 6e 7e 03 83 b9 b4 34 00 00 02
0x00007ff807c82c30:   0f 87 96 00 00 00 48 8d 91 0c 29 00 00 c7 02 00
0x00007ff807c82c40:   09 00 00 eb 3c 48 8b 0d b4 6e 7e 03 83 b9 b4 34
0x00007ff807c82c50:   00 00 02 77 77 48 8d 91 0c 29 00 00 c7 02 3c 0f 


Stack slot to memory mapping:
stack at sp + 0 slots: 0x00007ff807c82e7c atio6axx.dll
stack at sp + 1 slots: 0x00007ff80b4c6020 atio6axx.dll
stack at sp + 2 slots: 0x0000016a3fd20878 points into unknown readable memory: 0x00007ff80accf5f0 | f0 f5 cc 0a f8 7f 00 00
stack at sp + 3 slots: 0x0 is NULL
stack at sp + 4 slots: 0x00007ff807c83e8d atio6axx.dll
stack at sp + 5 slots: 0x0000002693dfaa40 is pointing into the stack for thread: 0x0000016a102e4120
stack at sp + 6 slots: 0x00007ff807c3f484 atio6axx.dll
stack at sp + 7 slots: 0x00007ff80b4c33b0 atio6axx.dll


---------------  P R O C E S S  ---------------

Threads class SMR info:
_java_thread_list=0x0000016a42d75e70, length=24, elements={
0x0000016a102e4120, 0x0000016a37fe9590, 0x0000016a37feaab0, 0x0000016a39414ac0,
0x0000016a39415580, 0x0000016a39419470, 0x0000016a3941a4d0, 0x0000016a3941b0c0,
0x0000016a3941ed20, 0x0000016a39425300, 0x0000016a394c2ff0, 0x0000016a37fd6f50,
0x0000016a3954fca0, 0x0000016a395509c0, 0x0000016a39607dd0, 0x0000016a39ddd120,
0x0000016a39e21070, 0x0000016a3c1198b0, 0x0000016a3dc25da0, 0x0000016a3bf1fc30,
0x0000016a3e71b410, 0x0000016a42d26aa0, 0x0000016a3b76e5c0, 0x0000016a42d25150
}

Java Threads: ( => current thread )
=>0x0000016a102e4120 JavaThread "Render thread" [_thread_in_native, id=22912, stack(0x0000002693d00000,0x0000002693e00000)]
  0x0000016a37fe9590 JavaThread "Reference Handler" daemon [_thread_blocked, id=13768, stack(0x0000002694400000,0x0000002694500000)]
  0x0000016a37feaab0 JavaThread "Finalizer" daemon [_thread_blocked, id=18704, stack(0x0000002694500000,0x0000002694600000)]
  0x0000016a39414ac0 JavaThread "Signal Dispatcher" daemon [_thread_blocked, id=28272, stack(0x0000002694600000,0x0000002694700000)]
  0x0000016a39415580 JavaThread "Attach Listener" daemon [_thread_blocked, id=28872, stack(0x0000002694700000,0x0000002694800000)]
  0x0000016a39419470 JavaThread "Service Thread" daemon [_thread_blocked, id=6220, stack(0x0000002694800000,0x0000002694900000)]
  0x0000016a3941a4d0 JavaThread "Monitor Deflation Thread" daemon [_thread_blocked, id=6524, stack(0x0000002694900000,0x0000002694a00000)]
  0x0000016a3941b0c0 JavaThread "C2 CompilerThread0" daemon [_thread_blocked, id=22340, stack(0x0000002694a00000,0x0000002694b00000)]
  0x0000016a3941ed20 JavaThread "C1 CompilerThread0" daemon [_thread_blocked, id=19488, stack(0x0000002694b00000,0x0000002694c00000)]
  0x0000016a39425300 JavaThread "Sweeper thread" daemon [_thread_blocked, id=12120, stack(0x0000002694c00000,0x0000002694d00000)]
  0x0000016a394c2ff0 JavaThread "C1 CompilerThread1" daemon [_thread_blocked, id=24468, stack(0x0000002694d00000,0x0000002694e00000)]
  0x0000016a37fd6f50 JavaThread "Common-Cleaner" daemon [_thread_blocked, id=24308, stack(0x0000002694e00000,0x0000002694f00000)]
  0x0000016a3954fca0 JavaThread "C1 CompilerThread2" daemon [_thread_blocked, id=3172, stack(0x0000002694f00000,0x0000002695000000)]
  0x0000016a395509c0 JavaThread "C2 CompilerThread1" daemon [_thread_blocked, id=26340, stack(0x0000002695000000,0x0000002695100000)]
  0x0000016a39607dd0 JavaThread "Notification Thread" daemon [_thread_blocked, id=8168, stack(0x0000002695100000,0x0000002695200000)]
  0x0000016a39ddd120 JavaThread "C1 CompilerThread3" daemon [_thread_blocked, id=21540, stack(0x0000002695b00000,0x0000002695c00000)]
  0x0000016a39e21070 JavaThread "C2 CompilerThread2" daemon [_thread_blocked, id=18228, stack(0x0000002695c00000,0x0000002695d00000)]
  0x0000016a3c1198b0 JavaThread "Thread-0" daemon [_thread_blocked, id=11880, stack(0x0000002695d00000,0x0000002695e00000)]
  0x0000016a3dc25da0 JavaThread "FileSystemWatchService" daemon [_thread_in_native, id=15540, stack(0x0000002695e00000,0x0000002695f00000)]
  0x0000016a3bf1fc30 JavaThread "C2 CompilerThread3" daemon [_thread_blocked, id=26820, stack(0x0000002696300000,0x0000002696400000)]
  0x0000016a3e71b410 JavaThread "pool-2-thread-1" daemon [_thread_blocked, id=928, stack(0x0000002696900000,0x0000002696a00000)]
  0x0000016a42d26aa0 JavaThread "C2 CompilerThread4" daemon [_thread_blocked, id=3464, stack(0x0000002696400000,0x0000002696500000)]
  0x0000016a3b76e5c0 JavaThread "Timer hack thread" daemon [_thread_blocked, id=17200, stack(0x0000002696800000,0x0000002696900000)]
  0x0000016a42d25150 JavaThread "C2 CompilerThread5" daemon [_thread_blocked, id=3772, stack(0x0000002696a00000,0x0000002696b00000)]

Other Threads:
  0x0000016a37fe52e0 VMThread "VM Thread" [stack: 0x0000002694300000,0x0000002694400000] [id=4208]
  0x0000016a396cdeb0 WatcherThread [stack: 0x0000002695200000,0x0000002695300000] [id=21532]
  0x0000016a1036d480 GCTaskThread "GC Thread#0" [stack: 0x0000002693e00000,0x0000002693f00000] [id=27256]
  0x0000016a39acf610 GCTaskThread "GC Thread#1" [stack: 0x0000002695300000,0x0000002695400000] [id=28576]
  0x0000016a39acfcc0 GCTaskThread "GC Thread#2" [stack: 0x0000002695400000,0x0000002695500000] [id=1016]
  0x0000016a39aec4e0 GCTaskThread "GC Thread#3" [stack: 0x0000002695500000,0x0000002695600000] [id=24096]
  0x0000016a39aec790 GCTaskThread "GC Thread#4" [stack: 0x0000002695600000,0x0000002695700000] [id=4108]
  0x0000016a39aeca40 GCTaskThread "GC Thread#5" [stack: 0x0000002695700000,0x0000002695800000] [id=28320]
  0x0000016a39aeccf0 GCTaskThread "GC Thread#6" [stack: 0x0000002695800000,0x0000002695900000] [id=16856]
  0x0000016a39aecfa0 GCTaskThread "GC Thread#7" [stack: 0x0000002695900000,0x0000002695a00000] [id=13148]
  0x0000016a39aed250 GCTaskThread "GC Thread#8" [stack: 0x0000002695a00000,0x0000002695b00000] [id=8356]
  0x0000016a3d863790 GCTaskThread "GC Thread#9" [stack: 0x0000002695f00000,0x0000002696000000] [id=11956]
  0x0000016a3d863230 GCTaskThread "GC Thread#10" [stack: 0x0000002696000000,0x0000002696100000] [id=24484]
  0x0000016a3d8634e0 GCTaskThread "GC Thread#11" [stack: 0x0000002696100000,0x0000002696200000] [id=26924]
  0x0000016a3d863cf0 GCTaskThread "GC Thread#12" [stack: 0x0000002696200000,0x0000002696300000] [id=9036]
  0x0000016a1037a220 ConcurrentGCThread "G1 Main Marker" [stack: 0x0000002693f00000,0x0000002694000000] [id=21980]
  0x0000016a1037c2f0 ConcurrentGCThread "G1 Conc#0" [stack: 0x0000002694000000,0x0000002694100000] [id=27804]
  0x0000016a3d863fa0 ConcurrentGCThread "G1 Conc#1" [stack: 0x0000002696500000,0x0000002696600000] [id=23044]
  0x0000016a3d864250 ConcurrentGCThread "G1 Conc#2" [stack: 0x0000002696600000,0x0000002696700000] [id=27472]
  0x0000016a1038e610 ConcurrentGCThread "G1 Refine#0" [stack: 0x0000002694100000,0x0000002694200000] [id=24368]
  0x0000016a3df0abe0 ConcurrentGCThread "G1 Refine#1" [stack: 0x0000002696f00000,0x0000002697000000] [id=17192]
  0x0000016a3df07b00 ConcurrentGCThread "G1 Refine#2" [stack: 0x0000002697000000,0x0000002697100000] [id=19196]
  0x0000016a3df08f20 ConcurrentGCThread "G1 Refine#3" [stack: 0x0000002697100000,0x0000002697200000] [id=27888]
  0x0000016a3df094e0 ConcurrentGCThread "G1 Refine#4" [stack: 0x0000002697200000,0x0000002697300000] [id=28436]
  0x0000016a3df0aec0 ConcurrentGCThread "G1 Refine#5" [stack: 0x0000002697300000,0x0000002697400000] [id=18632]
  0x0000016a3df083a0 ConcurrentGCThread "G1 Refine#6" [stack: 0x0000002697400000,0x0000002697500000] [id=7664]
  0x0000016a3df07820 ConcurrentGCThread "G1 Refine#7" [stack: 0x0000002696700000,0x0000002696800000] [id=7940]
  0x0000016a37ea5450 ConcurrentGCThread "G1 Service" [stack: 0x0000002694200000,0x0000002694300000] [id=13708]

Threads with active compile tasks:

VM state: not at safepoint (normal execution)

VM Mutex/Monitor currently owned by a thread: None

Heap address: 0x0000000681400000, size: 6124 MB, Compressed Oops mode: Zero based, Oop shift amount: 3

CDS archive(s) mapped at: [0x0000000800000000-0x0000000800bc0000-0x0000000800bc0000), size 12320768, SharedBaseAddress: 0x0000000800000000, ArchiveRelocationMode: 0.
Compressed class space mapped at: 0x0000000800c00000-0x0000000840c00000, reserved size: 1073741824
Narrow klass base: 0x0000000800000000, Narrow klass shift: 0, Narrow klass range: 0x100000000

GC Precious Log:
 CPUs: 16 total, 16 available
 Memory: 24487M
 Large Page Support: Disabled
 NUMA Support: Disabled
 Compressed Oops: Enabled (Zero based)
 Heap Region Size: 4M
 Heap Min Capacity: 8M
 Heap Initial Capacity: 384M
 Heap Max Capacity: 6124M
 Pre-touch: Disabled
 Parallel Workers: 13
 Concurrent Workers: 3
 Concurrent Refinement Workers: 13
 Periodic GC: Disabled

Heap:
 garbage-first heap   total 401408K, used 248364K [0x0000000681400000, 0x0000000800000000)
  region size 4096K, 26 young (106496K), 2 survivors (8192K)
 Metaspace       used 64976K, committed 66176K, reserved 1105920K
  class space    used 9759K, committed 10304K, reserved 1048576K

Heap Regions: E=young(eden), S=young(survivor), O=old, HS=humongous(starts), HC=humongous(continues), CS=collection set, F=free, OA=open archive, CA=closed archive, TAMS=top-at-mark-start (previous, next)
|   0|0x0000000681400000, 0x0000000681800000, 0x0000000681800000|100%| O|  |TAMS 0x0000000681800000, 0x0000000681400000| Untracked 
|   1|0x0000000681800000, 0x0000000681c00000, 0x0000000681c00000|100%| O|  |TAMS 0x0000000681c00000, 0x0000000681800000| Untracked 
|   2|0x0000000681c00000, 0x0000000682000000, 0x0000000682000000|100%| O|  |TAMS 0x0000000682000000, 0x0000000681c00000| Untracked 
|   3|0x0000000682000000, 0x0000000682400000, 0x0000000682400000|100%| O|  |TAMS 0x0000000682400000, 0x0000000682000000| Untracked 
|   4|0x0000000682400000, 0x0000000682800000, 0x0000000682800000|100%| O|  |TAMS 0x0000000682800000, 0x0000000682400000| Untracked 
|   5|0x0000000682800000, 0x0000000682c00000, 0x0000000682c00000|100%| O|  |TAMS 0x0000000682c00000, 0x0000000682800000| Untracked 
|   6|0x0000000682c00000, 0x0000000682fbda00, 0x0000000683000000| 93%| O|  |TAMS 0x0000000682fbda00, 0x0000000682c00000| Untracked 
|   7|0x0000000683000000, 0x0000000683400000, 0x0000000683400000|100%| O|  |TAMS 0x0000000683400000, 0x0000000683000000| Untracked 
|   8|0x0000000683400000, 0x0000000683800000, 0x0000000683800000|100%| O|  |TAMS 0x0000000683800000, 0x0000000683400000| Untracked 
|   9|0x0000000683800000, 0x0000000683c00000, 0x0000000683c00000|100%| O|  |TAMS 0x0000000683c00000, 0x0000000683800000| Untracked 
|  10|0x0000000683c00000, 0x0000000684000000, 0x0000000684000000|100%| O|  |TAMS 0x0000000684000000, 0x0000000683c00000| Untracked 
|  11|0x0000000684000000, 0x0000000684400000, 0x0000000684400000|100%| O|  |TAMS 0x0000000684400000, 0x0000000684000000| Untracked 
|  12|0x0000000684400000, 0x0000000684800000, 0x0000000684800000|100%| O|  |TAMS 0x0000000684800000, 0x0000000684400000| Untracked 
|  13|0x0000000684800000, 0x0000000684c00000, 0x0000000684c00000|100%| O|  |TAMS 0x0000000684c00000, 0x0000000684800000| Untracked 
|  14|0x0000000684c00000, 0x0000000685000000, 0x0000000685000000|100%|HS|  |TAMS 0x0000000685000000, 0x0000000684c00000| Complete 
|  15|0x0000000685000000, 0x0000000685400000, 0x0000000685400000|100%|HC|  |TAMS 0x0000000685400000, 0x0000000685000000| Complete 
|  16|0x0000000685400000, 0x0000000685800000, 0x0000000685800000|100%|HC|  |TAMS 0x0000000685800000, 0x0000000685400000| Complete 
|  17|0x0000000685800000, 0x0000000685c00000, 0x0000000685c00000|100%| O|  |TAMS 0x0000000685c00000, 0x0000000685800000| Untracked 
|  18|0x0000000685c00000, 0x0000000686000000, 0x0000000686000000|100%| O|  |TAMS 0x0000000686000000, 0x0000000685c00000| Untracked 
|  19|0x0000000686000000, 0x0000000686400000, 0x0000000686400000|100%| O|  |TAMS 0x0000000686400000, 0x0000000686000000| Untracked 
|  20|0x0000000686400000, 0x0000000686800000, 0x0000000686800000|100%| O|  |TAMS 0x0000000686800000, 0x0000000686400000| Untracked 
|  21|0x0000000686800000, 0x0000000686c00000, 0x0000000686c00000|100%| O|  |TAMS 0x0000000686c00000, 0x0000000686800000| Untracked 
|  22|0x0000000686c00000, 0x0000000687000000, 0x0000000687000000|100%| O|  |TAMS 0x0000000687000000, 0x0000000686c00000| Untracked 
|  23|0x0000000687000000, 0x0000000687400000, 0x0000000687400000|100%| O|  |TAMS 0x0000000687400000, 0x0000000687000000| Untracked 
|  24|0x0000000687400000, 0x0000000687800000, 0x0000000687800000|100%| O|  |TAMS 0x0000000687800000, 0x0000000687400000| Untracked 
|  25|0x0000000687800000, 0x0000000687c00000, 0x0000000687c00000|100%| O|  |TAMS 0x0000000687c00000, 0x0000000687800000| Untracked 
|  26|0x0000000687c00000, 0x0000000688000000, 0x0000000688000000|100%| O|  |TAMS 0x0000000688000000, 0x0000000687c00000| Untracked 
|  27|0x0000000688000000, 0x0000000688400000, 0x0000000688400000|100%| O|  |TAMS 0x0000000688400000, 0x0000000688000000| Untracked 
|  28|0x0000000688400000, 0x0000000688800000, 0x0000000688800000|100%| O|  |TAMS 0x0000000688800000, 0x0000000688400000| Untracked 
|  29|0x0000000688800000, 0x0000000688c00000, 0x0000000688c00000|100%| O|  |TAMS 0x0000000688c00000, 0x0000000688800000| Untracked 
|  30|0x0000000688c00000, 0x0000000689000000, 0x0000000689000000|100%| O|  |TAMS 0x0000000689000000, 0x0000000688c00000| Untracked 
|  31|0x0000000689000000, 0x0000000689400000, 0x0000000689400000|100%| O|  |TAMS 0x0000000689400000, 0x0000000689000000| Untracked 
|  32|0x0000000689400000, 0x0000000689800000, 0x0000000689800000|100%| O|  |TAMS 0x0000000689800000, 0x0000000689400000| Untracked 
|  33|0x0000000689800000, 0x0000000689c00000, 0x0000000689c00000|100%| O|  |TAMS 0x0000000689c00000, 0x0000000689800000| Untracked 
|  34|0x0000000689c00000, 0x000000068a000000, 0x000000068a000000|100%| O|  |TAMS 0x000000068a000000, 0x0000000689c00000| Untracked 
|  35|0x000000068a000000, 0x000000068a37b400, 0x000000068a400000| 87%| O|  |TAMS 0x000000068a37b400, 0x000000068a000000| Untracked 
|  36|0x000000068a400000, 0x000000068a400000, 0x000000068a800000|  0%| F|  |TAMS 0x000000068a400000, 0x000000068a400000| Untracked 
|  37|0x000000068a800000, 0x000000068a800000, 0x000000068ac00000|  0%| F|  |TAMS 0x000000068a800000, 0x000000068a800000| Untracked 
|  38|0x000000068ac00000, 0x000000068ac00000, 0x000000068b000000|  0%| F|  |TAMS 0x000000068ac00000, 0x000000068ac00000| Untracked 
|  39|0x000000068b000000, 0x000000068b000000, 0x000000068b400000|  0%| F|  |TAMS 0x000000068b000000, 0x000000068b000000| Untracked 
|  40|0x000000068b400000, 0x000000068b400000, 0x000000068b800000|  0%| F|  |TAMS 0x000000068b400000, 0x000000068b400000| Untracked 
|  41|0x000000068b800000, 0x000000068b800000, 0x000000068bc00000|  0%| F|  |TAMS 0x000000068b800000, 0x000000068b800000| Untracked 
|  42|0x000000068bc00000, 0x000000068bc00000, 0x000000068c000000|  0%| F|  |TAMS 0x000000068bc00000, 0x000000068bc00000| Untracked 
|  43|0x000000068c000000, 0x000000068c000000, 0x000000068c400000|  0%| F|  |TAMS 0x000000068c000000, 0x000000068c000000| Untracked 
|  44|0x000000068c400000, 0x000000068c400000, 0x000000068c800000|  0%| F|  |TAMS 0x000000068c400000, 0x000000068c400000| Untracked 
|  45|0x000000068c800000, 0x000000068c800000, 0x000000068cc00000|  0%| F|  |TAMS 0x000000068c800000, 0x000000068c800000| Untracked 
|  46|0x000000068cc00000, 0x000000068cc00000, 0x000000068d000000|  0%| F|  |TAMS 0x000000068cc00000, 0x000000068cc00000| Untracked 
|  47|0x000000068d000000, 0x000000068d000000, 0x000000068d400000|  0%| F|  |TAMS 0x000000068d000000, 0x000000068d000000| Untracked 
|  48|0x000000068d400000, 0x000000068d400000, 0x000000068d800000|  0%| F|  |TAMS 0x000000068d400000, 0x000000068d400000| Untracked 
|  49|0x000000068d800000, 0x000000068d800000, 0x000000068dc00000|  0%| F|  |TAMS 0x000000068d800000, 0x000000068d800000| Untracked 
|  50|0x000000068dc00000, 0x000000068dc00000, 0x000000068e000000|  0%| F|  |TAMS 0x000000068dc00000, 0x000000068dc00000| Untracked 
|  51|0x000000068e000000, 0x000000068e000000, 0x000000068e400000|  0%| F|  |TAMS 0x000000068e000000, 0x000000068e000000| Untracked 
|  52|0x000000068e400000, 0x000000068e400000, 0x000000068e800000|  0%| F|  |TAMS 0x000000068e400000, 0x000000068e400000| Untracked 
|  53|0x000000068e800000, 0x000000068e800000, 0x000000068ec00000|  0%| F|  |TAMS 0x000000068e800000, 0x000000068e800000| Untracked 
|  54|0x000000068ec00000, 0x000000068ec00000, 0x000000068f000000|  0%| F|  |TAMS 0x000000068ec00000, 0x000000068ec00000| Untracked 
|  55|0x000000068f000000, 0x000000068f000000, 0x000000068f400000|  0%| F|  |TAMS 0x000000068f000000, 0x000000068f000000| Untracked 
|  56|0x000000068f400000, 0x000000068f400000, 0x000000068f800000|  0%| F|  |TAMS 0x000000068f400000, 0x000000068f400000| Untracked 
|  57|0x000000068f800000, 0x000000068f800000, 0x000000068fc00000|  0%| F|  |TAMS 0x000000068f800000, 0x000000068f800000| Untracked 
|  58|0x000000068fc00000, 0x000000068fc00000, 0x0000000690000000|  0%| F|  |TAMS 0x000000068fc00000, 0x000000068fc00000| Untracked 
|  59|0x0000000690000000, 0x0000000690000000, 0x0000000690400000|  0%| F|  |TAMS 0x0000000690000000, 0x0000000690000000| Untracked 
|  60|0x0000000690400000, 0x0000000690400000, 0x0000000690800000|  0%| F|  |TAMS 0x0000000690400000, 0x0000000690400000| Untracked 
|  61|0x0000000690800000, 0x0000000690800000, 0x0000000690c00000|  0%| F|  |TAMS 0x0000000690800000, 0x0000000690800000| Untracked 
|  62|0x0000000690c00000, 0x0000000690c00000, 0x0000000691000000|  0%| F|  |TAMS 0x0000000690c00000, 0x0000000690c00000| Untracked 
|  63|0x0000000691000000, 0x0000000691000000, 0x0000000691400000|  0%| F|  |TAMS 0x0000000691000000, 0x0000000691000000| Untracked 
|  64|0x0000000691400000, 0x0000000691400000, 0x0000000691800000|  0%| F|  |TAMS 0x0000000691400000, 0x0000000691400000| Untracked 
|  65|0x0000000691800000, 0x0000000691800000, 0x0000000691c00000|  0%| F|  |TAMS 0x0000000691800000, 0x0000000691800000| Untracked 
|  66|0x0000000691c00000, 0x0000000691c00000, 0x0000000692000000|  0%| F|  |TAMS 0x0000000691c00000, 0x0000000691c00000| Untracked 
|  67|0x0000000692000000, 0x0000000692000000, 0x0000000692400000|  0%| F|  |TAMS 0x0000000692000000, 0x0000000692000000| Untracked 
|  68|0x0000000692400000, 0x0000000692400000, 0x0000000692800000|  0%| F|  |TAMS 0x0000000692400000, 0x0000000692400000| Untracked 
|  69|0x0000000692800000, 0x0000000692800000, 0x0000000692c00000|  0%| F|  |TAMS 0x0000000692800000, 0x0000000692800000| Untracked 
|  70|0x0000000692c00000, 0x0000000692c00000, 0x0000000693000000|  0%| F|  |TAMS 0x0000000692c00000, 0x0000000692c00000| Untracked 
|  71|0x0000000693000000, 0x0000000693000000, 0x0000000693400000|  0%| F|  |TAMS 0x0000000693000000, 0x0000000693000000| Untracked 
|  72|0x0000000693400000, 0x0000000693790358, 0x0000000693800000| 89%| E|  |TAMS 0x0000000693400000, 0x0000000693400000| Complete 
|  73|0x0000000693800000, 0x0000000693c00000, 0x0000000693c00000|100%| E|CS|TAMS 0x0000000693800000, 0x0000000693800000| Complete 
|  74|0x0000000693c00000, 0x0000000693f524b0, 0x0000000694000000| 83%| S|CS|TAMS 0x0000000693c00000, 0x0000000693c00000| Complete 
|  75|0x0000000694000000, 0x0000000694400000, 0x0000000694400000|100%| S|CS|TAMS 0x0000000694000000, 0x0000000694000000| Complete 
|  76|0x0000000694400000, 0x0000000694800000, 0x0000000694800000|100%| E|CS|TAMS 0x0000000694400000, 0x0000000694400000| Complete 
|  77|0x0000000694800000, 0x0000000694c00000, 0x0000000694c00000|100%| E|CS|TAMS 0x0000000694800000, 0x0000000694800000| Complete 
|  78|0x0000000694c00000, 0x0000000695000000, 0x0000000695000000|100%| E|CS|TAMS 0x0000000694c00000, 0x0000000694c00000| Complete 
|  79|0x0000000695000000, 0x0000000695400000, 0x0000000695400000|100%| E|CS|TAMS 0x0000000695000000, 0x0000000695000000| Complete 
|  80|0x0000000695400000, 0x0000000695800000, 0x0000000695800000|100%| E|CS|TAMS 0x0000000695400000, 0x0000000695400000| Complete 
|  81|0x0000000695800000, 0x0000000695c00000, 0x0000000695c00000|100%| E|CS|TAMS 0x0000000695800000, 0x0000000695800000| Complete 
|  82|0x0000000695c00000, 0x0000000696000000, 0x0000000696000000|100%| E|CS|TAMS 0x0000000695c00000, 0x0000000695c00000| Complete 
|  83|0x0000000696000000, 0x0000000696400000, 0x0000000696400000|100%| E|CS|TAMS 0x0000000696000000, 0x0000000696000000| Complete 
|  84|0x0000000696400000, 0x0000000696800000, 0x0000000696800000|100%| E|CS|TAMS 0x0000000696400000, 0x0000000696400000| Complete 
|  85|0x0000000696800000, 0x0000000696c00000, 0x0000000696c00000|100%| E|CS|TAMS 0x0000000696800000, 0x0000000696800000| Complete 
|  86|0x0000000696c00000, 0x0000000697000000, 0x0000000697000000|100%| E|CS|TAMS 0x0000000696c00000, 0x0000000696c00000| Complete 
|  87|0x0000000697000000, 0x0000000697400000, 0x0000000697400000|100%| E|CS|TAMS 0x0000000697000000, 0x0000000697000000| Complete 
|  88|0x0000000697400000, 0x0000000697800000, 0x0000000697800000|100%| E|CS|TAMS 0x0000000697400000, 0x0000000697400000| Complete 
|  89|0x0000000697800000, 0x0000000697c00000, 0x0000000697c00000|100%| E|CS|TAMS 0x0000000697800000, 0x0000000697800000| Complete 
|  90|0x0000000697c00000, 0x0000000698000000, 0x0000000698000000|100%| E|CS|TAMS 0x0000000697c00000, 0x0000000697c00000| Complete 
|  91|0x0000000698000000, 0x0000000698400000, 0x0000000698400000|100%| E|CS|TAMS 0x0000000698000000, 0x0000000698000000| Complete 
|  92|0x0000000698400000, 0x0000000698800000, 0x0000000698800000|100%| E|CS|TAMS 0x0000000698400000, 0x0000000698400000| Complete 
|  93|0x0000000698800000, 0x0000000698c00000, 0x0000000698c00000|100%| E|CS|TAMS 0x0000000698800000, 0x0000000698800000| Complete 
|  94|0x0000000698c00000, 0x0000000699000000, 0x0000000699000000|100%| E|CS|TAMS 0x0000000698c00000, 0x0000000698c00000| Complete 
|  95|0x0000000699000000, 0x0000000699400000, 0x0000000699400000|100%| E|CS|TAMS 0x0000000699000000, 0x0000000699000000| Complete 
|  96|0x0000000699400000, 0x0000000699800000, 0x0000000699800000|100%| E|CS|TAMS 0x0000000699400000, 0x0000000699400000| Complete 
|  97|0x0000000699800000, 0x0000000699c00000, 0x0000000699c00000|100%| E|CS|TAMS 0x0000000699800000, 0x0000000699800000| Complete 

Card table byte_map: [0x0000016a28230000,0x0000016a28e30000] _byte_map_base: 0x0000016a24e26000

Marking Bits (Prev, Next): (CMBitMap*) 0x0000016a1036d9e0, (CMBitMap*) 0x0000016a1036d9a0
 Prev Bits: [0x0000016a2f9e0000, 0x0000016a35990000)
 Next Bits: [0x0000016a29a30000, 0x0000016a2f9e0000)

Polling page: 0x0000016a0fa90000

Metaspace:

Usage:
  Non-class:     53.92 MB used.
      Class:      9.53 MB used.
       Both:     63.45 MB used.

Virtual space:
  Non-class space:       56.00 MB reserved,      54.56 MB ( 97%) committed,  7 nodes.
      Class space:        1.00 GB reserved,      10.06 MB ( <1%) committed,  1 nodes.
             Both:        1.05 GB reserved,      64.62 MB (  6%) committed. 

Chunk freelists:
   Non-Class:  1.13 MB
       Class:  1.92 MB
        Both:  3.06 MB

MaxMetaspaceSize: unlimited
CompressedClassSpaceSize: 1.00 GB
Initial GC threshold: 21.00 MB
Current GC threshold: 99.50 MB
CDS: on
MetaspaceReclaimPolicy: balanced
 - commit_granule_bytes: 65536.
 - commit_granule_words: 8192.
 - virtual_space_node_default_size: 1048576.
 - enlarge_chunks_in_place: 1.
 - new_chunks_are_fully_committed: 0.
 - uncommit_free_chunks: 1.
 - use_allocation_guard: 0.
 - handle_deallocations: 1.


Internal statistics:

num_allocs_failed_limit: 15.
num_arena_births: 1706.
num_arena_deaths: 0.
num_vsnodes_births: 8.
num_vsnodes_deaths: 0.
num_space_committed: 1031.
num_space_uncommitted: 0.
num_chunks_returned_to_freelist: 15.
num_chunks_taken_from_freelist: 4394.
num_chunk_merges: 15.
num_chunk_splits: 2848.
num_chunks_enlarged: 1909.
num_purges: 0.
num_inconsistent_stats: 0.

CodeHeap 'non-profiled nmethods': size=119168Kb used=7847Kb max_used=7847Kb free=111320Kb
 bounds [0x0000016a1f950000, 0x0000016a20100000, 0x0000016a26db0000]
CodeHeap 'profiled nmethods': size=119104Kb used=13630Kb max_used=13630Kb free=105473Kb
 bounds [0x0000016a18500000, 0x0000016a19260000, 0x0000016a1f950000]
CodeHeap 'non-nmethods': size=7488Kb used=3639Kb max_used=3700Kb free=3848Kb
 bounds [0x0000016a17db0000, 0x0000016a18160000, 0x0000016a18500000]
 total_blobs=9530 nmethods=8052 adapters=1384
 compilation: enabled
              stopped_count=0, restarted_count=0
 full_count=0

Compilation events (20 events):
Event: 11.402 Thread 0x0000016a3941ed20 10085       3       sun.misc.Unsafe::getInt (9 bytes)
Event: 11.402 Thread 0x0000016a394c2ff0 10086       3       org.lwjgl.system.CustomBuffer::address (19 bytes)
Event: 11.402 Thread 0x0000016a39ddd120 10087       3       org.lwjgl.system.StructBuffer::sizeof (8 bytes)
Event: 11.402 Thread 0x0000016a3954fca0 10088       3       org.lwjgl.glfw.GLFWVidMode$Buffer::getElementFactory (5 bytes)
Event: 11.403 Thread 0x0000016a3941ed20 nmethod 10085 0x0000016a1924f410 code [0x0000016a1924f5a0, 0x0000016a1924f6b8]
Event: 11.403 Thread 0x0000016a394c2ff0 nmethod 10086 0x0000016a1924f790 code [0x0000016a1924f940, 0x0000016a1924fba8]
Event: 11.403 Thread 0x0000016a3954fca0 nmethod 10088 0x0000016a1924fc90 code [0x0000016a1924fe20, 0x0000016a1924ff98]
Event: 11.403 Thread 0x0000016a39ddd120 nmethod 10087 0x0000016a19250090 code [0x0000016a19250240, 0x0000016a19250478]
Event: 11.403 Thread 0x0000016a3941ed20 10089       3       org.lwjgl.glfw.GLFWVidMode$Buffer::getElementFactory (4 bytes)
Event: 11.403 Thread 0x0000016a394c2ff0 10090       3       org.lwjgl.glfw.GLFWVidMode::sizeof (4 bytes)
Event: 11.403 Thread 0x0000016a3941ed20 nmethod 10089 0x0000016a19250590 code [0x0000016a19250720, 0x0000016a19250838]
Event: 11.403 Thread 0x0000016a394c2ff0 nmethod 10090 0x0000016a19250910 code [0x0000016a19250aa0, 0x0000016a19250bb8]
Event: 11.416 Thread 0x0000016a3941b0c0 nmethod 9913 0x0000016a200db490 code [0x0000016a200dbae0, 0x0000016a200e36e0]
Event: 11.559 Thread 0x0000016a42d26aa0 nmethod 9982 0x0000016a200e7790 code [0x0000016a200e7de0, 0x0000016a200f3d78]
Event: 11.980 Thread 0x0000016a394c2ff0 10091       1       com.mojang.blaze3d.platform.VideoMode::getRedBits (5 bytes)
Event: 11.980 Thread 0x0000016a39ddd120 10092       1       com.mojang.blaze3d.platform.VideoMode::getGreenBits (5 bytes)
Event: 11.980 Thread 0x0000016a3941ed20 10093       1       com.mojang.blaze3d.platform.VideoMode::getBlueBits (5 bytes)
Event: 11.980 Thread 0x0000016a3941ed20 nmethod 10093 0x0000016a200f8b90 code [0x0000016a200f8d20, 0x0000016a200f8df8]
Event: 11.980 Thread 0x0000016a394c2ff0 nmethod 10091 0x0000016a200f8e90 code [0x0000016a200f9020, 0x0000016a200f90f8]
Event: 11.980 Thread 0x0000016a39ddd120 nmethod 10092 0x0000016a200f9190 code [0x0000016a200f9320, 0x0000016a200f93f8]

GC Heap History (20 events):
Event: 5.729 GC heap before
{Heap before GC invocations=11 (full 0):
 garbage-first heap   total 245760K, used 191061K [0x0000000681400000, 0x0000000800000000)
  region size 4096K, 32 young (131072K), 1 survivors (4096K)
 Metaspace       used 28791K, committed 29632K, reserved 1081344K
  class space    used 3572K, committed 3968K, reserved 1048576K
}
Event: 5.732 GC heap after
{Heap after GC invocations=12 (full 0):
 garbage-first heap   total 245760K, used 69469K [0x0000000681400000, 0x0000000800000000)
  region size 4096K, 2 young (8192K), 2 survivors (8192K)
 Metaspace       used 28791K, committed 29632K, reserved 1081344K
  class space    used 3572K, committed 3968K, reserved 1048576K
}
Event: 6.131 GC heap before
{Heap before GC invocations=12 (full 0):
 garbage-first heap   total 245760K, used 208733K [0x0000000681400000, 0x0000000800000000)
  region size 4096K, 33 young (135168K), 2 survivors (8192K)
 Metaspace       used 30847K, committed 31744K, reserved 1081344K
  class space    used 3811K, committed 4224K, reserved 1048576K
}
Event: 6.137 GC heap after
{Heap after GC invocations=13 (full 0):
 garbage-first heap   total 245760K, used 84874K [0x0000000681400000, 0x0000000800000000)
  region size 4096K, 2 young (8192K), 2 survivors (8192K)
 Metaspace       used 30847K, committed 31744K, reserved 1081344K
  class space    used 3811K, committed 4224K, reserved 1048576K
}
Event: 6.874 GC heap before
{Heap before GC invocations=13 (full 0):
 garbage-first heap   total 245760K, used 203658K [0x0000000681400000, 0x0000000800000000)
  region size 4096K, 31 young (126976K), 2 survivors (8192K)
 Metaspace       used 33193K, committed 34048K, reserved 1081344K
  class space    used 4097K, committed 4480K, reserved 1048576K
}
Event: 6.880 GC heap after
{Heap after GC invocations=14 (full 0):
 garbage-first heap   total 294912K, used 87180K [0x0000000681400000, 0x0000000800000000)
  region size 4096K, 3 young (12288K), 3 survivors (12288K)
 Metaspace       used 33193K, committed 34048K, reserved 1081344K
  class space    used 4097K, committed 4480K, reserved 1048576K
}
Event: 7.158 GC heap before
{Heap before GC invocations=14 (full 0):
 garbage-first heap   total 294912K, used 115852K [0x0000000681400000, 0x0000000800000000)
  region size 4096K, 11 young (45056K), 3 survivors (12288K)
 Metaspace       used 35134K, committed 35968K, reserved 1081344K
  class space    used 4328K, committed 4736K, reserved 1048576K
}
Event: 7.163 GC heap after
{Heap after GC invocations=15 (full 0):
 garbage-first heap   total 294912K, used 88143K [0x0000000681400000, 0x0000000800000000)
  region size 4096K, 3 young (12288K), 3 survivors (12288K)
 Metaspace       used 35134K, committed 35968K, reserved 1081344K
  class space    used 4328K, committed 4736K, reserved 1048576K
}
Event: 7.984 GC heap before
{Heap before GC invocations=16 (full 0):
 garbage-first heap   total 294912K, used 243791K [0x0000000681400000, 0x0000000800000000)
  region size 4096K, 41 young (167936K), 3 survivors (12288K)
 Metaspace       used 41073K, committed 42112K, reserved 1089536K
  class space    used 5385K, committed 5888K, reserved 1048576K
}
Event: 7.998 GC heap after
{Heap after GC invocations=17 (full 0):
 garbage-first heap   total 294912K, used 97796K [0x0000000681400000, 0x0000000800000000)
  region size 4096K, 5 young (20480K), 5 survivors (20480K)
 Metaspace       used 41073K, committed 42112K, reserved 1089536K
  class space    used 5385K, committed 5888K, reserved 1048576K
}
Event: 8.466 GC heap before
{Heap before GC invocations=17 (full 0):
 garbage-first heap   total 294912K, used 241156K [0x0000000681400000, 0x0000000800000000)
  region size 4096K, 40 young (163840K), 5 survivors (20480K)
 Metaspace       used 42045K, committed 43008K, reserved 1089536K
  class space    used 5563K, committed 6016K, reserved 1048576K
}
Event: 8.490 GC heap after
{Heap after GC invocations=18 (full 0):
 garbage-first heap   total 294912K, used 112106K [0x0000000681400000, 0x0000000800000000)
  region size 4096K, 5 young (20480K), 5 survivors (20480K)
 Metaspace       used 42045K, committed 43008K, reserved 1089536K
  class space    used 5563K, committed 6016K, reserved 1048576K
}
Event: 8.786 GC heap before
{Heap before GC invocations=18 (full 0):
 garbage-first heap   total 294912K, used 234986K [0x0000000681400000, 0x0000000800000000)
  region size 4096K, 35 young (143360K), 5 survivors (20480K)
 Metaspace       used 43160K, committed 44160K, reserved 1089536K
  class space    used 5747K, committed 6208K, reserved 1048576K
}
Event: 8.805 GC heap after
{Heap after GC invocations=19 (full 0):
 garbage-first heap   total 294912K, used 125052K [0x0000000681400000, 0x0000000800000000)
  region size 4096K, 3 young (12288K), 3 survivors (12288K)
 Metaspace       used 43160K, committed 44160K, reserved 1089536K
  class space    used 5747K, committed 6208K, reserved 1048576K
}
Event: 9.507 GC heap before
{Heap before GC invocations=19 (full 0):
 garbage-first heap   total 294912K, used 235644K [0x0000000681400000, 0x0000000800000000)
  region size 4096K, 30 young (122880K), 3 survivors (12288K)
 Metaspace       used 49416K, committed 50432K, reserved 1097728K
  class space    used 6799K, committed 7296K, reserved 1048576K
}
Event: 9.523 GC heap after
{Heap after GC invocations=20 (full 0):
 garbage-first heap   total 294912K, used 144875K [0x0000000681400000, 0x0000000800000000)
  region size 4096K, 4 young (16384K), 4 survivors (16384K)
 Metaspace       used 49416K, committed 50432K, reserved 1097728K
  class space    used 6799K, committed 7296K, reserved 1048576K
}
Event: 10.292 GC heap before
{Heap before GC invocations=20 (full 0):
 garbage-first heap   total 294912K, used 226795K [0x0000000681400000, 0x0000000800000000)
  region size 4096K, 24 young (98304K), 4 survivors (16384K)
 Metaspace       used 56074K, committed 57152K, reserved 1097728K
  class space    used 8283K, committed 8768K, reserved 1048576K
}
Event: 10.299 GC heap after
{Heap after GC invocations=21 (full 0):
 garbage-first heap   total 401408K, used 150755K [0x0000000681400000, 0x0000000800000000)
  region size 4096K, 1 young (4096K), 1 survivors (4096K)
 Metaspace       used 56074K, committed 57152K, reserved 1097728K
  class space    used 8283K, committed 8768K, reserved 1048576K
}
Event: 10.718 GC heap before
{Heap before GC invocations=21 (full 0):
 garbage-first heap   total 401408K, used 236771K [0x0000000681400000, 0x0000000800000000)
  region size 4096K, 23 young (94208K), 1 survivors (4096K)
 Metaspace       used 59189K, committed 60288K, reserved 1105920K
  class space    used 8866K, committed 9344K, reserved 1048576K
}
Event: 10.723 GC heap after
{Heap after GC invocations=22 (full 0):
 garbage-first heap   total 401408K, used 154156K [0x0000000681400000, 0x0000000800000000)
  region size 4096K, 2 young (8192K), 2 survivors (8192K)
 Metaspace       used 59189K, committed 60288K, reserved 1105920K
  class space    used 8866K, committed 9344K, reserved 1048576K
}

Dll operation events (11 events):
Event: 0.005 Loaded shared library C:\Users\user\AppData\Local\Temp\Rar$EXa12212.30357\MCreator20231\jdk\bin\java.dll
Event: 0.012 Loaded shared library C:\Users\user\AppData\Local\Temp\Rar$EXa12212.30357\MCreator20231\jdk\bin\jsvml.dll
Event: 0.100 Loaded shared library C:\Users\user\AppData\Local\Temp\Rar$EXa12212.30357\MCreator20231\jdk\bin\net.dll
Event: 0.102 Loaded shared library C:\Users\user\AppData\Local\Temp\Rar$EXa12212.30357\MCreator20231\jdk\bin\nio.dll
Event: 0.104 Loaded shared library C:\Users\user\AppData\Local\Temp\Rar$EXa12212.30357\MCreator20231\jdk\bin\zip.dll
Event: 0.152 Loaded shared library C:\Users\user\AppData\Local\Temp\Rar$EXa12212.30357\MCreator20231\jdk\bin\jimage.dll
Event: 0.372 Loaded shared library C:\Users\user\AppData\Local\Temp\Rar$EXa12212.30357\MCreator20231\jdk\bin\verify.dll
Event: 1.904 Loaded shared library C:\Users\user\AppData\Local\Temp\Rar$EXa12212.30357\MCreator20231\jdk\bin\management.dll
Event: 1.906 Loaded shared library C:\Users\user\AppData\Local\Temp\Rar$EXa12212.30357\MCreator20231\jdk\bin\management_ext.dll
Event: 5.952 Loaded shared library C:\Users\user\AppData\Local\Temp\jna-1821864651\jna418950665884876301.dll
Event: 11.004 Loaded shared library C:\Users\user\AppData\Local\Temp\lwjglJackson Glaz\3.3.1-build-7\lwjgl.dll

Deoptimization events (20 events):
Event: 11.306 Thread 0x0000016a102e4120 Uncommon trap: trap_request=0xffffffc6 fr.pc=0x0000016a1ffcefa4 relative=0x0000000000000084
Event: 11.306 Thread 0x0000016a102e4120 Uncommon trap: reason=bimorphic_or_optimized_type_check action=maybe_recompile pc=0x0000016a1ffcefa4 method=com.mojang.datafixers.util.Either$Left.map(Ljava/util/function/Function;Ljava/util/function/Function;)Ljava/lang/Object; @ 5 c2
Event: 11.306 Thread 0x0000016a102e4120 DEOPT PACKING pc=0x0000016a1ffcefa4 sp=0x0000002693dfd820
Event: 11.306 Thread 0x0000016a102e4120 DEOPT UNPACKING pc=0x0000016a17e023a3 sp=0x0000002693dfd7b8 mode 2
Event: 11.306 Thread 0x0000016a102e4120 Uncommon trap: trap_request=0xffffffc6 fr.pc=0x0000016a1fe5666c relative=0x0000000000000d8c
Event: 11.306 Thread 0x0000016a102e4120 Uncommon trap: reason=bimorphic_or_optimized_type_check action=maybe_recompile pc=0x0000016a1fe5666c method=com.mojang.serialization.DataResult.lambda$flatMap$10(Ljava/util/function/Function;Ljava/lang/Object;)Lcom/mojang/serialization/DataResult; @ 2 c2
Event: 11.306 Thread 0x0000016a102e4120 DEOPT PACKING pc=0x0000016a1fe5666c sp=0x0000002693dfd9a0
Event: 11.306 Thread 0x0000016a102e4120 DEOPT UNPACKING pc=0x0000016a17e023a3 sp=0x0000002693dfd900 mode 2
Event: 11.306 Thread 0x0000016a102e4120 Uncommon trap: trap_request=0xffffffc6 fr.pc=0x0000016a1ffcefa4 relative=0x0000000000000084
Event: 11.306 Thread 0x0000016a102e4120 Uncommon trap: reason=bimorphic_or_optimized_type_check action=maybe_recompile pc=0x0000016a1ffcefa4 method=com.mojang.datafixers.util.Either$Left.map(Ljava/util/function/Function;Ljava/util/function/Function;)Ljava/lang/Object; @ 5 c2
Event: 11.306 Thread 0x0000016a102e4120 DEOPT PACKING pc=0x0000016a1ffcefa4 sp=0x0000002693dfd900
Event: 11.306 Thread 0x0000016a102e4120 DEOPT UNPACKING pc=0x0000016a17e023a3 sp=0x0000002693dfd898 mode 2
Event: 11.319 Thread 0x0000016a102e4120 Uncommon trap: trap_request=0xffffffbe fr.pc=0x0000016a1fd60b40 relative=0x00000000000001a0
Event: 11.320 Thread 0x0000016a102e4120 Uncommon trap: reason=profile_predicate action=maybe_recompile pc=0x0000016a1fd60b40 method=sun.security.provider.DigestBase.implCompressMultiBlock0([BII)I @ 2 c2
Event: 11.320 Thread 0x0000016a102e4120 DEOPT PACKING pc=0x0000016a1fd60b40 sp=0x0000002693dfcf60
Event: 11.320 Thread 0x0000016a102e4120 DEOPT UNPACKING pc=0x0000016a17e023a3 sp=0x0000002693dfcf28 mode 2
Event: 11.981 Thread 0x0000016a102e4120 Uncommon trap: trap_request=0xffffffbe fr.pc=0x0000016a1fd60b40 relative=0x00000000000001a0
Event: 11.981 Thread 0x0000016a102e4120 Uncommon trap: reason=profile_predicate action=maybe_recompile pc=0x0000016a1fd60b40 method=sun.security.provider.DigestBase.implCompressMultiBlock0([BII)I @ 2 c2
Event: 11.981 Thread 0x0000016a102e4120 DEOPT PACKING pc=0x0000016a1fd60b40 sp=0x0000002693dfca40
Event: 11.981 Thread 0x0000016a102e4120 DEOPT UNPACKING pc=0x0000016a17e023a3 sp=0x0000002693dfca08 mode 2

Classes unloaded (0 events):
No events

Classes redefined (0 events):
No events

Internal exceptions (20 events):
Event: 11.014 Thread 0x0000016a102e4120 Exception <a 'sun/nio/fs/WindowsException'{0x0000000696eefff0}> (0x0000000696eefff0) 
thrown [s\src\hotspot\share\prims\jni.cpp, line 516]
Event: 11.029 Thread 0x0000016a102e4120 Exception <a 'java/lang/NoSuchMethodError'{0x0000000696864220}: 'void java.lang.invoke.DirectMethodHandle$Holder.invokeInterface(java.lang.Object, java.lang.Object, int)'> (0x0000000696864220) 
thrown [s\src\hotspot\share\interpreter\linkResolver.cpp, line 759]
Event: 11.029 Thread 0x0000016a102e4120 Exception <a 'java/lang/NoSuchMethodError'{0x000000069687e808}: 'void java.lang.invoke.DirectMethodHandle$Holder.invokeStatic(java.lang.Object, java.lang.Object, int)'> (0x000000069687e808) 
thrown [s\src\hotspot\share\interpreter\linkResolver.cpp, line 759]
Event: 11.029 Thread 0x0000016a102e4120 Exception <a 'java/lang/NoSuchMethodError'{0x0000000696881e88}: 'void java.lang.invoke.DirectMethodHandle$Holder.invokeStaticInit(java.lang.Object, java.lang.Object, int)'> (0x0000000696881e88) 
thrown [s\src\hotspot\share\interpreter\linkResolver.cpp, line 759]
Event: 11.103 Thread 0x0000016a102e4120 Exception <a 'java/lang/NoSuchMethodError'{0x0000000695a1a3b8}: 'long java.lang.invoke.DirectMethodHandle$Holder.invokeSpecial(java.lang.Object, java.lang.Object)'> (0x0000000695a1a3b8) 
thrown [s\src\hotspot\share\interpreter\linkResolver.cpp, line 759]
Event: 11.108 Thread 0x0000016a102e4120 Exception <a 'sun/nio/fs/WindowsException'{0x0000000695aacdd8}> (0x0000000695aacdd8) 
thrown [s\src\hotspot\share\prims\jni.cpp, line 516]
Event: 11.108 Thread 0x0000016a102e4120 Exception <a 'sun/nio/fs/WindowsException'{0x0000000695aae670}> (0x0000000695aae670) 
thrown [s\src\hotspot\share\prims\jni.cpp, line 516]
Event: 11.229 Thread 0x0000016a102e4120 Exception <a 'java/lang/NoSuchMethodError'{0x0000000694ab8848}: 'int java.lang.invoke.DirectMethodHandle$Holder.invokeStatic(java.lang.Object)'> (0x0000000694ab8848) 
thrown [s\src\hotspot\share\interpreter\linkResolver.cpp, line 759]
Event: 11.259 Thread 0x0000016a102e4120 Exception <a 'java/lang/NoSuchMethodError'{0x00000006946d7118}: 'java.lang.Object java.lang.invoke.Invokers$Holder.linkToTargetMethod(java.lang.Object, int, java.lang.Object, java.lang.Object)'> (0x00000006946d7118) 
thrown [s\src\hotspot\share\interpreter\linkResolver.cpp, line 759]
Event: 11.267 Thread 0x0000016a102e4120 Exception <a 'java/lang/NoSuchMethodError'{0x000000069478a850}: 'int java.lang.invoke.DirectMethodHandle$Holder.invokeStaticInit(java.lang.Object)'> (0x000000069478a850) 
thrown [s\src\hotspot\share\interpreter\linkResolver.cpp, line 759]
Event: 11.268 Thread 0x0000016a102e4120 Exception <a 'java/lang/NoSuchMethodError'{0x0000000694791c38}: 'int java.lang.invoke.Invokers$Holder.invokeExact_MT(java.lang.Object, java.lang.Object)'> (0x0000000694791c38) 
thrown [s\src\hotspot\share\interpreter\linkResolver.cpp, line 759]
Event: 11.274 Thread 0x0000016a102e4120 Exception <a 'sun/nio/fs/WindowsException'{0x00000006938afd90}> (0x00000006938afd90) 
thrown [s\src\hotspot\share\prims\jni.cpp, line 516]
Event: 11.274 Thread 0x0000016a102e4120 Exception <a 'sun/nio/fs/WindowsException'{0x00000006938b0120}> (0x00000006938b0120) 
thrown [s\src\hotspot\share\prims\jni.cpp, line 516]
Event: 11.282 Thread 0x0000016a102e4120 Exception <a 'java/lang/NoSuchMethodError'{0x000000069393f440}: 'java.lang.Object java.lang.invoke.DirectMethodHandle$Holder.invokeInterface(java.lang.Object, java.lang.Object, double)'> (0x000000069393f440) 
thrown [s\src\hotspot\share\interpreter\linkResolver.cpp, line 759]
Event: 11.282 Thread 0x0000016a102e4120 Exception <a 'java/lang/NoSuchMethodError'{0x0000000693945c88}: 'double java.lang.invoke.DirectMethodHandle$Holder.invokeInterface(java.lang.Object, java.lang.Object, java.lang.Object)'> (0x0000000693945c88) 
thrown [s\src\hotspot\share\interpreter\linkResolver.cpp, line 759]
Event: 11.304 Thread 0x0000016a102e4120 Exception <a 'java/lang/NoSuchMethodError'{0x0000000693b3f918}: 'double java.lang.invoke.DirectMethodHandle$Holder.invokeVirtual(java.lang.Object, java.lang.Object)'> (0x0000000693b3f918) 
thrown [s\src\hotspot\share\interpreter\linkResolver.cpp, line 759]
Event: 11.359 Thread 0x0000016a102e4120 Exception <a 'java/lang/NoSuchMethodError'{0x00000006935f2d40}: 'long java.lang.invoke.DirectMethodHandle$Holder.invokeInterface(java.lang.Object, java.lang.Object)'> (0x00000006935f2d40) 
thrown [s\src\hotspot\share\interpreter\linkResolver.cpp, line 759]
Event: 11.362 Thread 0x0000016a102e4120 Exception <a 'java/lang/NoSuchMethodError'{0x000000069365c998}: 'java.lang.Object java.lang.invoke.DirectMethodHandle$Holder.newInvokeSpecial(java.lang.Object, long)'> (0x000000069365c998) 
thrown [s\src\hotspot\share\interpreter\linkResolver.cpp, line 759]
Event: 11.983 Thread 0x0000016a102e4120 Exception <a 'java/lang/NoSuchMethodError'{0x0000000693716e58}: 'void java.lang.invoke.DirectMethodHandle$Holder.invokeSpecial(java.lang.Object, java.lang.Object, int, long)'> (0x0000000693716e58) 
thrown [s\src\hotspot\share\interpreter\linkResolver.cpp, line 759]
Event: 11.984 Thread 0x0000016a102e4120 Exception <a 'java/lang/NoSuchMethodError'{0x000000069371cdd0}: 'void java.lang.invoke.DirectMethodHandle$Holder.invokeStatic(java.lang.Object, int, long)'> (0x000000069371cdd0) 
thrown [s\src\hotspot\share\interpreter\linkResolver.cpp, line 759]

VM Operations (20 events):
Event: 10.353 Executing VM operation: HandshakeAllThreads
Event: 10.353 Executing VM operation: HandshakeAllThreads done
Event: 10.381 Executing VM operation: HandshakeAllThreads
Event: 10.381 Executing VM operation: HandshakeAllThreads done
Event: 10.542 Executing VM operation: ICBufferFull
Event: 10.542 Executing VM operation: ICBufferFull done
Event: 10.717 Executing VM operation: CollectForMetadataAllocation
Event: 10.723 Executing VM operation: CollectForMetadataAllocation done
Event: 10.750 Executing VM operation: CollectForMetadataAllocation
Event: 10.750 Executing VM operation: CollectForMetadataAllocation done
Event: 10.775 Executing VM operation: CollectForMetadataAllocation
Event: 10.775 Executing VM operation: CollectForMetadataAllocation done
Event: 10.784 Executing VM operation: G1Concurrent
Event: 10.786 Executing VM operation: G1Concurrent done
Event: 10.809 Executing VM operation: G1Concurrent
Event: 10.809 Executing VM operation: G1Concurrent done
Event: 10.904 Executing VM operation: HandshakeAllThreads
Event: 10.904 Executing VM operation: HandshakeAllThreads done
Event: 11.309 Executing VM operation: HandshakeAllThreads
Event: 11.309 Executing VM operation: HandshakeAllThreads done

Events (20 events):
Event: 11.015 loading class java/nio/InvalidMarkException done
Event: 11.016 loading class java/nio/BufferUnderflowException
Event: 11.016 loading class java/nio/BufferUnderflowException done
Event: 11.109 loading class java/util/function/IntSupplier
Event: 11.110 loading class java/util/function/IntSupplier done
Event: 11.131 Thread 0x0000016a42d25150 Thread added: 0x0000016a42d25150
Event: 11.131 Thread 0x0000016a42d26080 Thread added: 0x0000016a42d26080
Event: 11.131 Thread 0x0000016a42d283f0 Thread added: 0x0000016a42d283f0
Event: 11.156 loading class java/io/CharArrayWriter
Event: 11.156 loading class java/io/CharArrayWriter done
Event: 11.268 loading class java/lang/invoke/DirectMethodHandle$StaticAccessor
Event: 11.268 loading class java/lang/invoke/DirectMethodHandle$StaticAccessor done
Event: 11.280 loading class java/util/function/DoubleFunction
Event: 11.280 loading class java/util/function/DoubleFunction done
Event: 11.314 loading class java/util/EnumMap$Values
Event: 11.314 loading class java/util/EnumMap$Values done
Event: 11.314 loading class java/util/EnumMap$ValueIterator
Event: 11.315 loading class java/util/EnumMap$ValueIterator done
Event: 11.319 Thread 0x0000016a42d283f0 Thread exited: 0x0000016a42d283f0
Event: 11.980 Thread 0x0000016a42d26080 Thread exited: 0x0000016a42d26080


Dynamic libraries:
0x00007ff746910000 - 0x00007ff74691e000 	C:\Users\user\AppData\Local\Temp\Rar$EXa12212.30357\MCreator20231\jdk\bin\java.exe
0x00007ff8ab8b0000 - 0x00007ff8abaa8000 	C:\Windows\SYSTEM32\ntdll.dll
0x00007ff8a9a30000 - 0x00007ff8a9aef000 	C:\Windows\System32\KERNEL32.DLL
0x00007ff8a9600000 - 0x00007ff8a98da000 	C:\Windows\System32\KERNELBASE.dll
0x00007ff8a8fc0000 - 0x00007ff8a90c0000 	C:\Windows\System32\ucrtbase.dll
0x00007ff88af00000 - 0x00007ff88af17000 	C:\Users\user\AppData\Local\Temp\Rar$EXa12212.30357\MCreator20231\jdk\bin\jli.dll
0x00007ff88b410000 - 0x00007ff88b429000 	C:\Users\user\AppData\Local\Temp\Rar$EXa12212.30357\MCreator20231\jdk\bin\VCRUNTIME140.dll
0x00007ff8aa260000 - 0x00007ff8aa3fd000 	C:\Windows\System32\USER32.dll
0x00007ff8a98e0000 - 0x00007ff8a9902000 	C:\Windows\System32\win32u.dll
0x00007ff89bca0000 - 0x00007ff89bf3a000 	C:\Windows\WinSxS\amd64_microsoft.windows.common-controls_6595b64144ccf1df_6.0.19041.1110_none_60b5254171f9507e\COMCTL32.dll
0x00007ff8a9af0000 - 0x00007ff8a9b1b000 	C:\Windows\System32\GDI32.dll
0x00007ff8a9990000 - 0x00007ff8a9a2e000 	C:\Windows\System32\msvcrt.dll
0x00007ff8a9280000 - 0x00007ff8a9390000 	C:\Windows\System32\gdi32full.dll
0x00007ff8a9400000 - 0x00007ff8a949d000 	C:\Windows\System32\msvcp_win.dll
0x00007ff8aae60000 - 0x00007ff8aae90000 	C:\Windows\System32\IMM32.DLL
0x00007ff890740000 - 0x00007ff89074c000 	C:\Users\user\AppData\Local\Temp\Rar$EXa12212.30357\MCreator20231\jdk\bin\vcruntime140_1.dll
0x00007ff853d80000 - 0x00007ff853e11000 	C:\Users\user\AppData\Local\Temp\Rar$EXa12212.30357\MCreator20231\jdk\bin\msvcp140.dll
0x00007ff847870000 - 0x00007ff8484b4000 	C:\Users\user\AppData\Local\Temp\Rar$EXa12212.30357\MCreator20231\jdk\bin\server\jvm.dll
0x00007ff8aa5f0000 - 0x00007ff8aa69e000 	C:\Windows\System32\ADVAPI32.dll
0x00007ff8aa410000 - 0x00007ff8aa4ac000 	C:\Windows\System32\sechost.dll
0x00007ff8aa860000 - 0x00007ff8aa986000 	C:\Windows\System32\RPCRT4.dll
0x00007ff8a2570000 - 0x00007ff8a2579000 	C:\Windows\SYSTEM32\WSOCK32.dll
0x00007ff8aa770000 - 0x00007ff8aa7db000 	C:\Windows\System32\WS2_32.dll
0x00007ff89f140000 - 0x00007ff89f167000 	C:\Windows\SYSTEM32\WINMM.dll
0x00007ff8a0750000 - 0x00007ff8a075a000 	C:\Windows\SYSTEM32\VERSION.dll
0x00007ff8a7860000 - 0x00007ff8a7872000 	C:\Windows\SYSTEM32\kernel.appcore.dll
0x00007ff88d5f0000 - 0x00007ff88d5fa000 	C:\Users\user\AppData\Local\Temp\Rar$EXa12212.30357\MCreator20231\jdk\bin\jimage.dll
0x00007ff8a73b0000 - 0x00007ff8a7594000 	C:\Windows\SYSTEM32\DBGHELP.DLL
0x00007ff89cfd0000 - 0x00007ff89d004000 	C:\Windows\SYSTEM32\dbgcore.DLL
0x00007ff8a91a0000 - 0x00007ff8a9222000 	C:\Windows\System32\bcryptPrimitives.dll
0x00007ff888f90000 - 0x00007ff888fb5000 	C:\Users\user\AppData\Local\Temp\Rar$EXa12212.30357\MCreator20231\jdk\bin\java.dll
0x00007ff853ca0000 - 0x00007ff853d76000 	C:\Users\user\AppData\Local\Temp\Rar$EXa12212.30357\MCreator20231\jdk\bin\jsvml.dll
0x00007ff8aaf20000 - 0x00007ff8ab664000 	C:\Windows\System32\SHELL32.dll
0x00007ff8a6b40000 - 0x00007ff8a72d3000 	C:\Windows\SYSTEM32\windows.storage.dll
0x00007ff8a9b20000 - 0x00007ff8a9e74000 	C:\Windows\System32\combase.dll
0x00007ff8a8a20000 - 0x00007ff8a8a4e000 	C:\Windows\SYSTEM32\Wldp.dll
0x00007ff8aa030000 - 0x00007ff8aa0dd000 	C:\Windows\System32\SHCORE.dll
0x00007ff8aa140000 - 0x00007ff8aa195000 	C:\Windows\System32\shlwapi.dll
0x00007ff8a8f00000 - 0x00007ff8a8f1f000 	C:\Windows\SYSTEM32\profapi.dll
0x00007ff889920000 - 0x00007ff889939000 	C:\Users\user\AppData\Local\Temp\Rar$EXa12212.30357\MCreator20231\jdk\bin\net.dll
0x00007ff8a1100000 - 0x00007ff8a120a000 	C:\Windows\SYSTEM32\WINHTTP.dll
0x00007ff8a8730000 - 0x00007ff8a879a000 	C:\Windows\system32\mswsock.dll
0x00007ff888f60000 - 0x00007ff888f75000 	C:\Users\user\AppData\Local\Temp\Rar$EXa12212.30357\MCreator20231\jdk\bin\nio.dll
0x00007ff886800000 - 0x00007ff886818000 	C:\Users\user\AppData\Local\Temp\Rar$EXa12212.30357\MCreator20231\jdk\bin\zip.dll
0x00007ff88ce20000 - 0x00007ff88ce30000 	C:\Users\user\AppData\Local\Temp\Rar$EXa12212.30357\MCreator20231\jdk\bin\verify.dll
0x00007ff88d550000 - 0x00007ff88d559000 	C:\Users\user\AppData\Local\Temp\Rar$EXa12212.30357\MCreator20231\jdk\bin\management.dll
0x00007ff88d090000 - 0x00007ff88d09b000 	C:\Users\user\AppData\Local\Temp\Rar$EXa12212.30357\MCreator20231\jdk\bin\management_ext.dll
0x00007ff8aa400000 - 0x00007ff8aa408000 	C:\Windows\System32\PSAPI.DLL
0x00007ff890720000 - 0x00007ff890737000 	C:\Windows\system32\napinsp.dll
0x00007ff890700000 - 0x00007ff89071b000 	C:\Windows\system32\pnrpnsp.dll
0x00007ff8906e0000 - 0x00007ff8906f5000 	C:\Windows\system32\wshbth.dll
0x00007ff8a2400000 - 0x00007ff8a241d000 	C:\Windows\system32\NLAapi.dll
0x00007ff8a8400000 - 0x00007ff8a843c000 	C:\Windows\SYSTEM32\IPHLPAPI.DLL
0x00007ff8a8440000 - 0x00007ff8a850b000 	C:\Windows\SYSTEM32\DNSAPI.dll
0x00007ff8aa5e0000 - 0x00007ff8aa5e8000 	C:\Windows\System32\NSI.dll
0x00007ff8906c0000 - 0x00007ff8906d2000 	C:\Windows\System32\winrnr.dll
0x00007ff8a0780000 - 0x00007ff8a078a000 	C:\Windows\System32\rasadhlp.dll
0x00007ff89fbb0000 - 0x00007ff89fc30000 	C:\Windows\System32\fwpuclnt.dll
0x00007ff8a9170000 - 0x00007ff8a9197000 	C:\Windows\System32\bcrypt.dll
0x00007ff8a8980000 - 0x00007ff8a8998000 	C:\Windows\SYSTEM32\CRYPTSP.dll
0x00007ff8a7fc0000 - 0x00007ff8a7ff4000 	C:\Windows\system32\rsaenh.dll
0x00007ff8a8ec0000 - 0x00007ff8a8eee000 	C:\Windows\SYSTEM32\USERENV.dll
0x00007ff8a8970000 - 0x00007ff8a897c000 	C:\Windows\SYSTEM32\CRYPTBASE.dll
0x00007ff8a2420000 - 0x00007ff8a2437000 	C:\Windows\SYSTEM32\dhcpcsvc6.DLL
0x00007ff8a23e0000 - 0x00007ff8a23fd000 	C:\Windows\SYSTEM32\dhcpcsvc.DLL
0x00007ff892c80000 - 0x00007ff892cc5000 	C:\Users\user\AppData\Local\Temp\jna-1821864651\jna418950665884876301.dll
0x00007ff8aa4b0000 - 0x00007ff8aa5da000 	C:\Windows\System32\Ole32.dll
0x00007ff8aa1a0000 - 0x00007ff8aa249000 	C:\Windows\System32\clbcatq.dll
0x00007ff8aa6a0000 - 0x00007ff8aa76d000 	C:\Windows\System32\OleAut32.dll
0x00007ff88e4c0000 - 0x00007ff88e4df000 	C:\Windows\SYSTEM32\amsi.dll
0x00007ff88e410000 - 0x00007ff88e48b000 	C:\ProgramData\Microsoft\Windows Defender\Platform\4.18.2304.8-0\MpOav.dll
0x00007ff8838a0000 - 0x00007ff8838e9000 	C:\Windows\SYSTEM32\Pdh.dll
0x00007ff8a3e40000 - 0x00007ff8a3e4f000 	C:\Windows\System32\perfos.dll
0x00007ff88bcf0000 - 0x00007ff88bd65000 	C:\Users\user\AppData\Local\Temp\lwjglJackson Glaz\3.3.1-build-7\lwjgl.dll
0x00007ff85fd00000 - 0x00007ff85ff59000 	C:\Users\user\AppData\Local\Temp\lwjglJackson Glaz\3.3.1-build-7\jemalloc.dll
0x00007ff88a1b0000 - 0x00007ff88a211000 	C:\Users\user\AppData\Local\Temp\lwjglJackson Glaz\3.3.1-build-7\glfw.dll
0x00007ff88ba60000 - 0x00007ff88baa5000 	C:\Windows\SYSTEM32\dinput8.dll
0x00007ff8899b0000 - 0x00007ff8899c1000 	C:\Windows\SYSTEM32\xinput1_4.dll
0x00007ff8a9230000 - 0x00007ff8a927e000 	C:\Windows\System32\cfgmgr32.dll
0x00007ff8a8d70000 - 0x00007ff8a8d9c000 	C:\Windows\SYSTEM32\DEVOBJ.dll
0x00007ff897b00000 - 0x00007ff897c52000 	C:\Windows\SYSTEM32\inputhost.dll
0x00007ff8a57c0000 - 0x00007ff8a58b2000 	C:\Windows\SYSTEM32\CoreMessaging.dll
0x00007ff8a4430000 - 0x00007ff8a4526000 	C:\Windows\SYSTEM32\PROPSYS.dll
0x00007ff8a4d90000 - 0x00007ff8a4ee4000 	C:\Windows\SYSTEM32\wintypes.dll
0x00007ff8a5460000 - 0x00007ff8a57be000 	C:\Windows\SYSTEM32\CoreUIComponents.dll
0x00007ff8a80e0000 - 0x00007ff8a8113000 	C:\Windows\SYSTEM32\ntmarta.dll
0x00007ff8a5ee0000 - 0x00007ff8a5f0f000 	C:\Windows\SYSTEM32\dwmapi.dll
0x00007ff8a5b30000 - 0x00007ff8a5bce000 	C:\Windows\system32\uxtheme.dll
0x00007ff8ab670000 - 0x00007ff8ab784000 	C:\Windows\System32\MSCTF.dll
0x00007ff889090000 - 0x00007ff8891b5000 	C:\Windows\SYSTEM32\opengl32.dll
0x00007ff889040000 - 0x00007ff88906c000 	C:\Windows\SYSTEM32\GLU32.dll
0x00007ff89a010000 - 0x00007ff89a03d000 	C:\Windows\System32\DriverStore\FileRepository\u0390451.inf_amd64_39377efdd62734d1\B390182\atig6pxx.dll
0x00007ff807af0000 - 0x00007ff80b725000 	C:\Windows\System32\DriverStore\FileRepository\u0390451.inf_amd64_39377efdd62734d1\B390182\atio6axx.dll
0x00007ff8aa990000 - 0x00007ff8aadf8000 	C:\Windows\System32\SETUPAPI.dll
0x00007ff8a9390000 - 0x00007ff8a93f7000 	C:\Windows\System32\WINTRUST.dll
0x00007ff8a94a0000 - 0x00007ff8a95f6000 	C:\Windows\System32\CRYPT32.dll
0x00007ff8a8bb0000 - 0x00007ff8a8bc2000 	C:\Windows\SYSTEM32\MSASN1.dll

dbghelp: loaded successfully - version: 4.0.5 - missing functions: none
symbol engine: initialized successfully - sym options: 0x614 - pdb path: .;C:\Users\user\AppData\Local\Temp\Rar$EXa12212.30357\MCreator20231\jdk\bin;C:\Windows\SYSTEM32;C:\Windows\WinSxS\amd64_microsoft.windows.common-controls_6595b64144ccf1df_6.0.19041.1110_none_60b5254171f9507e;C:\Users\user\AppData\Local\Temp\Rar$EXa12212.30357\MCreator20231\jdk\bin\server;C:\Users\user\AppData\Local\Temp\jna-1821864651;C:\ProgramData\Microsoft\Windows Defender\Platform\4.18.2304.8-0;C:\Users\user\AppData\Local\Temp\lwjglJackson Glaz\3.3.1-build-7;C:\Windows\System32\DriverStore\FileRepository\u0390451.inf_amd64_39377efdd62734d1\B390182

VM Arguments:
jvm_args: -Dforge.enableGameTest=true -Dforge.logging.console.level=debug -Dforge.logging.markers=REGISTRIES -DignoreList=bootstraplauncher,securejarhandler,asm-commons,asm-util,asm-analysis,asm-tree,asm,JarJarFileSystems,client-extra,fmlcore,javafmllanguage,lowcodelanguage,mclanguage,forge- -Djava.net.preferIPv6Addresses=system -DlegacyClassPath.file=C:\Users\user\MCreatorWorkspaces\minecraft_backlog_updates_fix\build\classpath\runClient_minecraftClasspath.txt -DmergeModules=jna-5.10.0.jar,jna-platform-5.10.0.jar -Dos.version=10.0 --module-path=C:\Users\user\.mcreator\gradle\caches\modules-2\files-2.1\cpw.mods\bootstraplauncher\1.1.2\c546e00443d8432cda6baa1c860346980742628\bootstraplauncher-1.1.2.jar;C:\Users\user\.mcreator\gradle\caches\modules-2\files-2.1\cpw.mods\securejarhandler\2.1.4\f47e3b9dd860a7b82154b8f90a650ffd0aaa5582\securejarhandler-2.1.4.jar;C:\Users\user\.mcreator\gradle\caches\modules-2\files-2.1\org.ow2.asm\asm-commons\9.3\1f2a432d1212f5c352ae607d7b61dcae20c20af5\asm-commons-9.3.jar;C:\Users\user\.mcreator\gradle\caches\modules-2\files-2.1\org.ow2.asm\asm-util\9.3\9595bc05510d0bd4b610188b77333fe4851a1975\asm-util-9.3.jar;C:\Users\user\.mcreator\gradle\caches\modules-2\files-2.1\org.ow2.asm\asm-analysis\9.3\4b071f211b37c38e0e9f5998550197c8593f6ad8\asm-analysis-9.3.jar;C:\Users\user\.mcreator\gradle\caches\modules-2\files-2.1\org.ow2.asm\asm-tree\9.3\78d2ecd61318b5a58cd04fb237636c0e86b77d97\asm-tree-9.3.jar;C:\Users\user\.mcreator\gradle\caches\modules-2\files-2.1\org.ow2.asm\asm\9.3\8e6300ef51c1d801a7ed62d07cd221aca3a90640\asm-9.3.jar;C:\Users\user\.mcreator\gradle\caches\modules-2\files-2.1\net.minecraftforge\JarJarFileSystems\0.3.16\e52afbb2599dc7c6f779efea0496d32fc01152e3\JarJarFileSystems-0.3.16.jar --add-modules=ALL-MODULE-PATH --add-opens=java.base/java.util.jar=cpw.mods.securejarhandler --add-opens=java.base/java.lang.invoke=cpw.mods.securejarhandler --add-exports=java.base/sun.security.util=cpw.mods.securejarhandler --add-exports=jdk.naming.dns/com.sun.jndi.dns=java.naming -XX:HeapDumpPath=MojangTricksIntelDriversForPerformance_javaw.exe_minecraft.exe.heapdump -Dos.name=Windows 10 -Dfile.encoding=UTF-8 -Duser.country=US -Duser.language=en -Duser.variant 
java_command: cpw.mods.bootstraplauncher.BootstrapLauncher --launchTarget forgeclientuserdev --version MOD_DEV --assetIndex 1.19 --assetsDir C:\Users\user\.mcreator\gradle\caches\forge_gradle\assets --gameDir . --fml.forgeVersion 43.2.0 --fml.mcVersion 1.19.2 --fml.forgeGroup net.minecraftforge --fml.mcpVersion 20220805.130853
java_class_path (initial): C:\Users\user\MCreatorWorkspaces\minecraft_backlog_updates_fix\build\classes\java\main;C:\Users\user\MCreatorWorkspaces\minecraft_backlog_updates_fix\build\resources\main;C:\Users\user\.mcreator\gradle\caches\forge_gradle\minecraft_user_repo\net\minecraftforge\forge\1.19.2-43.2.0_mapped_official_1.19.2\forge-1.19.2-43.2.0_mapped_official_1.19.2-recomp.jar;C:\Users\user\.mcreator\gradle\caches\forge_gradle\minecraft_repo\versions\1.19.2\client-extra.jar;C:\Users\user\.mcreator\gradle\caches\modules-2\files-2.1\net.minecraftforge\javafmllanguage\1.19.2-43.2.0\5713dfd49576886a7ffc353f14f067ad42369592\javafmllanguage-1.19.2-43.2.0.jar;C:\Users\user\.mcreator\gradle\caches\modules-2\files-2.1\net.minecraftforge\lowcodelanguage\1.19.2-43.2.0\51c88985dd125457fb8b6c2c58a4f3b9349a6b57\lowcodelanguage-1.19.2-43.2.0.jar;C:\Users\user\.mcreator\gradle\caches\modules-2\files-2.1\net.minecraftforge\mclanguage\1.19.2-43.2.0\f4fa83ef8129c7f7cc5847fbafb07f7ae86c1bb\mclanguage-1.19.2-43.2.0.jar;C:\Users\user\.mcreator\gradle\caches\modules-2\files-2.1\net.minecraftforge\fmlcore\1.19.2-43.2.0\d4dcb5b809b7f035ac22b058941cf81f84451545\fmlcore-1.19.2-43.2.0.jar;C:\Users\user\.mcreator\gradle\caches\modules-2\files-2.1\net.minecraftforge\fmlloader\1.19.2-43.2.0\3e6e8b7b5e1dbc6ee01a20f74675f223b64c7847\fmlloader-1.19.2-43.2.0.jar;C:\Users\user\.mcreator\gradle\caches\modules-2\files-2.1\net.minecraftforge\JarJarSelector\0.3.16\2a31421fb5e267249da103a644f23afb43d158af\JarJarSelector-0.3.16.jar;C:\Users\user\.mcreator\gradle\caches\modules-2\files-2.1\net.minecraftforge\JarJarMetadata\0.3.16\f62c8c898dffc8666f5097a8587ed72095e8e83a\JarJarMetadata-0.3.16.jar;C:\Users\user\.mcreator\gradle\caches\modules-2\files-2.1\com.google.guava\guava\31.0.1-jre\119ea2b2bc205b138974d351777b20f02b92704b\guava-31.0.1-jre.jar;C:\Users\user\.mcreator\gradle\caches\modules-2\files-2.1\com.google.code.findbugs\jsr305\3.0.2\25ea2e8b0c338a877313bd4672d3fe056ea78f0d\jsr305-3.0.2.jar;C:\
Launcher Type: SUN_STANDARD

[Global flags]
     intx CICompilerCount                          = 12                                        {product} {ergonomic}
     uint ConcGCThreads                            = 3                                         {product} {ergonomic}
     uint G1ConcRefinementThreads                  = 13                                        {product} {ergonomic}
   size_t G1HeapRegionSize                         = 4194304                                   {product} {ergonomic}
    uintx GCDrainStackTargetSize                   = 64                                        {product} {ergonomic}
    ccstr HeapDumpPath                             = MojangTricksIntelDriversForPerformance_javaw.exe_minecraft.exe.heapdump         {manageable} {command line}
   size_t InitialHeapSize                          = 402653184                                 {product} {ergonomic}
   size_t MarkStackSize                            = 4194304                                   {product} {ergonomic}
   size_t MaxHeapSize                              = 6421479424                                {product} {ergonomic}
   size_t MaxNewSize                               = 3850371072                                {product} {ergonomic}
   size_t MinHeapDeltaBytes                        = 4194304                                   {product} {ergonomic}
   size_t MinHeapSize                              = 8388608                                   {product} {ergonomic}
    uintx NonNMethodCodeHeapSize                   = 7602480                                {pd product} {ergonomic}
    uintx NonProfiledCodeHeapSize                  = 122027880                              {pd product} {ergonomic}
    uintx ProfiledCodeHeapSize                     = 122027880                              {pd product} {ergonomic}
    uintx ReservedCodeCacheSize                    = 251658240                              {pd product} {ergonomic}
     bool SegmentedCodeCache                       = true                                      {product} {ergonomic}
   size_t SoftMaxHeapSize                          = 6421479424                             {manageable} {ergonomic}
     bool UseCompressedClassPointers               = true                           {product lp64_product} {ergonomic}
     bool UseCompressedOops                        = true                           {product lp64_product} {ergonomic}
     bool UseG1GC                                  = true                                      {product} {ergonomic}
     bool UseLargePagesIndividualAllocation        = false                                  {pd product} {ergonomic}

Logging:
Log output configuration:
 #0: stdout all=warning uptime,level,tags
 #1: stderr all=off uptime,level,tags

Environment Variables:
JAVA_HOME=C:\Users\user\AppData\Local\Temp\Rar$EXa12212.30357\MCreator20231\jdk
PATH=C:\Program Files\WinRAR;C:\Program Files\Common Files\Oracle\Java\javapath;C:\Program Files (x86)\Common Files\Oracle\Java\javapath;C:\Program Files (x86)\Razer Chroma SDK\bin;C:\Program Files\Razer Chroma SDK\bin;C:\Program Files (x86)\Razer\ChromaBroadcast\bin;C:\Program Files\Razer\ChromaBroadcast\bin;C:\Program Files (x86)\NVIDIA Corporation\PhysX\Common;C:\ProgramData\Oracle\Java\javapath;C:\WINDOWS\system32;C:\WINDOWS;C:\WINDOWS\System32\Wbem;C:\WINDOWS\System32\WindowsPowerShell\v1.0\;C:\WINDOWS\System32\OpenSSH\;C:\Windows\system32;C:\Windows;C:\Windows\System32\Wbem;C:\Windows\System32\WindowsPowerShell\v1.0\;C:\Windows\System32\OpenSSH\;C:\Windows\system32\config\systemprofile\AppData\Local\Microsoft\WindowsApps;C:\Program Files\Microsoft SQL Server\120\Tools\Binn\;C:\Program Files\Common Files\Autodesk Shared\;C:\Program Files\dotnet\;C:\Users\user\AppData\Local\Microsoft\WindowsApps;;C:\Users\user\AppData\Local\Programs\Microsoft VS Code\bin;C:\Users\user\AppData\Local\Temp\Rar$EXa12212.30357\MCreator20231\jdk\bin
USERNAME=Jackson Glaz
OS=Windows_NT
PROCESSOR_IDENTIFIER=AMD64 Family 25 Model 33 Stepping 0, AuthenticAMD
TMP=C:\Users\user\AppData\Local\Temp
TEMP=C:\Users\user\AppData\Local\Temp



---------------  S Y S T E M  ---------------

OS:
 Windows 10 , 64 bit Build 19041 (10.0.19041.2788)
OS uptime: 5 days 11:59 hours

CPU: total 16 (initial active 16) (16 cores per cpu, 2 threads per core) family 25 model 33 stepping 0 microcode 0x0, cx8, cmov, fxsr, ht, mmx, 3dnowpref, sse, sse2, sse3, ssse3, sse4a, sse4.1, sse4.2, popcnt, lzcnt, tsc, tscinvbit, avx, avx2, aes, erms, clmul, bmi1, bmi2, adx, sha, fma, vzeroupper, clflush, clflushopt

Memory: 4k page, system-wide physical 24487M (8786M free)
TotalPageFile size 33570M (AvailPageFile size 8403M)
current process WorkingSet (physical memory assigned to process): 637M, peak: 656M
current process commit charge ("private bytes"): 731M, peak: 751M

vm_info: OpenJDK 64-Bit Server VM (17.0.5+8) for windows-amd64 JRE (17.0.5+8), built on Oct 19 2022 04:48:13 by "temurin" with MS VC++ 16.7 (VS2019)

END.
