#
# A fatal error has been detected by the Java Runtime Environment:
#
#  EXCEPTION_ACCESS_VIOLATION (0xc0000005) at pc=0x00007ff807c82b60, pid=23796, tid=14160
#
# JRE version: OpenJDK Runtime Environment Temurin-17.0.5+8 (17.0.5+8) (build 17.0.5+8)
# Java VM: OpenJDK 64-Bit Server VM Temurin-17.0.5+8 (17.0.5+8, mixed mode, sharing, tiered, compressed oops, compressed class ptrs, g1 gc, windows-amd64)
# Problematic frame:
# C  [atio6axx.dll+0x192b60]
#
# No core dump will be written. Minidumps are not enabled by default on client versions of Windows
#
# If you would like to submit a bug report, please visit:
#   https://github.com/adoptium/adoptium-support/issues
# The crash happened outside the Java Virtual Machine in native code.
# See problematic frame for where to report the bug.
#

---------------  S U M M A R Y ------------

Command Line: -Dforge.enableGameTest=true -Dforge.logging.console.level=debug -Dforge.logging.markers=REGISTRIES -DignoreList=bootstraplauncher,securejarhandler,asm-commons,asm-util,asm-analysis,asm-tree,asm,JarJarFileSystems,client-extra,fmlcore,javafmllanguage,lowcodelanguage,mclanguage,forge- -Djava.net.preferIPv6Addresses=system -DlegacyClassPath.file=C:\Users\user\MCreatorWorkspaces\minecraft_backlog_updates_fix\build\classpath\runClient_minecraftClasspath.txt -DmergeModules=jna-5.10.0.jar,jna-platform-5.10.0.jar -Dos.version=10.0 --module-path=C:\Users\user\.mcreator\gradle\caches\modules-2\files-2.1\cpw.mods\bootstraplauncher\1.1.2\c546e00443d8432cda6baa1c860346980742628\bootstraplauncher-1.1.2.jar;C:\Users\user\.mcreator\gradle\caches\modules-2\files-2.1\cpw.mods\securejarhandler\2.1.4\f47e3b9dd860a7b82154b8f90a650ffd0aaa5582\securejarhandler-2.1.4.jar;C:\Users\user\.mcreator\gradle\caches\modules-2\files-2.1\org.ow2.asm\asm-commons\9.3\1f2a432d1212f5c352ae607d7b61dcae20c20af5\asm-commons-9.3.jar;C:\Users\user\.mcreator\gradle\caches\modules-2\files-2.1\org.ow2.asm\asm-util\9.3\9595bc05510d0bd4b610188b77333fe4851a1975\asm-util-9.3.jar;C:\Users\user\.mcreator\gradle\caches\modules-2\files-2.1\org.ow2.asm\asm-analysis\9.3\4b071f211b37c38e0e9f5998550197c8593f6ad8\asm-analysis-9.3.jar;C:\Users\user\.mcreator\gradle\caches\modules-2\files-2.1\org.ow2.asm\asm-tree\9.3\78d2ecd61318b5a58cd04fb237636c0e86b77d97\asm-tree-9.3.jar;C:\Users\user\.mcreator\gradle\caches\modules-2\files-2.1\org.ow2.asm\asm\9.3\8e6300ef51c1d801a7ed62d07cd221aca3a90640\asm-9.3.jar;C:\Users\user\.mcreator\gradle\caches\modules-2\files-2.1\net.minecraftforge\JarJarFileSystems\0.3.16\e52afbb2599dc7c6f779efea0496d32fc01152e3\JarJarFileSystems-0.3.16.jar --add-modules=ALL-MODULE-PATH --add-opens=java.base/java.util.jar=cpw.mods.securejarhandler --add-opens=java.base/java.lang.invoke=cpw.mods.securejarhandler --add-exports=java.base/sun.security.util=cpw.mods.securejarhandler --add-exports=jdk.naming.dns/com.sun.jndi.dns=java.naming -XX:HeapDumpPath=MojangTricksIntelDriversForPerformance_javaw.exe_minecraft.exe.heapdump -Dos.name=Windows 10 -Dfile.encoding=UTF-8 -Duser.country=US -Duser.language=en -Duser.variant cpw.mods.bootstraplauncher.BootstrapLauncher --launchTarget forgeclientuserdev --version MOD_DEV --assetIndex 1.19 --assetsDir C:\Users\user\.mcreator\gradle\caches\forge_gradle\assets --gameDir . --fml.forgeVersion 43.2.0 --fml.mcVersion 1.19.2 --fml.forgeGroup net.minecraftforge --fml.mcpVersion 20220805.130853

Host: AMD Ryzen 7 5800X 8-Core Processor             , 16 cores, 23G,  Windows 10 , 64 bit Build 19041 (10.0.19041.2788)
Time: Thu May 11 22:01:08 2023 Central Daylight Time elapsed time: 7.145888 seconds (0d 0h 0m 7s)

---------------  T H R E A D  ---------------

Current thread (0x000001cc987b2c20):  JavaThread "Render thread" [_thread_in_native, id=14160, stack(0x0000000f21300000,0x0000000f21400000)]

Stack: [0x0000000f21300000,0x0000000f21400000],  sp=0x0000000f213fa958,  free space=1002k
Native frames: (J=compiled Java code, j=interpreted, Vv=VM code, C=native code)
C  [atio6axx.dll+0x192b60]

Java frames: (J=compiled Java code, j=interpreted, Vv=VM code)
j  org.lwjgl.system.JNI.invokePPPP(IIJJJJ)J+0 org.lwjgl@3.3.1+7
j  org.lwjgl.glfw.GLFW.nglfwCreateWindow(IIJJJ)J+14 org.lwjgl.glfw@3.3.1+7
j  org.lwjgl.glfw.GLFW.glfwCreateWindow(IILjava/lang/CharSequence;JJ)J+34 org.lwjgl.glfw@3.3.1+7
j  net.minecraftforge.client.loading.NoVizFallback.lambda$fallback$0(Ljava/util/function/IntSupplier;Ljava/util/function/IntSupplier;Ljava/util/function/Supplier;Ljava/util/function/LongSupplier;)J+28 forge@43.2.0
j  net.minecraftforge.client.loading.NoVizFallback$$Lambda$4186+0x0000000801600200.getAsLong()J+16 forge@43.2.0
j  net.minecraftforge.fml.loading.progress.EarlyProgressVisualization$Visualization$$Lambda$4187+0x0000000801606000.apply(Ljava/lang/Object;)Ljava/lang/Object;+4 fmlloader@1.19.2-43.2.0
J 2843 c2 java.util.Optional.map(Ljava/util/function/Function;)Ljava/util/Optional; java.base@17.0.5 (30 bytes) @ 0x000001cca7fd99fc [0x000001cca7fd99a0+0x000000000000005c]
j  net.minecraftforge.fml.loading.progress.EarlyProgressVisualization$Visualization.handOffWindow(Ljava/util/function/IntSupplier;Ljava/util/function/IntSupplier;Ljava/util/function/Supplier;Ljava/util/function/LongSupplier;)J+48 fmlloader@1.19.2-43.2.0
j  net.minecraftforge.fml.loading.progress.EarlyProgressVisualization.handOffWindow(Ljava/util/function/IntSupplier;Ljava/util/function/IntSupplier;Ljava/util/function/Supplier;Ljava/util/function/LongSupplier;)J+9 fmlloader@1.19.2-43.2.0
j  com.mojang.blaze3d.platform.Window.<init>(Lcom/mojang/blaze3d/platform/WindowEventHandler;Lcom/mojang/blaze3d/platform/ScreenManager;Lcom/mojang/blaze3d/platform/DisplayData;Ljava/lang/String;Ljava/lang/String;)V+279 minecraft@1.19.2
j  net.minecraft.client.renderer.VirtualScreen.newWindow(Lcom/mojang/blaze3d/platform/DisplayData;Ljava/lang/String;Ljava/lang/String;)Lcom/mojang/blaze3d/platform/Window;+15 minecraft@1.19.2
j  net.minecraft.client.Minecraft.<init>(Lnet/minecraft/client/main/GameConfig;)V+723 minecraft@1.19.2
j  net.minecraft.client.main.Main.run([Ljava/lang/String;Z)V+1356 minecraft@1.19.2
j  net.minecraft.client.main.Main.main([Ljava/lang/String;)V+12 minecraft@1.19.2
v  ~StubRoutines::call_stub
j  jdk.internal.reflect.NativeMethodAccessorImpl.invoke0(Ljava/lang/reflect/Method;Ljava/lang/Object;[Ljava/lang/Object;)Ljava/lang/Object;+0 java.base@17.0.5
j  jdk.internal.reflect.NativeMethodAccessorImpl.invoke(Ljava/lang/Object;[Ljava/lang/Object;)Ljava/lang/Object;+133 java.base@17.0.5
j  jdk.internal.reflect.DelegatingMethodAccessorImpl.invoke(Ljava/lang/Object;[Ljava/lang/Object;)Ljava/lang/Object;+6 java.base@17.0.5
j  java.lang.reflect.Method.invoke(Ljava/lang/Object;[Ljava/lang/Object;)Ljava/lang/Object;+59 java.base@17.0.5
j  net.minecraftforge.fml.loading.targets.ForgeClientUserdevLaunchHandler.lambda$launchService$0([Ljava/lang/String;Ljava/lang/ModuleLayer;)V+47 fmlloader@1.19.2-43.2.0
j  net.minecraftforge.fml.loading.targets.ForgeClientUserdevLaunchHandler$$Lambda$857+0x0000000800faf708.run()V+12 fmlloader@1.19.2-43.2.0
j  cpw.mods.modlauncher.LaunchServiceHandlerDecorator.launch([Ljava/lang/String;Ljava/lang/ModuleLayer;)V+11 cpw.mods.modlauncher@10.0.8
j  cpw.mods.modlauncher.LaunchServiceHandler.launch(Ljava/lang/String;[Ljava/lang/String;Ljava/lang/ModuleLayer;Lcpw/mods/modlauncher/TransformingClassLoader;Lcpw/mods/modlauncher/LaunchPluginHandler;)V+58 cpw.mods.modlauncher@10.0.8
j  cpw.mods.modlauncher.LaunchServiceHandler.launch(Lcpw/mods/modlauncher/ArgumentHandler;Ljava/lang/ModuleLayer;Lcpw/mods/modlauncher/TransformingClassLoader;Lcpw/mods/modlauncher/LaunchPluginHandler;)V+21 cpw.mods.modlauncher@10.0.8
j  cpw.mods.modlauncher.Launcher.run([Ljava/lang/String;)V+310 cpw.mods.modlauncher@10.0.8
j  cpw.mods.modlauncher.Launcher.main([Ljava/lang/String;)V+78 cpw.mods.modlauncher@10.0.8
j  cpw.mods.modlauncher.BootstrapLaunchConsumer.accept([Ljava/lang/String;)V+1 cpw.mods.modlauncher@10.0.8
j  cpw.mods.modlauncher.BootstrapLaunchConsumer.accept(Ljava/lang/Object;)V+5 cpw.mods.modlauncher@10.0.8
j  cpw.mods.bootstraplauncher.BootstrapLauncher.main([Ljava/lang/String;)V+515 cpw.mods.bootstraplauncher@1.1.2
v  ~StubRoutines::call_stub

siginfo: EXCEPTION_ACCESS_VIOLATION (0xc0000005), reading address 0xffffffffffffffff


Register to memory mapping:

RIP=0x00007ff807c82b60 atio6axx.dll
RAX=0x0 is NULL
RBX=0x00007ff80b4c33b0 atio6axx.dll
RCX=0x612e67726f5c312e is an unknown value
RDX=0x00000000000000d1 is an unknown value
RSP=0x0000000f213fa958 is pointing into the stack for thread: 0x000001cc987b2c20
RBP=0x0000000f213faac0 is pointing into the stack for thread: 0x000001cc987b2c20
RSI=0x00007ff80b3d2d40 atio6axx.dll
RDI=0x0000000f213fadb0 is pointing into the stack for thread: 0x000001cc987b2c20
R8 =0x00000000000001a5 is an unknown value
R9 =0x612e67726f5c312e is an unknown value
R10=0x0 is NULL
R11=0x0000000000000200 is an unknown value
R12=0x00007ff80b4c3408 atio6axx.dll
R13=0x00007ff80b4c5c08 atio6axx.dll
R14=0x00007ff80b4c33b0 atio6axx.dll
R15=0x0 is NULL


Registers:
RAX=0x0000000000000000, RBX=0x00007ff80b4c33b0, RCX=0x612e67726f5c312e, RDX=0x00000000000000d1
RSP=0x0000000f213fa958, RBP=0x0000000f213faac0, RSI=0x00007ff80b3d2d40, RDI=0x0000000f213fadb0
R8 =0x00000000000001a5, R9 =0x612e67726f5c312e, R10=0x0000000000000000, R11=0x0000000000000200
R12=0x00007ff80b4c3408, R13=0x00007ff80b4c5c08, R14=0x00007ff80b4c33b0, R15=0x0000000000000000
RIP=0x00007ff807c82b60, EFLAGS=0x0000000000010206

Top of Stack: (sp=0x0000000f213fa958)
0x0000000f213fa958:   00007ff807c82e7c 00007ff80b4c6020
0x0000000f213fa968:   000001ccc726e018 0000000000000000
0x0000000f213fa978:   00007ff807c83e8d 0000000f213fadb0
0x0000000f213fa988:   00007ff807c3f484 00007ff80b4c33b0
0x0000000f213fa998:   00007ff80b3d2d40 0000652e6176616a
0x0000000f213fa9a8:   0000fdae976020ad 0000000f213fadb0
0x0000000f213fa9b8:   00007ff807c40457 00007ff80b4c33b8
0x0000000f213fa9c8:   00007ff80b3d2d40 00007ff80b3d2d40
0x0000000f213fa9d8:   000001ccc422503c 00007ff80b4c33b0
0x0000000f213fa9e8:   00007ff800000000 0000000000000009
0x0000000f213fa9f8:   000001ccc42251ec 000001ccc4225348
0x0000000f213faa08:   00007ff80b4c33b8 0000000f213fadb0
0x0000000f213faa18:   0000000f213fab8a 00007f006176616a
0x0000000f213faa28:   00007f006176616a 46676e697274535c
0x0000000f213faa38:   5c6f666e49656c69 3062343039303430
0x0000000f213faa48:   726556656c69465c 000000006e6f6973 

Instructions: (pc=0x00007ff807c82b60)
0x00007ff807c82a60:   74 09 33 c9 ff 15 e6 89 66 03 90 48 8b c3 48 83
0x00007ff807c82a70:   c4 20 5b c3 cc cc cc cc cc cc cc cc cc cc cc cc
0x00007ff807c82a80:   48 83 ec 28 48 8b 51 08 48 85 d2 74 09 33 c9 ff
0x00007ff807c82a90:   15 bb 89 66 03 90 48 83 c4 28 c3 cc cc cc cc cc
0x00007ff807c82aa0:   48 89 11 c3 cc cc cc cc cc cc cc cc cc cc cc cc
0x00007ff807c82ab0:   48 8b c1 c3 cc cc cc cc cc cc cc cc cc cc cc cc
0x00007ff807c82ac0:   48 3b ca 74 10 41 8b 00 39 01 74 09 48 83 c1 04
0x00007ff807c82ad0:   48 3b ca 75 f3 48 8b c1 c3 cc cc cc cc cc cc cc
0x00007ff807c82ae0:   48 8b c1 c3 cc cc cc cc cc cc cc cc cc cc cc cc
0x00007ff807c82af0:   48 83 39 00 0f 94 c0 c3 cc cc cc cc cc cc cc cc
0x00007ff807c82b00:   4c 8d 04 d5 00 00 00 00 33 d2 e9 c1 d0 dd 01 cc
0x00007ff807c82b10:   4c 8b 41 08 48 8b 02 49 89 00 48 83 41 08 08 c3
0x00007ff807c82b20:   48 8b c1 c3 cc cc cc cc cc cc cc cc cc cc cc cc
0x00007ff807c82b30:   48 8b c1 c3 cc cc cc cc cc cc cc cc cc cc cc cc
0x00007ff807c82b40:   49 8b 00 48 89 02 c3 cc cc cc cc cc cc cc cc cc
0x00007ff807c82b50:   8b 81 40 39 00 00 c3 cc cc cc cc cc cc cc cc cc
0x00007ff807c82b60:   8b 81 40 39 00 00 83 c0 f0 83 f8 67 0f 87 5a 01
0x00007ff807c82b70:   00 00 48 8d 15 87 d4 e6 ff 0f b6 84 02 f0 2c 19
0x00007ff807c82b80:   00 8b 8c 82 d0 2c 19 00 48 03 ca ff e1 48 8b 0d
0x00007ff807c82b90:   6c 6f 7e 03 83 b9 b4 34 00 00 02 0f 87 2b 01 00
0x00007ff807c82ba0:   00 48 8d 91 0c 29 00 00 c7 02 e1 00 00 00 e9 ce
0x00007ff807c82bb0:   00 00 00 48 8b 0d 46 6f 7e 03 83 b9 b4 34 00 00
0x00007ff807c82bc0:   02 0f 87 05 01 00 00 48 8d 91 0c 29 00 00 c7 02
0x00007ff807c82bd0:   f0 00 00 00 e9 a8 00 00 00 48 8b 0d 20 6f 7e 03
0x00007ff807c82be0:   83 b9 b4 34 00 00 02 0f 87 df 00 00 00 48 8d 91
0x00007ff807c82bf0:   0c 29 00 00 c7 02 00 04 00 00 e9 82 00 00 00 48
0x00007ff807c82c00:   8b 0d fa 6e 7e 03 83 b9 b4 34 00 00 02 0f 87 b9
0x00007ff807c82c10:   00 00 00 48 8d 91 0c 29 00 00 c7 02 00 08 00 00
0x00007ff807c82c20:   eb 5f 48 8b 0d d7 6e 7e 03 83 b9 b4 34 00 00 02
0x00007ff807c82c30:   0f 87 96 00 00 00 48 8d 91 0c 29 00 00 c7 02 00
0x00007ff807c82c40:   09 00 00 eb 3c 48 8b 0d b4 6e 7e 03 83 b9 b4 34
0x00007ff807c82c50:   00 00 02 77 77 48 8d 91 0c 29 00 00 c7 02 3c 0f 


Stack slot to memory mapping:
stack at sp + 0 slots: 0x00007ff807c82e7c atio6axx.dll
stack at sp + 1 slots: 0x00007ff80b4c6020 atio6axx.dll
stack at sp + 2 slots: 0x000001ccc726e018 points into unknown readable memory: 0x00007ff80accf5f0 | f0 f5 cc 0a f8 7f 00 00
stack at sp + 3 slots: 0x0 is NULL
stack at sp + 4 slots: 0x00007ff807c83e8d atio6axx.dll
stack at sp + 5 slots: 0x0000000f213fadb0 is pointing into the stack for thread: 0x000001cc987b2c20
stack at sp + 6 slots: 0x00007ff807c3f484 atio6axx.dll
stack at sp + 7 slots: 0x00007ff80b4c33b0 atio6axx.dll


---------------  P R O C E S S  ---------------

Threads class SMR info:
_java_thread_list=0x000001cccb6130b0, length=23, elements={
0x000001cc987b2c20, 0x000001ccc18030b0, 0x000001ccc18043d0, 0x000001ccc18134c0,
0x000001ccc1813f80, 0x000001ccc1818000, 0x000001ccc1819060, 0x000001ccc181d9a0,
0x000001ccc18201f0, 0x000001ccc182b2d0, 0x000001ccc18ae710, 0x000001ccc19344c0,
0x000001ccc1948870, 0x000001ccc1948d80, 0x000001ccc1a23f10, 0x000001ccc1e6f5d0,
0x000001ccc21090d0, 0x000001ccc22782e0, 0x000001ccc21315b0, 0x000001ccc6a3cb70,
0x000001ccc538c1c0, 0x000001ccc54a0f90, 0x000001ccc6c50510
}

Java Threads: ( => current thread )
=>0x000001cc987b2c20 JavaThread "Render thread" [_thread_in_native, id=14160, stack(0x0000000f21300000,0x0000000f21400000)]
  0x000001ccc18030b0 JavaThread "Reference Handler" daemon [_thread_blocked, id=8268, stack(0x0000000f21a00000,0x0000000f21b00000)]
  0x000001ccc18043d0 JavaThread "Finalizer" daemon [_thread_blocked, id=15128, stack(0x0000000f21b00000,0x0000000f21c00000)]
  0x000001ccc18134c0 JavaThread "Signal Dispatcher" daemon [_thread_blocked, id=17192, stack(0x0000000f21c00000,0x0000000f21d00000)]
  0x000001ccc1813f80 JavaThread "Attach Listener" daemon [_thread_blocked, id=7900, stack(0x0000000f21d00000,0x0000000f21e00000)]
  0x000001ccc1818000 JavaThread "Service Thread" daemon [_thread_blocked, id=3136, stack(0x0000000f21e00000,0x0000000f21f00000)]
  0x000001ccc1819060 JavaThread "Monitor Deflation Thread" daemon [_thread_blocked, id=11888, stack(0x0000000f21f00000,0x0000000f22000000)]
  0x000001ccc181d9a0 JavaThread "C2 CompilerThread0" daemon [_thread_blocked, id=18144, stack(0x0000000f22000000,0x0000000f22100000)]
  0x000001ccc18201f0 JavaThread "C1 CompilerThread0" daemon [_thread_blocked, id=11696, stack(0x0000000f22100000,0x0000000f22200000)]
  0x000001ccc182b2d0 JavaThread "Sweeper thread" daemon [_thread_blocked, id=20832, stack(0x0000000f22200000,0x0000000f22300000)]
  0x000001ccc18ae710 JavaThread "C1 CompilerThread1" daemon [_thread_blocked, id=22680, stack(0x0000000f22300000,0x0000000f22400000)]
  0x000001ccc19344c0 JavaThread "Common-Cleaner" daemon [_thread_blocked, id=14764, stack(0x0000000f22400000,0x0000000f22500000)]
  0x000001ccc1948870 JavaThread "C1 CompilerThread2" daemon [_thread_blocked, id=27256, stack(0x0000000f22500000,0x0000000f22600000)]
  0x000001ccc1948d80 JavaThread "C2 CompilerThread1" daemon [_thread_blocked, id=29148, stack(0x0000000f22600000,0x0000000f22700000)]
  0x000001ccc1a23f10 JavaThread "Notification Thread" daemon [_thread_blocked, id=21980, stack(0x0000000f22700000,0x0000000f22800000)]
  0x000001ccc1e6f5d0 JavaThread "C1 CompilerThread3" daemon [_thread_blocked, id=28320, stack(0x0000000f23100000,0x0000000f23200000)]
  0x000001ccc21090d0 JavaThread "C2 CompilerThread2" daemon [_thread_blocked, id=14716, stack(0x0000000f23200000,0x0000000f23300000)]
  0x000001ccc22782e0 JavaThread "C2 CompilerThread3" daemon [_thread_blocked, id=25912, stack(0x0000000f23300000,0x0000000f23400000)]
  0x000001ccc21315b0 JavaThread "C2 CompilerThread4" daemon [_thread_blocked, id=18932, stack(0x0000000f23400000,0x0000000f23500000)]
  0x000001ccc6a3cb70 JavaThread "Thread-0" daemon [_thread_blocked, id=21788, stack(0x0000000f23a00000,0x0000000f23b00000)]
  0x000001ccc538c1c0 JavaThread "FileSystemWatchService" daemon [_thread_in_native, id=5988, stack(0x0000000f23b00000,0x0000000f23c00000)]
  0x000001ccc54a0f90 JavaThread "pool-2-thread-1" daemon [_thread_blocked, id=19196, stack(0x0000000f24000000,0x0000000f24100000)]
  0x000001ccc6c50510 JavaThread "Timer hack thread" daemon [_thread_blocked, id=17164, stack(0x0000000f23c00000,0x0000000f23d00000)]

Other Threads:
  0x000001ccc0496c50 VMThread "VM Thread" [stack: 0x0000000f21900000,0x0000000f21a00000] [id=20836]
  0x000001ccc1a96400 WatcherThread [stack: 0x0000000f22800000,0x0000000f22900000] [id=25776]
  0x000001cc9883c460 GCTaskThread "GC Thread#0" [stack: 0x0000000f21400000,0x0000000f21500000] [id=12304]
  0x000001ccc2092fa0 GCTaskThread "GC Thread#1" [stack: 0x0000000f22900000,0x0000000f22a00000] [id=17944]
  0x000001ccc1e70180 GCTaskThread "GC Thread#2" [stack: 0x0000000f22a00000,0x0000000f22b00000] [id=8168]
  0x000001ccc2025080 GCTaskThread "GC Thread#3" [stack: 0x0000000f22b00000,0x0000000f22c00000] [id=28576]
  0x000001ccc2025330 GCTaskThread "GC Thread#4" [stack: 0x0000000f22c00000,0x0000000f22d00000] [id=24096]
  0x000001ccc1ad8810 GCTaskThread "GC Thread#5" [stack: 0x0000000f22d00000,0x0000000f22e00000] [id=4208]
  0x000001ccc1ad8ac0 GCTaskThread "GC Thread#6" [stack: 0x0000000f22e00000,0x0000000f22f00000] [id=15332]
  0x000001ccc1ca3ad0 GCTaskThread "GC Thread#7" [stack: 0x0000000f22f00000,0x0000000f23000000] [id=25164]
  0x000001ccc1ca4190 GCTaskThread "GC Thread#8" [stack: 0x0000000f23000000,0x0000000f23100000] [id=6524]
  0x000001ccc537e260 GCTaskThread "GC Thread#9" [stack: 0x0000000f23700000,0x0000000f23800000] [id=28276]
  0x000001ccc537e510 GCTaskThread "GC Thread#10" [stack: 0x0000000f23800000,0x0000000f23900000] [id=23044]
  0x000001ccc537d7a0 GCTaskThread "GC Thread#11" [stack: 0x0000000f23900000,0x0000000f23a00000] [id=12216]
  0x000001ccc537ea70 GCTaskThread "GC Thread#12" [stack: 0x0000000f23d00000,0x0000000f23e00000] [id=21160]
  0x000001cc98849200 ConcurrentGCThread "G1 Main Marker" [stack: 0x0000000f21500000,0x0000000f21600000] [id=25892]
  0x000001cc9884a2c0 ConcurrentGCThread "G1 Conc#0" [stack: 0x0000000f21600000,0x0000000f21700000] [id=2248]
  0x000001ccc537e7c0 ConcurrentGCThread "G1 Conc#1" [stack: 0x0000000f23e00000,0x0000000f23f00000] [id=1984]
  0x000001ccc537cf90 ConcurrentGCThread "G1 Conc#2" [stack: 0x0000000f23f00000,0x0000000f24000000] [id=9852]
  0x000001ccc0352240 ConcurrentGCThread "G1 Refine#0" [stack: 0x0000000f21700000,0x0000000f21800000] [id=24828]
  0x000001ccc0353b80 ConcurrentGCThread "G1 Service" [stack: 0x0000000f21800000,0x0000000f21900000] [id=884]

Threads with active compile tasks:

VM state: not at safepoint (normal execution)

VM Mutex/Monitor currently owned by a thread: None

Heap address: 0x0000000681400000, size: 6124 MB, Compressed Oops mode: Zero based, Oop shift amount: 3

CDS archive(s) mapped at: [0x0000000800000000-0x0000000800bc0000-0x0000000800bc0000), size 12320768, SharedBaseAddress: 0x0000000800000000, ArchiveRelocationMode: 0.
Compressed class space mapped at: 0x0000000800c00000-0x0000000840c00000, reserved size: 1073741824
Narrow klass base: 0x0000000800000000, Narrow klass shift: 0, Narrow klass range: 0x100000000

GC Precious Log:
 CPUs: 16 total, 16 available
 Memory: 24487M
 Large Page Support: Disabled
 NUMA Support: Disabled
 Compressed Oops: Enabled (Zero based)
 Heap Region Size: 4M
 Heap Min Capacity: 8M
 Heap Initial Capacity: 384M
 Heap Max Capacity: 6124M
 Pre-touch: Disabled
 Parallel Workers: 13
 Concurrent Workers: 3
 Concurrent Refinement Workers: 13
 Periodic GC: Disabled

Heap:
 garbage-first heap   total 561152K, used 245142K [0x0000000681400000, 0x0000000800000000)
  region size 4096K, 33 young (135168K), 9 survivors (36864K)
 Metaspace       used 65083K, committed 66240K, reserved 1105920K
  class space    used 9780K, committed 10304K, reserved 1048576K

Heap Regions: E=young(eden), S=young(survivor), O=old, HS=humongous(starts), HC=humongous(continues), CS=collection set, F=free, OA=open archive, CA=closed archive, TAMS=top-at-mark-start (previous, next)
|   0|0x0000000681400000, 0x0000000681800000, 0x0000000681800000|100%| O|  |TAMS 0x0000000681800000, 0x0000000681400000| Untracked 
|   1|0x0000000681800000, 0x0000000681c00000, 0x0000000681c00000|100%| O|  |TAMS 0x0000000681c00000, 0x0000000681800000| Untracked 
|   2|0x0000000681c00000, 0x0000000682000000, 0x0000000682000000|100%| O|  |TAMS 0x0000000682000000, 0x0000000681c00000| Untracked 
|   3|0x0000000682000000, 0x0000000682400000, 0x0000000682400000|100%| O|  |TAMS 0x0000000682400000, 0x0000000682000000| Untracked 
|   4|0x0000000682400000, 0x0000000682800000, 0x0000000682800000|100%| O|  |TAMS 0x0000000682800000, 0x0000000682400000| Untracked 
|   5|0x0000000682800000, 0x0000000682c00000, 0x0000000682c00000|100%| O|  |TAMS 0x0000000682c00000, 0x0000000682800000| Untracked 
|   6|0x0000000682c00000, 0x0000000683000000, 0x0000000683000000|100%| O|  |TAMS 0x0000000683000000, 0x0000000682c00000| Untracked 
|   7|0x0000000683000000, 0x0000000683400000, 0x0000000683400000|100%| O|  |TAMS 0x0000000683400000, 0x0000000683000000| Untracked 
|   8|0x0000000683400000, 0x0000000683800000, 0x0000000683800000|100%| O|  |TAMS 0x0000000683800000, 0x0000000683400000| Untracked 
|   9|0x0000000683800000, 0x0000000683c00000, 0x0000000683c00000|100%| O|  |TAMS 0x0000000683c00000, 0x0000000683800000| Untracked 
|  10|0x0000000683c00000, 0x0000000684000000, 0x0000000684000000|100%| O|  |TAMS 0x0000000684000000, 0x0000000683c00000| Untracked 
|  11|0x0000000684000000, 0x0000000684400000, 0x0000000684400000|100%| O|  |TAMS 0x0000000684400000, 0x0000000684000000| Untracked 
|  12|0x0000000684400000, 0x0000000684800000, 0x0000000684800000|100%| O|  |TAMS 0x0000000684800000, 0x0000000684400000| Untracked 
|  13|0x0000000684800000, 0x0000000684c00000, 0x0000000684c00000|100%| O|  |TAMS 0x0000000684c00000, 0x0000000684800000| Untracked 
|  14|0x0000000684c00000, 0x0000000685000000, 0x0000000685000000|100%| O|  |TAMS 0x0000000685000000, 0x0000000684c00000| Untracked 
|  15|0x0000000685000000, 0x0000000685400000, 0x0000000685400000|100%|HS|  |TAMS 0x0000000685400000, 0x0000000685000000| Complete 
|  16|0x0000000685400000, 0x0000000685800000, 0x0000000685800000|100%|HC|  |TAMS 0x0000000685800000, 0x0000000685400000| Complete 
|  17|0x0000000685800000, 0x0000000685c00000, 0x0000000685c00000|100%|HC|  |TAMS 0x0000000685c00000, 0x0000000685800000| Complete 
|  18|0x0000000685c00000, 0x0000000686000000, 0x0000000686000000|100%| O|  |TAMS 0x0000000686000000, 0x0000000685c00000| Untracked 
|  19|0x0000000686000000, 0x0000000686400000, 0x0000000686400000|100%| O|  |TAMS 0x0000000686400000, 0x0000000686000000| Untracked 
|  20|0x0000000686400000, 0x0000000686800000, 0x0000000686800000|100%| O|  |TAMS 0x0000000686800000, 0x0000000686400000| Untracked 
|  21|0x0000000686800000, 0x0000000686c00000, 0x0000000686c00000|100%| O|  |TAMS 0x0000000686c00000, 0x0000000686800000| Untracked 
|  22|0x0000000686c00000, 0x0000000687000000, 0x0000000687000000|100%| O|  |TAMS 0x0000000687000000, 0x0000000686c00000| Untracked 
|  23|0x0000000687000000, 0x0000000687400000, 0x0000000687400000|100%| O|  |TAMS 0x0000000687400000, 0x0000000687000000| Untracked 
|  24|0x0000000687400000, 0x0000000687800000, 0x0000000687800000|100%| O|  |TAMS 0x0000000687800000, 0x0000000687400000| Untracked 
|  25|0x0000000687800000, 0x0000000687c00000, 0x0000000687c00000|100%| O|  |TAMS 0x0000000687c00000, 0x0000000687800000| Untracked 
|  26|0x0000000687c00000, 0x0000000688000000, 0x0000000688000000|100%| O|  |TAMS 0x0000000688000000, 0x0000000687c00000| Untracked 
|  27|0x0000000688000000, 0x0000000688400000, 0x0000000688400000|100%| O|  |TAMS 0x0000000688400000, 0x0000000688000000| Untracked 
|  28|0x0000000688400000, 0x00000006884bca00, 0x0000000688800000| 18%| O|  |TAMS 0x00000006884bca00, 0x0000000688400000| Complete 
|  29|0x0000000688800000, 0x0000000688800000, 0x0000000688c00000|  0%| F|  |TAMS 0x0000000688800000, 0x0000000688800000| Untracked 
|  30|0x0000000688c00000, 0x0000000688c00000, 0x0000000689000000|  0%| F|  |TAMS 0x0000000688c00000, 0x0000000688c00000| Untracked 
|  31|0x0000000689000000, 0x0000000689000000, 0x0000000689400000|  0%| F|  |TAMS 0x0000000689000000, 0x0000000689000000| Untracked 
|  32|0x0000000689400000, 0x0000000689400000, 0x0000000689800000|  0%| F|  |TAMS 0x0000000689400000, 0x0000000689400000| Untracked 
|  33|0x0000000689800000, 0x0000000689800000, 0x0000000689c00000|  0%| F|  |TAMS 0x0000000689800000, 0x0000000689800000| Untracked 
|  34|0x0000000689c00000, 0x0000000689c00000, 0x000000068a000000|  0%| F|  |TAMS 0x0000000689c00000, 0x0000000689c00000| Untracked 
|  35|0x000000068a000000, 0x000000068a000000, 0x000000068a400000|  0%| F|  |TAMS 0x000000068a000000, 0x000000068a000000| Untracked 
|  36|0x000000068a400000, 0x000000068a400000, 0x000000068a800000|  0%| F|  |TAMS 0x000000068a400000, 0x000000068a400000| Untracked 
|  37|0x000000068a800000, 0x000000068a800000, 0x000000068ac00000|  0%| F|  |TAMS 0x000000068a800000, 0x000000068a800000| Untracked 
|  38|0x000000068ac00000, 0x000000068ac00000, 0x000000068b000000|  0%| F|  |TAMS 0x000000068ac00000, 0x000000068ac00000| Untracked 
|  39|0x000000068b000000, 0x000000068b000000, 0x000000068b400000|  0%| F|  |TAMS 0x000000068b000000, 0x000000068b000000| Untracked 
|  40|0x000000068b400000, 0x000000068b400000, 0x000000068b800000|  0%| F|  |TAMS 0x000000068b400000, 0x000000068b400000| Untracked 
|  41|0x000000068b800000, 0x000000068b800000, 0x000000068bc00000|  0%| F|  |TAMS 0x000000068b800000, 0x000000068b800000| Untracked 
|  42|0x000000068bc00000, 0x000000068bc00000, 0x000000068c000000|  0%| F|  |TAMS 0x000000068bc00000, 0x000000068bc00000| Untracked 
|  43|0x000000068c000000, 0x000000068c000000, 0x000000068c400000|  0%| F|  |TAMS 0x000000068c000000, 0x000000068c000000| Untracked 
|  44|0x000000068c400000, 0x000000068c400000, 0x000000068c800000|  0%| F|  |TAMS 0x000000068c400000, 0x000000068c400000| Untracked 
|  45|0x000000068c800000, 0x000000068c800000, 0x000000068cc00000|  0%| F|  |TAMS 0x000000068c800000, 0x000000068c800000| Untracked 
|  46|0x000000068cc00000, 0x000000068cc00000, 0x000000068d000000|  0%| F|  |TAMS 0x000000068cc00000, 0x000000068cc00000| Untracked 
|  47|0x000000068d000000, 0x000000068d000000, 0x000000068d400000|  0%| F|  |TAMS 0x000000068d000000, 0x000000068d000000| Untracked 
|  48|0x000000068d400000, 0x000000068d400000, 0x000000068d800000|  0%| F|  |TAMS 0x000000068d400000, 0x000000068d400000| Untracked 
|  49|0x000000068d800000, 0x000000068d800000, 0x000000068dc00000|  0%| F|  |TAMS 0x000000068d800000, 0x000000068d800000| Untracked 
|  50|0x000000068dc00000, 0x000000068dc00000, 0x000000068e000000|  0%| F|  |TAMS 0x000000068dc00000, 0x000000068dc00000| Untracked 
|  51|0x000000068e000000, 0x000000068e000000, 0x000000068e400000|  0%| F|  |TAMS 0x000000068e000000, 0x000000068e000000| Untracked 
|  52|0x000000068e400000, 0x000000068e400000, 0x000000068e800000|  0%| F|  |TAMS 0x000000068e400000, 0x000000068e400000| Untracked 
|  53|0x000000068e800000, 0x000000068e800000, 0x000000068ec00000|  0%| F|  |TAMS 0x000000068e800000, 0x000000068e800000| Untracked 
|  54|0x000000068ec00000, 0x000000068ec00000, 0x000000068f000000|  0%| F|  |TAMS 0x000000068ec00000, 0x000000068ec00000| Untracked 
|  55|0x000000068f000000, 0x000000068f000000, 0x000000068f400000|  0%| F|  |TAMS 0x000000068f000000, 0x000000068f000000| Untracked 
|  56|0x000000068f400000, 0x000000068f400000, 0x000000068f800000|  0%| F|  |TAMS 0x000000068f400000, 0x000000068f400000| Untracked 
|  57|0x000000068f800000, 0x000000068f800000, 0x000000068fc00000|  0%| F|  |TAMS 0x000000068f800000, 0x000000068f800000| Untracked 
|  58|0x000000068fc00000, 0x000000068fc00000, 0x0000000690000000|  0%| F|  |TAMS 0x000000068fc00000, 0x000000068fc00000| Untracked 
|  59|0x0000000690000000, 0x0000000690000000, 0x0000000690400000|  0%| F|  |TAMS 0x0000000690000000, 0x0000000690000000| Untracked 
|  60|0x0000000690400000, 0x0000000690400000, 0x0000000690800000|  0%| F|  |TAMS 0x0000000690400000, 0x0000000690400000| Untracked 
|  61|0x0000000690800000, 0x0000000690800000, 0x0000000690c00000|  0%| F|  |TAMS 0x0000000690800000, 0x0000000690800000| Untracked 
|  62|0x0000000690c00000, 0x0000000690c00000, 0x0000000691000000|  0%| F|  |TAMS 0x0000000690c00000, 0x0000000690c00000| Untracked 
|  63|0x0000000691000000, 0x0000000691000000, 0x0000000691400000|  0%| F|  |TAMS 0x0000000691000000, 0x0000000691000000| Untracked 
|  64|0x0000000691400000, 0x0000000691400000, 0x0000000691800000|  0%| F|  |TAMS 0x0000000691400000, 0x0000000691400000| Untracked 
|  65|0x0000000691800000, 0x0000000691800000, 0x0000000691c00000|  0%| F|  |TAMS 0x0000000691800000, 0x0000000691800000| Untracked 
|  66|0x0000000691c00000, 0x0000000691c00000, 0x0000000692000000|  0%| F|  |TAMS 0x0000000691c00000, 0x0000000691c00000| Untracked 
|  67|0x0000000692000000, 0x0000000692000000, 0x0000000692400000|  0%| F|  |TAMS 0x0000000692000000, 0x0000000692000000| Untracked 
|  68|0x0000000692400000, 0x0000000692400000, 0x0000000692800000|  0%| F|  |TAMS 0x0000000692400000, 0x0000000692400000| Untracked 
|  69|0x0000000692800000, 0x0000000692800000, 0x0000000692c00000|  0%| F|  |TAMS 0x0000000692800000, 0x0000000692800000| Untracked 
|  70|0x0000000692c00000, 0x0000000692c00000, 0x0000000693000000|  0%| F|  |TAMS 0x0000000692c00000, 0x0000000692c00000| Untracked 
|  71|0x0000000693000000, 0x0000000693000000, 0x0000000693400000|  0%| F|  |TAMS 0x0000000693000000, 0x0000000693000000| Untracked 
|  72|0x0000000693400000, 0x0000000693400000, 0x0000000693800000|  0%| F|  |TAMS 0x0000000693400000, 0x0000000693400000| Untracked 
|  73|0x0000000693800000, 0x0000000693800000, 0x0000000693c00000|  0%| F|  |TAMS 0x0000000693800000, 0x0000000693800000| Untracked 
|  74|0x0000000693c00000, 0x0000000693c00000, 0x0000000694000000|  0%| F|  |TAMS 0x0000000693c00000, 0x0000000693c00000| Untracked 
|  75|0x0000000694000000, 0x0000000694000000, 0x0000000694400000|  0%| F|  |TAMS 0x0000000694000000, 0x0000000694000000| Untracked 
|  76|0x0000000694400000, 0x0000000694400000, 0x0000000694800000|  0%| F|  |TAMS 0x0000000694400000, 0x0000000694400000| Untracked 
|  77|0x0000000694800000, 0x0000000694800000, 0x0000000694c00000|  0%| F|  |TAMS 0x0000000694800000, 0x0000000694800000| Untracked 
|  78|0x0000000694c00000, 0x0000000694c00000, 0x0000000695000000|  0%| F|  |TAMS 0x0000000694c00000, 0x0000000694c00000| Untracked 
|  79|0x0000000695000000, 0x0000000695000000, 0x0000000695400000|  0%| F|  |TAMS 0x0000000695000000, 0x0000000695000000| Untracked 
|  80|0x0000000695400000, 0x0000000695400000, 0x0000000695800000|  0%| F|  |TAMS 0x0000000695400000, 0x0000000695400000| Untracked 
|  81|0x0000000695800000, 0x0000000695800000, 0x0000000695c00000|  0%| F|  |TAMS 0x0000000695800000, 0x0000000695800000| Untracked 
|  82|0x0000000695c00000, 0x0000000695c00000, 0x0000000696000000|  0%| F|  |TAMS 0x0000000695c00000, 0x0000000695c00000| Untracked 
|  83|0x0000000696000000, 0x0000000696000000, 0x0000000696400000|  0%| F|  |TAMS 0x0000000696000000, 0x0000000696000000| Untracked 
|  84|0x0000000696400000, 0x0000000696400000, 0x0000000696800000|  0%| F|  |TAMS 0x0000000696400000, 0x0000000696400000| Untracked 
|  85|0x0000000696800000, 0x0000000696800000, 0x0000000696c00000|  0%| F|  |TAMS 0x0000000696800000, 0x0000000696800000| Untracked 
|  86|0x0000000696c00000, 0x0000000696c00000, 0x0000000697000000|  0%| F|  |TAMS 0x0000000696c00000, 0x0000000696c00000| Untracked 
|  87|0x0000000697000000, 0x0000000697000000, 0x0000000697400000|  0%| F|  |TAMS 0x0000000697000000, 0x0000000697000000| Untracked 
|  88|0x0000000697400000, 0x0000000697400000, 0x0000000697800000|  0%| F|  |TAMS 0x0000000697400000, 0x0000000697400000| Untracked 
|  89|0x0000000697800000, 0x0000000697800000, 0x0000000697c00000|  0%| F|  |TAMS 0x0000000697800000, 0x0000000697800000| Untracked 
|  90|0x0000000697c00000, 0x0000000697c00000, 0x0000000698000000|  0%| F|  |TAMS 0x0000000697c00000, 0x0000000697c00000| Untracked 
|  91|0x0000000698000000, 0x0000000698000000, 0x0000000698400000|  0%| F|  |TAMS 0x0000000698000000, 0x0000000698000000| Untracked 
|  92|0x0000000698400000, 0x0000000698400000, 0x0000000698800000|  0%| F|  |TAMS 0x0000000698400000, 0x0000000698400000| Untracked 
|  93|0x0000000698800000, 0x0000000698800000, 0x0000000698c00000|  0%| F|  |TAMS 0x0000000698800000, 0x0000000698800000| Untracked 
|  94|0x0000000698c00000, 0x0000000698c00000, 0x0000000699000000|  0%| F|  |TAMS 0x0000000698c00000, 0x0000000698c00000| Untracked 
|  95|0x0000000699000000, 0x0000000699000000, 0x0000000699400000|  0%| F|  |TAMS 0x0000000699000000, 0x0000000699000000| Untracked 
|  96|0x0000000699400000, 0x0000000699400000, 0x0000000699800000|  0%| F|  |TAMS 0x0000000699400000, 0x0000000699400000| Untracked 
|  97|0x0000000699800000, 0x0000000699800000, 0x0000000699c00000|  0%| F|  |TAMS 0x0000000699800000, 0x0000000699800000| Untracked 
|  98|0x0000000699c00000, 0x0000000699c00000, 0x000000069a000000|  0%| F|  |TAMS 0x0000000699c00000, 0x0000000699c00000| Untracked 
|  99|0x000000069a000000, 0x000000069a000000, 0x000000069a400000|  0%| F|  |TAMS 0x000000069a000000, 0x000000069a000000| Untracked 
| 100|0x000000069a400000, 0x000000069a400000, 0x000000069a800000|  0%| F|  |TAMS 0x000000069a400000, 0x000000069a400000| Untracked 
| 101|0x000000069a800000, 0x000000069a800000, 0x000000069ac00000|  0%| F|  |TAMS 0x000000069a800000, 0x000000069a800000| Untracked 
| 102|0x000000069ac00000, 0x000000069ac00000, 0x000000069b000000|  0%| F|  |TAMS 0x000000069ac00000, 0x000000069ac00000| Untracked 
| 103|0x000000069b000000, 0x000000069b000000, 0x000000069b400000|  0%| F|  |TAMS 0x000000069b000000, 0x000000069b000000| Untracked 
| 104|0x000000069b400000, 0x000000069b609558, 0x000000069b800000| 50%| E|  |TAMS 0x000000069b400000, 0x000000069b400000| Complete 
| 105|0x000000069b800000, 0x000000069bc00000, 0x000000069bc00000|100%| E|CS|TAMS 0x000000069b800000, 0x000000069b800000| Complete 
| 106|0x000000069bc00000, 0x000000069c000000, 0x000000069c000000|100%| E|CS|TAMS 0x000000069bc00000, 0x000000069bc00000| Complete 
| 107|0x000000069c000000, 0x000000069c400000, 0x000000069c400000|100%| E|CS|TAMS 0x000000069c000000, 0x000000069c000000| Complete 
| 108|0x000000069c400000, 0x000000069c800000, 0x000000069c800000|100%| E|CS|TAMS 0x000000069c400000, 0x000000069c400000| Complete 
| 109|0x000000069c800000, 0x000000069cc00000, 0x000000069cc00000|100%| E|CS|TAMS 0x000000069c800000, 0x000000069c800000| Complete 
| 110|0x000000069cc00000, 0x000000069d000000, 0x000000069d000000|100%| E|CS|TAMS 0x000000069cc00000, 0x000000069cc00000| Complete 
| 111|0x000000069d000000, 0x000000069d400000, 0x000000069d400000|100%| E|CS|TAMS 0x000000069d000000, 0x000000069d000000| Complete 
| 112|0x000000069d400000, 0x000000069d800000, 0x000000069d800000|100%| E|CS|TAMS 0x000000069d400000, 0x000000069d400000| Complete 
| 113|0x000000069d800000, 0x000000069dc00000, 0x000000069dc00000|100%| E|CS|TAMS 0x000000069d800000, 0x000000069d800000| Complete 
| 114|0x000000069dc00000, 0x000000069e000000, 0x000000069e000000|100%| E|CS|TAMS 0x000000069dc00000, 0x000000069dc00000| Complete 
| 115|0x000000069e000000, 0x000000069e400000, 0x000000069e400000|100%| E|CS|TAMS 0x000000069e000000, 0x000000069e000000| Complete 
| 116|0x000000069e400000, 0x000000069e800000, 0x000000069e800000|100%| E|CS|TAMS 0x000000069e400000, 0x000000069e400000| Complete 
| 117|0x000000069e800000, 0x000000069ec00000, 0x000000069ec00000|100%| E|CS|TAMS 0x000000069e800000, 0x000000069e800000| Complete 
| 118|0x000000069ec00000, 0x000000069f000000, 0x000000069f000000|100%| E|CS|TAMS 0x000000069ec00000, 0x000000069ec00000| Complete 
| 119|0x000000069f000000, 0x000000069f400000, 0x000000069f400000|100%| E|CS|TAMS 0x000000069f000000, 0x000000069f000000| Complete 
| 120|0x000000069f400000, 0x000000069f800000, 0x000000069f800000|100%| E|CS|TAMS 0x000000069f400000, 0x000000069f400000| Complete 
| 121|0x000000069f800000, 0x000000069fc00000, 0x000000069fc00000|100%| E|CS|TAMS 0x000000069f800000, 0x000000069f800000| Complete 
| 122|0x000000069fc00000, 0x00000006a0000000, 0x00000006a0000000|100%| E|CS|TAMS 0x000000069fc00000, 0x000000069fc00000| Complete 
| 123|0x00000006a0000000, 0x00000006a02a9120, 0x00000006a0400000| 66%| S|CS|TAMS 0x00000006a0000000, 0x00000006a0000000| Complete 
| 124|0x00000006a0400000, 0x00000006a0800000, 0x00000006a0800000|100%| S|CS|TAMS 0x00000006a0400000, 0x00000006a0400000| Complete 
| 125|0x00000006a0800000, 0x00000006a0c00000, 0x00000006a0c00000|100%| S|CS|TAMS 0x00000006a0800000, 0x00000006a0800000| Complete 
| 126|0x00000006a0c00000, 0x00000006a1000000, 0x00000006a1000000|100%| S|CS|TAMS 0x00000006a0c00000, 0x00000006a0c00000| Complete 
| 127|0x00000006a1000000, 0x00000006a1400000, 0x00000006a1400000|100%| S|CS|TAMS 0x00000006a1000000, 0x00000006a1000000| Complete 
| 128|0x00000006a1400000, 0x00000006a1800000, 0x00000006a1800000|100%| S|CS|TAMS 0x00000006a1400000, 0x00000006a1400000| Complete 
| 129|0x00000006a1800000, 0x00000006a1c00000, 0x00000006a1c00000|100%| S|CS|TAMS 0x00000006a1800000, 0x00000006a1800000| Complete 
| 130|0x00000006a1c00000, 0x00000006a2000000, 0x00000006a2000000|100%| S|CS|TAMS 0x00000006a1c00000, 0x00000006a1c00000| Complete 
| 131|0x00000006a2000000, 0x00000006a2400000, 0x00000006a2400000|100%| S|CS|TAMS 0x00000006a2000000, 0x00000006a2000000| Complete 
| 132|0x00000006a2400000, 0x00000006a2800000, 0x00000006a2800000|100%| E|CS|TAMS 0x00000006a2400000, 0x00000006a2400000| Complete 
| 133|0x00000006a2800000, 0x00000006a2c00000, 0x00000006a2c00000|100%| E|CS|TAMS 0x00000006a2800000, 0x00000006a2800000| Complete 
| 182|0x00000006aec00000, 0x00000006af000000, 0x00000006af000000|100%| E|CS|TAMS 0x00000006aec00000, 0x00000006aec00000| Complete 
| 183|0x00000006af000000, 0x00000006af400000, 0x00000006af400000|100%| E|CS|TAMS 0x00000006af000000, 0x00000006af000000| Complete 
| 184|0x00000006af400000, 0x00000006af800000, 0x00000006af800000|100%| E|CS|TAMS 0x00000006af400000, 0x00000006af400000| Complete 

Card table byte_map: [0x000001ccb0700000,0x000001ccb1300000] _byte_map_base: 0x000001ccad2f6000

Marking Bits (Prev, Next): (CMBitMap*) 0x000001cc9883c9c0, (CMBitMap*) 0x000001cc9883c980
 Prev Bits: [0x000001ccb7eb0000, 0x000001ccbde60000)
 Next Bits: [0x000001ccb1f00000, 0x000001ccb7eb0000)

Polling page: 0x000001cc966d0000

Metaspace:

Usage:
  Non-class:     54.01 MB used.
      Class:      9.55 MB used.
       Both:     63.56 MB used.

Virtual space:
  Non-class space:       56.00 MB reserved,      54.62 MB ( 98%) committed,  7 nodes.
      Class space:        1.00 GB reserved,      10.06 MB ( <1%) committed,  1 nodes.
             Both:        1.05 GB reserved,      64.69 MB (  6%) committed. 

Chunk freelists:
   Non-Class:  730.00 KB
       Class:  1.98 MB
        Both:  2.69 MB

MaxMetaspaceSize: unlimited
CompressedClassSpaceSize: 1.00 GB
Initial GC threshold: 21.00 MB
Current GC threshold: 99.69 MB
CDS: on
MetaspaceReclaimPolicy: balanced
 - commit_granule_bytes: 65536.
 - commit_granule_words: 8192.
 - virtual_space_node_default_size: 1048576.
 - enlarge_chunks_in_place: 1.
 - new_chunks_are_fully_committed: 0.
 - uncommit_free_chunks: 1.
 - use_allocation_guard: 0.
 - handle_deallocations: 1.


Internal statistics:

num_allocs_failed_limit: 15.
num_arena_births: 1706.
num_arena_deaths: 0.
num_vsnodes_births: 8.
num_vsnodes_deaths: 0.
num_space_committed: 1032.
num_space_uncommitted: 0.
num_chunks_returned_to_freelist: 15.
num_chunks_taken_from_freelist: 4345.
num_chunk_merges: 15.
num_chunk_splits: 2839.
num_chunks_enlarged: 1954.
num_purges: 0.
num_inconsistent_stats: 0.

CodeHeap 'non-profiled nmethods': size=119168Kb used=7963Kb max_used=7963Kb free=111204Kb
 bounds [0x000001cca7e20000, 0x000001cca85f0000, 0x000001ccaf280000]
CodeHeap 'profiled nmethods': size=119104Kb used=13384Kb max_used=13948Kb free=105719Kb
 bounds [0x000001cca09d0000, 0x000001cca1770000, 0x000001cca7e20000]
CodeHeap 'non-nmethods': size=7488Kb used=3651Kb max_used=3713Kb free=3836Kb
 bounds [0x000001cca0280000, 0x000001cca0630000, 0x000001cca09d0000]
 total_blobs=9415 nmethods=7932 adapters=1389
 compilation: enabled
              stopped_count=0, restarted_count=0
 full_count=0

Compilation events (20 events):
Event: 6.614 Thread 0x000001ccc1948d80 nmethod 9965 0x000001cca85c8310 code [0x000001cca85c88e0, 0x000001cca85d0a30]
Event: 6.616 Thread 0x000001ccc18201f0 10119       3       sun.misc.Unsafe::getInt (9 bytes)
Event: 6.616 Thread 0x000001ccc1948870 10120       3       org.lwjgl.system.CustomBuffer::address (19 bytes)
Event: 6.616 Thread 0x000001ccc1e6f5d0 10121       3       org.lwjgl.system.StructBuffer::sizeof (8 bytes)
Event: 6.616 Thread 0x000001ccc18ae710 10122       3       org.lwjgl.glfw.GLFWVidMode$Buffer::getElementFactory (5 bytes)
Event: 6.616 Thread 0x000001ccc18201f0 nmethod 10119 0x000001cca16ccf10 code [0x000001cca16cd0a0, 0x000001cca16cd1b8]
Event: 6.616 Thread 0x000001ccc18ae710 nmethod 10122 0x000001cca16ccb10 code [0x000001cca16ccca0, 0x000001cca16cce18]
Event: 6.616 Thread 0x000001ccc1e6f5d0 nmethod 10121 0x000001cca16cc610 code [0x000001cca16cc7c0, 0x000001cca16cc9f8]
Event: 6.616 Thread 0x000001ccc18201f0 10123       3       org.lwjgl.glfw.GLFWVidMode$Buffer::getElementFactory (4 bytes)
Event: 6.616 Thread 0x000001ccc1948870 nmethod 10120 0x000001cca16cc110 code [0x000001cca16cc2c0, 0x000001cca16cc528]
Event: 6.616 Thread 0x000001ccc18ae710 10124       3       org.lwjgl.glfw.GLFWVidMode::sizeof (4 bytes)
Event: 6.616 Thread 0x000001ccc18201f0 nmethod 10123 0x000001cca16cbd90 code [0x000001cca16cbf20, 0x000001cca16cc038]
Event: 6.616 Thread 0x000001ccc18ae710 nmethod 10124 0x000001cca16cb910 code [0x000001cca16cbaa0, 0x000001cca16cbbb8]
Event: 6.752 Thread 0x000001ccc2242f90 nmethod 10022 0x000001cca85d4990 code [0x000001cca85d4fe0, 0x000001cca85e0f78]
Event: 7.101 Thread 0x000001ccc18ae710 10125       1       com.mojang.blaze3d.platform.VideoMode::getRedBits (5 bytes)
Event: 7.101 Thread 0x000001ccc1e6f5d0 10126       1       com.mojang.blaze3d.platform.VideoMode::getGreenBits (5 bytes)
Event: 7.101 Thread 0x000001ccc1948870 10127       1       com.mojang.blaze3d.platform.VideoMode::getBlueBits (5 bytes)
Event: 7.101 Thread 0x000001ccc1e6f5d0 nmethod 10126 0x000001cca85e5d90 code [0x000001cca85e5f20, 0x000001cca85e5ff8]
Event: 7.101 Thread 0x000001ccc1948870 nmethod 10127 0x000001cca85e6090 code [0x000001cca85e6220, 0x000001cca85e62f8]
Event: 7.101 Thread 0x000001ccc18ae710 nmethod 10125 0x000001cca85e6390 code [0x000001cca85e6520, 0x000001cca85e65f8]

GC Heap History (20 events):
Event: 2.745 GC heap before
{Heap before GC invocations=8 (full 0):
 garbage-first heap   total 204800K, used 69256K [0x0000000681400000, 0x0000000800000000)
  region size 4096K, 4 young (16384K), 3 survivors (12288K)
 Metaspace       used 24948K, committed 25600K, reserved 1073152K
  class space    used 3083K, committed 3328K, reserved 1048576K
}
Event: 2.750 GC heap after
{Heap after GC invocations=9 (full 0):
 garbage-first heap   total 204800K, used 68243K [0x0000000681400000, 0x0000000800000000)
  region size 4096K, 1 young (4096K), 1 survivors (4096K)
 Metaspace       used 24948K, committed 25600K, reserved 1073152K
  class space    used 3083K, committed 3328K, reserved 1048576K
}
Event: 2.906 GC heap before
{Heap before GC invocations=9 (full 0):
 garbage-first heap   total 204800K, used 146067K [0x0000000681400000, 0x0000000800000000)
  region size 4096K, 20 young (81920K), 1 survivors (4096K)
 Metaspace       used 27204K, committed 27968K, reserved 1081344K
  class space    used 3333K, committed 3648K, reserved 1048576K
}
Event: 2.909 GC heap after
{Heap after GC invocations=10 (full 0):
 garbage-first heap   total 454656K, used 67579K [0x0000000681400000, 0x0000000800000000)
  region size 4096K, 1 young (4096K), 1 survivors (4096K)
 Metaspace       used 27204K, committed 27968K, reserved 1081344K
  class space    used 3333K, committed 3648K, reserved 1048576K
}
Event: 3.291 GC heap before
{Heap before GC invocations=10 (full 0):
 garbage-first heap   total 454656K, used 333819K [0x0000000681400000, 0x0000000800000000)
  region size 4096K, 66 young (270336K), 1 survivors (4096K)
 Metaspace       used 28648K, committed 29440K, reserved 1081344K
  class space    used 3538K, committed 3904K, reserved 1048576K
}
Event: 3.293 GC heap after
{Heap after GC invocations=11 (full 0):
 garbage-first heap   total 454656K, used 68756K [0x0000000681400000, 0x0000000800000000)
  region size 4096K, 1 young (4096K), 1 survivors (4096K)
 Metaspace       used 28648K, committed 29440K, reserved 1081344K
  class space    used 3538K, committed 3904K, reserved 1048576K
}
Event: 3.838 GC heap before
{Heap before GC invocations=11 (full 0):
 garbage-first heap   total 454656K, used 347284K [0x0000000681400000, 0x0000000800000000)
  region size 4096K, 66 young (270336K), 1 survivors (4096K)
 Metaspace       used 32006K, committed 32960K, reserved 1081344K
  class space    used 4014K, committed 4416K, reserved 1048576K
}
Event: 3.842 GC heap after
{Heap after GC invocations=12 (full 0):
 garbage-first heap   total 454656K, used 86521K [0x0000000681400000, 0x0000000800000000)
  region size 4096K, 3 young (12288K), 3 survivors (12288K)
 Metaspace       used 32006K, committed 32960K, reserved 1081344K
  class space    used 4014K, committed 4416K, reserved 1048576K
}
Event: 4.100 GC heap before
{Heap before GC invocations=12 (full 0):
 garbage-first heap   total 454656K, used 188921K [0x0000000681400000, 0x0000000800000000)
  region size 4096K, 29 young (118784K), 3 survivors (12288K)
 Metaspace       used 35072K, committed 35968K, reserved 1081344K
  class space    used 4319K, committed 4736K, reserved 1048576K
}
Event: 4.104 GC heap after
{Heap after GC invocations=13 (full 0):
 garbage-first heap   total 454656K, used 88026K [0x0000000681400000, 0x0000000800000000)
  region size 4096K, 3 young (12288K), 3 survivors (12288K)
 Metaspace       used 35072K, committed 35968K, reserved 1081344K
  class space    used 4319K, committed 4736K, reserved 1048576K
}
Event: 4.646 GC heap before
{Heap before GC invocations=14 (full 0):
 garbage-first heap   total 327680K, used 272346K [0x0000000681400000, 0x0000000800000000)
  region size 4096K, 48 young (196608K), 3 survivors (12288K)
 Metaspace       used 41747K, committed 42688K, reserved 1089536K
  class space    used 5510K, committed 5952K, reserved 1048576K
}
Event: 4.656 GC heap after
{Heap after GC invocations=15 (full 0):
 garbage-first heap   total 327680K, used 101106K [0x0000000681400000, 0x0000000800000000)
  region size 4096K, 6 young (24576K), 6 survivors (24576K)
 Metaspace       used 41747K, committed 42688K, reserved 1089536K
  class space    used 5510K, committed 5952K, reserved 1048576K
}
Event: 4.663 GC heap before
{Heap before GC invocations=15 (full 0):
 garbage-first heap   total 327680K, used 105202K [0x0000000681400000, 0x0000000800000000)
  region size 4096K, 7 young (28672K), 6 survivors (24576K)
 Metaspace       used 41778K, committed 42752K, reserved 1089536K
  class space    used 5513K, committed 5952K, reserved 1048576K
}
Event: 4.674 GC heap after
{Heap after GC invocations=16 (full 0):
 garbage-first heap   total 327680K, used 102269K [0x0000000681400000, 0x0000000800000000)
  region size 4096K, 1 young (4096K), 1 survivors (4096K)
 Metaspace       used 41778K, committed 42752K, reserved 1089536K
  class space    used 5513K, committed 5952K, reserved 1048576K
}
Event: 4.895 GC heap before
{Heap before GC invocations=16 (full 0):
 garbage-first heap   total 327680K, used 262013K [0x0000000681400000, 0x0000000800000000)
  region size 4096K, 40 young (163840K), 1 survivors (4096K)
 Metaspace       used 42432K, committed 43392K, reserved 1089536K
  class space    used 5610K, committed 6080K, reserved 1048576K
}
Event: 4.904 GC heap after
{Heap after GC invocations=17 (full 0):
 garbage-first heap   total 327680K, used 115205K [0x0000000681400000, 0x0000000800000000)
  region size 4096K, 5 young (20480K), 5 survivors (20480K)
 Metaspace       used 42432K, committed 43392K, reserved 1089536K
  class space    used 5610K, committed 6080K, reserved 1048576K
}
Event: 5.262 GC heap before
{Heap before GC invocations=17 (full 0):
 garbage-first heap   total 327680K, used 254469K [0x0000000681400000, 0x0000000800000000)
  region size 4096K, 39 young (159744K), 5 survivors (20480K)
 Metaspace       used 47134K, committed 48128K, reserved 1097728K
  class space    used 6311K, committed 6784K, reserved 1048576K
}
Event: 5.274 GC heap after
{Heap after GC invocations=18 (full 0):
 garbage-first heap   total 757760K, used 131826K [0x0000000681400000, 0x0000000800000000)
  region size 4096K, 4 young (16384K), 4 survivors (16384K)
 Metaspace       used 47134K, committed 48128K, reserved 1097728K
  class space    used 6311K, committed 6784K, reserved 1048576K
}
Event: 6.153 GC heap before
{Heap before GC invocations=18 (full 0):
 garbage-first heap   total 757760K, used 344818K [0x0000000681400000, 0x0000000800000000)
  region size 4096K, 57 young (233472K), 4 survivors (16384K)
 Metaspace       used 59367K, committed 60480K, reserved 1105920K
  class space    used 8899K, committed 9408K, reserved 1048576K
}
Event: 6.164 GC heap after
{Heap after GC invocations=19 (full 0):
 garbage-first heap   total 757760K, used 150934K [0x0000000681400000, 0x0000000800000000)
  region size 4096K, 9 young (36864K), 9 survivors (36864K)
 Metaspace       used 59367K, committed 60480K, reserved 1105920K
  class space    used 8899K, committed 9408K, reserved 1048576K
}

Dll operation events (11 events):
Event: 0.004 Loaded shared library C:\Users\user\AppData\Local\Temp\Rar$EXa12212.28763\MCreator20231\jdk\bin\java.dll
Event: 0.011 Loaded shared library C:\Users\user\AppData\Local\Temp\Rar$EXa12212.28763\MCreator20231\jdk\bin\jsvml.dll
Event: 0.110 Loaded shared library C:\Users\user\AppData\Local\Temp\Rar$EXa12212.28763\MCreator20231\jdk\bin\net.dll
Event: 0.111 Loaded shared library C:\Users\user\AppData\Local\Temp\Rar$EXa12212.28763\MCreator20231\jdk\bin\nio.dll
Event: 0.113 Loaded shared library C:\Users\user\AppData\Local\Temp\Rar$EXa12212.28763\MCreator20231\jdk\bin\zip.dll
Event: 0.158 Loaded shared library C:\Users\user\AppData\Local\Temp\Rar$EXa12212.28763\MCreator20231\jdk\bin\jimage.dll
Event: 0.356 Loaded shared library C:\Users\user\AppData\Local\Temp\Rar$EXa12212.28763\MCreator20231\jdk\bin\verify.dll
Event: 1.455 Loaded shared library C:\Users\user\AppData\Local\Temp\Rar$EXa12212.28763\MCreator20231\jdk\bin\management.dll
Event: 1.456 Loaded shared library C:\Users\user\AppData\Local\Temp\Rar$EXa12212.28763\MCreator20231\jdk\bin\management_ext.dll
Event: 3.427 Loaded shared library C:\Users\user\AppData\Local\Temp\jna-1821864651\jna4126072089621552669.dll
Event: 6.350 Loaded shared library C:\Users\user\AppData\Local\Temp\lwjglJackson Glaz\3.3.1-build-7\lwjgl.dll

Deoptimization events (20 events):
Event: 6.568 Thread 0x000001cc987b2c20 Uncommon trap: trap_request=0xffffff45 fr.pc=0x000001cca85a64c0 relative=0x00000000000000a0
Event: 6.568 Thread 0x000001cc987b2c20 Uncommon trap: reason=unstable_if action=reinterpret pc=0x000001cca85a64c0 method=com.google.gson.stream.JsonReader.peek()Lcom/google/gson/stream/JsonToken; @ 15 c2
Event: 6.568 Thread 0x000001cc987b2c20 DEOPT PACKING pc=0x000001cca85a64c0 sp=0x0000000f213fdfd0
Event: 6.568 Thread 0x000001cc987b2c20 DEOPT UNPACKING pc=0x000001cca02d23a3 sp=0x0000000f213fdf68 mode 2
Event: 6.571 Thread 0x000001cc987b2c20 Uncommon trap: trap_request=0xffffffc6 fr.pc=0x000001cca84bcc0c relative=0x0000000000000dac
Event: 6.571 Thread 0x000001cc987b2c20 Uncommon trap: reason=bimorphic_or_optimized_type_check action=maybe_recompile pc=0x000001cca84bcc0c method=com.mojang.serialization.DataResult.lambda$flatMap$10(Ljava/util/function/Function;Ljava/lang/Object;)Lcom/mojang/serialization/DataResult; @ 2 c2
Event: 6.571 Thread 0x000001cc987b2c20 DEOPT PACKING pc=0x000001cca84bcc0c sp=0x0000000f213fdcd0
Event: 6.571 Thread 0x000001cc987b2c20 DEOPT UNPACKING pc=0x000001cca02d23a3 sp=0x0000000f213fdc30 mode 2
Event: 6.572 Thread 0x000001cc987b2c20 Uncommon trap: trap_request=0xffffffc6 fr.pc=0x000001cca84bcc0c relative=0x0000000000000dac
Event: 6.572 Thread 0x000001cc987b2c20 Uncommon trap: reason=bimorphic_or_optimized_type_check action=maybe_recompile pc=0x000001cca84bcc0c method=com.mojang.serialization.DataResult.lambda$flatMap$10(Ljava/util/function/Function;Ljava/lang/Object;)Lcom/mojang/serialization/DataResult; @ 2 c2
Event: 6.572 Thread 0x000001cc987b2c20 DEOPT PACKING pc=0x000001cca84bcc0c sp=0x0000000f213fdcd0
Event: 6.572 Thread 0x000001cc987b2c20 DEOPT UNPACKING pc=0x000001cca02d23a3 sp=0x0000000f213fdc30 mode 2
Event: 6.572 Thread 0x000001cc987b2c20 Uncommon trap: trap_request=0xffffffc6 fr.pc=0x000001cca84bcc0c relative=0x0000000000000dac
Event: 6.572 Thread 0x000001cc987b2c20 Uncommon trap: reason=bimorphic_or_optimized_type_check action=maybe_recompile pc=0x000001cca84bcc0c method=com.mojang.serialization.DataResult.lambda$flatMap$10(Ljava/util/function/Function;Ljava/lang/Object;)Lcom/mojang/serialization/DataResult; @ 2 c2
Event: 6.572 Thread 0x000001cc987b2c20 DEOPT PACKING pc=0x000001cca84bcc0c sp=0x0000000f213fde30
Event: 6.572 Thread 0x000001cc987b2c20 DEOPT UNPACKING pc=0x000001cca02d23a3 sp=0x0000000f213fdd90 mode 2
Event: 6.572 Thread 0x000001cc987b2c20 Uncommon trap: trap_request=0xffffffc6 fr.pc=0x000001cca84bcc0c relative=0x0000000000000dac
Event: 6.572 Thread 0x000001cc987b2c20 Uncommon trap: reason=bimorphic_or_optimized_type_check action=maybe_recompile pc=0x000001cca84bcc0c method=com.mojang.serialization.DataResult.lambda$flatMap$10(Ljava/util/function/Function;Ljava/lang/Object;)Lcom/mojang/serialization/DataResult; @ 2 c2
Event: 6.572 Thread 0x000001cc987b2c20 DEOPT PACKING pc=0x000001cca84bcc0c sp=0x0000000f213fdbf0
Event: 6.572 Thread 0x000001cc987b2c20 DEOPT UNPACKING pc=0x000001cca02d23a3 sp=0x0000000f213fdb50 mode 2

Classes unloaded (0 events):
No events

Classes redefined (0 events):
No events

Internal exceptions (20 events):
Event: 6.358 Thread 0x000001cc987b2c20 Exception <a 'sun/nio/fs/WindowsException'{0x000000069e529f60}> (0x000000069e529f60) 
thrown [s\src\hotspot\share\prims\jni.cpp, line 516]
Event: 6.369 Thread 0x000001cc987b2c20 Exception <a 'java/lang/NoSuchMethodError'{0x000000069e658c78}: 'void java.lang.invoke.DirectMethodHandle$Holder.invokeInterface(java.lang.Object, java.lang.Object, int)'> (0x000000069e658c78) 
thrown [s\src\hotspot\share\interpreter\linkResolver.cpp, line 759]
Event: 6.370 Thread 0x000001cc987b2c20 Exception <a 'java/lang/NoSuchMethodError'{0x000000069e673218}: 'void java.lang.invoke.DirectMethodHandle$Holder.invokeStatic(java.lang.Object, java.lang.Object, int)'> (0x000000069e673218) 
thrown [s\src\hotspot\share\interpreter\linkResolver.cpp, line 759]
Event: 6.370 Thread 0x000001cc987b2c20 Exception <a 'java/lang/NoSuchMethodError'{0x000000069e676898}: 'void java.lang.invoke.DirectMethodHandle$Holder.invokeStaticInit(java.lang.Object, java.lang.Object, int)'> (0x000000069e676898) 
thrown [s\src\hotspot\share\interpreter\linkResolver.cpp, line 759]
Event: 6.432 Thread 0x000001cc987b2c20 Exception <a 'java/lang/NoSuchMethodError'{0x000000069d004060}: 'long java.lang.invoke.DirectMethodHandle$Holder.invokeSpecial(java.lang.Object, java.lang.Object)'> (0x000000069d004060) 
thrown [s\src\hotspot\share\interpreter\linkResolver.cpp, line 759]
Event: 6.436 Thread 0x000001cc987b2c20 Exception <a 'sun/nio/fs/WindowsException'{0x000000069d095c08}> (0x000000069d095c08) 
thrown [s\src\hotspot\share\prims\jni.cpp, line 516]
Event: 6.436 Thread 0x000001cc987b2c20 Exception <a 'sun/nio/fs/WindowsException'{0x000000069d0974b0}> (0x000000069d0974b0) 
thrown [s\src\hotspot\share\prims\jni.cpp, line 516]
Event: 6.513 Thread 0x000001cc987b2c20 Exception <a 'java/lang/NoSuchMethodError'{0x000000069c0aca40}: 'int java.lang.invoke.DirectMethodHandle$Holder.invokeStatic(java.lang.Object)'> (0x000000069c0aca40) 
thrown [s\src\hotspot\share\interpreter\linkResolver.cpp, line 759]
Event: 6.536 Thread 0x000001cc987b2c20 Exception <a 'java/lang/NoSuchMethodError'{0x000000069bcc9780}: 'java.lang.Object java.lang.invoke.Invokers$Holder.linkToTargetMethod(java.lang.Object, int, java.lang.Object, java.lang.Object)'> (0x000000069bcc9780) 
thrown [s\src\hotspot\share\interpreter\linkResolver.cpp, line 759]
Event: 6.541 Thread 0x000001cc987b2c20 Exception <a 'java/lang/NoSuchMethodError'{0x000000069bd7ada0}: 'int java.lang.invoke.DirectMethodHandle$Holder.invokeStaticInit(java.lang.Object)'> (0x000000069bd7ada0) 
thrown [s\src\hotspot\share\interpreter\linkResolver.cpp, line 759]
Event: 6.542 Thread 0x000001cc987b2c20 Exception <a 'java/lang/NoSuchMethodError'{0x000000069bd82188}: 'int java.lang.invoke.Invokers$Holder.invokeExact_MT(java.lang.Object, java.lang.Object)'> (0x000000069bd82188) 
thrown [s\src\hotspot\share\interpreter\linkResolver.cpp, line 759]
Event: 6.545 Thread 0x000001cc987b2c20 Exception <a 'sun/nio/fs/WindowsException'{0x000000069bea03e0}> (0x000000069bea03e0) 
thrown [s\src\hotspot\share\prims\jni.cpp, line 516]
Event: 6.545 Thread 0x000001cc987b2c20 Exception <a 'sun/nio/fs/WindowsException'{0x000000069bea0770}> (0x000000069bea0770) 
thrown [s\src\hotspot\share\prims\jni.cpp, line 516]
Event: 6.550 Thread 0x000001cc987b2c20 Exception <a 'java/lang/NoSuchMethodError'{0x000000069bf2e768}: 'java.lang.Object java.lang.invoke.DirectMethodHandle$Holder.invokeInterface(java.lang.Object, java.lang.Object, double)'> (0x000000069bf2e768) 
thrown [s\src\hotspot\share\interpreter\linkResolver.cpp, line 759]
Event: 6.550 Thread 0x000001cc987b2c20 Exception <a 'java/lang/NoSuchMethodError'{0x000000069bf34fb0}: 'double java.lang.invoke.DirectMethodHandle$Holder.invokeInterface(java.lang.Object, java.lang.Object, java.lang.Object)'> (0x000000069bf34fb0) 
thrown [s\src\hotspot\share\interpreter\linkResolver.cpp, line 759]
Event: 6.571 Thread 0x000001cc987b2c20 Exception <a 'java/lang/NoSuchMethodError'{0x000000069b92ec78}: 'double java.lang.invoke.DirectMethodHandle$Holder.invokeVirtual(java.lang.Object, java.lang.Object)'> (0x000000069b92ec78) 
thrown [s\src\hotspot\share\interpreter\linkResolver.cpp, line 759]
Event: 6.600 Thread 0x000001cc987b2c20 Exception <a 'java/lang/NoSuchMethodError'{0x000000069bbdf088}: 'long java.lang.invoke.DirectMethodHandle$Holder.invokeInterface(java.lang.Object, java.lang.Object)'> (0x000000069bbdf088) 
thrown [s\src\hotspot\share\interpreter\linkResolver.cpp, line 759]
Event: 6.602 Thread 0x000001cc987b2c20 Exception <a 'java/lang/NoSuchMethodError'{0x000000069b449560}: 'java.lang.Object java.lang.invoke.DirectMethodHandle$Holder.newInvokeSpecial(java.lang.Object, long)'> (0x000000069b449560) 
thrown [s\src\hotspot\share\interpreter\linkResolver.cpp, line 759]
Event: 7.104 Thread 0x000001cc987b2c20 Exception <a 'java/lang/NoSuchMethodError'{0x000000069b501f60}: 'void java.lang.invoke.DirectMethodHandle$Holder.invokeSpecial(java.lang.Object, java.lang.Object, int, long)'> (0x000000069b501f60) 
thrown [s\src\hotspot\share\interpreter\linkResolver.cpp, line 759]
Event: 7.104 Thread 0x000001cc987b2c20 Exception <a 'java/lang/NoSuchMethodError'{0x000000069b507ed8}: 'void java.lang.invoke.DirectMethodHandle$Holder.invokeStatic(java.lang.Object, int, long)'> (0x000000069b507ed8) 
thrown [s\src\hotspot\share\interpreter\linkResolver.cpp, line 759]

VM Operations (20 events):
Event: 5.686 Executing VM operation: HandshakeAllThreads
Event: 5.686 Executing VM operation: HandshakeAllThreads done
Event: 5.884 Executing VM operation: HandshakeAllThreads
Event: 5.884 Executing VM operation: HandshakeAllThreads done
Event: 5.905 Executing VM operation: HandshakeAllThreads
Event: 5.905 Executing VM operation: HandshakeAllThreads done
Event: 5.961 Executing VM operation: ICBufferFull
Event: 5.961 Executing VM operation: ICBufferFull done
Event: 6.153 Executing VM operation: CollectForMetadataAllocation
Event: 6.164 Executing VM operation: CollectForMetadataAllocation done
Event: 6.184 Executing VM operation: CollectForMetadataAllocation
Event: 6.184 Executing VM operation: CollectForMetadataAllocation done
Event: 6.200 Executing VM operation: CollectForMetadataAllocation
Event: 6.200 Executing VM operation: CollectForMetadataAllocation done
Event: 6.205 Executing VM operation: G1Concurrent
Event: 6.206 Executing VM operation: G1Concurrent done
Event: 6.218 Executing VM operation: G1Concurrent
Event: 6.218 Executing VM operation: G1Concurrent done
Event: 6.574 Executing VM operation: HandshakeAllThreads
Event: 6.574 Executing VM operation: HandshakeAllThreads done

Events (20 events):
Event: 6.352 loading class java/nio/DirectDoubleBufferU
Event: 6.352 loading class java/nio/DirectDoubleBufferU done
Event: 6.359 loading class java/nio/InvalidMarkException
Event: 6.359 loading class java/nio/InvalidMarkException done
Event: 6.359 loading class java/nio/BufferUnderflowException
Event: 6.359 loading class java/nio/BufferUnderflowException done
Event: 6.438 loading class java/util/function/IntSupplier
Event: 6.438 loading class java/util/function/IntSupplier done
Event: 6.468 loading class java/io/CharArrayWriter
Event: 6.468 loading class java/io/CharArrayWriter done
Event: 6.541 loading class java/lang/invoke/DirectMethodHandle$StaticAccessor
Event: 6.541 loading class java/lang/invoke/DirectMethodHandle$StaticAccessor done
Event: 6.549 loading class java/util/function/DoubleFunction
Event: 6.549 loading class java/util/function/DoubleFunction done
Event: 6.578 loading class java/util/EnumMap$Values
Event: 6.578 loading class java/util/EnumMap$Values done
Event: 6.578 loading class java/util/EnumMap$ValueIterator
Event: 6.578 loading class java/util/EnumMap$ValueIterator done
Event: 7.101 Thread 0x000001ccc218fb00 Thread exited: 0x000001ccc218fb00
Event: 7.101 Thread 0x000001ccc2242f90 Thread exited: 0x000001ccc2242f90


Dynamic libraries:
0x00007ff6edb20000 - 0x00007ff6edb2e000 	C:\Users\user\AppData\Local\Temp\Rar$EXa12212.28763\MCreator20231\jdk\bin\java.exe
0x00007ff8ab8b0000 - 0x00007ff8abaa8000 	C:\Windows\SYSTEM32\ntdll.dll
0x00007ff8a9a30000 - 0x00007ff8a9aef000 	C:\Windows\System32\KERNEL32.DLL
0x00007ff8a9600000 - 0x00007ff8a98da000 	C:\Windows\System32\KERNELBASE.dll
0x00007ff8a8fc0000 - 0x00007ff8a90c0000 	C:\Windows\System32\ucrtbase.dll
0x00007ff89c930000 - 0x00007ff89c949000 	C:\Users\user\AppData\Local\Temp\Rar$EXa12212.28763\MCreator20231\jdk\bin\VCRUNTIME140.dll
0x00007ff89ca10000 - 0x00007ff89ca27000 	C:\Users\user\AppData\Local\Temp\Rar$EXa12212.28763\MCreator20231\jdk\bin\jli.dll
0x00007ff8aa260000 - 0x00007ff8aa3fd000 	C:\Windows\System32\USER32.dll
0x00007ff8a98e0000 - 0x00007ff8a9902000 	C:\Windows\System32\win32u.dll
0x00007ff8a9af0000 - 0x00007ff8a9b1b000 	C:\Windows\System32\GDI32.dll
0x00007ff89bca0000 - 0x00007ff89bf3a000 	C:\Windows\WinSxS\amd64_microsoft.windows.common-controls_6595b64144ccf1df_6.0.19041.1110_none_60b5254171f9507e\COMCTL32.dll
0x00007ff8a9280000 - 0x00007ff8a9390000 	C:\Windows\System32\gdi32full.dll
0x00007ff8a9990000 - 0x00007ff8a9a2e000 	C:\Windows\System32\msvcrt.dll
0x00007ff8a9400000 - 0x00007ff8a949d000 	C:\Windows\System32\msvcp_win.dll
0x00007ff8aae60000 - 0x00007ff8aae90000 	C:\Windows\System32\IMM32.DLL
0x00007ff8a2510000 - 0x00007ff8a251c000 	C:\Users\user\AppData\Local\Temp\Rar$EXa12212.28763\MCreator20231\jdk\bin\vcruntime140_1.dll
0x00007ff88bcd0000 - 0x00007ff88bd61000 	C:\Users\user\AppData\Local\Temp\Rar$EXa12212.28763\MCreator20231\jdk\bin\msvcp140.dll
0x00007ff82fcf0000 - 0x00007ff830934000 	C:\Users\user\AppData\Local\Temp\Rar$EXa12212.28763\MCreator20231\jdk\bin\server\jvm.dll
0x00007ff8aa5f0000 - 0x00007ff8aa69e000 	C:\Windows\System32\ADVAPI32.dll
0x00007ff8aa410000 - 0x00007ff8aa4ac000 	C:\Windows\System32\sechost.dll
0x00007ff8aa860000 - 0x00007ff8aa986000 	C:\Windows\System32\RPCRT4.dll
0x00007ff89f140000 - 0x00007ff89f167000 	C:\Windows\SYSTEM32\WINMM.dll
0x00007ff8a2570000 - 0x00007ff8a2579000 	C:\Windows\SYSTEM32\WSOCK32.dll
0x00007ff8a0750000 - 0x00007ff8a075a000 	C:\Windows\SYSTEM32\VERSION.dll
0x00007ff8aa770000 - 0x00007ff8aa7db000 	C:\Windows\System32\WS2_32.dll
0x00007ff8a7860000 - 0x00007ff8a7872000 	C:\Windows\SYSTEM32\kernel.appcore.dll
0x00007ff89c9d0000 - 0x00007ff89c9da000 	C:\Users\user\AppData\Local\Temp\Rar$EXa12212.28763\MCreator20231\jdk\bin\jimage.dll
0x00007ff8a73b0000 - 0x00007ff8a7594000 	C:\Windows\SYSTEM32\DBGHELP.DLL
0x00007ff89cfd0000 - 0x00007ff89d004000 	C:\Windows\SYSTEM32\dbgcore.DLL
0x00007ff8a91a0000 - 0x00007ff8a9222000 	C:\Windows\System32\bcryptPrimitives.dll
0x00007ff897ec0000 - 0x00007ff897ee5000 	C:\Users\user\AppData\Local\Temp\Rar$EXa12212.28763\MCreator20231\jdk\bin\java.dll
0x00007ff878e30000 - 0x00007ff878f06000 	C:\Users\user\AppData\Local\Temp\Rar$EXa12212.28763\MCreator20231\jdk\bin\jsvml.dll
0x00007ff8aaf20000 - 0x00007ff8ab664000 	C:\Windows\System32\SHELL32.dll
0x00007ff8a6b40000 - 0x00007ff8a72d3000 	C:\Windows\SYSTEM32\windows.storage.dll
0x00007ff8a9b20000 - 0x00007ff8a9e74000 	C:\Windows\System32\combase.dll
0x00007ff8a8a20000 - 0x00007ff8a8a4e000 	C:\Windows\SYSTEM32\Wldp.dll
0x00007ff8aa030000 - 0x00007ff8aa0dd000 	C:\Windows\System32\SHCORE.dll
0x00007ff8aa140000 - 0x00007ff8aa195000 	C:\Windows\System32\shlwapi.dll
0x00007ff8a8f00000 - 0x00007ff8a8f1f000 	C:\Windows\SYSTEM32\profapi.dll
0x00007ff89b930000 - 0x00007ff89b949000 	C:\Users\user\AppData\Local\Temp\Rar$EXa12212.28763\MCreator20231\jdk\bin\net.dll
0x00007ff8a1100000 - 0x00007ff8a120a000 	C:\Windows\SYSTEM32\WINHTTP.dll
0x00007ff8a8730000 - 0x00007ff8a879a000 	C:\Windows\system32\mswsock.dll
0x00007ff89b900000 - 0x00007ff89b915000 	C:\Users\user\AppData\Local\Temp\Rar$EXa12212.28763\MCreator20231\jdk\bin\nio.dll
0x00007ff89a730000 - 0x00007ff89a748000 	C:\Users\user\AppData\Local\Temp\Rar$EXa12212.28763\MCreator20231\jdk\bin\zip.dll
0x00007ff899fd0000 - 0x00007ff899fe0000 	C:\Users\user\AppData\Local\Temp\Rar$EXa12212.28763\MCreator20231\jdk\bin\verify.dll
0x00007ff89a8a0000 - 0x00007ff89a8a9000 	C:\Users\user\AppData\Local\Temp\Rar$EXa12212.28763\MCreator20231\jdk\bin\management.dll
0x00007ff89a6a0000 - 0x00007ff89a6ab000 	C:\Users\user\AppData\Local\Temp\Rar$EXa12212.28763\MCreator20231\jdk\bin\management_ext.dll
0x00007ff8aa400000 - 0x00007ff8aa408000 	C:\Windows\System32\PSAPI.DLL
0x00007ff890720000 - 0x00007ff890737000 	C:\Windows\system32\napinsp.dll
0x00007ff890700000 - 0x00007ff89071b000 	C:\Windows\system32\pnrpnsp.dll
0x00007ff8906e0000 - 0x00007ff8906f5000 	C:\Windows\system32\wshbth.dll
0x00007ff8a2400000 - 0x00007ff8a241d000 	C:\Windows\system32\NLAapi.dll
0x00007ff8a8400000 - 0x00007ff8a843c000 	C:\Windows\SYSTEM32\IPHLPAPI.DLL
0x00007ff8a8440000 - 0x00007ff8a850b000 	C:\Windows\SYSTEM32\DNSAPI.dll
0x00007ff8aa5e0000 - 0x00007ff8aa5e8000 	C:\Windows\System32\NSI.dll
0x00007ff8906c0000 - 0x00007ff8906d2000 	C:\Windows\System32\winrnr.dll
0x00007ff8a0780000 - 0x00007ff8a078a000 	C:\Windows\System32\rasadhlp.dll
0x00007ff89fbb0000 - 0x00007ff89fc30000 	C:\Windows\System32\fwpuclnt.dll
0x00007ff8a9170000 - 0x00007ff8a9197000 	C:\Windows\System32\bcrypt.dll
0x00007ff8a8980000 - 0x00007ff8a8998000 	C:\Windows\SYSTEM32\CRYPTSP.dll
0x00007ff8a7fc0000 - 0x00007ff8a7ff4000 	C:\Windows\system32\rsaenh.dll
0x00007ff8a8ec0000 - 0x00007ff8a8eee000 	C:\Windows\SYSTEM32\USERENV.dll
0x00007ff8a8970000 - 0x00007ff8a897c000 	C:\Windows\SYSTEM32\CRYPTBASE.dll
0x00007ff8a2420000 - 0x00007ff8a2437000 	C:\Windows\SYSTEM32\dhcpcsvc6.DLL
0x00007ff8a23e0000 - 0x00007ff8a23fd000 	C:\Windows\SYSTEM32\dhcpcsvc.DLL
0x00007ff8a43d0000 - 0x00007ff8a4415000 	C:\Users\user\AppData\Local\Temp\jna-1821864651\jna4126072089621552669.dll
0x00007ff8aa4b0000 - 0x00007ff8aa5da000 	C:\Windows\System32\Ole32.dll
0x00007ff8aa1a0000 - 0x00007ff8aa249000 	C:\Windows\System32\clbcatq.dll
0x00007ff8aa6a0000 - 0x00007ff8aa76d000 	C:\Windows\System32\OleAut32.dll
0x00007ff88e4c0000 - 0x00007ff88e4df000 	C:\Windows\SYSTEM32\amsi.dll
0x00007ff88e410000 - 0x00007ff88e48b000 	C:\ProgramData\Microsoft\Windows Defender\Platform\4.18.2304.8-0\MpOav.dll
0x00007ff8838a0000 - 0x00007ff8838e9000 	C:\Windows\SYSTEM32\Pdh.dll
0x00007ff8a3e40000 - 0x00007ff8a3e4f000 	C:\Windows\System32\perfos.dll
0x00007ff8a4350000 - 0x00007ff8a43c5000 	C:\Users\user\AppData\Local\Temp\lwjglJackson Glaz\3.3.1-build-7\lwjgl.dll
0x00007ff89b220000 - 0x00007ff89b479000 	C:\Users\user\AppData\Local\Temp\lwjglJackson Glaz\3.3.1-build-7\jemalloc.dll
0x00007ff89b700000 - 0x00007ff89b761000 	C:\Users\user\AppData\Local\Temp\lwjglJackson Glaz\3.3.1-build-7\glfw.dll
0x00007ff89b6b0000 - 0x00007ff89b6f5000 	C:\Windows\SYSTEM32\dinput8.dll
0x00007ff8899b0000 - 0x00007ff8899c1000 	C:\Windows\SYSTEM32\xinput1_4.dll
0x00007ff8a9230000 - 0x00007ff8a927e000 	C:\Windows\System32\cfgmgr32.dll
0x00007ff8a8d70000 - 0x00007ff8a8d9c000 	C:\Windows\SYSTEM32\DEVOBJ.dll
0x00007ff897b00000 - 0x00007ff897c52000 	C:\Windows\SYSTEM32\inputhost.dll
0x00007ff8a4d90000 - 0x00007ff8a4ee4000 	C:\Windows\SYSTEM32\wintypes.dll
0x00007ff8a57c0000 - 0x00007ff8a58b2000 	C:\Windows\SYSTEM32\CoreMessaging.dll
0x00007ff8a4430000 - 0x00007ff8a4526000 	C:\Windows\SYSTEM32\PROPSYS.dll
0x00007ff8a5460000 - 0x00007ff8a57be000 	C:\Windows\SYSTEM32\CoreUIComponents.dll
0x00007ff8a80e0000 - 0x00007ff8a8113000 	C:\Windows\SYSTEM32\ntmarta.dll
0x00007ff8a5ee0000 - 0x00007ff8a5f0f000 	C:\Windows\SYSTEM32\dwmapi.dll
0x00007ff8a5b30000 - 0x00007ff8a5bce000 	C:\Windows\system32\uxtheme.dll
0x00007ff8ab670000 - 0x00007ff8ab784000 	C:\Windows\System32\MSCTF.dll
0x00007ff889090000 - 0x00007ff8891b5000 	C:\Windows\SYSTEM32\opengl32.dll
0x00007ff889040000 - 0x00007ff88906c000 	C:\Windows\SYSTEM32\GLU32.dll
0x00007ff8a3ed0000 - 0x00007ff8a3efd000 	C:\Windows\System32\DriverStore\FileRepository\u0390451.inf_amd64_39377efdd62734d1\B390182\atig6pxx.dll
0x00007ff807af0000 - 0x00007ff80b725000 	C:\Windows\System32\DriverStore\FileRepository\u0390451.inf_amd64_39377efdd62734d1\B390182\atio6axx.dll
0x00007ff8aa990000 - 0x00007ff8aadf8000 	C:\Windows\System32\SETUPAPI.dll
0x00007ff8a9390000 - 0x00007ff8a93f7000 	C:\Windows\System32\WINTRUST.dll
0x00007ff8a94a0000 - 0x00007ff8a95f6000 	C:\Windows\System32\CRYPT32.dll
0x00007ff8a8bb0000 - 0x00007ff8a8bc2000 	C:\Windows\SYSTEM32\MSASN1.dll

dbghelp: loaded successfully - version: 4.0.5 - missing functions: none
symbol engine: initialized successfully - sym options: 0x614 - pdb path: .;C:\Users\user\AppData\Local\Temp\Rar$EXa12212.28763\MCreator20231\jdk\bin;C:\Windows\SYSTEM32;C:\Windows\WinSxS\amd64_microsoft.windows.common-controls_6595b64144ccf1df_6.0.19041.1110_none_60b5254171f9507e;C:\Users\user\AppData\Local\Temp\Rar$EXa12212.28763\MCreator20231\jdk\bin\server;C:\Users\user\AppData\Local\Temp\jna-1821864651;C:\ProgramData\Microsoft\Windows Defender\Platform\4.18.2304.8-0;C:\Users\user\AppData\Local\Temp\lwjglJackson Glaz\3.3.1-build-7;C:\Windows\System32\DriverStore\FileRepository\u0390451.inf_amd64_39377efdd62734d1\B390182

VM Arguments:
jvm_args: -Dforge.enableGameTest=true -Dforge.logging.console.level=debug -Dforge.logging.markers=REGISTRIES -DignoreList=bootstraplauncher,securejarhandler,asm-commons,asm-util,asm-analysis,asm-tree,asm,JarJarFileSystems,client-extra,fmlcore,javafmllanguage,lowcodelanguage,mclanguage,forge- -Djava.net.preferIPv6Addresses=system -DlegacyClassPath.file=C:\Users\user\MCreatorWorkspaces\minecraft_backlog_updates_fix\build\classpath\runClient_minecraftClasspath.txt -DmergeModules=jna-5.10.0.jar,jna-platform-5.10.0.jar -Dos.version=10.0 --module-path=C:\Users\user\.mcreator\gradle\caches\modules-2\files-2.1\cpw.mods\bootstraplauncher\1.1.2\c546e00443d8432cda6baa1c860346980742628\bootstraplauncher-1.1.2.jar;C:\Users\user\.mcreator\gradle\caches\modules-2\files-2.1\cpw.mods\securejarhandler\2.1.4\f47e3b9dd860a7b82154b8f90a650ffd0aaa5582\securejarhandler-2.1.4.jar;C:\Users\user\.mcreator\gradle\caches\modules-2\files-2.1\org.ow2.asm\asm-commons\9.3\1f2a432d1212f5c352ae607d7b61dcae20c20af5\asm-commons-9.3.jar;C:\Users\user\.mcreator\gradle\caches\modules-2\files-2.1\org.ow2.asm\asm-util\9.3\9595bc05510d0bd4b610188b77333fe4851a1975\asm-util-9.3.jar;C:\Users\user\.mcreator\gradle\caches\modules-2\files-2.1\org.ow2.asm\asm-analysis\9.3\4b071f211b37c38e0e9f5998550197c8593f6ad8\asm-analysis-9.3.jar;C:\Users\user\.mcreator\gradle\caches\modules-2\files-2.1\org.ow2.asm\asm-tree\9.3\78d2ecd61318b5a58cd04fb237636c0e86b77d97\asm-tree-9.3.jar;C:\Users\user\.mcreator\gradle\caches\modules-2\files-2.1\org.ow2.asm\asm\9.3\8e6300ef51c1d801a7ed62d07cd221aca3a90640\asm-9.3.jar;C:\Users\user\.mcreator\gradle\caches\modules-2\files-2.1\net.minecraftforge\JarJarFileSystems\0.3.16\e52afbb2599dc7c6f779efea0496d32fc01152e3\JarJarFileSystems-0.3.16.jar --add-modules=ALL-MODULE-PATH --add-opens=java.base/java.util.jar=cpw.mods.securejarhandler --add-opens=java.base/java.lang.invoke=cpw.mods.securejarhandler --add-exports=java.base/sun.security.util=cpw.mods.securejarhandler --add-exports=jdk.naming.dns/com.sun.jndi.dns=java.naming -XX:HeapDumpPath=MojangTricksIntelDriversForPerformance_javaw.exe_minecraft.exe.heapdump -Dos.name=Windows 10 -Dfile.encoding=UTF-8 -Duser.country=US -Duser.language=en -Duser.variant 
java_command: cpw.mods.bootstraplauncher.BootstrapLauncher --launchTarget forgeclientuserdev --version MOD_DEV --assetIndex 1.19 --assetsDir C:\Users\user\.mcreator\gradle\caches\forge_gradle\assets --gameDir . --fml.forgeVersion 43.2.0 --fml.mcVersion 1.19.2 --fml.forgeGroup net.minecraftforge --fml.mcpVersion 20220805.130853
java_class_path (initial): C:\Users\user\MCreatorWorkspaces\minecraft_backlog_updates_fix\build\classes\java\main;C:\Users\user\MCreatorWorkspaces\minecraft_backlog_updates_fix\build\resources\main;C:\Users\user\.mcreator\gradle\caches\forge_gradle\minecraft_user_repo\net\minecraftforge\forge\1.19.2-43.2.0_mapped_official_1.19.2\forge-1.19.2-43.2.0_mapped_official_1.19.2-recomp.jar;C:\Users\user\.mcreator\gradle\caches\forge_gradle\minecraft_repo\versions\1.19.2\client-extra.jar;C:\Users\user\.mcreator\gradle\caches\modules-2\files-2.1\net.minecraftforge\javafmllanguage\1.19.2-43.2.0\5713dfd49576886a7ffc353f14f067ad42369592\javafmllanguage-1.19.2-43.2.0.jar;C:\Users\user\.mcreator\gradle\caches\modules-2\files-2.1\net.minecraftforge\lowcodelanguage\1.19.2-43.2.0\51c88985dd125457fb8b6c2c58a4f3b9349a6b57\lowcodelanguage-1.19.2-43.2.0.jar;C:\Users\user\.mcreator\gradle\caches\modules-2\files-2.1\net.minecraftforge\mclanguage\1.19.2-43.2.0\f4fa83ef8129c7f7cc5847fbafb07f7ae86c1bb\mclanguage-1.19.2-43.2.0.jar;C:\Users\user\.mcreator\gradle\caches\modules-2\files-2.1\net.minecraftforge\fmlcore\1.19.2-43.2.0\d4dcb5b809b7f035ac22b058941cf81f84451545\fmlcore-1.19.2-43.2.0.jar;C:\Users\user\.mcreator\gradle\caches\modules-2\files-2.1\net.minecraftforge\fmlloader\1.19.2-43.2.0\3e6e8b7b5e1dbc6ee01a20f74675f223b64c7847\fmlloader-1.19.2-43.2.0.jar;C:\Users\user\.mcreator\gradle\caches\modules-2\files-2.1\net.minecraftforge\JarJarSelector\0.3.16\2a31421fb5e267249da103a644f23afb43d158af\JarJarSelector-0.3.16.jar;C:\Users\user\.mcreator\gradle\caches\modules-2\files-2.1\net.minecraftforge\JarJarMetadata\0.3.16\f62c8c898dffc8666f5097a8587ed72095e8e83a\JarJarMetadata-0.3.16.jar;C:\Users\user\.mcreator\gradle\caches\modules-2\files-2.1\com.google.guava\guava\31.0.1-jre\119ea2b2bc205b138974d351777b20f02b92704b\guava-31.0.1-jre.jar;C:\Users\user\.mcreator\gradle\caches\modules-2\files-2.1\com.google.code.findbugs\jsr305\3.0.2\25ea2e8b0c338a877313bd4672d3fe056ea78f0d\jsr305-3.0.2.jar;C:\
Launcher Type: SUN_STANDARD

[Global flags]
     intx CICompilerCount                          = 12                                        {product} {ergonomic}
     uint ConcGCThreads                            = 3                                         {product} {ergonomic}
     uint G1ConcRefinementThreads                  = 13                                        {product} {ergonomic}
   size_t G1HeapRegionSize                         = 4194304                                   {product} {ergonomic}
    uintx GCDrainStackTargetSize                   = 64                                        {product} {ergonomic}
    ccstr HeapDumpPath                             = MojangTricksIntelDriversForPerformance_javaw.exe_minecraft.exe.heapdump         {manageable} {command line}
   size_t InitialHeapSize                          = 402653184                                 {product} {ergonomic}
   size_t MarkStackSize                            = 4194304                                   {product} {ergonomic}
   size_t MaxHeapSize                              = 6421479424                                {product} {ergonomic}
   size_t MaxNewSize                               = 3850371072                                {product} {ergonomic}
   size_t MinHeapDeltaBytes                        = 4194304                                   {product} {ergonomic}
   size_t MinHeapSize                              = 8388608                                   {product} {ergonomic}
    uintx NonNMethodCodeHeapSize                   = 7602480                                {pd product} {ergonomic}
    uintx NonProfiledCodeHeapSize                  = 122027880                              {pd product} {ergonomic}
    uintx ProfiledCodeHeapSize                     = 122027880                              {pd product} {ergonomic}
    uintx ReservedCodeCacheSize                    = 251658240                              {pd product} {ergonomic}
     bool SegmentedCodeCache                       = true                                      {product} {ergonomic}
   size_t SoftMaxHeapSize                          = 6421479424                             {manageable} {ergonomic}
     bool UseCompressedClassPointers               = true                           {product lp64_product} {ergonomic}
     bool UseCompressedOops                        = true                           {product lp64_product} {ergonomic}
     bool UseG1GC                                  = true                                      {product} {ergonomic}
     bool UseLargePagesIndividualAllocation        = false                                  {pd product} {ergonomic}

Logging:
Log output configuration:
 #0: stdout all=warning uptime,level,tags
 #1: stderr all=off uptime,level,tags

Environment Variables:
JAVA_HOME=C:\Users\user\AppData\Local\Temp\Rar$EXa12212.28763\MCreator20231\jdk
PATH=C:\Program Files\WinRAR;C:\Program Files\Common Files\Oracle\Java\javapath;C:\Program Files (x86)\Common Files\Oracle\Java\javapath;C:\Program Files (x86)\Razer Chroma SDK\bin;C:\Program Files\Razer Chroma SDK\bin;C:\Program Files (x86)\Razer\ChromaBroadcast\bin;C:\Program Files\Razer\ChromaBroadcast\bin;C:\Program Files (x86)\NVIDIA Corporation\PhysX\Common;C:\ProgramData\Oracle\Java\javapath;C:\WINDOWS\system32;C:\WINDOWS;C:\WINDOWS\System32\Wbem;C:\WINDOWS\System32\WindowsPowerShell\v1.0\;C:\WINDOWS\System32\OpenSSH\;C:\Windows\system32;C:\Windows;C:\Windows\System32\Wbem;C:\Windows\System32\WindowsPowerShell\v1.0\;C:\Windows\System32\OpenSSH\;C:\Windows\system32\config\systemprofile\AppData\Local\Microsoft\WindowsApps;C:\Program Files\Microsoft SQL Server\120\Tools\Binn\;C:\Program Files\Common Files\Autodesk Shared\;C:\Program Files\dotnet\;C:\Users\user\AppData\Local\Microsoft\WindowsApps;;C:\Users\user\AppData\Local\Programs\Microsoft VS Code\bin;C:\Users\user\AppData\Local\Temp\Rar$EXa12212.28763\MCreator20231\jdk\bin
USERNAME=Jackson Glaz
OS=Windows_NT
PROCESSOR_IDENTIFIER=AMD64 Family 25 Model 33 Stepping 0, AuthenticAMD
TMP=C:\Users\user\AppData\Local\Temp
TEMP=C:\Users\user\AppData\Local\Temp



---------------  S Y S T E M  ---------------

OS:
 Windows 10 , 64 bit Build 19041 (10.0.19041.2788)
OS uptime: 5 days 12:07 hours

CPU: total 16 (initial active 16) (16 cores per cpu, 2 threads per core) family 25 model 33 stepping 0 microcode 0x0, cx8, cmov, fxsr, ht, mmx, 3dnowpref, sse, sse2, sse3, ssse3, sse4a, sse4.1, sse4.2, popcnt, lzcnt, tsc, tscinvbit, avx, avx2, aes, erms, clmul, bmi1, bmi2, adx, sha, fma, vzeroupper, clflush, clflushopt

Memory: 4k page, system-wide physical 24487M (9799M free)
TotalPageFile size 33570M (AvailPageFile size 10935M)
current process WorkingSet (physical memory assigned to process): 681M, peak: 815M
current process commit charge ("private bytes"): 880M, peak: 1049M

vm_info: OpenJDK 64-Bit Server VM (17.0.5+8) for windows-amd64 JRE (17.0.5+8), built on Oct 19 2022 04:48:13 by "temurin" with MS VC++ 16.7 (VS2019)

END.
