#
# A fatal error has been detected by the Java Runtime Environment:
#
#  EXCEPTION_ACCESS_VIOLATION (0xc0000005) at pc=0x00007ff807c82b60, pid=4992, tid=23404
#
# JRE version: OpenJDK Runtime Environment Temurin-17.0.5+8 (17.0.5+8) (build 17.0.5+8)
# Java VM: OpenJDK 64-Bit Server VM Temurin-17.0.5+8 (17.0.5+8, mixed mode, sharing, tiered, compressed oops, compressed class ptrs, g1 gc, windows-amd64)
# Problematic frame:
# C  [atio6axx.dll+0x192b60]
#
# No core dump will be written. Minidumps are not enabled by default on client versions of Windows
#
# If you would like to submit a bug report, please visit:
#   https://github.com/adoptium/adoptium-support/issues
# The crash happened outside the Java Virtual Machine in native code.
# See problematic frame for where to report the bug.
#

---------------  S U M M A R Y ------------

Command Line: -Dforge.enableGameTest=true -Dforge.logging.console.level=debug -Dforge.logging.markers=REGISTRIES -DignoreList=bootstraplauncher,securejarhandler,asm-commons,asm-util,asm-analysis,asm-tree,asm,JarJarFileSystems,client-extra,fmlcore,javafmllanguage,lowcodelanguage,mclanguage,forge- -Djava.net.preferIPv6Addresses=system -DlegacyClassPath.file=C:\Users\user\MCreatorWorkspaces\minecraft_backlog_updates_fix\build\classpath\runClient_minecraftClasspath.txt -DmergeModules=jna-5.10.0.jar,jna-platform-5.10.0.jar -Dos.version=10.0 --module-path=C:\Users\user\.mcreator\gradle\caches\modules-2\files-2.1\cpw.mods\bootstraplauncher\1.1.2\c546e00443d8432cda6baa1c860346980742628\bootstraplauncher-1.1.2.jar;C:\Users\user\.mcreator\gradle\caches\modules-2\files-2.1\cpw.mods\securejarhandler\2.1.4\f47e3b9dd860a7b82154b8f90a650ffd0aaa5582\securejarhandler-2.1.4.jar;C:\Users\user\.mcreator\gradle\caches\modules-2\files-2.1\org.ow2.asm\asm-commons\9.3\1f2a432d1212f5c352ae607d7b61dcae20c20af5\asm-commons-9.3.jar;C:\Users\user\.mcreator\gradle\caches\modules-2\files-2.1\org.ow2.asm\asm-util\9.3\9595bc05510d0bd4b610188b77333fe4851a1975\asm-util-9.3.jar;C:\Users\user\.mcreator\gradle\caches\modules-2\files-2.1\org.ow2.asm\asm-analysis\9.3\4b071f211b37c38e0e9f5998550197c8593f6ad8\asm-analysis-9.3.jar;C:\Users\user\.mcreator\gradle\caches\modules-2\files-2.1\org.ow2.asm\asm-tree\9.3\78d2ecd61318b5a58cd04fb237636c0e86b77d97\asm-tree-9.3.jar;C:\Users\user\.mcreator\gradle\caches\modules-2\files-2.1\org.ow2.asm\asm\9.3\8e6300ef51c1d801a7ed62d07cd221aca3a90640\asm-9.3.jar;C:\Users\user\.mcreator\gradle\caches\modules-2\files-2.1\net.minecraftforge\JarJarFileSystems\0.3.16\e52afbb2599dc7c6f779efea0496d32fc01152e3\JarJarFileSystems-0.3.16.jar --add-modules=ALL-MODULE-PATH --add-opens=java.base/java.util.jar=cpw.mods.securejarhandler --add-opens=java.base/java.lang.invoke=cpw.mods.securejarhandler --add-exports=java.base/sun.security.util=cpw.mods.securejarhandler --add-exports=jdk.naming.dns/com.sun.jndi.dns=java.naming -XX:HeapDumpPath=MojangTricksIntelDriversForPerformance_javaw.exe_minecraft.exe.heapdump -Dos.name=Windows 10 -Dfile.encoding=UTF-8 -Duser.country=US -Duser.language=en -Duser.variant cpw.mods.bootstraplauncher.BootstrapLauncher --launchTarget forgeclientuserdev --version MOD_DEV --assetIndex 1.19 --assetsDir C:\Users\user\.mcreator\gradle\caches\forge_gradle\assets --gameDir . --fml.forgeVersion 43.2.0 --fml.mcVersion 1.19.2 --fml.forgeGroup net.minecraftforge --fml.mcpVersion 20220805.130853

Host: AMD Ryzen 7 5800X 8-Core Processor             , 16 cores, 23G,  Windows 10 , 64 bit Build 19041 (10.0.19041.2788)
Time: Thu May 11 22:02:47 2023 Central Daylight Time elapsed time: 7.098072 seconds (0d 0h 0m 7s)

---------------  T H R E A D  ---------------

Current thread (0x0000024446192390):  JavaThread "Render thread" [_thread_in_native, id=23404, stack(0x000000b626b00000,0x000000b626c00000)]

Stack: [0x000000b626b00000,0x000000b626c00000],  sp=0x000000b626bfa448,  free space=1001k
Native frames: (J=compiled Java code, j=interpreted, Vv=VM code, C=native code)
C  [atio6axx.dll+0x192b60]

Java frames: (J=compiled Java code, j=interpreted, Vv=VM code)
j  org.lwjgl.system.JNI.invokePPPP(IIJJJJ)J+0 org.lwjgl@3.3.1+7
j  org.lwjgl.glfw.GLFW.nglfwCreateWindow(IIJJJ)J+14 org.lwjgl.glfw@3.3.1+7
j  org.lwjgl.glfw.GLFW.glfwCreateWindow(IILjava/lang/CharSequence;JJ)J+34 org.lwjgl.glfw@3.3.1+7
j  net.minecraftforge.client.loading.NoVizFallback.lambda$fallback$0(Ljava/util/function/IntSupplier;Ljava/util/function/IntSupplier;Ljava/util/function/Supplier;Ljava/util/function/LongSupplier;)J+28 forge@43.2.0
j  net.minecraftforge.client.loading.NoVizFallback$$Lambda$4186+0x00000008015fb1c0.getAsLong()J+16 forge@43.2.0
j  net.minecraftforge.fml.loading.progress.EarlyProgressVisualization$Visualization$$Lambda$4187+0x00000008015ff7e0.apply(Ljava/lang/Object;)Ljava/lang/Object;+4 fmlloader@1.19.2-43.2.0
J 2859 c2 java.util.Optional.map(Ljava/util/function/Function;)Ljava/util/Optional; java.base@17.0.5 (30 bytes) @ 0x00000244559d97fc [0x00000244559d97a0+0x000000000000005c]
j  net.minecraftforge.fml.loading.progress.EarlyProgressVisualization$Visualization.handOffWindow(Ljava/util/function/IntSupplier;Ljava/util/function/IntSupplier;Ljava/util/function/Supplier;Ljava/util/function/LongSupplier;)J+48 fmlloader@1.19.2-43.2.0
j  net.minecraftforge.fml.loading.progress.EarlyProgressVisualization.handOffWindow(Ljava/util/function/IntSupplier;Ljava/util/function/IntSupplier;Ljava/util/function/Supplier;Ljava/util/function/LongSupplier;)J+9 fmlloader@1.19.2-43.2.0
j  com.mojang.blaze3d.platform.Window.<init>(Lcom/mojang/blaze3d/platform/WindowEventHandler;Lcom/mojang/blaze3d/platform/ScreenManager;Lcom/mojang/blaze3d/platform/DisplayData;Ljava/lang/String;Ljava/lang/String;)V+279 minecraft@1.19.2
j  net.minecraft.client.renderer.VirtualScreen.newWindow(Lcom/mojang/blaze3d/platform/DisplayData;Ljava/lang/String;Ljava/lang/String;)Lcom/mojang/blaze3d/platform/Window;+15 minecraft@1.19.2
j  net.minecraft.client.Minecraft.<init>(Lnet/minecraft/client/main/GameConfig;)V+723 minecraft@1.19.2
j  net.minecraft.client.main.Main.run([Ljava/lang/String;Z)V+1356 minecraft@1.19.2
j  net.minecraft.client.main.Main.main([Ljava/lang/String;)V+12 minecraft@1.19.2
v  ~StubRoutines::call_stub
j  jdk.internal.reflect.NativeMethodAccessorImpl.invoke0(Ljava/lang/reflect/Method;Ljava/lang/Object;[Ljava/lang/Object;)Ljava/lang/Object;+0 java.base@17.0.5
j  jdk.internal.reflect.NativeMethodAccessorImpl.invoke(Ljava/lang/Object;[Ljava/lang/Object;)Ljava/lang/Object;+133 java.base@17.0.5
j  jdk.internal.reflect.DelegatingMethodAccessorImpl.invoke(Ljava/lang/Object;[Ljava/lang/Object;)Ljava/lang/Object;+6 java.base@17.0.5
j  java.lang.reflect.Method.invoke(Ljava/lang/Object;[Ljava/lang/Object;)Ljava/lang/Object;+59 java.base@17.0.5
j  net.minecraftforge.fml.loading.targets.ForgeClientUserdevLaunchHandler.lambda$launchService$0([Ljava/lang/String;Ljava/lang/ModuleLayer;)V+47 fmlloader@1.19.2-43.2.0
j  net.minecraftforge.fml.loading.targets.ForgeClientUserdevLaunchHandler$$Lambda$857+0x0000000800faf708.run()V+12 fmlloader@1.19.2-43.2.0
j  cpw.mods.modlauncher.LaunchServiceHandlerDecorator.launch([Ljava/lang/String;Ljava/lang/ModuleLayer;)V+11 cpw.mods.modlauncher@10.0.8
j  cpw.mods.modlauncher.LaunchServiceHandler.launch(Ljava/lang/String;[Ljava/lang/String;Ljava/lang/ModuleLayer;Lcpw/mods/modlauncher/TransformingClassLoader;Lcpw/mods/modlauncher/LaunchPluginHandler;)V+58 cpw.mods.modlauncher@10.0.8
j  cpw.mods.modlauncher.LaunchServiceHandler.launch(Lcpw/mods/modlauncher/ArgumentHandler;Ljava/lang/ModuleLayer;Lcpw/mods/modlauncher/TransformingClassLoader;Lcpw/mods/modlauncher/LaunchPluginHandler;)V+21 cpw.mods.modlauncher@10.0.8
j  cpw.mods.modlauncher.Launcher.run([Ljava/lang/String;)V+310 cpw.mods.modlauncher@10.0.8
j  cpw.mods.modlauncher.Launcher.main([Ljava/lang/String;)V+78 cpw.mods.modlauncher@10.0.8
j  cpw.mods.modlauncher.BootstrapLaunchConsumer.accept([Ljava/lang/String;)V+1 cpw.mods.modlauncher@10.0.8
j  cpw.mods.modlauncher.BootstrapLaunchConsumer.accept(Ljava/lang/Object;)V+5 cpw.mods.modlauncher@10.0.8
j  cpw.mods.bootstraplauncher.BootstrapLauncher.main([Ljava/lang/String;)V+515 cpw.mods.bootstraplauncher@1.1.2
v  ~StubRoutines::call_stub

siginfo: EXCEPTION_ACCESS_VIOLATION (0xc0000005), reading address 0xffffffffffffffff


Register to memory mapping:

RIP=0x00007ff807c82b60 atio6axx.dll
RAX=0x0 is NULL
RBX=0x00007ff80b4c33b0 atio6axx.dll
RCX=0x612e67726f5c312e is an unknown value
RDX=0x00000000000000d1 is an unknown value
RSP=0x000000b626bfa448 is pointing into the stack for thread: 0x0000024446192390
RBP=0x000000b626bfa5b0 is pointing into the stack for thread: 0x0000024446192390
RSI=0x00007ff80b3d2d40 atio6axx.dll
RDI=0x000000b626bfa8a0 is pointing into the stack for thread: 0x0000024446192390
R8 =0x00000000000001a5 is an unknown value
R9 =0x612e67726f5c312e is an unknown value
R10=0x0 is NULL
R11=0x0000000000000200 is an unknown value
R12=0x00007ff80b4c3408 atio6axx.dll
R13=0x00007ff80b4c5c08 atio6axx.dll
R14=0x00007ff80b4c33b0 atio6axx.dll
R15=0x0 is NULL


Registers:
RAX=0x0000000000000000, RBX=0x00007ff80b4c33b0, RCX=0x612e67726f5c312e, RDX=0x00000000000000d1
RSP=0x000000b626bfa448, RBP=0x000000b626bfa5b0, RSI=0x00007ff80b3d2d40, RDI=0x000000b626bfa8a0
R8 =0x00000000000001a5, R9 =0x612e67726f5c312e, R10=0x0000000000000000, R11=0x0000000000000200
R12=0x00007ff80b4c3408, R13=0x00007ff80b4c5c08, R14=0x00007ff80b4c33b0, R15=0x0000000000000000
RIP=0x00007ff807c82b60, EFLAGS=0x0000000000010206

Top of Stack: (sp=0x000000b626bfa448)
0x000000b626bfa448:   00007ff807c82e7c 00007ff80b4c6020
0x000000b626bfa458:   0000024478e11bd8 0000000000000000
0x000000b626bfa468:   00007ff807c83e8d 000000b626bfa8a0
0x000000b626bfa478:   00007ff807c3f484 00007ff80b4c33b0
0x000000b626bfa488:   00007ff80b3d2d40 0000652e6176616a
0x000000b626bfa498:   0000e980f59aaeda 000000b626bfa8a0
0x000000b626bfa4a8:   00007ff807c40457 00007ff80b4c33b8
0x000000b626bfa4b8:   00007ff80b3d2d40 00007ff80b3d2d40
0x000000b626bfa4c8:   0000024471d50b9c 00007ff80b4c33b0
0x000000b626bfa4d8:   00007ff800000000 0000000000000009
0x000000b626bfa4e8:   0000024471d50d4c 0000024471d50ea8
0x000000b626bfa4f8:   00007ff80b4c33b8 000000b626bfa8a0
0x000000b626bfa508:   000000b626bfa67a 00007f006176616a
0x000000b626bfa518:   00007f006176616a 46676e697274535c
0x000000b626bfa528:   5c6f666e49656c69 3062343039303430
0x000000b626bfa538:   726556656c69465c 000000006e6f6973 

Instructions: (pc=0x00007ff807c82b60)
0x00007ff807c82a60:   74 09 33 c9 ff 15 e6 89 66 03 90 48 8b c3 48 83
0x00007ff807c82a70:   c4 20 5b c3 cc cc cc cc cc cc cc cc cc cc cc cc
0x00007ff807c82a80:   48 83 ec 28 48 8b 51 08 48 85 d2 74 09 33 c9 ff
0x00007ff807c82a90:   15 bb 89 66 03 90 48 83 c4 28 c3 cc cc cc cc cc
0x00007ff807c82aa0:   48 89 11 c3 cc cc cc cc cc cc cc cc cc cc cc cc
0x00007ff807c82ab0:   48 8b c1 c3 cc cc cc cc cc cc cc cc cc cc cc cc
0x00007ff807c82ac0:   48 3b ca 74 10 41 8b 00 39 01 74 09 48 83 c1 04
0x00007ff807c82ad0:   48 3b ca 75 f3 48 8b c1 c3 cc cc cc cc cc cc cc
0x00007ff807c82ae0:   48 8b c1 c3 cc cc cc cc cc cc cc cc cc cc cc cc
0x00007ff807c82af0:   48 83 39 00 0f 94 c0 c3 cc cc cc cc cc cc cc cc
0x00007ff807c82b00:   4c 8d 04 d5 00 00 00 00 33 d2 e9 c1 d0 dd 01 cc
0x00007ff807c82b10:   4c 8b 41 08 48 8b 02 49 89 00 48 83 41 08 08 c3
0x00007ff807c82b20:   48 8b c1 c3 cc cc cc cc cc cc cc cc cc cc cc cc
0x00007ff807c82b30:   48 8b c1 c3 cc cc cc cc cc cc cc cc cc cc cc cc
0x00007ff807c82b40:   49 8b 00 48 89 02 c3 cc cc cc cc cc cc cc cc cc
0x00007ff807c82b50:   8b 81 40 39 00 00 c3 cc cc cc cc cc cc cc cc cc
0x00007ff807c82b60:   8b 81 40 39 00 00 83 c0 f0 83 f8 67 0f 87 5a 01
0x00007ff807c82b70:   00 00 48 8d 15 87 d4 e6 ff 0f b6 84 02 f0 2c 19
0x00007ff807c82b80:   00 8b 8c 82 d0 2c 19 00 48 03 ca ff e1 48 8b 0d
0x00007ff807c82b90:   6c 6f 7e 03 83 b9 b4 34 00 00 02 0f 87 2b 01 00
0x00007ff807c82ba0:   00 48 8d 91 0c 29 00 00 c7 02 e1 00 00 00 e9 ce
0x00007ff807c82bb0:   00 00 00 48 8b 0d 46 6f 7e 03 83 b9 b4 34 00 00
0x00007ff807c82bc0:   02 0f 87 05 01 00 00 48 8d 91 0c 29 00 00 c7 02
0x00007ff807c82bd0:   f0 00 00 00 e9 a8 00 00 00 48 8b 0d 20 6f 7e 03
0x00007ff807c82be0:   83 b9 b4 34 00 00 02 0f 87 df 00 00 00 48 8d 91
0x00007ff807c82bf0:   0c 29 00 00 c7 02 00 04 00 00 e9 82 00 00 00 48
0x00007ff807c82c00:   8b 0d fa 6e 7e 03 83 b9 b4 34 00 00 02 0f 87 b9
0x00007ff807c82c10:   00 00 00 48 8d 91 0c 29 00 00 c7 02 00 08 00 00
0x00007ff807c82c20:   eb 5f 48 8b 0d d7 6e 7e 03 83 b9 b4 34 00 00 02
0x00007ff807c82c30:   0f 87 96 00 00 00 48 8d 91 0c 29 00 00 c7 02 00
0x00007ff807c82c40:   09 00 00 eb 3c 48 8b 0d b4 6e 7e 03 83 b9 b4 34
0x00007ff807c82c50:   00 00 02 77 77 48 8d 91 0c 29 00 00 c7 02 3c 0f 


Stack slot to memory mapping:
stack at sp + 0 slots: 0x00007ff807c82e7c atio6axx.dll
stack at sp + 1 slots: 0x00007ff80b4c6020 atio6axx.dll
stack at sp + 2 slots: 0x0000024478e11bd8 points into unknown readable memory: 0x00007ff80accf5f0 | f0 f5 cc 0a f8 7f 00 00
stack at sp + 3 slots: 0x0 is NULL
stack at sp + 4 slots: 0x00007ff807c83e8d atio6axx.dll
stack at sp + 5 slots: 0x000000b626bfa8a0 is pointing into the stack for thread: 0x0000024446192390
stack at sp + 6 slots: 0x00007ff807c3f484 atio6axx.dll
stack at sp + 7 slots: 0x00007ff80b4c33b0 atio6axx.dll


---------------  P R O C E S S  ---------------

Threads class SMR info:
_java_thread_list=0x000002447310fb40, length=22, elements={
0x0000024446192390, 0x000002446de7e7d0, 0x000002446f4002e0, 0x000002446f4151d0,
0x000002446f4158a0, 0x000002446f418d90, 0x000002446f419260, 0x000002446f41db20,
0x000002446f4295f0, 0x000002446f433b00, 0x000002446f4b80a0, 0x000002446f513fc0,
0x000002446f57b470, 0x000002446f62a3c0, 0x000002446fade190, 0x000002446ff73740,
0x000002446fcb5f40, 0x000002446ff88730, 0x0000024471b4a020, 0x000002446ffa70a0,
0x0000024471afc430, 0x0000024478bf3a50
}

Java Threads: ( => current thread )
=>0x0000024446192390 JavaThread "Render thread" [_thread_in_native, id=23404, stack(0x000000b626b00000,0x000000b626c00000)]
  0x000002446de7e7d0 JavaThread "Reference Handler" daemon [_thread_blocked, id=3940, stack(0x000000b627200000,0x000000b627300000)]
  0x000002446f4002e0 JavaThread "Finalizer" daemon [_thread_blocked, id=14668, stack(0x000000b627300000,0x000000b627400000)]
  0x000002446f4151d0 JavaThread "Signal Dispatcher" daemon [_thread_blocked, id=27472, stack(0x000000b627400000,0x000000b627500000)]
  0x000002446f4158a0 JavaThread "Attach Listener" daemon [_thread_blocked, id=22656, stack(0x000000b627500000,0x000000b627600000)]
  0x000002446f418d90 JavaThread "Service Thread" daemon [_thread_blocked, id=19696, stack(0x000000b627600000,0x000000b627700000)]
  0x000002446f419260 JavaThread "Monitor Deflation Thread" daemon [_thread_blocked, id=16856, stack(0x000000b627700000,0x000000b627800000)]
  0x000002446f41db20 JavaThread "C2 CompilerThread0" daemon [_thread_blocked, id=5544, stack(0x000000b627800000,0x000000b627900000)]
  0x000002446f4295f0 JavaThread "C1 CompilerThread0" daemon [_thread_blocked, id=13336, stack(0x000000b627900000,0x000000b627a00000)]
  0x000002446f433b00 JavaThread "Sweeper thread" daemon [_thread_blocked, id=24392, stack(0x000000b627a00000,0x000000b627b00000)]
  0x000002446f4b80a0 JavaThread "C1 CompilerThread1" daemon [_thread_blocked, id=2420, stack(0x000000b627b00000,0x000000b627c00000)]
  0x000002446f513fc0 JavaThread "Common-Cleaner" daemon [_thread_blocked, id=28884, stack(0x000000b627c00000,0x000000b627d00000)]
  0x000002446f57b470 JavaThread "C2 CompilerThread1" daemon [_thread_blocked, id=17200, stack(0x000000b627d00000,0x000000b627e00000)]
  0x000002446f62a3c0 JavaThread "Notification Thread" daemon [_thread_blocked, id=28196, stack(0x000000b627e00000,0x000000b627f00000)]
  0x000002446fade190 JavaThread "C1 CompilerThread2" daemon [_thread_blocked, id=21576, stack(0x000000b628800000,0x000000b628900000)]
  0x000002446ff73740 JavaThread "C1 CompilerThread3" daemon [_thread_blocked, id=21304, stack(0x000000b628900000,0x000000b628a00000)]
  0x000002446fcb5f40 JavaThread "C2 CompilerThread2" daemon [_thread_blocked, id=28992, stack(0x000000b628a00000,0x000000b628b00000)]
  0x000002446ff88730 JavaThread "C2 CompilerThread3" daemon [_thread_blocked, id=29260, stack(0x000000b628b00000,0x000000b628c00000)]
  0x0000024471b4a020 JavaThread "Thread-0" daemon [_thread_blocked, id=912, stack(0x000000b628f00000,0x000000b629000000)]
  0x000002446ffa70a0 JavaThread "FileSystemWatchService" daemon [_thread_in_native, id=18972, stack(0x000000b629400000,0x000000b629500000)]
  0x0000024471afc430 JavaThread "pool-2-thread-1" daemon [_thread_blocked, id=22884, stack(0x000000b629800000,0x000000b629900000)]
  0x0000024478bf3a50 JavaThread "Timer hack thread" daemon [_thread_blocked, id=16736, stack(0x000000b628e00000,0x000000b628f00000)]

Other Threads:
  0x000002446de7aee0 VMThread "VM Thread" [stack: 0x000000b627100000,0x000000b627200000] [id=12144]
  0x000002444623b8c0 WatcherThread [stack: 0x000000b627f00000,0x000000b628000000] [id=20672]
  0x000002444621cc30 GCTaskThread "GC Thread#0" [stack: 0x000000b626c00000,0x000000b626d00000] [id=28504]
  0x000002446f6389c0 GCTaskThread "GC Thread#1" [stack: 0x000000b628000000,0x000000b628100000] [id=26648]
  0x000002446fd8a990 GCTaskThread "GC Thread#2" [stack: 0x000000b628100000,0x000000b628200000] [id=12240]
  0x000002446f982030 GCTaskThread "GC Thread#3" [stack: 0x000000b628200000,0x000000b628300000] [id=14120]
  0x000002446fc9a3c0 GCTaskThread "GC Thread#4" [stack: 0x000000b628300000,0x000000b628400000] [id=26828]
  0x000002446fc9a670 GCTaskThread "GC Thread#5" [stack: 0x000000b628400000,0x000000b628500000] [id=26540]
  0x000002446fc9a920 GCTaskThread "GC Thread#6" [stack: 0x000000b628500000,0x000000b628600000] [id=11964]
  0x000002446fc9abd0 GCTaskThread "GC Thread#7" [stack: 0x000000b628600000,0x000000b628700000] [id=5684]
  0x000002446fee49e0 GCTaskThread "GC Thread#8" [stack: 0x000000b628700000,0x000000b628800000] [id=5904]
  0x000002446fee4730 GCTaskThread "GC Thread#9" [stack: 0x000000b629000000,0x000000b629100000] [id=29496]
  0x000002446fee39c0 GCTaskThread "GC Thread#10" [stack: 0x000000b629100000,0x000000b629200000] [id=29236]
  0x000002446fee4c90 GCTaskThread "GC Thread#11" [stack: 0x000000b629200000,0x000000b629300000] [id=19552]
  0x000002446fee54a0 GCTaskThread "GC Thread#12" [stack: 0x000000b629300000,0x000000b629400000] [id=1140]
  0x00000244462299d0 ConcurrentGCThread "G1 Main Marker" [stack: 0x000000b626d00000,0x000000b626e00000] [id=9572]
  0x000002444622b300 ConcurrentGCThread "G1 Conc#0" [stack: 0x000000b626e00000,0x000000b626f00000] [id=20696]
  0x0000024472700640 ConcurrentGCThread "G1 Conc#1" [stack: 0x000000b629600000,0x000000b629700000] [id=11956]
  0x00000244727000e0 ConcurrentGCThread "G1 Conc#2" [stack: 0x000000b629700000,0x000000b629800000] [id=20028]
  0x000002446dd33cb0 ConcurrentGCThread "G1 Refine#0" [stack: 0x000000b626f00000,0x000000b627000000] [id=28892]
  0x0000024471af54f0 ConcurrentGCThread "G1 Refine#1" [stack: 0x000000b629d00000,0x000000b629e00000] [id=25336]
  0x000002447a8c2de0 ConcurrentGCThread "G1 Refine#2" [stack: 0x000000b629e00000,0x000000b629f00000] [id=28176]
  0x00000244744da8c0 ConcurrentGCThread "G1 Refine#3" [stack: 0x000000b629f00000,0x000000b62a000000] [id=5648]
  0x0000024471af57d0 ConcurrentGCThread "G1 Refine#4" [stack: 0x000000b62a000000,0x000000b62a100000] [id=13660]
  0x00000244744da300 ConcurrentGCThread "G1 Refine#5" [stack: 0x000000b62a100000,0x000000b62a200000] [id=28832]
  0x000002446dd37210 ConcurrentGCThread "G1 Service" [stack: 0x000000b627000000,0x000000b627100000] [id=10356]

Threads with active compile tasks:

VM state: not at safepoint (normal execution)

VM Mutex/Monitor currently owned by a thread: None

Heap address: 0x0000000681400000, size: 6124 MB, Compressed Oops mode: Zero based, Oop shift amount: 3

CDS archive(s) mapped at: [0x0000000800000000-0x0000000800bc0000-0x0000000800bc0000), size 12320768, SharedBaseAddress: 0x0000000800000000, ArchiveRelocationMode: 0.
Compressed class space mapped at: 0x0000000800c00000-0x0000000840c00000, reserved size: 1073741824
Narrow klass base: 0x0000000800000000, Narrow klass shift: 0, Narrow klass range: 0x100000000

GC Precious Log:
 CPUs: 16 total, 16 available
 Memory: 24487M
 Large Page Support: Disabled
 NUMA Support: Disabled
 Compressed Oops: Enabled (Zero based)
 Heap Region Size: 4M
 Heap Min Capacity: 8M
 Heap Initial Capacity: 384M
 Heap Max Capacity: 6124M
 Pre-touch: Disabled
 Parallel Workers: 13
 Concurrent Workers: 3
 Concurrent Refinement Workers: 13
 Periodic GC: Disabled

Heap:
 garbage-first heap   total 462848K, used 251599K [0x0000000681400000, 0x0000000800000000)
  region size 4096K, 26 young (106496K), 2 survivors (8192K)
 Metaspace       used 65081K, committed 66240K, reserved 1105920K
  class space    used 9779K, committed 10304K, reserved 1048576K

Heap Regions: E=young(eden), S=young(survivor), O=old, HS=humongous(starts), HC=humongous(continues), CS=collection set, F=free, OA=open archive, CA=closed archive, TAMS=top-at-mark-start (previous, next)
|   0|0x0000000681400000, 0x0000000681800000, 0x0000000681800000|100%| O|  |TAMS 0x0000000681800000, 0x0000000681400000| Untracked 
|   1|0x0000000681800000, 0x0000000681c00000, 0x0000000681c00000|100%| O|  |TAMS 0x0000000681c00000, 0x0000000681800000| Untracked 
|   2|0x0000000681c00000, 0x0000000682000000, 0x0000000682000000|100%| O|  |TAMS 0x0000000682000000, 0x0000000681c00000| Untracked 
|   3|0x0000000682000000, 0x0000000682400000, 0x0000000682400000|100%| O|  |TAMS 0x0000000682400000, 0x0000000682000000| Untracked 
|   4|0x0000000682400000, 0x0000000682800000, 0x0000000682800000|100%| O|  |TAMS 0x0000000682800000, 0x0000000682400000| Untracked 
|   5|0x0000000682800000, 0x0000000682c00000, 0x0000000682c00000|100%| O|  |TAMS 0x0000000682c00000, 0x0000000682800000| Untracked 
|   6|0x0000000682c00000, 0x0000000683000000, 0x0000000683000000|100%| O|  |TAMS 0x0000000683000000, 0x0000000682c00000| Untracked 
|   7|0x0000000683000000, 0x0000000683149200, 0x0000000683400000| 32%| O|  |TAMS 0x0000000683149200, 0x0000000683000000| Untracked 
|   8|0x0000000683400000, 0x0000000683800000, 0x0000000683800000|100%| O|  |TAMS 0x0000000683800000, 0x0000000683400000| Untracked 
|   9|0x0000000683800000, 0x0000000683c00000, 0x0000000683c00000|100%| O|  |TAMS 0x0000000683c00000, 0x0000000683800000| Untracked 
|  10|0x0000000683c00000, 0x0000000684000000, 0x0000000684000000|100%| O|  |TAMS 0x0000000684000000, 0x0000000683c00000| Untracked 
|  11|0x0000000684000000, 0x0000000684400000, 0x0000000684400000|100%| O|  |TAMS 0x0000000684400000, 0x0000000684000000| Untracked 
|  12|0x0000000684400000, 0x0000000684800000, 0x0000000684800000|100%| O|  |TAMS 0x0000000684800000, 0x0000000684400000| Untracked 
|  13|0x0000000684800000, 0x0000000684c00000, 0x0000000684c00000|100%| O|  |TAMS 0x0000000684c00000, 0x0000000684800000| Untracked 
|  14|0x0000000684c00000, 0x0000000685000000, 0x0000000685000000|100%| O|  |TAMS 0x0000000685000000, 0x0000000684c00000| Untracked 
|  15|0x0000000685000000, 0x0000000685400000, 0x0000000685400000|100%| O|  |TAMS 0x0000000685400000, 0x0000000685000000| Untracked 
|  16|0x0000000685400000, 0x0000000685800000, 0x0000000685800000|100%| O|  |TAMS 0x0000000685800000, 0x0000000685400000| Untracked 
|  17|0x0000000685800000, 0x0000000685c00000, 0x0000000685c00000|100%|HS|  |TAMS 0x0000000685c00000, 0x0000000685800000| Complete 
|  18|0x0000000685c00000, 0x0000000686000000, 0x0000000686000000|100%|HC|  |TAMS 0x0000000686000000, 0x0000000685c00000| Complete 
|  19|0x0000000686000000, 0x0000000686400000, 0x0000000686400000|100%|HC|  |TAMS 0x0000000686400000, 0x0000000686000000| Complete 
|  20|0x0000000686400000, 0x0000000686800000, 0x0000000686800000|100%| O|  |TAMS 0x0000000686800000, 0x0000000686400000| Untracked 
|  21|0x0000000686800000, 0x0000000686c00000, 0x0000000686c00000|100%| O|  |TAMS 0x0000000686c00000, 0x0000000686800000| Untracked 
|  22|0x0000000686c00000, 0x0000000687000000, 0x0000000687000000|100%| O|  |TAMS 0x0000000687000000, 0x0000000686c00000| Untracked 
|  23|0x0000000687000000, 0x0000000687400000, 0x0000000687400000|100%| O|  |TAMS 0x0000000687400000, 0x0000000687000000| Untracked 
|  24|0x0000000687400000, 0x0000000687800000, 0x0000000687800000|100%| O|  |TAMS 0x0000000687800000, 0x0000000687400000| Untracked 
|  25|0x0000000687800000, 0x0000000687c00000, 0x0000000687c00000|100%| O|  |TAMS 0x0000000687c00000, 0x0000000687800000| Untracked 
|  26|0x0000000687c00000, 0x0000000688000000, 0x0000000688000000|100%| O|  |TAMS 0x0000000688000000, 0x0000000687c00000| Untracked 
|  27|0x0000000688000000, 0x0000000688400000, 0x0000000688400000|100%| O|  |TAMS 0x0000000688400000, 0x0000000688000000| Untracked 
|  28|0x0000000688400000, 0x0000000688800000, 0x0000000688800000|100%| O|  |TAMS 0x0000000688800000, 0x0000000688400000| Untracked 
|  29|0x0000000688800000, 0x0000000688c00000, 0x0000000688c00000|100%| O|  |TAMS 0x0000000688c00000, 0x0000000688800000| Untracked 
|  30|0x0000000688c00000, 0x0000000689000000, 0x0000000689000000|100%| O|  |TAMS 0x0000000689000000, 0x0000000688c00000| Untracked 
|  31|0x0000000689000000, 0x0000000689400000, 0x0000000689400000|100%| O|  |TAMS 0x0000000689400000, 0x0000000689000000| Untracked 
|  32|0x0000000689400000, 0x0000000689800000, 0x0000000689800000|100%| O|  |TAMS 0x0000000689800000, 0x0000000689400000| Untracked 
|  33|0x0000000689800000, 0x0000000689c00000, 0x0000000689c00000|100%| O|  |TAMS 0x0000000689893e00, 0x0000000689800000| Untracked 
|  34|0x0000000689c00000, 0x000000068a000000, 0x000000068a000000|100%| O|  |TAMS 0x0000000689c00000, 0x0000000689c00000| Untracked 
|  35|0x000000068a000000, 0x000000068a400000, 0x000000068a400000|100%| O|  |TAMS 0x000000068a000000, 0x000000068a000000| Untracked 
|  36|0x000000068a400000, 0x000000068a800000, 0x000000068a800000|100%| O|  |TAMS 0x000000068a400000, 0x000000068a400000| Untracked 
|  37|0x000000068a800000, 0x000000068a9b9800, 0x000000068ac00000| 43%| O|  |TAMS 0x000000068a800000, 0x000000068a800000| Untracked 
|  38|0x000000068ac00000, 0x000000068ac00000, 0x000000068b000000|  0%| F|  |TAMS 0x000000068ac00000, 0x000000068ac00000| Untracked 
|  39|0x000000068b000000, 0x000000068b000000, 0x000000068b400000|  0%| F|  |TAMS 0x000000068b000000, 0x000000068b000000| Untracked 
|  40|0x000000068b400000, 0x000000068b400000, 0x000000068b800000|  0%| F|  |TAMS 0x000000068b400000, 0x000000068b400000| Untracked 
|  41|0x000000068b800000, 0x000000068b800000, 0x000000068bc00000|  0%| F|  |TAMS 0x000000068b800000, 0x000000068b800000| Untracked 
|  42|0x000000068bc00000, 0x000000068bc00000, 0x000000068c000000|  0%| F|  |TAMS 0x000000068bc00000, 0x000000068bc00000| Untracked 
|  43|0x000000068c000000, 0x000000068c000000, 0x000000068c400000|  0%| F|  |TAMS 0x000000068c000000, 0x000000068c000000| Untracked 
|  44|0x000000068c400000, 0x000000068c400000, 0x000000068c800000|  0%| F|  |TAMS 0x000000068c400000, 0x000000068c400000| Untracked 
|  45|0x000000068c800000, 0x000000068c800000, 0x000000068cc00000|  0%| F|  |TAMS 0x000000068c800000, 0x000000068c800000| Untracked 
|  46|0x000000068cc00000, 0x000000068cc00000, 0x000000068d000000|  0%| F|  |TAMS 0x000000068cc00000, 0x000000068cc00000| Untracked 
|  47|0x000000068d000000, 0x000000068d000000, 0x000000068d400000|  0%| F|  |TAMS 0x000000068d000000, 0x000000068d000000| Untracked 
|  48|0x000000068d400000, 0x000000068d400000, 0x000000068d800000|  0%| F|  |TAMS 0x000000068d400000, 0x000000068d400000| Untracked 
|  49|0x000000068d800000, 0x000000068d800000, 0x000000068dc00000|  0%| F|  |TAMS 0x000000068d800000, 0x000000068d800000| Untracked 
|  50|0x000000068dc00000, 0x000000068dc00000, 0x000000068e000000|  0%| F|  |TAMS 0x000000068dc00000, 0x000000068dc00000| Untracked 
|  51|0x000000068e000000, 0x000000068e000000, 0x000000068e400000|  0%| F|  |TAMS 0x000000068e000000, 0x000000068e000000| Untracked 
|  52|0x000000068e400000, 0x000000068e400000, 0x000000068e800000|  0%| F|  |TAMS 0x000000068e400000, 0x000000068e400000| Untracked 
|  53|0x000000068e800000, 0x000000068e800000, 0x000000068ec00000|  0%| F|  |TAMS 0x000000068e800000, 0x000000068e800000| Untracked 
|  54|0x000000068ec00000, 0x000000068ec00000, 0x000000068f000000|  0%| F|  |TAMS 0x000000068ec00000, 0x000000068ec00000| Untracked 
|  55|0x000000068f000000, 0x000000068f2b14c0, 0x000000068f400000| 67%| S|CS|TAMS 0x000000068f000000, 0x000000068f000000| Complete 
|  56|0x000000068f400000, 0x000000068f800000, 0x000000068f800000|100%| S|CS|TAMS 0x000000068f400000, 0x000000068f400000| Complete 
|  57|0x000000068f800000, 0x000000068f800000, 0x000000068fc00000|  0%| F|  |TAMS 0x000000068f800000, 0x000000068f800000| Untracked 
|  58|0x000000068fc00000, 0x000000068fc00000, 0x0000000690000000|  0%| F|  |TAMS 0x000000068fc00000, 0x000000068fc00000| Untracked 
|  59|0x0000000690000000, 0x0000000690000000, 0x0000000690400000|  0%| F|  |TAMS 0x0000000690000000, 0x0000000690000000| Untracked 
|  60|0x0000000690400000, 0x0000000690400000, 0x0000000690800000|  0%| F|  |TAMS 0x0000000690400000, 0x0000000690400000| Untracked 
|  61|0x0000000690800000, 0x0000000690800000, 0x0000000690c00000|  0%| F|  |TAMS 0x0000000690800000, 0x0000000690800000| Untracked 
|  62|0x0000000690c00000, 0x0000000690c00000, 0x0000000691000000|  0%| F|  |TAMS 0x0000000690c00000, 0x0000000690c00000| Untracked 
|  63|0x0000000691000000, 0x0000000691000000, 0x0000000691400000|  0%| F|  |TAMS 0x0000000691000000, 0x0000000691000000| Untracked 
|  64|0x0000000691400000, 0x0000000691400000, 0x0000000691800000|  0%| F|  |TAMS 0x0000000691400000, 0x0000000691400000| Untracked 
|  65|0x0000000691800000, 0x0000000691800000, 0x0000000691c00000|  0%| F|  |TAMS 0x0000000691800000, 0x0000000691800000| Untracked 
|  66|0x0000000691c00000, 0x0000000691c00000, 0x0000000692000000|  0%| F|  |TAMS 0x0000000691c00000, 0x0000000691c00000| Untracked 
|  67|0x0000000692000000, 0x0000000692000000, 0x0000000692400000|  0%| F|  |TAMS 0x0000000692000000, 0x0000000692000000| Untracked 
|  68|0x0000000692400000, 0x0000000692400000, 0x0000000692800000|  0%| F|  |TAMS 0x0000000692400000, 0x0000000692400000| Untracked 
|  69|0x0000000692800000, 0x0000000692800000, 0x0000000692c00000|  0%| F|  |TAMS 0x0000000692800000, 0x0000000692800000| Untracked 
|  70|0x0000000692c00000, 0x0000000692c00000, 0x0000000693000000|  0%| F|  |TAMS 0x0000000692c00000, 0x0000000692c00000| Untracked 
|  71|0x0000000693000000, 0x0000000693000000, 0x0000000693400000|  0%| F|  |TAMS 0x0000000693000000, 0x0000000693000000| Untracked 
|  72|0x0000000693400000, 0x0000000693400000, 0x0000000693800000|  0%| F|  |TAMS 0x0000000693400000, 0x0000000693400000| Untracked 
|  73|0x0000000693800000, 0x0000000693800000, 0x0000000693c00000|  0%| F|  |TAMS 0x0000000693800000, 0x0000000693800000| Untracked 
|  74|0x0000000693c00000, 0x0000000693c00000, 0x0000000694000000|  0%| F|  |TAMS 0x0000000693c00000, 0x0000000693c00000| Untracked 
|  75|0x0000000694000000, 0x0000000694000000, 0x0000000694400000|  0%| F|  |TAMS 0x0000000694000000, 0x0000000694000000| Untracked 
|  76|0x0000000694400000, 0x0000000694400000, 0x0000000694800000|  0%| F|  |TAMS 0x0000000694400000, 0x0000000694400000| Untracked 
|  77|0x0000000694800000, 0x0000000694800000, 0x0000000694c00000|  0%| F|  |TAMS 0x0000000694800000, 0x0000000694800000| Untracked 
|  78|0x0000000694c00000, 0x0000000694c00000, 0x0000000695000000|  0%| F|  |TAMS 0x0000000694c00000, 0x0000000694c00000| Untracked 
|  79|0x0000000695000000, 0x0000000695000000, 0x0000000695400000|  0%| F|  |TAMS 0x0000000695000000, 0x0000000695000000| Untracked 
|  80|0x0000000695400000, 0x0000000695400000, 0x0000000695800000|  0%| F|  |TAMS 0x0000000695400000, 0x0000000695400000| Untracked 
|  81|0x0000000695800000, 0x0000000695800000, 0x0000000695c00000|  0%| F|  |TAMS 0x0000000695800000, 0x0000000695800000| Untracked 
|  82|0x0000000695c00000, 0x0000000695c00000, 0x0000000696000000|  0%| F|  |TAMS 0x0000000695c00000, 0x0000000695c00000| Untracked 
|  83|0x0000000696000000, 0x0000000696000000, 0x0000000696400000|  0%| F|  |TAMS 0x0000000696000000, 0x0000000696000000| Untracked 
|  84|0x0000000696400000, 0x0000000696400000, 0x0000000696800000|  0%| F|  |TAMS 0x0000000696400000, 0x0000000696400000| Untracked 
|  85|0x0000000696800000, 0x0000000696800000, 0x0000000696c00000|  0%| F|  |TAMS 0x0000000696800000, 0x0000000696800000| Untracked 
|  86|0x0000000696c00000, 0x0000000696c00000, 0x0000000697000000|  0%| F|  |TAMS 0x0000000696c00000, 0x0000000696c00000| Untracked 
|  87|0x0000000697000000, 0x0000000697000000, 0x0000000697400000|  0%| F|  |TAMS 0x0000000697000000, 0x0000000697000000| Untracked 
|  88|0x0000000697400000, 0x0000000697400000, 0x0000000697800000|  0%| F|  |TAMS 0x0000000697400000, 0x0000000697400000| Untracked 
|  89|0x0000000697800000, 0x0000000697b7db08, 0x0000000697c00000| 87%| E|  |TAMS 0x0000000697800000, 0x0000000697800000| Complete 
|  90|0x0000000697c00000, 0x0000000698000000, 0x0000000698000000|100%| E|CS|TAMS 0x0000000697c00000, 0x0000000697c00000| Complete 
|  91|0x0000000698000000, 0x0000000698400000, 0x0000000698400000|100%| E|CS|TAMS 0x0000000698000000, 0x0000000698000000| Complete 
|  92|0x0000000698400000, 0x0000000698800000, 0x0000000698800000|100%| E|CS|TAMS 0x0000000698400000, 0x0000000698400000| Complete 
|  93|0x0000000698800000, 0x0000000698c00000, 0x0000000698c00000|100%| E|CS|TAMS 0x0000000698800000, 0x0000000698800000| Complete 
|  94|0x0000000698c00000, 0x0000000699000000, 0x0000000699000000|100%| E|CS|TAMS 0x0000000698c00000, 0x0000000698c00000| Complete 
|  95|0x0000000699000000, 0x0000000699400000, 0x0000000699400000|100%| E|CS|TAMS 0x0000000699000000, 0x0000000699000000| Complete 
|  96|0x0000000699400000, 0x0000000699800000, 0x0000000699800000|100%| E|CS|TAMS 0x0000000699400000, 0x0000000699400000| Complete 
|  97|0x0000000699800000, 0x0000000699c00000, 0x0000000699c00000|100%| E|CS|TAMS 0x0000000699800000, 0x0000000699800000| Complete 
|  98|0x0000000699c00000, 0x000000069a000000, 0x000000069a000000|100%| E|CS|TAMS 0x0000000699c00000, 0x0000000699c00000| Complete 
|  99|0x000000069a000000, 0x000000069a400000, 0x000000069a400000|100%| E|CS|TAMS 0x000000069a000000, 0x000000069a000000| Complete 
| 100|0x000000069a400000, 0x000000069a800000, 0x000000069a800000|100%| E|CS|TAMS 0x000000069a400000, 0x000000069a400000| Complete 
| 101|0x000000069a800000, 0x000000069ac00000, 0x000000069ac00000|100%| E|CS|TAMS 0x000000069a800000, 0x000000069a800000| Complete 
| 102|0x000000069ac00000, 0x000000069b000000, 0x000000069b000000|100%| E|CS|TAMS 0x000000069ac00000, 0x000000069ac00000| Complete 
| 103|0x000000069b000000, 0x000000069b400000, 0x000000069b400000|100%| E|CS|TAMS 0x000000069b000000, 0x000000069b000000| Complete 
| 104|0x000000069b400000, 0x000000069b800000, 0x000000069b800000|100%| E|CS|TAMS 0x000000069b400000, 0x000000069b400000| Complete 
| 105|0x000000069b800000, 0x000000069bc00000, 0x000000069bc00000|100%| E|CS|TAMS 0x000000069b800000, 0x000000069b800000| Complete 
| 106|0x000000069bc00000, 0x000000069c000000, 0x000000069c000000|100%| E|CS|TAMS 0x000000069bc00000, 0x000000069bc00000| Complete 
| 107|0x000000069c000000, 0x000000069c400000, 0x000000069c400000|100%| E|CS|TAMS 0x000000069c000000, 0x000000069c000000| Complete 
| 108|0x000000069c400000, 0x000000069c800000, 0x000000069c800000|100%| E|CS|TAMS 0x000000069c400000, 0x000000069c400000| Complete 
| 109|0x000000069c800000, 0x000000069cc00000, 0x000000069cc00000|100%| E|CS|TAMS 0x000000069c800000, 0x000000069c800000| Complete 
| 110|0x000000069cc00000, 0x000000069d000000, 0x000000069d000000|100%| E|CS|TAMS 0x000000069cc00000, 0x000000069cc00000| Complete 
| 111|0x000000069d000000, 0x000000069d400000, 0x000000069d400000|100%| E|CS|TAMS 0x000000069d000000, 0x000000069d000000| Complete 
| 112|0x000000069d400000, 0x000000069d800000, 0x000000069d800000|100%| E|CS|TAMS 0x000000069d400000, 0x000000069d400000| Complete 

Card table byte_map: [0x000002445e0e0000,0x000002445ece0000] _byte_map_base: 0x000002445acd6000

Marking Bits (Prev, Next): (CMBitMap*) 0x000002444621d190, (CMBitMap*) 0x000002444621d150
 Prev Bits: [0x0000024465890000, 0x000002446b840000)
 Next Bits: [0x000002445f8e0000, 0x0000024465890000)

Polling page: 0x0000024444110000

Metaspace:

Usage:
  Non-class:     54.01 MB used.
      Class:      9.55 MB used.
       Both:     63.56 MB used.

Virtual space:
  Non-class space:       56.00 MB reserved,      54.62 MB ( 98%) committed,  7 nodes.
      Class space:        1.00 GB reserved,      10.06 MB ( <1%) committed,  1 nodes.
             Both:        1.05 GB reserved,      64.69 MB (  6%) committed. 

Chunk freelists:
   Non-Class:  706.00 KB
       Class:  1.99 MB
        Both:  2.68 MB

MaxMetaspaceSize: unlimited
CompressedClassSpaceSize: 1.00 GB
Initial GC threshold: 21.00 MB
Current GC threshold: 99.50 MB
CDS: on
MetaspaceReclaimPolicy: balanced
 - commit_granule_bytes: 65536.
 - commit_granule_words: 8192.
 - virtual_space_node_default_size: 1048576.
 - enlarge_chunks_in_place: 1.
 - new_chunks_are_fully_committed: 0.
 - uncommit_free_chunks: 1.
 - use_allocation_guard: 0.
 - handle_deallocations: 1.


Internal statistics:

num_allocs_failed_limit: 15.
num_arena_births: 1706.
num_arena_deaths: 0.
num_vsnodes_births: 8.
num_vsnodes_deaths: 0.
num_space_committed: 1032.
num_space_uncommitted: 0.
num_chunks_returned_to_freelist: 15.
num_chunks_taken_from_freelist: 4374.
num_chunk_merges: 15.
num_chunk_splits: 2837.
num_chunks_enlarged: 1924.
num_purges: 0.
num_inconsistent_stats: 0.

CodeHeap 'non-profiled nmethods': size=119168Kb used=7772Kb max_used=7772Kb free=111396Kb
 bounds [0x0000024455800000, 0x0000024455fa0000, 0x000002445cc60000]
CodeHeap 'profiled nmethods': size=119104Kb used=13491Kb max_used=13734Kb free=105612Kb
 bounds [0x000002444e3b0000, 0x000002444f120000, 0x0000024455800000]
CodeHeap 'non-nmethods': size=7488Kb used=3648Kb max_used=3725Kb free=3839Kb
 bounds [0x000002444dc60000, 0x000002444e010000, 0x000002444e3b0000]
 total_blobs=9462 nmethods=7982 adapters=1389
 compilation: enabled
              stopped_count=0, restarted_count=0
 full_count=0

Compilation events (20 events):
Event: 6.563 Thread 0x000002446fade190 nmethod 10149 0x000002444ed86590 code [0x000002444ed86740, 0x000002444ed868e8]
Event: 6.579 Thread 0x000002446ff73740 10153       3       sun.misc.Unsafe::getInt (9 bytes)
Event: 6.579 Thread 0x000002446f4295f0 10154       3       org.lwjgl.system.CustomBuffer::address (19 bytes)
Event: 6.579 Thread 0x000002446fade190 10155       3       org.lwjgl.system.StructBuffer::sizeof (8 bytes)
Event: 6.579 Thread 0x000002446f4b80a0 10156       3       org.lwjgl.glfw.GLFWVidMode$Buffer::getElementFactory (5 bytes)
Event: 6.579 Thread 0x000002446f4b80a0 nmethod 10156 0x000002444ed86190 code [0x000002444ed86320, 0x000002444ed86498]
Event: 6.579 Thread 0x000002446f4b80a0 10157       3       org.lwjgl.glfw.GLFWVidMode$Buffer::getElementFactory (4 bytes)
Event: 6.579 Thread 0x000002446ff73740 nmethod 10153 0x000002444ed85e10 code [0x000002444ed85fa0, 0x000002444ed860b8]
Event: 6.579 Thread 0x000002446fade190 nmethod 10155 0x000002444ed85910 code [0x000002444ed85ac0, 0x000002444ed85cf8]
Event: 6.579 Thread 0x000002446ff73740 10158       3       org.lwjgl.glfw.GLFWVidMode::sizeof (4 bytes)
Event: 6.579 Thread 0x000002446f4295f0 nmethod 10154 0x000002444ed85410 code [0x000002444ed855c0, 0x000002444ed85828]
Event: 6.579 Thread 0x000002446f4b80a0 nmethod 10157 0x000002444ed85090 code [0x000002444ed85220, 0x000002444ed85338]
Event: 6.579 Thread 0x000002446ff73740 nmethod 10158 0x000002444ed84d10 code [0x000002444ed84ea0, 0x000002444ed84fb8]
Event: 6.730 Thread 0x000002446f41db20 nmethod 10052 0x0000024455f83210 code [0x0000024455f838a0, 0x0000024455f90938]
Event: 7.056 Thread 0x000002446ff73740 10159       1       com.mojang.blaze3d.platform.VideoMode::getRedBits (5 bytes)
Event: 7.056 Thread 0x000002446fade190 10160       1       com.mojang.blaze3d.platform.VideoMode::getGreenBits (5 bytes)
Event: 7.056 Thread 0x000002446f4295f0 10161       1       com.mojang.blaze3d.platform.VideoMode::getBlueBits (5 bytes)
Event: 7.056 Thread 0x000002446f4295f0 nmethod 10161 0x0000024455f95e10 code [0x0000024455f95fa0, 0x0000024455f96078]
Event: 7.056 Thread 0x000002446fade190 nmethod 10160 0x0000024455f96110 code [0x0000024455f962a0, 0x0000024455f96378]
Event: 7.056 Thread 0x000002446ff73740 nmethod 10159 0x0000024455f96410 code [0x0000024455f965a0, 0x0000024455f96678]

GC Heap History (20 events):
Event: 3.061 GC heap before
{Heap before GC invocations=10 (full 0):
 garbage-first heap   total 221184K, used 166992K [0x0000000681400000, 0x0000000800000000)
  region size 4096K, 25 young (102400K), 1 survivors (4096K)
 Metaspace       used 27246K, committed 28032K, reserved 1081344K
  class space    used 3341K, committed 3648K, reserved 1048576K
}
Event: 3.062 GC heap after
{Heap after GC invocations=11 (full 0):
 garbage-first heap   total 274432K, used 68827K [0x0000000681400000, 0x0000000800000000)
  region size 4096K, 1 young (4096K), 1 survivors (4096K)
 Metaspace       used 27246K, committed 28032K, reserved 1081344K
  class space    used 3341K, committed 3648K, reserved 1048576K
}
Event: 3.358 GC heap before
{Heap before GC invocations=11 (full 0):
 garbage-first heap   total 274432K, used 224475K [0x0000000681400000, 0x0000000800000000)
  region size 4096K, 37 young (151552K), 1 survivors (4096K)
 Metaspace       used 29969K, committed 30848K, reserved 1081344K
  class space    used 3721K, committed 4096K, reserved 1048576K
}
Event: 3.361 GC heap after
{Heap after GC invocations=12 (full 0):
 garbage-first heap   total 274432K, used 83158K [0x0000000681400000, 0x0000000800000000)
  region size 4096K, 2 young (8192K), 2 survivors (8192K)
 Metaspace       used 29969K, committed 30848K, reserved 1081344K
  class space    used 3721K, committed 4096K, reserved 1048576K
}
Event: 3.648 GC heap before
{Heap before GC invocations=12 (full 0):
 garbage-first heap   total 274432K, used 218326K [0x0000000681400000, 0x0000000800000000)
  region size 4096K, 35 young (143360K), 2 survivors (8192K)
 Metaspace       used 31803K, committed 32640K, reserved 1081344K
  class space    used 3976K, committed 4352K, reserved 1048576K
}
Event: 3.652 GC heap after
{Heap after GC invocations=13 (full 0):
 garbage-first heap   total 274432K, used 86281K [0x0000000681400000, 0x0000000800000000)
  region size 4096K, 2 young (8192K), 2 survivors (8192K)
 Metaspace       used 31803K, committed 32640K, reserved 1081344K
  class space    used 3976K, committed 4352K, reserved 1048576K
}
Event: 3.963 GC heap before
{Heap before GC invocations=13 (full 0):
 garbage-first heap   total 274432K, used 225545K [0x0000000681400000, 0x0000000800000000)
  region size 4096K, 36 young (147456K), 2 survivors (8192K)
 Metaspace       used 34036K, committed 34944K, reserved 1081344K
  class space    used 4187K, committed 4608K, reserved 1048576K
}
Event: 3.967 GC heap after
{Heap after GC invocations=14 (full 0):
 garbage-first heap   total 274432K, used 88033K [0x0000000681400000, 0x0000000800000000)
  region size 4096K, 3 young (12288K), 3 survivors (12288K)
 Metaspace       used 34036K, committed 34944K, reserved 1081344K
  class space    used 4187K, committed 4608K, reserved 1048576K
}
Event: 4.057 GC heap before
{Heap before GC invocations=14 (full 0):
 garbage-first heap   total 274432K, used 104417K [0x0000000681400000, 0x0000000800000000)
  region size 4096K, 8 young (32768K), 3 survivors (12288K)
 Metaspace       used 35022K, committed 35968K, reserved 1081344K
  class space    used 4314K, committed 4736K, reserved 1048576K
}
Event: 4.061 GC heap after
{Heap after GC invocations=15 (full 0):
 garbage-first heap   total 331776K, used 88896K [0x0000000681400000, 0x0000000800000000)
  region size 4096K, 3 young (12288K), 3 survivors (12288K)
 Metaspace       used 35022K, committed 35968K, reserved 1081344K
  class space    used 4314K, committed 4736K, reserved 1048576K
}
Event: 4.595 GC heap before
{Heap before GC invocations=16 (full 0):
 garbage-first heap   total 331776K, used 265024K [0x0000000681400000, 0x0000000800000000)
  region size 4096K, 46 young (188416K), 3 survivors (12288K)
 Metaspace       used 41512K, committed 42496K, reserved 1089536K
  class space    used 5481K, committed 5952K, reserved 1048576K
}
Event: 4.608 GC heap after
{Heap after GC invocations=17 (full 0):
 garbage-first heap   total 331776K, used 100831K [0x0000000681400000, 0x0000000800000000)
  region size 4096K, 6 young (24576K), 6 survivors (24576K)
 Metaspace       used 41512K, committed 42496K, reserved 1089536K
  class space    used 5481K, committed 5952K, reserved 1048576K
}
Event: 4.851 GC heap before
{Heap before GC invocations=17 (full 0):
 garbage-first heap   total 331776K, used 264671K [0x0000000681400000, 0x0000000800000000)
  region size 4096K, 46 young (188416K), 6 survivors (24576K)
 Metaspace       used 42270K, committed 43264K, reserved 1089536K
  class space    used 5596K, committed 6080K, reserved 1048576K
}
Event: 4.871 GC heap after
{Heap after GC invocations=18 (full 0):
 garbage-first heap   total 331776K, used 116280K [0x0000000681400000, 0x0000000800000000)
  region size 4096K, 6 young (24576K), 6 survivors (24576K)
 Metaspace       used 42270K, committed 43264K, reserved 1089536K
  class space    used 5596K, committed 6080K, reserved 1048576K
}
Event: 5.208 GC heap before
{Heap before GC invocations=18 (full 0):
 garbage-first heap   total 331776K, used 255544K [0x0000000681400000, 0x0000000800000000)
  region size 4096K, 41 young (167936K), 6 survivors (24576K)
 Metaspace       used 47132K, committed 48128K, reserved 1097728K
  class space    used 6313K, committed 6784K, reserved 1048576K
}
Event: 5.223 GC heap after
{Heap after GC invocations=19 (full 0):
 garbage-first heap   total 331776K, used 133432K [0x0000000681400000, 0x0000000800000000)
  region size 4096K, 4 young (16384K), 4 survivors (16384K)
 Metaspace       used 47132K, committed 48128K, reserved 1097728K
  class space    used 6313K, committed 6784K, reserved 1048576K
}
Event: 5.739 GC heap before
{Heap before GC invocations=19 (full 0):
 garbage-first heap   total 331776K, used 256312K [0x0000000681400000, 0x0000000800000000)
  region size 4096K, 34 young (139264K), 4 survivors (16384K)
 Metaspace       used 55306K, committed 56384K, reserved 1097728K
  class space    used 8143K, committed 8640K, reserved 1048576K
}
Event: 5.748 GC heap after
{Heap after GC invocations=20 (full 0):
 garbage-first heap   total 331776K, used 150743K [0x0000000681400000, 0x0000000800000000)
  region size 4096K, 5 young (20480K), 5 survivors (20480K)
 Metaspace       used 55306K, committed 56384K, reserved 1097728K
  class space    used 8143K, committed 8640K, reserved 1048576K
}
Event: 6.078 GC heap before
{Heap before GC invocations=20 (full 0):
 garbage-first heap   total 331776K, used 244951K [0x0000000681400000, 0x0000000800000000)
  region size 4096K, 29 young (118784K), 5 survivors (20480K)
 Metaspace       used 59312K, committed 60416K, reserved 1105920K
  class space    used 8888K, committed 9344K, reserved 1048576K
}
Event: 6.085 GC heap after
{Heap after GC invocations=21 (full 0):
 garbage-first heap   total 462848K, used 157391K [0x0000000681400000, 0x0000000800000000)
  region size 4096K, 2 young (8192K), 2 survivors (8192K)
 Metaspace       used 59312K, committed 60416K, reserved 1105920K
  class space    used 8888K, committed 9344K, reserved 1048576K
}

Dll operation events (11 events):
Event: 0.004 Loaded shared library C:\Users\user\AppData\Local\Temp\Rar$EXa12212.28763\MCreator20231\jdk\bin\java.dll
Event: 0.010 Loaded shared library C:\Users\user\AppData\Local\Temp\Rar$EXa12212.28763\MCreator20231\jdk\bin\jsvml.dll
Event: 0.104 Loaded shared library C:\Users\user\AppData\Local\Temp\Rar$EXa12212.28763\MCreator20231\jdk\bin\net.dll
Event: 0.105 Loaded shared library C:\Users\user\AppData\Local\Temp\Rar$EXa12212.28763\MCreator20231\jdk\bin\nio.dll
Event: 0.107 Loaded shared library C:\Users\user\AppData\Local\Temp\Rar$EXa12212.28763\MCreator20231\jdk\bin\zip.dll
Event: 0.152 Loaded shared library C:\Users\user\AppData\Local\Temp\Rar$EXa12212.28763\MCreator20231\jdk\bin\jimage.dll
Event: 0.345 Loaded shared library C:\Users\user\AppData\Local\Temp\Rar$EXa12212.28763\MCreator20231\jdk\bin\verify.dll
Event: 1.394 Loaded shared library C:\Users\user\AppData\Local\Temp\Rar$EXa12212.28763\MCreator20231\jdk\bin\management.dll
Event: 1.395 Loaded shared library C:\Users\user\AppData\Local\Temp\Rar$EXa12212.28763\MCreator20231\jdk\bin\management_ext.dll
Event: 3.366 Loaded shared library C:\Users\user\AppData\Local\Temp\jna-1821864651\jna2552643863193302174.dll
Event: 6.324 Loaded shared library C:\Users\user\AppData\Local\Temp\lwjglJackson Glaz\3.3.1-build-7\lwjgl.dll

Deoptimization events (20 events):
Event: 6.533 Thread 0x0000024446192390 Uncommon trap: trap_request=0xffffffc6 fr.pc=0x0000024455e84208 relative=0x0000000000000da8
Event: 6.533 Thread 0x0000024446192390 Uncommon trap: reason=bimorphic_or_optimized_type_check action=maybe_recompile pc=0x0000024455e84208 method=com.mojang.serialization.DataResult.lambda$flatMap$10(Ljava/util/function/Function;Ljava/lang/Object;)Lcom/mojang/serialization/DataResult; @ 2 c2
Event: 6.533 Thread 0x0000024446192390 DEOPT PACKING pc=0x0000024455e84208 sp=0x000000b626bfda00
Event: 6.533 Thread 0x0000024446192390 DEOPT UNPACKING pc=0x000002444dcb23a3 sp=0x000000b626bfd898 mode 2
Event: 6.533 Thread 0x0000024446192390 Uncommon trap: trap_request=0xffffffc6 fr.pc=0x0000024455e84208 relative=0x0000000000000da8
Event: 6.533 Thread 0x0000024446192390 Uncommon trap: reason=bimorphic_or_optimized_type_check action=maybe_recompile pc=0x0000024455e84208 method=com.mojang.serialization.DataResult.lambda$flatMap$10(Ljava/util/function/Function;Ljava/lang/Object;)Lcom/mojang/serialization/DataResult; @ 2 c2
Event: 6.533 Thread 0x0000024446192390 DEOPT PACKING pc=0x0000024455e84208 sp=0x000000b626bfd7c0
Event: 6.533 Thread 0x0000024446192390 DEOPT UNPACKING pc=0x000002444dcb23a3 sp=0x000000b626bfd658 mode 2
Event: 6.533 Thread 0x0000024446192390 Uncommon trap: trap_request=0xffffffc6 fr.pc=0x0000024455cabba4 relative=0x0000000000000084
Event: 6.533 Thread 0x0000024446192390 Uncommon trap: reason=bimorphic_or_optimized_type_check action=maybe_recompile pc=0x0000024455cabba4 method=com.mojang.datafixers.util.Either$Left.map(Ljava/util/function/Function;Ljava/util/function/Function;)Ljava/lang/Object; @ 5 c2
Event: 6.533 Thread 0x0000024446192390 DEOPT PACKING pc=0x0000024455cabba4 sp=0x000000b626bfd680
Event: 6.533 Thread 0x0000024446192390 DEOPT UNPACKING pc=0x000002444dcb23a3 sp=0x000000b626bfd618 mode 2
Event: 6.533 Thread 0x0000024446192390 Uncommon trap: trap_request=0xffffffc6 fr.pc=0x0000024455e821c8 relative=0x0000000000000de8
Event: 6.533 Thread 0x0000024446192390 Uncommon trap: reason=bimorphic_or_optimized_type_check action=maybe_recompile pc=0x0000024455e821c8 method=com.mojang.serialization.DataResult.lambda$flatMap$10(Ljava/util/function/Function;Ljava/lang/Object;)Lcom/mojang/serialization/DataResult; @ 2 c2
Event: 6.533 Thread 0x0000024446192390 DEOPT PACKING pc=0x0000024455e821c8 sp=0x000000b626bfd800
Event: 6.533 Thread 0x0000024446192390 DEOPT UNPACKING pc=0x000002444dcb23a3 sp=0x000000b626bfd760 mode 2
Event: 6.533 Thread 0x0000024446192390 Uncommon trap: trap_request=0xffffffc6 fr.pc=0x0000024455cabba4 relative=0x0000000000000084
Event: 6.533 Thread 0x0000024446192390 Uncommon trap: reason=bimorphic_or_optimized_type_check action=maybe_recompile pc=0x0000024455cabba4 method=com.mojang.datafixers.util.Either$Left.map(Ljava/util/function/Function;Ljava/util/function/Function;)Ljava/lang/Object; @ 5 c2
Event: 6.533 Thread 0x0000024446192390 DEOPT PACKING pc=0x0000024455cabba4 sp=0x000000b626bfd760
Event: 6.533 Thread 0x0000024446192390 DEOPT UNPACKING pc=0x000002444dcb23a3 sp=0x000000b626bfd6f8 mode 2

Classes unloaded (0 events):
No events

Classes redefined (0 events):
No events

Internal exceptions (20 events):
Event: 6.331 Thread 0x0000024446192390 Exception <a 'sun/nio/fs/WindowsException'{0x000000069aae9010}> (0x000000069aae9010) 
thrown [s\src\hotspot\share\prims\jni.cpp, line 516]
Event: 6.341 Thread 0x0000024446192390 Exception <a 'java/lang/NoSuchMethodError'{0x000000069a45e730}: 'void java.lang.invoke.DirectMethodHandle$Holder.invokeInterface(java.lang.Object, java.lang.Object, int)'> (0x000000069a45e730) 
thrown [s\src\hotspot\share\interpreter\linkResolver.cpp, line 759]
Event: 6.341 Thread 0x0000024446192390 Exception <a 'java/lang/NoSuchMethodError'{0x000000069a478ce0}: 'void java.lang.invoke.DirectMethodHandle$Holder.invokeStatic(java.lang.Object, java.lang.Object, int)'> (0x000000069a478ce0) 
thrown [s\src\hotspot\share\interpreter\linkResolver.cpp, line 759]
Event: 6.341 Thread 0x0000024446192390 Exception <a 'java/lang/NoSuchMethodError'{0x000000069a47c360}: 'void java.lang.invoke.DirectMethodHandle$Holder.invokeStaticInit(java.lang.Object, java.lang.Object, int)'> (0x000000069a47c360) 
thrown [s\src\hotspot\share\interpreter\linkResolver.cpp, line 759]
Event: 6.396 Thread 0x0000024446192390 Exception <a 'java/lang/NoSuchMethodError'{0x0000000699613c20}: 'long java.lang.invoke.DirectMethodHandle$Holder.invokeSpecial(java.lang.Object, java.lang.Object)'> (0x0000000699613c20) 
thrown [s\src\hotspot\share\interpreter\linkResolver.cpp, line 759]
Event: 6.401 Thread 0x0000024446192390 Exception <a 'sun/nio/fs/WindowsException'{0x00000006996a6dc8}> (0x00000006996a6dc8) 
thrown [s\src\hotspot\share\prims\jni.cpp, line 516]
Event: 6.401 Thread 0x0000024446192390 Exception <a 'sun/nio/fs/WindowsException'{0x00000006996a8670}> (0x00000006996a8670) 
thrown [s\src\hotspot\share\prims\jni.cpp, line 516]
Event: 6.479 Thread 0x0000024446192390 Exception <a 'java/lang/NoSuchMethodError'{0x00000006986adf08}: 'int java.lang.invoke.DirectMethodHandle$Holder.invokeStatic(java.lang.Object)'> (0x00000006986adf08) 
thrown [s\src\hotspot\share\interpreter\linkResolver.cpp, line 759]
Event: 6.501 Thread 0x0000024446192390 Exception <a 'java/lang/NoSuchMethodError'{0x00000006982cc160}: 'java.lang.Object java.lang.invoke.Invokers$Holder.linkToTargetMethod(java.lang.Object, int, java.lang.Object, java.lang.Object)'> (0x00000006982cc160) 
thrown [s\src\hotspot\share\interpreter\linkResolver.cpp, line 759]
Event: 6.506 Thread 0x0000024446192390 Exception <a 'java/lang/NoSuchMethodError'{0x000000069837da38}: 'int java.lang.invoke.DirectMethodHandle$Holder.invokeStaticInit(java.lang.Object)'> (0x000000069837da38) 
thrown [s\src\hotspot\share\interpreter\linkResolver.cpp, line 759]
Event: 6.507 Thread 0x0000024446192390 Exception <a 'java/lang/NoSuchMethodError'{0x0000000698384e20}: 'int java.lang.invoke.Invokers$Holder.invokeExact_MT(java.lang.Object, java.lang.Object)'> (0x0000000698384e20) 
thrown [s\src\hotspot\share\interpreter\linkResolver.cpp, line 759]
Event: 6.510 Thread 0x0000024446192390 Exception <a 'sun/nio/fs/WindowsException'{0x0000000697ca1bf0}> (0x0000000697ca1bf0) 
thrown [s\src\hotspot\share\prims\jni.cpp, line 516]
Event: 6.510 Thread 0x0000024446192390 Exception <a 'sun/nio/fs/WindowsException'{0x0000000697ca1f80}> (0x0000000697ca1f80) 
thrown [s\src\hotspot\share\prims\jni.cpp, line 516]
Event: 6.515 Thread 0x0000024446192390 Exception <a 'java/lang/NoSuchMethodError'{0x0000000697d301e0}: 'java.lang.Object java.lang.invoke.DirectMethodHandle$Holder.invokeInterface(java.lang.Object, java.lang.Object, double)'> (0x0000000697d301e0) 
thrown [s\src\hotspot\share\interpreter\linkResolver.cpp, line 759]
Event: 6.515 Thread 0x0000024446192390 Exception <a 'java/lang/NoSuchMethodError'{0x0000000697d36a28}: 'double java.lang.invoke.DirectMethodHandle$Holder.invokeInterface(java.lang.Object, java.lang.Object, java.lang.Object)'> (0x0000000697d36a28) 
thrown [s\src\hotspot\share\interpreter\linkResolver.cpp, line 759]
Event: 6.532 Thread 0x0000024446192390 Exception <a 'java/lang/NoSuchMethodError'{0x0000000697f304e0}: 'double java.lang.invoke.DirectMethodHandle$Holder.invokeVirtual(java.lang.Object, java.lang.Object)'> (0x0000000697f304e0) 
thrown [s\src\hotspot\share\interpreter\linkResolver.cpp, line 759]
Event: 6.563 Thread 0x0000024446192390 Exception <a 'java/lang/NoSuchMethodError'{0x00000006979e5a58}: 'long java.lang.invoke.DirectMethodHandle$Holder.invokeInterface(java.lang.Object, java.lang.Object)'> (0x00000006979e5a58) 
thrown [s\src\hotspot\share\interpreter\linkResolver.cpp, line 759]
Event: 6.565 Thread 0x0000024446192390 Exception <a 'java/lang/NoSuchMethodError'{0x0000000697a4f5d0}: 'java.lang.Object java.lang.invoke.DirectMethodHandle$Holder.newInvokeSpecial(java.lang.Object, long)'> (0x0000000697a4f5d0) 
thrown [s\src\hotspot\share\interpreter\linkResolver.cpp, line 759]
Event: 7.058 Thread 0x0000024446192390 Exception <a 'java/lang/NoSuchMethodError'{0x0000000697b08d78}: 'void java.lang.invoke.DirectMethodHandle$Holder.invokeSpecial(java.lang.Object, java.lang.Object, int, long)'> (0x0000000697b08d78) 
thrown [s\src\hotspot\share\interpreter\linkResolver.cpp, line 759]
Event: 7.058 Thread 0x0000024446192390 Exception <a 'java/lang/NoSuchMethodError'{0x0000000697b0ecf0}: 'void java.lang.invoke.DirectMethodHandle$Holder.invokeStatic(java.lang.Object, int, long)'> (0x0000000697b0ecf0) 
thrown [s\src\hotspot\share\interpreter\linkResolver.cpp, line 759]

VM Operations (20 events):
Event: 5.739 Executing VM operation: G1CollectForAllocation
Event: 5.748 Executing VM operation: G1CollectForAllocation done
Event: 5.860 Executing VM operation: HandshakeAllThreads
Event: 5.860 Executing VM operation: HandshakeAllThreads done
Event: 5.938 Executing VM operation: ICBufferFull
Event: 5.938 Executing VM operation: ICBufferFull done
Event: 6.078 Executing VM operation: CollectForMetadataAllocation
Event: 6.085 Executing VM operation: CollectForMetadataAllocation done
Event: 6.103 Executing VM operation: CollectForMetadataAllocation
Event: 6.103 Executing VM operation: CollectForMetadataAllocation done
Event: 6.122 Executing VM operation: CollectForMetadataAllocation
Event: 6.122 Executing VM operation: CollectForMetadataAllocation done
Event: 6.125 Executing VM operation: G1Concurrent
Event: 6.127 Executing VM operation: G1Concurrent done
Event: 6.147 Executing VM operation: G1Concurrent
Event: 6.148 Executing VM operation: G1Concurrent done
Event: 6.504 Executing VM operation: HandshakeAllThreads
Event: 6.506 Executing VM operation: HandshakeAllThreads done
Event: 6.536 Executing VM operation: HandshakeAllThreads
Event: 6.536 Executing VM operation: HandshakeAllThreads done

Events (20 events):
Event: 6.515 Thread 0x000002446f433b00 flushing nmethod 0x000002444f03fc90
Event: 6.515 Thread 0x000002446f433b00 flushing nmethod 0x000002444f04a290
Event: 6.515 Thread 0x000002446f433b00 flushing nmethod 0x000002444f056490
Event: 6.515 Thread 0x000002446f433b00 flushing nmethod 0x000002444f057b90
Event: 6.515 Thread 0x000002446f433b00 flushing nmethod 0x000002444f05ba90
Event: 6.515 Thread 0x000002446f433b00 flushing nmethod 0x000002444f063f90
Event: 6.516 Thread 0x000002446f433b00 flushing nmethod 0x000002444f064990
Event: 6.516 Thread 0x000002446f433b00 flushing nmethod 0x000002444f069910
Event: 6.516 Thread 0x000002446f433b00 flushing nmethod 0x000002444f069f10
Event: 6.516 Thread 0x000002446f433b00 flushing nmethod 0x000002444f06a510
Event: 6.516 Thread 0x000002446f433b00 flushing nmethod 0x000002444f06cc10
Event: 6.516 Thread 0x000002446f433b00 flushing nmethod 0x000002444f072490
Event: 6.516 Thread 0x000002446f433b00 flushing nmethod 0x000002444f07c490
Event: 6.539 loading class java/util/EnumMap$Values
Event: 6.539 loading class java/util/EnumMap$Values done
Event: 6.539 loading class java/util/EnumMap$ValueIterator
Event: 6.539 loading class java/util/EnumMap$ValueIterator done
Event: 7.056 Thread 0x00000244726f9c50 Thread exited: 0x00000244726f9c50
Event: 7.056 Thread 0x000002446ff88c40 Thread exited: 0x000002446ff88c40
Event: 7.056 Thread 0x000002446ff89560 Thread exited: 0x000002446ff89560


Dynamic libraries:
0x00007ff6edb20000 - 0x00007ff6edb2e000 	C:\Users\user\AppData\Local\Temp\Rar$EXa12212.28763\MCreator20231\jdk\bin\java.exe
0x00007ff8ab8b0000 - 0x00007ff8abaa8000 	C:\Windows\SYSTEM32\ntdll.dll
0x00007ff8a9a30000 - 0x00007ff8a9aef000 	C:\Windows\System32\KERNEL32.DLL
0x00007ff8a9600000 - 0x00007ff8a98da000 	C:\Windows\System32\KERNELBASE.dll
0x00007ff8a8fc0000 - 0x00007ff8a90c0000 	C:\Windows\System32\ucrtbase.dll
0x00007ff89ca10000 - 0x00007ff89ca27000 	C:\Users\user\AppData\Local\Temp\Rar$EXa12212.28763\MCreator20231\jdk\bin\jli.dll
0x00007ff89c930000 - 0x00007ff89c949000 	C:\Users\user\AppData\Local\Temp\Rar$EXa12212.28763\MCreator20231\jdk\bin\VCRUNTIME140.dll
0x00007ff8aa260000 - 0x00007ff8aa3fd000 	C:\Windows\System32\USER32.dll
0x00007ff8a98e0000 - 0x00007ff8a9902000 	C:\Windows\System32\win32u.dll
0x00007ff8a9af0000 - 0x00007ff8a9b1b000 	C:\Windows\System32\GDI32.dll
0x00007ff89bca0000 - 0x00007ff89bf3a000 	C:\Windows\WinSxS\amd64_microsoft.windows.common-controls_6595b64144ccf1df_6.0.19041.1110_none_60b5254171f9507e\COMCTL32.dll
0x00007ff8a9280000 - 0x00007ff8a9390000 	C:\Windows\System32\gdi32full.dll
0x00007ff8a9990000 - 0x00007ff8a9a2e000 	C:\Windows\System32\msvcrt.dll
0x00007ff8a9400000 - 0x00007ff8a949d000 	C:\Windows\System32\msvcp_win.dll
0x00007ff8aae60000 - 0x00007ff8aae90000 	C:\Windows\System32\IMM32.DLL
0x00007ff8a2510000 - 0x00007ff8a251c000 	C:\Users\user\AppData\Local\Temp\Rar$EXa12212.28763\MCreator20231\jdk\bin\vcruntime140_1.dll
0x00007ff88bcd0000 - 0x00007ff88bd61000 	C:\Users\user\AppData\Local\Temp\Rar$EXa12212.28763\MCreator20231\jdk\bin\msvcp140.dll
0x00007ff82fcf0000 - 0x00007ff830934000 	C:\Users\user\AppData\Local\Temp\Rar$EXa12212.28763\MCreator20231\jdk\bin\server\jvm.dll
0x00007ff8aa5f0000 - 0x00007ff8aa69e000 	C:\Windows\System32\ADVAPI32.dll
0x00007ff8aa410000 - 0x00007ff8aa4ac000 	C:\Windows\System32\sechost.dll
0x00007ff8aa860000 - 0x00007ff8aa986000 	C:\Windows\System32\RPCRT4.dll
0x00007ff89f140000 - 0x00007ff89f167000 	C:\Windows\SYSTEM32\WINMM.dll
0x00007ff8a0750000 - 0x00007ff8a075a000 	C:\Windows\SYSTEM32\VERSION.dll
0x00007ff8a2570000 - 0x00007ff8a2579000 	C:\Windows\SYSTEM32\WSOCK32.dll
0x00007ff8aa770000 - 0x00007ff8aa7db000 	C:\Windows\System32\WS2_32.dll
0x00007ff8a7860000 - 0x00007ff8a7872000 	C:\Windows\SYSTEM32\kernel.appcore.dll
0x00007ff89c9d0000 - 0x00007ff89c9da000 	C:\Users\user\AppData\Local\Temp\Rar$EXa12212.28763\MCreator20231\jdk\bin\jimage.dll
0x00007ff8a73b0000 - 0x00007ff8a7594000 	C:\Windows\SYSTEM32\DBGHELP.DLL
0x00007ff89cfd0000 - 0x00007ff89d004000 	C:\Windows\SYSTEM32\dbgcore.DLL
0x00007ff8a91a0000 - 0x00007ff8a9222000 	C:\Windows\System32\bcryptPrimitives.dll
0x00007ff897ec0000 - 0x00007ff897ee5000 	C:\Users\user\AppData\Local\Temp\Rar$EXa12212.28763\MCreator20231\jdk\bin\java.dll
0x00007ff878e30000 - 0x00007ff878f06000 	C:\Users\user\AppData\Local\Temp\Rar$EXa12212.28763\MCreator20231\jdk\bin\jsvml.dll
0x00007ff8aaf20000 - 0x00007ff8ab664000 	C:\Windows\System32\SHELL32.dll
0x00007ff8a6b40000 - 0x00007ff8a72d3000 	C:\Windows\SYSTEM32\windows.storage.dll
0x00007ff8a9b20000 - 0x00007ff8a9e74000 	C:\Windows\System32\combase.dll
0x00007ff8a8a20000 - 0x00007ff8a8a4e000 	C:\Windows\SYSTEM32\Wldp.dll
0x00007ff8aa030000 - 0x00007ff8aa0dd000 	C:\Windows\System32\SHCORE.dll
0x00007ff8aa140000 - 0x00007ff8aa195000 	C:\Windows\System32\shlwapi.dll
0x00007ff8a8f00000 - 0x00007ff8a8f1f000 	C:\Windows\SYSTEM32\profapi.dll
0x00007ff89b930000 - 0x00007ff89b949000 	C:\Users\user\AppData\Local\Temp\Rar$EXa12212.28763\MCreator20231\jdk\bin\net.dll
0x00007ff8a1100000 - 0x00007ff8a120a000 	C:\Windows\SYSTEM32\WINHTTP.dll
0x00007ff8a8730000 - 0x00007ff8a879a000 	C:\Windows\system32\mswsock.dll
0x00007ff89b900000 - 0x00007ff89b915000 	C:\Users\user\AppData\Local\Temp\Rar$EXa12212.28763\MCreator20231\jdk\bin\nio.dll
0x00007ff89a730000 - 0x00007ff89a748000 	C:\Users\user\AppData\Local\Temp\Rar$EXa12212.28763\MCreator20231\jdk\bin\zip.dll
0x00007ff899fd0000 - 0x00007ff899fe0000 	C:\Users\user\AppData\Local\Temp\Rar$EXa12212.28763\MCreator20231\jdk\bin\verify.dll
0x00007ff89a8a0000 - 0x00007ff89a8a9000 	C:\Users\user\AppData\Local\Temp\Rar$EXa12212.28763\MCreator20231\jdk\bin\management.dll
0x00007ff89a6a0000 - 0x00007ff89a6ab000 	C:\Users\user\AppData\Local\Temp\Rar$EXa12212.28763\MCreator20231\jdk\bin\management_ext.dll
0x00007ff8aa400000 - 0x00007ff8aa408000 	C:\Windows\System32\PSAPI.DLL
0x00007ff890720000 - 0x00007ff890737000 	C:\Windows\system32\napinsp.dll
0x00007ff890700000 - 0x00007ff89071b000 	C:\Windows\system32\pnrpnsp.dll
0x00007ff8906e0000 - 0x00007ff8906f5000 	C:\Windows\system32\wshbth.dll
0x00007ff8a2400000 - 0x00007ff8a241d000 	C:\Windows\system32\NLAapi.dll
0x00007ff8a8400000 - 0x00007ff8a843c000 	C:\Windows\SYSTEM32\IPHLPAPI.DLL
0x00007ff8a8440000 - 0x00007ff8a850b000 	C:\Windows\SYSTEM32\DNSAPI.dll
0x00007ff8aa5e0000 - 0x00007ff8aa5e8000 	C:\Windows\System32\NSI.dll
0x00007ff8906c0000 - 0x00007ff8906d2000 	C:\Windows\System32\winrnr.dll
0x00007ff8a0780000 - 0x00007ff8a078a000 	C:\Windows\System32\rasadhlp.dll
0x00007ff89fbb0000 - 0x00007ff89fc30000 	C:\Windows\System32\fwpuclnt.dll
0x00007ff8a9170000 - 0x00007ff8a9197000 	C:\Windows\System32\bcrypt.dll
0x00007ff8a8980000 - 0x00007ff8a8998000 	C:\Windows\SYSTEM32\CRYPTSP.dll
0x00007ff8a7fc0000 - 0x00007ff8a7ff4000 	C:\Windows\system32\rsaenh.dll
0x00007ff8a8ec0000 - 0x00007ff8a8eee000 	C:\Windows\SYSTEM32\USERENV.dll
0x00007ff8a8970000 - 0x00007ff8a897c000 	C:\Windows\SYSTEM32\CRYPTBASE.dll
0x00007ff8a2420000 - 0x00007ff8a2437000 	C:\Windows\SYSTEM32\dhcpcsvc6.DLL
0x00007ff8a23e0000 - 0x00007ff8a23fd000 	C:\Windows\SYSTEM32\dhcpcsvc.DLL
0x00007ff8a43d0000 - 0x00007ff8a4415000 	C:\Users\user\AppData\Local\Temp\jna-1821864651\jna2552643863193302174.dll
0x00007ff8aa4b0000 - 0x00007ff8aa5da000 	C:\Windows\System32\Ole32.dll
0x00007ff8aa1a0000 - 0x00007ff8aa249000 	C:\Windows\System32\clbcatq.dll
0x00007ff8aa6a0000 - 0x00007ff8aa76d000 	C:\Windows\System32\OleAut32.dll
0x00007ff88e4c0000 - 0x00007ff88e4df000 	C:\Windows\SYSTEM32\amsi.dll
0x00007ff88e410000 - 0x00007ff88e48b000 	C:\ProgramData\Microsoft\Windows Defender\Platform\4.18.2304.8-0\MpOav.dll
0x00007ff8838a0000 - 0x00007ff8838e9000 	C:\Windows\SYSTEM32\Pdh.dll
0x00007ff8a3e40000 - 0x00007ff8a3e4f000 	C:\Windows\System32\perfos.dll
0x00007ff8a4350000 - 0x00007ff8a43c5000 	C:\Users\user\AppData\Local\Temp\lwjglJackson Glaz\3.3.1-build-7\lwjgl.dll
0x00007ff89b220000 - 0x00007ff89b479000 	C:\Users\user\AppData\Local\Temp\lwjglJackson Glaz\3.3.1-build-7\jemalloc.dll
0x00007ff89b700000 - 0x00007ff89b761000 	C:\Users\user\AppData\Local\Temp\lwjglJackson Glaz\3.3.1-build-7\glfw.dll
0x00007ff89b6b0000 - 0x00007ff89b6f5000 	C:\Windows\SYSTEM32\dinput8.dll
0x00007ff8899b0000 - 0x00007ff8899c1000 	C:\Windows\SYSTEM32\xinput1_4.dll
0x00007ff8a9230000 - 0x00007ff8a927e000 	C:\Windows\System32\cfgmgr32.dll
0x00007ff8a8d70000 - 0x00007ff8a8d9c000 	C:\Windows\SYSTEM32\DEVOBJ.dll
0x00007ff897b00000 - 0x00007ff897c52000 	C:\Windows\SYSTEM32\inputhost.dll
0x00007ff8a4d90000 - 0x00007ff8a4ee4000 	C:\Windows\SYSTEM32\wintypes.dll
0x00007ff8a57c0000 - 0x00007ff8a58b2000 	C:\Windows\SYSTEM32\CoreMessaging.dll
0x00007ff8a4430000 - 0x00007ff8a4526000 	C:\Windows\SYSTEM32\PROPSYS.dll
0x00007ff8a5460000 - 0x00007ff8a57be000 	C:\Windows\SYSTEM32\CoreUIComponents.dll
0x00007ff8a80e0000 - 0x00007ff8a8113000 	C:\Windows\SYSTEM32\ntmarta.dll
0x00007ff8a5ee0000 - 0x00007ff8a5f0f000 	C:\Windows\SYSTEM32\dwmapi.dll
0x00007ff8a5b30000 - 0x00007ff8a5bce000 	C:\Windows\system32\uxtheme.dll
0x00007ff8ab670000 - 0x00007ff8ab784000 	C:\Windows\System32\MSCTF.dll
0x00007ff889090000 - 0x00007ff8891b5000 	C:\Windows\SYSTEM32\opengl32.dll
0x00007ff889040000 - 0x00007ff88906c000 	C:\Windows\SYSTEM32\GLU32.dll
0x00007ff8a3ed0000 - 0x00007ff8a3efd000 	C:\Windows\System32\DriverStore\FileRepository\u0390451.inf_amd64_39377efdd62734d1\B390182\atig6pxx.dll
0x00007ff807af0000 - 0x00007ff80b725000 	C:\Windows\System32\DriverStore\FileRepository\u0390451.inf_amd64_39377efdd62734d1\B390182\atio6axx.dll
0x00007ff8aa990000 - 0x00007ff8aadf8000 	C:\Windows\System32\SETUPAPI.dll
0x00007ff8a9390000 - 0x00007ff8a93f7000 	C:\Windows\System32\WINTRUST.dll
0x00007ff8a94a0000 - 0x00007ff8a95f6000 	C:\Windows\System32\CRYPT32.dll
0x00007ff8a8bb0000 - 0x00007ff8a8bc2000 	C:\Windows\SYSTEM32\MSASN1.dll

dbghelp: loaded successfully - version: 4.0.5 - missing functions: none
symbol engine: initialized successfully - sym options: 0x614 - pdb path: .;C:\Users\user\AppData\Local\Temp\Rar$EXa12212.28763\MCreator20231\jdk\bin;C:\Windows\SYSTEM32;C:\Windows\WinSxS\amd64_microsoft.windows.common-controls_6595b64144ccf1df_6.0.19041.1110_none_60b5254171f9507e;C:\Users\user\AppData\Local\Temp\Rar$EXa12212.28763\MCreator20231\jdk\bin\server;C:\Users\user\AppData\Local\Temp\jna-1821864651;C:\ProgramData\Microsoft\Windows Defender\Platform\4.18.2304.8-0;C:\Users\user\AppData\Local\Temp\lwjglJackson Glaz\3.3.1-build-7;C:\Windows\System32\DriverStore\FileRepository\u0390451.inf_amd64_39377efdd62734d1\B390182

VM Arguments:
jvm_args: -Dforge.enableGameTest=true -Dforge.logging.console.level=debug -Dforge.logging.markers=REGISTRIES -DignoreList=bootstraplauncher,securejarhandler,asm-commons,asm-util,asm-analysis,asm-tree,asm,JarJarFileSystems,client-extra,fmlcore,javafmllanguage,lowcodelanguage,mclanguage,forge- -Djava.net.preferIPv6Addresses=system -DlegacyClassPath.file=C:\Users\user\MCreatorWorkspaces\minecraft_backlog_updates_fix\build\classpath\runClient_minecraftClasspath.txt -DmergeModules=jna-5.10.0.jar,jna-platform-5.10.0.jar -Dos.version=10.0 --module-path=C:\Users\user\.mcreator\gradle\caches\modules-2\files-2.1\cpw.mods\bootstraplauncher\1.1.2\c546e00443d8432cda6baa1c860346980742628\bootstraplauncher-1.1.2.jar;C:\Users\user\.mcreator\gradle\caches\modules-2\files-2.1\cpw.mods\securejarhandler\2.1.4\f47e3b9dd860a7b82154b8f90a650ffd0aaa5582\securejarhandler-2.1.4.jar;C:\Users\user\.mcreator\gradle\caches\modules-2\files-2.1\org.ow2.asm\asm-commons\9.3\1f2a432d1212f5c352ae607d7b61dcae20c20af5\asm-commons-9.3.jar;C:\Users\user\.mcreator\gradle\caches\modules-2\files-2.1\org.ow2.asm\asm-util\9.3\9595bc05510d0bd4b610188b77333fe4851a1975\asm-util-9.3.jar;C:\Users\user\.mcreator\gradle\caches\modules-2\files-2.1\org.ow2.asm\asm-analysis\9.3\4b071f211b37c38e0e9f5998550197c8593f6ad8\asm-analysis-9.3.jar;C:\Users\user\.mcreator\gradle\caches\modules-2\files-2.1\org.ow2.asm\asm-tree\9.3\78d2ecd61318b5a58cd04fb237636c0e86b77d97\asm-tree-9.3.jar;C:\Users\user\.mcreator\gradle\caches\modules-2\files-2.1\org.ow2.asm\asm\9.3\8e6300ef51c1d801a7ed62d07cd221aca3a90640\asm-9.3.jar;C:\Users\user\.mcreator\gradle\caches\modules-2\files-2.1\net.minecraftforge\JarJarFileSystems\0.3.16\e52afbb2599dc7c6f779efea0496d32fc01152e3\JarJarFileSystems-0.3.16.jar --add-modules=ALL-MODULE-PATH --add-opens=java.base/java.util.jar=cpw.mods.securejarhandler --add-opens=java.base/java.lang.invoke=cpw.mods.securejarhandler --add-exports=java.base/sun.security.util=cpw.mods.securejarhandler --add-exports=jdk.naming.dns/com.sun.jndi.dns=java.naming -XX:HeapDumpPath=MojangTricksIntelDriversForPerformance_javaw.exe_minecraft.exe.heapdump -Dos.name=Windows 10 -Dfile.encoding=UTF-8 -Duser.country=US -Duser.language=en -Duser.variant 
java_command: cpw.mods.bootstraplauncher.BootstrapLauncher --launchTarget forgeclientuserdev --version MOD_DEV --assetIndex 1.19 --assetsDir C:\Users\user\.mcreator\gradle\caches\forge_gradle\assets --gameDir . --fml.forgeVersion 43.2.0 --fml.mcVersion 1.19.2 --fml.forgeGroup net.minecraftforge --fml.mcpVersion 20220805.130853
java_class_path (initial): C:\Users\user\MCreatorWorkspaces\minecraft_backlog_updates_fix\build\classes\java\main;C:\Users\user\MCreatorWorkspaces\minecraft_backlog_updates_fix\build\resources\main;C:\Users\user\.mcreator\gradle\caches\forge_gradle\minecraft_user_repo\net\minecraftforge\forge\1.19.2-43.2.0_mapped_official_1.19.2\forge-1.19.2-43.2.0_mapped_official_1.19.2-recomp.jar;C:\Users\user\.mcreator\gradle\caches\forge_gradle\minecraft_repo\versions\1.19.2\client-extra.jar;C:\Users\user\.mcreator\gradle\caches\modules-2\files-2.1\net.minecraftforge\javafmllanguage\1.19.2-43.2.0\5713dfd49576886a7ffc353f14f067ad42369592\javafmllanguage-1.19.2-43.2.0.jar;C:\Users\user\.mcreator\gradle\caches\modules-2\files-2.1\net.minecraftforge\lowcodelanguage\1.19.2-43.2.0\51c88985dd125457fb8b6c2c58a4f3b9349a6b57\lowcodelanguage-1.19.2-43.2.0.jar;C:\Users\user\.mcreator\gradle\caches\modules-2\files-2.1\net.minecraftforge\mclanguage\1.19.2-43.2.0\f4fa83ef8129c7f7cc5847fbafb07f7ae86c1bb\mclanguage-1.19.2-43.2.0.jar;C:\Users\user\.mcreator\gradle\caches\modules-2\files-2.1\net.minecraftforge\fmlcore\1.19.2-43.2.0\d4dcb5b809b7f035ac22b058941cf81f84451545\fmlcore-1.19.2-43.2.0.jar;C:\Users\user\.mcreator\gradle\caches\modules-2\files-2.1\net.minecraftforge\fmlloader\1.19.2-43.2.0\3e6e8b7b5e1dbc6ee01a20f74675f223b64c7847\fmlloader-1.19.2-43.2.0.jar;C:\Users\user\.mcreator\gradle\caches\modules-2\files-2.1\net.minecraftforge\JarJarSelector\0.3.16\2a31421fb5e267249da103a644f23afb43d158af\JarJarSelector-0.3.16.jar;C:\Users\user\.mcreator\gradle\caches\modules-2\files-2.1\net.minecraftforge\JarJarMetadata\0.3.16\f62c8c898dffc8666f5097a8587ed72095e8e83a\JarJarMetadata-0.3.16.jar;C:\Users\user\.mcreator\gradle\caches\modules-2\files-2.1\com.google.guava\guava\31.0.1-jre\119ea2b2bc205b138974d351777b20f02b92704b\guava-31.0.1-jre.jar;C:\Users\user\.mcreator\gradle\caches\modules-2\files-2.1\com.google.code.findbugs\jsr305\3.0.2\25ea2e8b0c338a877313bd4672d3fe056ea78f0d\jsr305-3.0.2.jar;C:\
Launcher Type: SUN_STANDARD

[Global flags]
     intx CICompilerCount                          = 12                                        {product} {ergonomic}
     uint ConcGCThreads                            = 3                                         {product} {ergonomic}
     uint G1ConcRefinementThreads                  = 13                                        {product} {ergonomic}
   size_t G1HeapRegionSize                         = 4194304                                   {product} {ergonomic}
    uintx GCDrainStackTargetSize                   = 64                                        {product} {ergonomic}
    ccstr HeapDumpPath                             = MojangTricksIntelDriversForPerformance_javaw.exe_minecraft.exe.heapdump         {manageable} {command line}
   size_t InitialHeapSize                          = 402653184                                 {product} {ergonomic}
   size_t MarkStackSize                            = 4194304                                   {product} {ergonomic}
   size_t MaxHeapSize                              = 6421479424                                {product} {ergonomic}
   size_t MaxNewSize                               = 3850371072                                {product} {ergonomic}
   size_t MinHeapDeltaBytes                        = 4194304                                   {product} {ergonomic}
   size_t MinHeapSize                              = 8388608                                   {product} {ergonomic}
    uintx NonNMethodCodeHeapSize                   = 7602480                                {pd product} {ergonomic}
    uintx NonProfiledCodeHeapSize                  = 122027880                              {pd product} {ergonomic}
    uintx ProfiledCodeHeapSize                     = 122027880                              {pd product} {ergonomic}
    uintx ReservedCodeCacheSize                    = 251658240                              {pd product} {ergonomic}
     bool SegmentedCodeCache                       = true                                      {product} {ergonomic}
   size_t SoftMaxHeapSize                          = 6421479424                             {manageable} {ergonomic}
     bool UseCompressedClassPointers               = true                           {product lp64_product} {ergonomic}
     bool UseCompressedOops                        = true                           {product lp64_product} {ergonomic}
     bool UseG1GC                                  = true                                      {product} {ergonomic}
     bool UseLargePagesIndividualAllocation        = false                                  {pd product} {ergonomic}

Logging:
Log output configuration:
 #0: stdout all=warning uptime,level,tags
 #1: stderr all=off uptime,level,tags

Environment Variables:
JAVA_HOME=C:\Users\user\AppData\Local\Temp\Rar$EXa12212.28763\MCreator20231\jdk
PATH=C:\Program Files\WinRAR;C:\Program Files\Common Files\Oracle\Java\javapath;C:\Program Files (x86)\Common Files\Oracle\Java\javapath;C:\Program Files (x86)\Razer Chroma SDK\bin;C:\Program Files\Razer Chroma SDK\bin;C:\Program Files (x86)\Razer\ChromaBroadcast\bin;C:\Program Files\Razer\ChromaBroadcast\bin;C:\Program Files (x86)\NVIDIA Corporation\PhysX\Common;C:\ProgramData\Oracle\Java\javapath;C:\WINDOWS\system32;C:\WINDOWS;C:\WINDOWS\System32\Wbem;C:\WINDOWS\System32\WindowsPowerShell\v1.0\;C:\WINDOWS\System32\OpenSSH\;C:\Windows\system32;C:\Windows;C:\Windows\System32\Wbem;C:\Windows\System32\WindowsPowerShell\v1.0\;C:\Windows\System32\OpenSSH\;C:\Windows\system32\config\systemprofile\AppData\Local\Microsoft\WindowsApps;C:\Program Files\Microsoft SQL Server\120\Tools\Binn\;C:\Program Files\Common Files\Autodesk Shared\;C:\Program Files\dotnet\;C:\Users\user\AppData\Local\Microsoft\WindowsApps;;C:\Users\user\AppData\Local\Programs\Microsoft VS Code\bin;C:\Users\user\AppData\Local\Temp\Rar$EXa12212.28763\MCreator20231\jdk\bin
USERNAME=Jackson Glaz
OS=Windows_NT
PROCESSOR_IDENTIFIER=AMD64 Family 25 Model 33 Stepping 0, AuthenticAMD
TMP=C:\Users\user\AppData\Local\Temp
TEMP=C:\Users\user\AppData\Local\Temp



---------------  S Y S T E M  ---------------

OS:
 Windows 10 , 64 bit Build 19041 (10.0.19041.2788)
OS uptime: 5 days 12:08 hours

CPU: total 16 (initial active 16) (16 cores per cpu, 2 threads per core) family 25 model 33 stepping 0 microcode 0x0, cx8, cmov, fxsr, ht, mmx, 3dnowpref, sse, sse2, sse3, ssse3, sse4a, sse4.1, sse4.2, popcnt, lzcnt, tsc, tscinvbit, avx, avx2, aes, erms, clmul, bmi1, bmi2, adx, sha, fma, vzeroupper, clflush, clflushopt

Memory: 4k page, system-wide physical 24487M (9722M free)
TotalPageFile size 33570M (AvailPageFile size 11097M)
current process WorkingSet (physical memory assigned to process): 650M, peak: 674M
current process commit charge ("private bytes"): 776M, peak: 810M

vm_info: OpenJDK 64-Bit Server VM (17.0.5+8) for windows-amd64 JRE (17.0.5+8), built on Oct 19 2022 04:48:13 by "temurin" with MS VC++ 16.7 (VS2019)

END.
