#
# A fatal error has been detected by the Java Runtime Environment:
#
#  EXCEPTION_ACCESS_VIOLATION (0xc0000005) at pc=0x00007ff807c82b60, pid=28952, tid=23472
#
# JRE version: OpenJDK Runtime Environment Temurin-17.0.5+8 (17.0.5+8) (build 17.0.5+8)
# Java VM: OpenJDK 64-Bit Server VM Temurin-17.0.5+8 (17.0.5+8, mixed mode, sharing, tiered, compressed oops, compressed class ptrs, g1 gc, windows-amd64)
# Problematic frame:
# C  [atio6axx.dll+0x192b60]
#
# No core dump will be written. Minidumps are not enabled by default on client versions of Windows
#
# If you would like to submit a bug report, please visit:
#   https://github.com/adoptium/adoptium-support/issues
# The crash happened outside the Java Virtual Machine in native code.
# See problematic frame for where to report the bug.
#

---------------  S U M M A R Y ------------

Command Line: -Dforge.enableGameTest=true -Dforge.logging.console.level=debug -Dforge.logging.markers=REGISTRIES -DignoreList=bootstraplauncher,securejarhandler,asm-commons,asm-util,asm-analysis,asm-tree,asm,JarJarFileSystems,client-extra,fmlcore,javafmllanguage,lowcodelanguage,mclanguage,forge- -Djava.net.preferIPv6Addresses=system -DlegacyClassPath.file=C:\Users\user\MCreatorWorkspaces\minecraft_backlog_updates_fix\build\classpath\runClient_minecraftClasspath.txt -DmergeModules=jna-5.10.0.jar,jna-platform-5.10.0.jar -Dos.version=10.0 --module-path=C:\Users\user\.mcreator\gradle\caches\modules-2\files-2.1\cpw.mods\bootstraplauncher\1.1.2\c546e00443d8432cda6baa1c860346980742628\bootstraplauncher-1.1.2.jar;C:\Users\user\.mcreator\gradle\caches\modules-2\files-2.1\cpw.mods\securejarhandler\2.1.4\f47e3b9dd860a7b82154b8f90a650ffd0aaa5582\securejarhandler-2.1.4.jar;C:\Users\user\.mcreator\gradle\caches\modules-2\files-2.1\org.ow2.asm\asm-commons\9.3\1f2a432d1212f5c352ae607d7b61dcae20c20af5\asm-commons-9.3.jar;C:\Users\user\.mcreator\gradle\caches\modules-2\files-2.1\org.ow2.asm\asm-util\9.3\9595bc05510d0bd4b610188b77333fe4851a1975\asm-util-9.3.jar;C:\Users\user\.mcreator\gradle\caches\modules-2\files-2.1\org.ow2.asm\asm-analysis\9.3\4b071f211b37c38e0e9f5998550197c8593f6ad8\asm-analysis-9.3.jar;C:\Users\user\.mcreator\gradle\caches\modules-2\files-2.1\org.ow2.asm\asm-tree\9.3\78d2ecd61318b5a58cd04fb237636c0e86b77d97\asm-tree-9.3.jar;C:\Users\user\.mcreator\gradle\caches\modules-2\files-2.1\org.ow2.asm\asm\9.3\8e6300ef51c1d801a7ed62d07cd221aca3a90640\asm-9.3.jar;C:\Users\user\.mcreator\gradle\caches\modules-2\files-2.1\net.minecraftforge\JarJarFileSystems\0.3.16\e52afbb2599dc7c6f779efea0496d32fc01152e3\JarJarFileSystems-0.3.16.jar --add-modules=ALL-MODULE-PATH --add-opens=java.base/java.util.jar=cpw.mods.securejarhandler --add-opens=java.base/java.lang.invoke=cpw.mods.securejarhandler --add-exports=java.base/sun.security.util=cpw.mods.securejarhandler --add-exports=jdk.naming.dns/com.sun.jndi.dns=java.naming -XX:HeapDumpPath=MojangTricksIntelDriversForPerformance_javaw.exe_minecraft.exe.heapdump -Dos.name=Windows 10 -Dfile.encoding=UTF-8 -Duser.country=US -Duser.language=en -Duser.variant cpw.mods.bootstraplauncher.BootstrapLauncher --launchTarget forgeclientuserdev --version MOD_DEV --assetIndex 1.19 --assetsDir C:\Users\user\.mcreator\gradle\caches\forge_gradle\assets --gameDir . --fml.forgeVersion 43.2.0 --fml.mcVersion 1.19.2 --fml.forgeGroup net.minecraftforge --fml.mcpVersion 20220805.130853

Host: AMD Ryzen 7 5800X 8-Core Processor             , 16 cores, 23G,  Windows 10 , 64 bit Build 19041 (10.0.19041.2788)
Time: Thu May 11 22:01:39 2023 Central Daylight Time elapsed time: 7.374123 seconds (0d 0h 0m 7s)

---------------  T H R E A D  ---------------

Current thread (0x000001e829070680):  JavaThread "Render thread" [_thread_in_native, id=23472, stack(0x00000041ed400000,0x00000041ed500000)]

Stack: [0x00000041ed400000,0x00000041ed500000],  sp=0x00000041ed4fa648,  free space=1001k
Native frames: (J=compiled Java code, j=interpreted, Vv=VM code, C=native code)
C  [atio6axx.dll+0x192b60]

Java frames: (J=compiled Java code, j=interpreted, Vv=VM code)
j  org.lwjgl.system.JNI.invokePPPP(IIJJJJ)J+0 org.lwjgl@3.3.1+7
j  org.lwjgl.glfw.GLFW.nglfwCreateWindow(IIJJJ)J+14 org.lwjgl.glfw@3.3.1+7
j  org.lwjgl.glfw.GLFW.glfwCreateWindow(IILjava/lang/CharSequence;JJ)J+34 org.lwjgl.glfw@3.3.1+7
j  net.minecraftforge.client.loading.NoVizFallback.lambda$fallback$0(Ljava/util/function/IntSupplier;Ljava/util/function/IntSupplier;Ljava/util/function/Supplier;Ljava/util/function/LongSupplier;)J+28 forge@43.2.0
j  net.minecraftforge.client.loading.NoVizFallback$$Lambda$4186+0x00000008015fb1c0.getAsLong()J+16 forge@43.2.0
j  net.minecraftforge.fml.loading.progress.EarlyProgressVisualization$Visualization$$Lambda$4187+0x00000008015ff3f0.apply(Ljava/lang/Object;)Ljava/lang/Object;+4 fmlloader@1.19.2-43.2.0
J 2847 c2 java.util.Optional.map(Ljava/util/function/Function;)Ljava/util/Optional; java.base@17.0.5 (30 bytes) @ 0x000001e83a07c2fc [0x000001e83a07c2a0+0x000000000000005c]
j  net.minecraftforge.fml.loading.progress.EarlyProgressVisualization$Visualization.handOffWindow(Ljava/util/function/IntSupplier;Ljava/util/function/IntSupplier;Ljava/util/function/Supplier;Ljava/util/function/LongSupplier;)J+48 fmlloader@1.19.2-43.2.0
j  net.minecraftforge.fml.loading.progress.EarlyProgressVisualization.handOffWindow(Ljava/util/function/IntSupplier;Ljava/util/function/IntSupplier;Ljava/util/function/Supplier;Ljava/util/function/LongSupplier;)J+9 fmlloader@1.19.2-43.2.0
j  com.mojang.blaze3d.platform.Window.<init>(Lcom/mojang/blaze3d/platform/WindowEventHandler;Lcom/mojang/blaze3d/platform/ScreenManager;Lcom/mojang/blaze3d/platform/DisplayData;Ljava/lang/String;Ljava/lang/String;)V+279 minecraft@1.19.2
j  net.minecraft.client.renderer.VirtualScreen.newWindow(Lcom/mojang/blaze3d/platform/DisplayData;Ljava/lang/String;Ljava/lang/String;)Lcom/mojang/blaze3d/platform/Window;+15 minecraft@1.19.2
j  net.minecraft.client.Minecraft.<init>(Lnet/minecraft/client/main/GameConfig;)V+723 minecraft@1.19.2
j  net.minecraft.client.main.Main.run([Ljava/lang/String;Z)V+1356 minecraft@1.19.2
j  net.minecraft.client.main.Main.main([Ljava/lang/String;)V+12 minecraft@1.19.2
v  ~StubRoutines::call_stub
j  jdk.internal.reflect.NativeMethodAccessorImpl.invoke0(Ljava/lang/reflect/Method;Ljava/lang/Object;[Ljava/lang/Object;)Ljava/lang/Object;+0 java.base@17.0.5
j  jdk.internal.reflect.NativeMethodAccessorImpl.invoke(Ljava/lang/Object;[Ljava/lang/Object;)Ljava/lang/Object;+133 java.base@17.0.5
j  jdk.internal.reflect.DelegatingMethodAccessorImpl.invoke(Ljava/lang/Object;[Ljava/lang/Object;)Ljava/lang/Object;+6 java.base@17.0.5
j  java.lang.reflect.Method.invoke(Ljava/lang/Object;[Ljava/lang/Object;)Ljava/lang/Object;+59 java.base@17.0.5
j  net.minecraftforge.fml.loading.targets.ForgeClientUserdevLaunchHandler.lambda$launchService$0([Ljava/lang/String;Ljava/lang/ModuleLayer;)V+47 fmlloader@1.19.2-43.2.0
j  net.minecraftforge.fml.loading.targets.ForgeClientUserdevLaunchHandler$$Lambda$857+0x0000000800faf708.run()V+12 fmlloader@1.19.2-43.2.0
j  cpw.mods.modlauncher.LaunchServiceHandlerDecorator.launch([Ljava/lang/String;Ljava/lang/ModuleLayer;)V+11 cpw.mods.modlauncher@10.0.8
j  cpw.mods.modlauncher.LaunchServiceHandler.launch(Ljava/lang/String;[Ljava/lang/String;Ljava/lang/ModuleLayer;Lcpw/mods/modlauncher/TransformingClassLoader;Lcpw/mods/modlauncher/LaunchPluginHandler;)V+58 cpw.mods.modlauncher@10.0.8
j  cpw.mods.modlauncher.LaunchServiceHandler.launch(Lcpw/mods/modlauncher/ArgumentHandler;Ljava/lang/ModuleLayer;Lcpw/mods/modlauncher/TransformingClassLoader;Lcpw/mods/modlauncher/LaunchPluginHandler;)V+21 cpw.mods.modlauncher@10.0.8
j  cpw.mods.modlauncher.Launcher.run([Ljava/lang/String;)V+310 cpw.mods.modlauncher@10.0.8
j  cpw.mods.modlauncher.Launcher.main([Ljava/lang/String;)V+78 cpw.mods.modlauncher@10.0.8
j  cpw.mods.modlauncher.BootstrapLaunchConsumer.accept([Ljava/lang/String;)V+1 cpw.mods.modlauncher@10.0.8
j  cpw.mods.modlauncher.BootstrapLaunchConsumer.accept(Ljava/lang/Object;)V+5 cpw.mods.modlauncher@10.0.8
j  cpw.mods.bootstraplauncher.BootstrapLauncher.main([Ljava/lang/String;)V+515 cpw.mods.bootstraplauncher@1.1.2
v  ~StubRoutines::call_stub

siginfo: EXCEPTION_ACCESS_VIOLATION (0xc0000005), reading address 0xffffffffffffffff


Register to memory mapping:

RIP=0x00007ff807c82b60 atio6axx.dll
RAX=0x0 is NULL
RBX=0x00007ff80b4c33b0 atio6axx.dll
RCX=0x612e67726f5c312e is an unknown value
RDX=0x00000000000000d1 is an unknown value
RSP=0x00000041ed4fa648 is pointing into the stack for thread: 0x000001e829070680
RBP=0x00000041ed4fa7b0 is pointing into the stack for thread: 0x000001e829070680
RSI=0x00007ff80b3d2d40 atio6axx.dll
RDI=0x00000041ed4faaa0 is pointing into the stack for thread: 0x000001e829070680
R8 =0x00000000000001a5 is an unknown value
R9 =0x612e67726f5c312e is an unknown value
R10=0x0 is NULL
R11=0x0000000000000200 is an unknown value
R12=0x00007ff80b4c3408 atio6axx.dll
R13=0x00007ff80b4c5c08 atio6axx.dll
R14=0x00007ff80b4c33b0 atio6axx.dll
R15=0x0 is NULL


Registers:
RAX=0x0000000000000000, RBX=0x00007ff80b4c33b0, RCX=0x612e67726f5c312e, RDX=0x00000000000000d1
RSP=0x00000041ed4fa648, RBP=0x00000041ed4fa7b0, RSI=0x00007ff80b3d2d40, RDI=0x00000041ed4faaa0
R8 =0x00000000000001a5, R9 =0x612e67726f5c312e, R10=0x0000000000000000, R11=0x0000000000000200
R12=0x00007ff80b4c3408, R13=0x00007ff80b4c5c08, R14=0x00007ff80b4c33b0, R15=0x0000000000000000
RIP=0x00007ff807c82b60, EFLAGS=0x0000000000010206

Top of Stack: (sp=0x00000041ed4fa648)
0x00000041ed4fa648:   00007ff807c82e7c 00007ff80b4c6020
0x00000041ed4fa658:   000001e856ca97d8 0000000000000000
0x00000041ed4fa668:   00007ff807c83e8d 00000041ed4faaa0
0x00000041ed4fa678:   00007ff807c3f484 00007ff80b4c33b0
0x00000041ed4fa688:   00007ff80b3d2d40 0000652e6176616a
0x00000041ed4fa698:   0000eeccfa0d998a 00000041ed4faaa0
0x00000041ed4fa6a8:   00007ff807c40457 00007ff80b4c33b8
0x00000041ed4fa6b8:   00007ff80b3d2d40 00007ff80b3d2d40
0x00000041ed4fa6c8:   000001e855023dfc 00007ff80b4c33b0
0x00000041ed4fa6d8:   00007ff800000000 0000000000000009
0x00000041ed4fa6e8:   000001e855023fac 000001e855024108
0x00000041ed4fa6f8:   00007ff80b4c33b8 00000041ed4faaa0
0x00000041ed4fa708:   00000041ed4fa87a 00007f006176616a
0x00000041ed4fa718:   00007f006176616a 46676e697274535c
0x00000041ed4fa728:   5c6f666e49656c69 3062343039303430
0x00000041ed4fa738:   726556656c69465c 000000006e6f6973 

Instructions: (pc=0x00007ff807c82b60)
0x00007ff807c82a60:   74 09 33 c9 ff 15 e6 89 66 03 90 48 8b c3 48 83
0x00007ff807c82a70:   c4 20 5b c3 cc cc cc cc cc cc cc cc cc cc cc cc
0x00007ff807c82a80:   48 83 ec 28 48 8b 51 08 48 85 d2 74 09 33 c9 ff
0x00007ff807c82a90:   15 bb 89 66 03 90 48 83 c4 28 c3 cc cc cc cc cc
0x00007ff807c82aa0:   48 89 11 c3 cc cc cc cc cc cc cc cc cc cc cc cc
0x00007ff807c82ab0:   48 8b c1 c3 cc cc cc cc cc cc cc cc cc cc cc cc
0x00007ff807c82ac0:   48 3b ca 74 10 41 8b 00 39 01 74 09 48 83 c1 04
0x00007ff807c82ad0:   48 3b ca 75 f3 48 8b c1 c3 cc cc cc cc cc cc cc
0x00007ff807c82ae0:   48 8b c1 c3 cc cc cc cc cc cc cc cc cc cc cc cc
0x00007ff807c82af0:   48 83 39 00 0f 94 c0 c3 cc cc cc cc cc cc cc cc
0x00007ff807c82b00:   4c 8d 04 d5 00 00 00 00 33 d2 e9 c1 d0 dd 01 cc
0x00007ff807c82b10:   4c 8b 41 08 48 8b 02 49 89 00 48 83 41 08 08 c3
0x00007ff807c82b20:   48 8b c1 c3 cc cc cc cc cc cc cc cc cc cc cc cc
0x00007ff807c82b30:   48 8b c1 c3 cc cc cc cc cc cc cc cc cc cc cc cc
0x00007ff807c82b40:   49 8b 00 48 89 02 c3 cc cc cc cc cc cc cc cc cc
0x00007ff807c82b50:   8b 81 40 39 00 00 c3 cc cc cc cc cc cc cc cc cc
0x00007ff807c82b60:   8b 81 40 39 00 00 83 c0 f0 83 f8 67 0f 87 5a 01
0x00007ff807c82b70:   00 00 48 8d 15 87 d4 e6 ff 0f b6 84 02 f0 2c 19
0x00007ff807c82b80:   00 8b 8c 82 d0 2c 19 00 48 03 ca ff e1 48 8b 0d
0x00007ff807c82b90:   6c 6f 7e 03 83 b9 b4 34 00 00 02 0f 87 2b 01 00
0x00007ff807c82ba0:   00 48 8d 91 0c 29 00 00 c7 02 e1 00 00 00 e9 ce
0x00007ff807c82bb0:   00 00 00 48 8b 0d 46 6f 7e 03 83 b9 b4 34 00 00
0x00007ff807c82bc0:   02 0f 87 05 01 00 00 48 8d 91 0c 29 00 00 c7 02
0x00007ff807c82bd0:   f0 00 00 00 e9 a8 00 00 00 48 8b 0d 20 6f 7e 03
0x00007ff807c82be0:   83 b9 b4 34 00 00 02 0f 87 df 00 00 00 48 8d 91
0x00007ff807c82bf0:   0c 29 00 00 c7 02 00 04 00 00 e9 82 00 00 00 48
0x00007ff807c82c00:   8b 0d fa 6e 7e 03 83 b9 b4 34 00 00 02 0f 87 b9
0x00007ff807c82c10:   00 00 00 48 8d 91 0c 29 00 00 c7 02 00 08 00 00
0x00007ff807c82c20:   eb 5f 48 8b 0d d7 6e 7e 03 83 b9 b4 34 00 00 02
0x00007ff807c82c30:   0f 87 96 00 00 00 48 8d 91 0c 29 00 00 c7 02 00
0x00007ff807c82c40:   09 00 00 eb 3c 48 8b 0d b4 6e 7e 03 83 b9 b4 34
0x00007ff807c82c50:   00 00 02 77 77 48 8d 91 0c 29 00 00 c7 02 3c 0f 


Stack slot to memory mapping:
stack at sp + 0 slots: 0x00007ff807c82e7c atio6axx.dll
stack at sp + 1 slots: 0x00007ff80b4c6020 atio6axx.dll
stack at sp + 2 slots: 0x000001e856ca97d8 points into unknown readable memory: 0x00007ff80accf5f0 | f0 f5 cc 0a f8 7f 00 00
stack at sp + 3 slots: 0x0 is NULL
stack at sp + 4 slots: 0x00007ff807c83e8d atio6axx.dll
stack at sp + 5 slots: 0x00000041ed4faaa0 is pointing into the stack for thread: 0x000001e829070680
stack at sp + 6 slots: 0x00007ff807c3f484 atio6axx.dll
stack at sp + 7 slots: 0x00007ff80b4c33b0 atio6axx.dll


---------------  P R O C E S S  ---------------

Threads class SMR info:
_java_thread_list=0x000001e858074bd0, length=24, elements={
0x000001e829070680, 0x000001e8536ad510, 0x000001e8536ae940, 0x000001e8536c64b0,
0x000001e8536c6f70, 0x000001e8536cc860, 0x000001e8536cd930, 0x000001e8536ce5d0,
0x000001e8536d0a00, 0x000001e8536d55d0, 0x000001e8536d7b30, 0x000001e8537d8ff0,
0x000001e85382d560, 0x000001e85382da70, 0x000001e85395a9c0, 0x000001e854942230,
0x000001e854962090, 0x000001e854a3e370, 0x000001e854a3e880, 0x000001e854a3f1a0,
0x000001e85561ce50, 0x000001e8552d3480, 0x000001e85966e3a0, 0x000001e85966ded0
}

Java Threads: ( => current thread )
=>0x000001e829070680 JavaThread "Render thread" [_thread_in_native, id=23472, stack(0x00000041ed400000,0x00000041ed500000)]
  0x000001e8536ad510 JavaThread "Reference Handler" daemon [_thread_blocked, id=2200, stack(0x00000041edb00000,0x00000041edc00000)]
  0x000001e8536ae940 JavaThread "Finalizer" daemon [_thread_blocked, id=27120, stack(0x00000041edc00000,0x00000041edd00000)]
  0x000001e8536c64b0 JavaThread "Signal Dispatcher" daemon [_thread_blocked, id=18284, stack(0x00000041edd00000,0x00000041ede00000)]
  0x000001e8536c6f70 JavaThread "Attach Listener" daemon [_thread_blocked, id=18668, stack(0x00000041ede00000,0x00000041edf00000)]
  0x000001e8536cc860 JavaThread "Service Thread" daemon [_thread_blocked, id=5736, stack(0x00000041edf00000,0x00000041ee000000)]
  0x000001e8536cd930 JavaThread "Monitor Deflation Thread" daemon [_thread_blocked, id=10012, stack(0x00000041ee000000,0x00000041ee100000)]
  0x000001e8536ce5d0 JavaThread "C2 CompilerThread0" daemon [_thread_blocked, id=636, stack(0x00000041ee100000,0x00000041ee200000)]
  0x000001e8536d0a00 JavaThread "C1 CompilerThread0" daemon [_thread_blocked, id=2564, stack(0x00000041ee200000,0x00000041ee300000)]
  0x000001e8536d55d0 JavaThread "Sweeper thread" daemon [_thread_blocked, id=27220, stack(0x00000041ee300000,0x00000041ee400000)]
  0x000001e8536d7b30 JavaThread "C1 CompilerThread1" daemon [_thread_blocked, id=28424, stack(0x00000041ee400000,0x00000041ee500000)]
  0x000001e8537d8ff0 JavaThread "Common-Cleaner" daemon [_thread_blocked, id=17776, stack(0x00000041ee500000,0x00000041ee600000)]
  0x000001e85382d560 JavaThread "C1 CompilerThread2" daemon [_thread_blocked, id=22696, stack(0x00000041ee600000,0x00000041ee700000)]
  0x000001e85382da70 JavaThread "C2 CompilerThread1" daemon [_thread_blocked, id=16176, stack(0x00000041ee700000,0x00000041ee800000)]
  0x000001e85395a9c0 JavaThread "Notification Thread" daemon [_thread_blocked, id=21156, stack(0x00000041ee800000,0x00000041ee900000)]
  0x000001e854942230 JavaThread "C1 CompilerThread3" daemon [_thread_blocked, id=16984, stack(0x00000041ef200000,0x00000041ef300000)]
  0x000001e854962090 JavaThread "C2 CompilerThread2" daemon [_thread_blocked, id=15940, stack(0x00000041ef300000,0x00000041ef400000)]
  0x000001e854a3e370 JavaThread "C2 CompilerThread3" daemon [_thread_blocked, id=20012, stack(0x00000041ef400000,0x00000041ef500000)]
  0x000001e854a3e880 JavaThread "C2 CompilerThread4" daemon [_thread_blocked, id=13684, stack(0x00000041ef500000,0x00000041ef600000)]
  0x000001e854a3f1a0 JavaThread "C2 CompilerThread5" daemon [_thread_blocked, id=21360, stack(0x00000041ef600000,0x00000041ef700000)]
  0x000001e85561ce50 JavaThread "Thread-0" daemon [_thread_blocked, id=20940, stack(0x00000041efb00000,0x00000041efc00000)]
  0x000001e8552d3480 JavaThread "FileSystemWatchService" daemon [_thread_in_native, id=7716, stack(0x00000041efc00000,0x00000041efd00000)]
  0x000001e85966e3a0 JavaThread "pool-2-thread-1" daemon [_thread_blocked, id=27736, stack(0x00000041f0000000,0x00000041f0100000)]
  0x000001e85966ded0 JavaThread "Timer hack thread" daemon [_thread_blocked, id=14700, stack(0x00000041efd00000,0x00000041efe00000)]

Other Threads:
  0x000001e8536aa410 VMThread "VM Thread" [stack: 0x00000041eda00000,0x00000041edb00000] [id=29124]
  0x000001e85397d700 WatcherThread [stack: 0x00000041ee900000,0x00000041eea00000] [id=7748]
  0x000001e8290fa930 GCTaskThread "GC Thread#0" [stack: 0x00000041ed500000,0x00000041ed600000] [id=16832]
  0x000001e854665620 GCTaskThread "GC Thread#1" [stack: 0x00000041eea00000,0x00000041eeb00000] [id=22288]
  0x000001e85469dff0 GCTaskThread "GC Thread#2" [stack: 0x00000041eeb00000,0x00000041eec00000] [id=24372]
  0x000001e854808d10 GCTaskThread "GC Thread#3" [stack: 0x00000041eec00000,0x00000041eed00000] [id=11092]
  0x000001e8548e2060 GCTaskThread "GC Thread#4" [stack: 0x00000041eed00000,0x00000041eee00000] [id=12648]
  0x000001e8548e2b20 GCTaskThread "GC Thread#5" [stack: 0x00000041eee00000,0x00000041eef00000] [id=9628]
  0x000001e8548e2dd0 GCTaskThread "GC Thread#6" [stack: 0x00000041eef00000,0x00000041ef000000] [id=26384]
  0x000001e8548e3080 GCTaskThread "GC Thread#7" [stack: 0x00000041ef000000,0x00000041ef100000] [id=2144]
  0x000001e854575750 GCTaskThread "GC Thread#8" [stack: 0x00000041ef100000,0x00000041ef200000] [id=22544]
  0x000001e85763fde0 GCTaskThread "GC Thread#9" [stack: 0x00000041ef700000,0x00000041ef800000] [id=22840]
  0x000001e857640090 GCTaskThread "GC Thread#10" [stack: 0x00000041ef800000,0x00000041ef900000] [id=8732]
  0x000001e8576408a0 GCTaskThread "GC Thread#11" [stack: 0x00000041ef900000,0x00000041efa00000] [id=28436]
  0x000001e8576405f0 GCTaskThread "GC Thread#12" [stack: 0x00000041efa00000,0x00000041efb00000] [id=1680]
  0x000001e8291076d0 ConcurrentGCThread "G1 Main Marker" [stack: 0x00000041ed600000,0x00000041ed700000] [id=9856]
  0x000001e829109000 ConcurrentGCThread "G1 Conc#0" [stack: 0x00000041ed700000,0x00000041ed800000] [id=26756]
  0x000001e857640e00 ConcurrentGCThread "G1 Conc#1" [stack: 0x00000041efe00000,0x00000041eff00000] [id=20844]
  0x000001e85763f880 ConcurrentGCThread "G1 Conc#2" [stack: 0x00000041eff00000,0x00000041f0000000] [id=29404]
  0x000001e8529b5c40 ConcurrentGCThread "G1 Refine#0" [stack: 0x00000041ed800000,0x00000041ed900000] [id=7164]
  0x000001e8529b7480 ConcurrentGCThread "G1 Service" [stack: 0x00000041ed900000,0x00000041eda00000] [id=15152]

Threads with active compile tasks:

VM state: not at safepoint (normal execution)

VM Mutex/Monitor currently owned by a thread: None

Heap address: 0x0000000681400000, size: 6124 MB, Compressed Oops mode: Zero based, Oop shift amount: 3

CDS archive(s) mapped at: [0x0000000800000000-0x0000000800bc0000-0x0000000800bc0000), size 12320768, SharedBaseAddress: 0x0000000800000000, ArchiveRelocationMode: 0.
Compressed class space mapped at: 0x0000000800c00000-0x0000000840c00000, reserved size: 1073741824
Narrow klass base: 0x0000000800000000, Narrow klass shift: 0, Narrow klass range: 0x100000000

GC Precious Log:
 CPUs: 16 total, 16 available
 Memory: 24487M
 Large Page Support: Disabled
 NUMA Support: Disabled
 Compressed Oops: Enabled (Zero based)
 Heap Region Size: 4M
 Heap Min Capacity: 8M
 Heap Initial Capacity: 384M
 Heap Max Capacity: 6124M
 Pre-touch: Disabled
 Parallel Workers: 13
 Concurrent Workers: 3
 Concurrent Refinement Workers: 13
 Periodic GC: Disabled

Heap:
 garbage-first heap   total 561152K, used 249012K [0x0000000681400000, 0x0000000800000000)
  region size 4096K, 35 young (143360K), 10 survivors (40960K)
 Metaspace       used 65093K, committed 66240K, reserved 1105920K
  class space    used 9778K, committed 10304K, reserved 1048576K

Heap Regions: E=young(eden), S=young(survivor), O=old, HS=humongous(starts), HC=humongous(continues), CS=collection set, F=free, OA=open archive, CA=closed archive, TAMS=top-at-mark-start (previous, next)
|   0|0x0000000681400000, 0x0000000681800000, 0x0000000681800000|100%| O|  |TAMS 0x0000000681800000, 0x0000000681400000| Untracked 
|   1|0x0000000681800000, 0x0000000681c00000, 0x0000000681c00000|100%| O|  |TAMS 0x0000000681c00000, 0x0000000681800000| Untracked 
|   2|0x0000000681c00000, 0x0000000682000000, 0x0000000682000000|100%| O|  |TAMS 0x0000000682000000, 0x0000000681c00000| Untracked 
|   3|0x0000000682000000, 0x0000000682400000, 0x0000000682400000|100%| O|  |TAMS 0x0000000682400000, 0x0000000682000000| Untracked 
|   4|0x0000000682400000, 0x0000000682800000, 0x0000000682800000|100%| O|  |TAMS 0x0000000682800000, 0x0000000682400000| Untracked 
|   5|0x0000000682800000, 0x0000000682c00000, 0x0000000682c00000|100%| O|  |TAMS 0x0000000682c00000, 0x0000000682800000| Untracked 
|   6|0x0000000682c00000, 0x0000000682ffe400, 0x0000000683000000| 99%| O|  |TAMS 0x0000000682ffe400, 0x0000000682c00000| Untracked 
|   7|0x0000000683000000, 0x0000000683400000, 0x0000000683400000|100%| O|  |TAMS 0x0000000683400000, 0x0000000683000000| Untracked 
|   8|0x0000000683400000, 0x0000000683800000, 0x0000000683800000|100%| O|  |TAMS 0x0000000683800000, 0x0000000683400000| Untracked 
|   9|0x0000000683800000, 0x0000000683c00000, 0x0000000683c00000|100%| O|  |TAMS 0x0000000683c00000, 0x0000000683800000| Untracked 
|  10|0x0000000683c00000, 0x0000000684000000, 0x0000000684000000|100%| O|  |TAMS 0x0000000684000000, 0x0000000683c00000| Untracked 
|  11|0x0000000684000000, 0x0000000684400000, 0x0000000684400000|100%| O|  |TAMS 0x0000000684400000, 0x0000000684000000| Untracked 
|  12|0x0000000684400000, 0x0000000684800000, 0x0000000684800000|100%| O|  |TAMS 0x0000000684800000, 0x0000000684400000| Untracked 
|  13|0x0000000684800000, 0x0000000684c00000, 0x0000000684c00000|100%| O|  |TAMS 0x0000000684c00000, 0x0000000684800000| Untracked 
|  14|0x0000000684c00000, 0x0000000685000000, 0x0000000685000000|100%| O|  |TAMS 0x0000000685000000, 0x0000000684c00000| Untracked 
|  15|0x0000000685000000, 0x0000000685400000, 0x0000000685400000|100%|HS|  |TAMS 0x0000000685400000, 0x0000000685000000| Complete 
|  16|0x0000000685400000, 0x0000000685800000, 0x0000000685800000|100%|HC|  |TAMS 0x0000000685800000, 0x0000000685400000| Complete 
|  17|0x0000000685800000, 0x0000000685c00000, 0x0000000685c00000|100%|HC|  |TAMS 0x0000000685c00000, 0x0000000685800000| Complete 
|  18|0x0000000685c00000, 0x0000000686000000, 0x0000000686000000|100%| O|  |TAMS 0x0000000686000000, 0x0000000685c00000| Untracked 
|  19|0x0000000686000000, 0x0000000686400000, 0x0000000686400000|100%| O|  |TAMS 0x0000000686400000, 0x0000000686000000| Untracked 
|  20|0x0000000686400000, 0x0000000686800000, 0x0000000686800000|100%| O|  |TAMS 0x0000000686800000, 0x0000000686400000| Untracked 
|  21|0x0000000686800000, 0x0000000686c00000, 0x0000000686c00000|100%| O|  |TAMS 0x0000000686c00000, 0x0000000686800000| Untracked 
|  22|0x0000000686c00000, 0x0000000687000000, 0x0000000687000000|100%| O|  |TAMS 0x0000000687000000, 0x0000000686c00000| Untracked 
|  23|0x0000000687000000, 0x0000000687400000, 0x0000000687400000|100%| O|  |TAMS 0x0000000687400000, 0x0000000687000000| Untracked 
|  24|0x0000000687400000, 0x0000000687800000, 0x0000000687800000|100%| O|  |TAMS 0x0000000687800000, 0x0000000687400000| Untracked 
|  25|0x0000000687800000, 0x0000000687c00000, 0x0000000687c00000|100%| O|  |TAMS 0x0000000687c00000, 0x0000000687800000| Untracked 
|  26|0x0000000687c00000, 0x0000000688000000, 0x0000000688000000|100%| O|  |TAMS 0x0000000688000000, 0x0000000687c00000| Untracked 
|  27|0x0000000688000000, 0x0000000688287000, 0x0000000688400000| 63%| O|  |TAMS 0x0000000688287000, 0x0000000688000000| Untracked 
|  28|0x0000000688400000, 0x0000000688400000, 0x0000000688800000|  0%| F|  |TAMS 0x0000000688400000, 0x0000000688400000| Untracked 
|  29|0x0000000688800000, 0x0000000688800000, 0x0000000688c00000|  0%| F|  |TAMS 0x0000000688800000, 0x0000000688800000| Untracked 
|  30|0x0000000688c00000, 0x0000000688c00000, 0x0000000689000000|  0%| F|  |TAMS 0x0000000688c00000, 0x0000000688c00000| Untracked 
|  31|0x0000000689000000, 0x0000000689000000, 0x0000000689400000|  0%| F|  |TAMS 0x0000000689000000, 0x0000000689000000| Untracked 
|  32|0x0000000689400000, 0x0000000689400000, 0x0000000689800000|  0%| F|  |TAMS 0x0000000689400000, 0x0000000689400000| Untracked 
|  33|0x0000000689800000, 0x0000000689800000, 0x0000000689c00000|  0%| F|  |TAMS 0x0000000689800000, 0x0000000689800000| Untracked 
|  34|0x0000000689c00000, 0x0000000689c00000, 0x000000068a000000|  0%| F|  |TAMS 0x0000000689c00000, 0x0000000689c00000| Untracked 
|  35|0x000000068a000000, 0x000000068a000000, 0x000000068a400000|  0%| F|  |TAMS 0x000000068a000000, 0x000000068a000000| Untracked 
|  36|0x000000068a400000, 0x000000068a400000, 0x000000068a800000|  0%| F|  |TAMS 0x000000068a400000, 0x000000068a400000| Untracked 
|  37|0x000000068a800000, 0x000000068a800000, 0x000000068ac00000|  0%| F|  |TAMS 0x000000068a800000, 0x000000068a800000| Untracked 
|  38|0x000000068ac00000, 0x000000068ac00000, 0x000000068b000000|  0%| F|  |TAMS 0x000000068ac00000, 0x000000068ac00000| Untracked 
|  39|0x000000068b000000, 0x000000068b000000, 0x000000068b400000|  0%| F|  |TAMS 0x000000068b000000, 0x000000068b000000| Untracked 
|  40|0x000000068b400000, 0x000000068b400000, 0x000000068b800000|  0%| F|  |TAMS 0x000000068b400000, 0x000000068b400000| Untracked 
|  41|0x000000068b800000, 0x000000068b800000, 0x000000068bc00000|  0%| F|  |TAMS 0x000000068b800000, 0x000000068b800000| Untracked 
|  42|0x000000068bc00000, 0x000000068bc00000, 0x000000068c000000|  0%| F|  |TAMS 0x000000068bc00000, 0x000000068bc00000| Untracked 
|  43|0x000000068c000000, 0x000000068c000000, 0x000000068c400000|  0%| F|  |TAMS 0x000000068c000000, 0x000000068c000000| Untracked 
|  44|0x000000068c400000, 0x000000068c400000, 0x000000068c800000|  0%| F|  |TAMS 0x000000068c400000, 0x000000068c400000| Untracked 
|  45|0x000000068c800000, 0x000000068c800000, 0x000000068cc00000|  0%| F|  |TAMS 0x000000068c800000, 0x000000068c800000| Untracked 
|  46|0x000000068cc00000, 0x000000068cc00000, 0x000000068d000000|  0%| F|  |TAMS 0x000000068cc00000, 0x000000068cc00000| Untracked 
|  47|0x000000068d000000, 0x000000068d000000, 0x000000068d400000|  0%| F|  |TAMS 0x000000068d000000, 0x000000068d000000| Untracked 
|  48|0x000000068d400000, 0x000000068d400000, 0x000000068d800000|  0%| F|  |TAMS 0x000000068d400000, 0x000000068d400000| Untracked 
|  49|0x000000068d800000, 0x000000068d800000, 0x000000068dc00000|  0%| F|  |TAMS 0x000000068d800000, 0x000000068d800000| Untracked 
|  50|0x000000068dc00000, 0x000000068dc00000, 0x000000068e000000|  0%| F|  |TAMS 0x000000068dc00000, 0x000000068dc00000| Untracked 
|  51|0x000000068e000000, 0x000000068e000000, 0x000000068e400000|  0%| F|  |TAMS 0x000000068e000000, 0x000000068e000000| Untracked 
|  52|0x000000068e400000, 0x000000068e400000, 0x000000068e800000|  0%| F|  |TAMS 0x000000068e400000, 0x000000068e400000| Untracked 
|  53|0x000000068e800000, 0x000000068e800000, 0x000000068ec00000|  0%| F|  |TAMS 0x000000068e800000, 0x000000068e800000| Untracked 
|  54|0x000000068ec00000, 0x000000068ec00000, 0x000000068f000000|  0%| F|  |TAMS 0x000000068ec00000, 0x000000068ec00000| Untracked 
|  55|0x000000068f000000, 0x000000068f000000, 0x000000068f400000|  0%| F|  |TAMS 0x000000068f000000, 0x000000068f000000| Untracked 
|  56|0x000000068f400000, 0x000000068f400000, 0x000000068f800000|  0%| F|  |TAMS 0x000000068f400000, 0x000000068f400000| Untracked 
|  57|0x000000068f800000, 0x000000068f800000, 0x000000068fc00000|  0%| F|  |TAMS 0x000000068f800000, 0x000000068f800000| Untracked 
|  58|0x000000068fc00000, 0x000000068fc00000, 0x0000000690000000|  0%| F|  |TAMS 0x000000068fc00000, 0x000000068fc00000| Untracked 
|  59|0x0000000690000000, 0x0000000690000000, 0x0000000690400000|  0%| F|  |TAMS 0x0000000690000000, 0x0000000690000000| Untracked 
|  60|0x0000000690400000, 0x0000000690400000, 0x0000000690800000|  0%| F|  |TAMS 0x0000000690400000, 0x0000000690400000| Untracked 
|  61|0x0000000690800000, 0x0000000690800000, 0x0000000690c00000|  0%| F|  |TAMS 0x0000000690800000, 0x0000000690800000| Untracked 
|  62|0x0000000690c00000, 0x0000000690c00000, 0x0000000691000000|  0%| F|  |TAMS 0x0000000690c00000, 0x0000000690c00000| Untracked 
|  63|0x0000000691000000, 0x0000000691000000, 0x0000000691400000|  0%| F|  |TAMS 0x0000000691000000, 0x0000000691000000| Untracked 
|  64|0x0000000691400000, 0x0000000691400000, 0x0000000691800000|  0%| F|  |TAMS 0x0000000691400000, 0x0000000691400000| Untracked 
|  65|0x0000000691800000, 0x0000000691800000, 0x0000000691c00000|  0%| F|  |TAMS 0x0000000691800000, 0x0000000691800000| Untracked 
|  66|0x0000000691c00000, 0x0000000691c00000, 0x0000000692000000|  0%| F|  |TAMS 0x0000000691c00000, 0x0000000691c00000| Untracked 
|  67|0x0000000692000000, 0x0000000692000000, 0x0000000692400000|  0%| F|  |TAMS 0x0000000692000000, 0x0000000692000000| Untracked 
|  68|0x0000000692400000, 0x0000000692400000, 0x0000000692800000|  0%| F|  |TAMS 0x0000000692400000, 0x0000000692400000| Untracked 
|  69|0x0000000692800000, 0x0000000692800000, 0x0000000692c00000|  0%| F|  |TAMS 0x0000000692800000, 0x0000000692800000| Untracked 
|  70|0x0000000692c00000, 0x0000000692c00000, 0x0000000693000000|  0%| F|  |TAMS 0x0000000692c00000, 0x0000000692c00000| Untracked 
|  71|0x0000000693000000, 0x0000000693000000, 0x0000000693400000|  0%| F|  |TAMS 0x0000000693000000, 0x0000000693000000| Untracked 
|  72|0x0000000693400000, 0x0000000693400000, 0x0000000693800000|  0%| F|  |TAMS 0x0000000693400000, 0x0000000693400000| Untracked 
|  73|0x0000000693800000, 0x0000000693800000, 0x0000000693c00000|  0%| F|  |TAMS 0x0000000693800000, 0x0000000693800000| Untracked 
|  74|0x0000000693c00000, 0x0000000693c00000, 0x0000000694000000|  0%| F|  |TAMS 0x0000000693c00000, 0x0000000693c00000| Untracked 
|  75|0x0000000694000000, 0x0000000694000000, 0x0000000694400000|  0%| F|  |TAMS 0x0000000694000000, 0x0000000694000000| Untracked 
|  76|0x0000000694400000, 0x0000000694400000, 0x0000000694800000|  0%| F|  |TAMS 0x0000000694400000, 0x0000000694400000| Untracked 
|  77|0x0000000694800000, 0x0000000694800000, 0x0000000694c00000|  0%| F|  |TAMS 0x0000000694800000, 0x0000000694800000| Untracked 
|  78|0x0000000694c00000, 0x0000000694c00000, 0x0000000695000000|  0%| F|  |TAMS 0x0000000694c00000, 0x0000000694c00000| Untracked 
|  79|0x0000000695000000, 0x0000000695000000, 0x0000000695400000|  0%| F|  |TAMS 0x0000000695000000, 0x0000000695000000| Untracked 
|  80|0x0000000695400000, 0x0000000695400000, 0x0000000695800000|  0%| F|  |TAMS 0x0000000695400000, 0x0000000695400000| Untracked 
|  81|0x0000000695800000, 0x0000000695800000, 0x0000000695c00000|  0%| F|  |TAMS 0x0000000695800000, 0x0000000695800000| Untracked 
|  82|0x0000000695c00000, 0x0000000695c00000, 0x0000000696000000|  0%| F|  |TAMS 0x0000000695c00000, 0x0000000695c00000| Untracked 
|  83|0x0000000696000000, 0x0000000696000000, 0x0000000696400000|  0%| F|  |TAMS 0x0000000696000000, 0x0000000696000000| Untracked 
|  84|0x0000000696400000, 0x0000000696400000, 0x0000000696800000|  0%| F|  |TAMS 0x0000000696400000, 0x0000000696400000| Untracked 
|  85|0x0000000696800000, 0x00000006968a7c20, 0x0000000696c00000| 16%| S|CS|TAMS 0x0000000696800000, 0x0000000696800000| Complete 
|  86|0x0000000696c00000, 0x0000000697000000, 0x0000000697000000|100%| S|CS|TAMS 0x0000000696c00000, 0x0000000696c00000| Complete 
|  87|0x0000000697000000, 0x0000000697400000, 0x0000000697400000|100%| S|CS|TAMS 0x0000000697000000, 0x0000000697000000| Complete 
|  88|0x0000000697400000, 0x0000000697800000, 0x0000000697800000|100%| S|CS|TAMS 0x0000000697400000, 0x0000000697400000| Complete 
|  89|0x0000000697800000, 0x0000000697c00000, 0x0000000697c00000|100%| S|CS|TAMS 0x0000000697800000, 0x0000000697800000| Complete 
|  90|0x0000000697c00000, 0x0000000698000000, 0x0000000698000000|100%| S|CS|TAMS 0x0000000697c00000, 0x0000000697c00000| Complete 
|  91|0x0000000698000000, 0x0000000698400000, 0x0000000698400000|100%| S|CS|TAMS 0x0000000698000000, 0x0000000698000000| Complete 
|  92|0x0000000698400000, 0x0000000698800000, 0x0000000698800000|100%| S|CS|TAMS 0x0000000698400000, 0x0000000698400000| Complete 
|  93|0x0000000698800000, 0x0000000698c00000, 0x0000000698c00000|100%| S|CS|TAMS 0x0000000698800000, 0x0000000698800000| Complete 
|  94|0x0000000698c00000, 0x0000000699000000, 0x0000000699000000|100%| S|CS|TAMS 0x0000000698c00000, 0x0000000698c00000| Complete 
|  95|0x0000000699000000, 0x0000000699000000, 0x0000000699400000|  0%| F|  |TAMS 0x0000000699000000, 0x0000000699000000| Untracked 
|  96|0x0000000699400000, 0x0000000699400000, 0x0000000699800000|  0%| F|  |TAMS 0x0000000699400000, 0x0000000699400000| Untracked 
|  97|0x0000000699800000, 0x0000000699800000, 0x0000000699c00000|  0%| F|  |TAMS 0x0000000699800000, 0x0000000699800000| Untracked 
|  98|0x0000000699c00000, 0x0000000699c00000, 0x000000069a000000|  0%| F|  |TAMS 0x0000000699c00000, 0x0000000699c00000| Untracked 
|  99|0x000000069a000000, 0x000000069a000000, 0x000000069a400000|  0%| F|  |TAMS 0x000000069a000000, 0x000000069a000000| Untracked 
| 100|0x000000069a400000, 0x000000069a400000, 0x000000069a800000|  0%| F|  |TAMS 0x000000069a400000, 0x000000069a400000| Untracked 
| 101|0x000000069a800000, 0x000000069a800000, 0x000000069ac00000|  0%| F|  |TAMS 0x000000069a800000, 0x000000069a800000| Untracked 
| 102|0x000000069ac00000, 0x000000069ac00000, 0x000000069b000000|  0%| F|  |TAMS 0x000000069ac00000, 0x000000069ac00000| Untracked 
| 103|0x000000069b000000, 0x000000069b000000, 0x000000069b400000|  0%| F|  |TAMS 0x000000069b000000, 0x000000069b000000| Untracked 
| 104|0x000000069b400000, 0x000000069b400000, 0x000000069b800000|  0%| F|  |TAMS 0x000000069b400000, 0x000000069b400000| Untracked 
| 105|0x000000069b800000, 0x000000069b800000, 0x000000069bc00000|  0%| F|  |TAMS 0x000000069b800000, 0x000000069b800000| Untracked 
| 106|0x000000069bc00000, 0x000000069bc00000, 0x000000069c000000|  0%| F|  |TAMS 0x000000069bc00000, 0x000000069bc00000| Untracked 
| 107|0x000000069c000000, 0x000000069c000000, 0x000000069c400000|  0%| F|  |TAMS 0x000000069c000000, 0x000000069c000000| Untracked 
| 108|0x000000069c400000, 0x000000069c400000, 0x000000069c800000|  0%| F|  |TAMS 0x000000069c400000, 0x000000069c400000| Untracked 
| 109|0x000000069c800000, 0x000000069c800000, 0x000000069cc00000|  0%| F|  |TAMS 0x000000069c800000, 0x000000069c800000| Untracked 
| 110|0x000000069cc00000, 0x000000069cc00000, 0x000000069d000000|  0%| F|  |TAMS 0x000000069cc00000, 0x000000069cc00000| Untracked 
| 111|0x000000069d000000, 0x000000069d000000, 0x000000069d400000|  0%| F|  |TAMS 0x000000069d000000, 0x000000069d000000| Untracked 
| 112|0x000000069d400000, 0x000000069d401908, 0x000000069d800000|  0%| E|  |TAMS 0x000000069d400000, 0x000000069d400000| Complete 
| 113|0x000000069d800000, 0x000000069dc00000, 0x000000069dc00000|100%| E|CS|TAMS 0x000000069d800000, 0x000000069d800000| Complete 
| 114|0x000000069dc00000, 0x000000069e000000, 0x000000069e000000|100%| E|CS|TAMS 0x000000069dc00000, 0x000000069dc00000| Complete 
| 115|0x000000069e000000, 0x000000069e400000, 0x000000069e400000|100%| E|CS|TAMS 0x000000069e000000, 0x000000069e000000| Complete 
| 116|0x000000069e400000, 0x000000069e800000, 0x000000069e800000|100%| E|CS|TAMS 0x000000069e400000, 0x000000069e400000| Complete 
| 117|0x000000069e800000, 0x000000069ec00000, 0x000000069ec00000|100%| E|CS|TAMS 0x000000069e800000, 0x000000069e800000| Complete 
| 118|0x000000069ec00000, 0x000000069f000000, 0x000000069f000000|100%| E|CS|TAMS 0x000000069ec00000, 0x000000069ec00000| Complete 
| 119|0x000000069f000000, 0x000000069f400000, 0x000000069f400000|100%| E|CS|TAMS 0x000000069f000000, 0x000000069f000000| Complete 
| 120|0x000000069f400000, 0x000000069f800000, 0x000000069f800000|100%| E|CS|TAMS 0x000000069f400000, 0x000000069f400000| Complete 
| 121|0x000000069f800000, 0x000000069fc00000, 0x000000069fc00000|100%| E|CS|TAMS 0x000000069f800000, 0x000000069f800000| Complete 
| 122|0x000000069fc00000, 0x00000006a0000000, 0x00000006a0000000|100%| E|CS|TAMS 0x000000069fc00000, 0x000000069fc00000| Complete 
| 123|0x00000006a0000000, 0x00000006a0400000, 0x00000006a0400000|100%| E|CS|TAMS 0x00000006a0000000, 0x00000006a0000000| Complete 
| 124|0x00000006a0400000, 0x00000006a0800000, 0x00000006a0800000|100%| E|CS|TAMS 0x00000006a0400000, 0x00000006a0400000| Complete 
| 125|0x00000006a0800000, 0x00000006a0c00000, 0x00000006a0c00000|100%| E|CS|TAMS 0x00000006a0800000, 0x00000006a0800000| Complete 
| 126|0x00000006a0c00000, 0x00000006a1000000, 0x00000006a1000000|100%| E|CS|TAMS 0x00000006a0c00000, 0x00000006a0c00000| Complete 
| 127|0x00000006a1000000, 0x00000006a1400000, 0x00000006a1400000|100%| E|CS|TAMS 0x00000006a1000000, 0x00000006a1000000| Complete 
| 128|0x00000006a1400000, 0x00000006a1800000, 0x00000006a1800000|100%| E|CS|TAMS 0x00000006a1400000, 0x00000006a1400000| Complete 
| 129|0x00000006a1800000, 0x00000006a1c00000, 0x00000006a1c00000|100%| E|CS|TAMS 0x00000006a1800000, 0x00000006a1800000| Complete 
| 130|0x00000006a1c00000, 0x00000006a2000000, 0x00000006a2000000|100%| E|CS|TAMS 0x00000006a1c00000, 0x00000006a1c00000| Complete 
| 131|0x00000006a2000000, 0x00000006a2400000, 0x00000006a2400000|100%| E|CS|TAMS 0x00000006a2000000, 0x00000006a2000000| Complete 
| 132|0x00000006a2400000, 0x00000006a2800000, 0x00000006a2800000|100%| E|CS|TAMS 0x00000006a2400000, 0x00000006a2400000| Complete 
| 133|0x00000006a2800000, 0x00000006a2c00000, 0x00000006a2c00000|100%| E|CS|TAMS 0x00000006a2800000, 0x00000006a2800000| Complete 
| 155|0x00000006a8000000, 0x00000006a8400000, 0x00000006a8400000|100%| E|CS|TAMS 0x00000006a8000000, 0x00000006a8000000| Complete 
| 156|0x00000006a8400000, 0x00000006a8800000, 0x00000006a8800000|100%| E|CS|TAMS 0x00000006a8400000, 0x00000006a8400000| Complete 
| 157|0x00000006a8800000, 0x00000006a8c00000, 0x00000006a8c00000|100%| E|CS|TAMS 0x00000006a8800000, 0x00000006a8800000| Complete 

Card table byte_map: [0x000001e842ed0000,0x000001e843ad0000] _byte_map_base: 0x000001e83fac6000

Marking Bits (Prev, Next): (CMBitMap*) 0x000001e8290fae90, (CMBitMap*) 0x000001e8290fae50
 Prev Bits: [0x000001e84a680000, 0x000001e850630000)
 Next Bits: [0x000001e8446d0000, 0x000001e84a680000)

Polling page: 0x000001e8322f0000

Metaspace:

Usage:
  Non-class:     54.02 MB used.
      Class:      9.55 MB used.
       Both:     63.57 MB used.

Virtual space:
  Non-class space:       56.00 MB reserved,      54.62 MB ( 98%) committed,  7 nodes.
      Class space:        1.00 GB reserved,      10.06 MB ( <1%) committed,  1 nodes.
             Both:        1.05 GB reserved,      64.69 MB (  6%) committed. 

Chunk freelists:
   Non-Class:  704.00 KB
       Class:  1.99 MB
        Both:  2.68 MB

MaxMetaspaceSize: unlimited
CompressedClassSpaceSize: 1.00 GB
Initial GC threshold: 21.00 MB
Current GC threshold: 99.69 MB
CDS: on
MetaspaceReclaimPolicy: balanced
 - commit_granule_bytes: 65536.
 - commit_granule_words: 8192.
 - virtual_space_node_default_size: 1048576.
 - enlarge_chunks_in_place: 1.
 - new_chunks_are_fully_committed: 0.
 - uncommit_free_chunks: 1.
 - use_allocation_guard: 0.
 - handle_deallocations: 1.


Internal statistics:

num_allocs_failed_limit: 15.
num_arena_births: 1706.
num_arena_deaths: 0.
num_vsnodes_births: 8.
num_vsnodes_deaths: 0.
num_space_committed: 1032.
num_space_uncommitted: 0.
num_chunks_returned_to_freelist: 15.
num_chunks_taken_from_freelist: 4358.
num_chunk_merges: 15.
num_chunk_splits: 2836.
num_chunks_enlarged: 1945.
num_purges: 0.
num_inconsistent_stats: 0.

CodeHeap 'non-profiled nmethods': size=119168Kb used=7874Kb max_used=7874Kb free=111293Kb
 bounds [0x000001e839eb0000, 0x000001e83a670000, 0x000001e841310000]
CodeHeap 'profiled nmethods': size=119104Kb used=13222Kb max_used=13691Kb free=105882Kb
 bounds [0x000001e832a60000, 0x000001e8337c0000, 0x000001e839eb0000]
CodeHeap 'non-nmethods': size=7488Kb used=3651Kb max_used=3735Kb free=3836Kb
 bounds [0x000001e832310000, 0x000001e8326d0000, 0x000001e832a60000]
 total_blobs=9420 nmethods=7937 adapters=1389
 compilation: enabled
              stopped_count=0, restarted_count=0
 full_count=0

Compilation events (20 events):
Event: 6.837 Thread 0x000001e854942230 nmethod 10138 0x000001e8335c5310 code [0x000001e8335c54c0, 0x000001e8335c5668]
Event: 6.859 Thread 0x000001e8536d0a00 10142       3       sun.misc.Unsafe::getInt (9 bytes)
Event: 6.859 Thread 0x000001e854942230 10143       3       org.lwjgl.system.CustomBuffer::address (19 bytes)
Event: 6.859 Thread 0x000001e85382d560 10144       3       org.lwjgl.system.StructBuffer::sizeof (8 bytes)
Event: 6.859 Thread 0x000001e8536d7b30 10145       3       org.lwjgl.glfw.GLFWVidMode$Buffer::getElementFactory (5 bytes)
Event: 6.859 Thread 0x000001e8536d0a00 nmethod 10142 0x000001e8335c4f90 code [0x000001e8335c5120, 0x000001e8335c5238]
Event: 6.859 Thread 0x000001e85382d560 nmethod 10144 0x000001e8335c4a90 code [0x000001e8335c4c40, 0x000001e8335c4e78]
Event: 6.859 Thread 0x000001e85382d560 10146       3       org.lwjgl.glfw.GLFWVidMode$Buffer::getElementFactory (4 bytes)
Event: 6.859 Thread 0x000001e8536d7b30 nmethod 10145 0x000001e8335c4690 code [0x000001e8335c4820, 0x000001e8335c4998]
Event: 6.859 Thread 0x000001e8536d0a00 10147       3       org.lwjgl.glfw.GLFWVidMode::sizeof (4 bytes)
Event: 6.859 Thread 0x000001e854942230 nmethod 10143 0x000001e8335c4190 code [0x000001e8335c4340, 0x000001e8335c45a8]
Event: 6.859 Thread 0x000001e85382d560 nmethod 10146 0x000001e8335c3e10 code [0x000001e8335c3fa0, 0x000001e8335c40b8]
Event: 6.859 Thread 0x000001e8536d0a00 nmethod 10147 0x000001e8335c3a10 code [0x000001e8335c3ba0, 0x000001e8335c3cb8]
Event: 7.021 Thread 0x000001e854a3f1a0 nmethod 10048 0x000001e83a64cc10 code [0x000001e83a64d2a0, 0x000001e83a65a258]
Event: 7.329 Thread 0x000001e8536d0a00 10148       1       com.mojang.blaze3d.platform.VideoMode::getRedBits (5 bytes)
Event: 7.329 Thread 0x000001e85382d560 10149       1       com.mojang.blaze3d.platform.VideoMode::getGreenBits (5 bytes)
Event: 7.329 Thread 0x000001e8536d7b30 10150       1       com.mojang.blaze3d.platform.VideoMode::getBlueBits (5 bytes)
Event: 7.329 Thread 0x000001e8536d7b30 nmethod 10150 0x000001e83a65f910 code [0x000001e83a65faa0, 0x000001e83a65fb78]
Event: 7.329 Thread 0x000001e8536d0a00 nmethod 10148 0x000001e83a65fc10 code [0x000001e83a65fda0, 0x000001e83a65fe78]
Event: 7.329 Thread 0x000001e85382d560 nmethod 10149 0x000001e83a65ff10 code [0x000001e83a6600a0, 0x000001e83a660178]

GC Heap History (20 events):
Event: 3.332 GC heap before
{Heap before GC invocations=11 (full 0):
 garbage-first heap   total 249856K, used 194003K [0x0000000681400000, 0x0000000800000000)
  region size 4096K, 32 young (131072K), 1 survivors (4096K)
 Metaspace       used 28442K, committed 29312K, reserved 1081344K
  class space    used 3503K, committed 3904K, reserved 1048576K
}
Event: 3.335 GC heap after
{Heap after GC invocations=12 (full 0):
 garbage-first heap   total 249856K, used 68161K [0x0000000681400000, 0x0000000800000000)
  region size 4096K, 1 young (4096K), 1 survivors (4096K)
 Metaspace       used 28442K, committed 29312K, reserved 1081344K
  class space    used 3503K, committed 3904K, reserved 1048576K
}
Event: 3.577 GC heap before
{Heap before GC invocations=12 (full 0):
 garbage-first heap   total 249856K, used 207425K [0x0000000681400000, 0x0000000800000000)
  region size 4096K, 33 young (135168K), 1 survivors (4096K)
 Metaspace       used 31159K, committed 32000K, reserved 1081344K
  class space    used 3863K, committed 4224K, reserved 1048576K
}
Event: 3.580 GC heap after
{Heap after GC invocations=13 (full 0):
 garbage-first heap   total 249856K, used 82822K [0x0000000681400000, 0x0000000800000000)
  region size 4096K, 2 young (8192K), 2 survivors (8192K)
 Metaspace       used 31159K, committed 32000K, reserved 1081344K
  class space    used 3863K, committed 4224K, reserved 1048576K
}
Event: 3.874 GC heap before
{Heap before GC invocations=13 (full 0):
 garbage-first heap   total 249856K, used 201606K [0x0000000681400000, 0x0000000800000000)
  region size 4096K, 31 young (126976K), 2 survivors (8192K)
 Metaspace       used 31848K, committed 32704K, reserved 1081344K
  class space    used 3983K, committed 4352K, reserved 1048576K
}
Event: 3.879 GC heap after
{Heap after GC invocations=14 (full 0):
 garbage-first heap   total 249856K, used 85668K [0x0000000681400000, 0x0000000800000000)
  region size 4096K, 3 young (12288K), 3 survivors (12288K)
 Metaspace       used 31848K, committed 32704K, reserved 1081344K
  class space    used 3983K, committed 4352K, reserved 1048576K
}
Event: 4.086 GC heap before
{Heap before GC invocations=14 (full 0):
 garbage-first heap   total 249856K, used 200356K [0x0000000681400000, 0x0000000800000000)
  region size 4096K, 31 young (126976K), 3 survivors (12288K)
 Metaspace       used 34422K, committed 35328K, reserved 1081344K
  class space    used 4228K, committed 4672K, reserved 1048576K
}
Event: 4.091 GC heap after
{Heap after GC invocations=15 (full 0):
 garbage-first heap   total 303104K, used 86847K [0x0000000681400000, 0x0000000800000000)
  region size 4096K, 3 young (12288K), 3 survivors (12288K)
 Metaspace       used 34422K, committed 35328K, reserved 1081344K
  class space    used 4228K, committed 4672K, reserved 1048576K
}
Event: 4.156 GC heap before
{Heap before GC invocations=15 (full 0):
 garbage-first heap   total 303104K, used 95039K [0x0000000681400000, 0x0000000800000000)
  region size 4096K, 6 young (24576K), 3 survivors (12288K)
 Metaspace       used 35042K, committed 35968K, reserved 1081344K
  class space    used 4315K, committed 4736K, reserved 1048576K
}
Event: 4.161 GC heap after
{Heap after GC invocations=16 (full 0):
 garbage-first heap   total 303104K, used 87388K [0x0000000681400000, 0x0000000800000000)
  region size 4096K, 3 young (12288K), 3 survivors (12288K)
 Metaspace       used 35042K, committed 35968K, reserved 1081344K
  class space    used 4315K, committed 4736K, reserved 1048576K
}
Event: 4.712 GC heap before
{Heap before GC invocations=17 (full 0):
 garbage-first heap   total 303104K, used 251228K [0x0000000681400000, 0x0000000800000000)
  region size 4096K, 43 young (176128K), 3 survivors (12288K)
 Metaspace       used 41405K, committed 42368K, reserved 1089536K
  class space    used 5455K, committed 5888K, reserved 1048576K
}
Event: 4.722 GC heap after
{Heap after GC invocations=18 (full 0):
 garbage-first heap   total 303104K, used 98290K [0x0000000681400000, 0x0000000800000000)
  region size 4096K, 6 young (24576K), 6 survivors (24576K)
 Metaspace       used 41405K, committed 42368K, reserved 1089536K
  class space    used 5455K, committed 5888K, reserved 1048576K
}
Event: 4.734 GC heap before
{Heap before GC invocations=18 (full 0):
 garbage-first heap   total 303104K, used 102386K [0x0000000681400000, 0x0000000800000000)
  region size 4096K, 7 young (28672K), 6 survivors (24576K)
 Metaspace       used 41481K, committed 42496K, reserved 1089536K
  class space    used 5474K, committed 5952K, reserved 1048576K
}
Event: 4.745 GC heap after
{Heap after GC invocations=19 (full 0):
 garbage-first heap   total 303104K, used 100761K [0x0000000681400000, 0x0000000800000000)
  region size 4096K, 1 young (4096K), 1 survivors (4096K)
 Metaspace       used 41481K, committed 42496K, reserved 1089536K
  class space    used 5474K, committed 5952K, reserved 1048576K
}
Event: 5.012 GC heap before
{Heap before GC invocations=19 (full 0):
 garbage-first heap   total 303104K, used 248217K [0x0000000681400000, 0x0000000800000000)
  region size 4096K, 37 young (151552K), 1 survivors (4096K)
 Metaspace       used 42159K, committed 43072K, reserved 1089536K
  class space    used 5582K, committed 6016K, reserved 1048576K
}
Event: 5.023 GC heap after
{Heap after GC invocations=20 (full 0):
 garbage-first heap   total 303104K, used 113238K [0x0000000681400000, 0x0000000800000000)
  region size 4096K, 4 young (16384K), 4 survivors (16384K)
 Metaspace       used 42159K, committed 43072K, reserved 1089536K
  class space    used 5582K, committed 6016K, reserved 1048576K
}
Event: 5.320 GC heap before
{Heap before GC invocations=20 (full 0):
 garbage-first heap   total 303104K, used 244310K [0x0000000681400000, 0x0000000800000000)
  region size 4096K, 36 young (147456K), 4 survivors (16384K)
 Metaspace       used 45017K, committed 46080K, reserved 1089536K
  class space    used 6045K, committed 6528K, reserved 1048576K
}
Event: 5.331 GC heap after
{Heap after GC invocations=21 (full 0):
 garbage-first heap   total 647168K, used 125005K [0x0000000681400000, 0x0000000800000000)
  region size 4096K, 3 young (12288K), 3 survivors (12288K)
 Metaspace       used 45017K, committed 46080K, reserved 1089536K
  class space    used 6045K, committed 6528K, reserved 1048576K
}
Event: 6.378 GC heap before
{Heap before GC invocations=21 (full 0):
 garbage-first heap   total 647168K, used 378957K [0x0000000681400000, 0x0000000800000000)
  region size 4096K, 66 young (270336K), 3 survivors (12288K)
 Metaspace       used 59367K, committed 60480K, reserved 1105920K
  class space    used 8899K, committed 9408K, reserved 1048576K
}
Event: 6.394 GC heap after
{Heap after GC invocations=22 (full 0):
 garbage-first heap   total 647168K, used 150708K [0x0000000681400000, 0x0000000800000000)
  region size 4096K, 10 young (40960K), 10 survivors (40960K)
 Metaspace       used 59367K, committed 60480K, reserved 1105920K
  class space    used 8899K, committed 9408K, reserved 1048576K
}

Dll operation events (11 events):
Event: 0.004 Loaded shared library C:\Users\user\AppData\Local\Temp\Rar$EXa12212.28763\MCreator20231\jdk\bin\java.dll
Event: 0.010 Loaded shared library C:\Users\user\AppData\Local\Temp\Rar$EXa12212.28763\MCreator20231\jdk\bin\jsvml.dll
Event: 0.096 Loaded shared library C:\Users\user\AppData\Local\Temp\Rar$EXa12212.28763\MCreator20231\jdk\bin\net.dll
Event: 0.097 Loaded shared library C:\Users\user\AppData\Local\Temp\Rar$EXa12212.28763\MCreator20231\jdk\bin\nio.dll
Event: 0.099 Loaded shared library C:\Users\user\AppData\Local\Temp\Rar$EXa12212.28763\MCreator20231\jdk\bin\zip.dll
Event: 0.147 Loaded shared library C:\Users\user\AppData\Local\Temp\Rar$EXa12212.28763\MCreator20231\jdk\bin\jimage.dll
Event: 0.338 Loaded shared library C:\Users\user\AppData\Local\Temp\Rar$EXa12212.28763\MCreator20231\jdk\bin\verify.dll
Event: 1.393 Loaded shared library C:\Users\user\AppData\Local\Temp\Rar$EXa12212.28763\MCreator20231\jdk\bin\management.dll
Event: 1.394 Loaded shared library C:\Users\user\AppData\Local\Temp\Rar$EXa12212.28763\MCreator20231\jdk\bin\management_ext.dll
Event: 3.483 Loaded shared library C:\Users\user\AppData\Local\Temp\jna-1821864651\jna1785536332177281441.dll
Event: 6.602 Loaded shared library C:\Users\user\AppData\Local\Temp\lwjglJackson Glaz\3.3.1-build-7\lwjgl.dll

Deoptimization events (20 events):
Event: 6.803 Thread 0x000001e829070680 Uncommon trap: trap_request=0xffffffc6 fr.pc=0x000001e83a555f7c relative=0x0000000000000d9c
Event: 6.803 Thread 0x000001e829070680 Uncommon trap: reason=bimorphic_or_optimized_type_check action=maybe_recompile pc=0x000001e83a555f7c method=com.mojang.serialization.DataResult.lambda$flatMap$10(Ljava/util/function/Function;Ljava/lang/Object;)Lcom/mojang/serialization/DataResult; @ 2 c2
Event: 6.803 Thread 0x000001e829070680 DEOPT PACKING pc=0x000001e83a555f7c sp=0x00000041ed4fdaa0
Event: 6.803 Thread 0x000001e829070680 DEOPT UNPACKING pc=0x000001e8323623a3 sp=0x00000041ed4fd938 mode 2
Event: 6.803 Thread 0x000001e829070680 Uncommon trap: trap_request=0xffffffc6 fr.pc=0x000001e83a555f7c relative=0x0000000000000d9c
Event: 6.803 Thread 0x000001e829070680 Uncommon trap: reason=bimorphic_or_optimized_type_check action=maybe_recompile pc=0x000001e83a555f7c method=com.mojang.serialization.DataResult.lambda$flatMap$10(Ljava/util/function/Function;Ljava/lang/Object;)Lcom/mojang/serialization/DataResult; @ 2 c2
Event: 6.803 Thread 0x000001e829070680 DEOPT PACKING pc=0x000001e83a555f7c sp=0x00000041ed4fdaa0
Event: 6.803 Thread 0x000001e829070680 DEOPT UNPACKING pc=0x000001e8323623a3 sp=0x00000041ed4fd938 mode 2
Event: 6.803 Thread 0x000001e829070680 Uncommon trap: trap_request=0xffffffc6 fr.pc=0x000001e83a555f7c relative=0x0000000000000d9c
Event: 6.803 Thread 0x000001e829070680 Uncommon trap: reason=bimorphic_or_optimized_type_check action=maybe_recompile pc=0x000001e83a555f7c method=com.mojang.serialization.DataResult.lambda$flatMap$10(Ljava/util/function/Function;Ljava/lang/Object;)Lcom/mojang/serialization/DataResult; @ 2 c2
Event: 6.803 Thread 0x000001e829070680 DEOPT PACKING pc=0x000001e83a555f7c sp=0x00000041ed4fdc00
Event: 6.803 Thread 0x000001e829070680 DEOPT UNPACKING pc=0x000001e8323623a3 sp=0x00000041ed4fda98 mode 2
Event: 6.803 Thread 0x000001e829070680 Uncommon trap: trap_request=0xffffffc6 fr.pc=0x000001e83a555f7c relative=0x0000000000000d9c
Event: 6.803 Thread 0x000001e829070680 Uncommon trap: reason=bimorphic_or_optimized_type_check action=maybe_recompile pc=0x000001e83a555f7c method=com.mojang.serialization.DataResult.lambda$flatMap$10(Ljava/util/function/Function;Ljava/lang/Object;)Lcom/mojang/serialization/DataResult; @ 2 c2
Event: 6.803 Thread 0x000001e829070680 DEOPT PACKING pc=0x000001e83a555f7c sp=0x00000041ed4fd9c0
Event: 6.803 Thread 0x000001e829070680 DEOPT UNPACKING pc=0x000001e8323623a3 sp=0x00000041ed4fd858 mode 2
Event: 6.803 Thread 0x000001e829070680 Uncommon trap: trap_request=0xffffffc6 fr.pc=0x000001e83a553f40 relative=0x0000000000000de0
Event: 6.803 Thread 0x000001e829070680 Uncommon trap: reason=bimorphic_or_optimized_type_check action=maybe_recompile pc=0x000001e83a553f40 method=com.mojang.serialization.DataResult.lambda$flatMap$10(Ljava/util/function/Function;Ljava/lang/Object;)Lcom/mojang/serialization/DataResult; @ 2 c2
Event: 6.803 Thread 0x000001e829070680 DEOPT PACKING pc=0x000001e83a553f40 sp=0x00000041ed4fd9f0
Event: 6.803 Thread 0x000001e829070680 DEOPT UNPACKING pc=0x000001e8323623a3 sp=0x00000041ed4fd950 mode 2

Classes unloaded (0 events):
No events

Classes redefined (0 events):
No events

Internal exceptions (20 events):
Event: 6.611 Thread 0x000001e829070680 Exception <a 'sun/nio/fs/WindowsException'{0x00000006a0b2a428}> (0x00000006a0b2a428) 
thrown [s\src\hotspot\share\prims\jni.cpp, line 516]
Event: 6.622 Thread 0x000001e829070680 Exception <a 'java/lang/NoSuchMethodError'{0x00000006a04586d0}: 'void java.lang.invoke.DirectMethodHandle$Holder.invokeInterface(java.lang.Object, java.lang.Object, int)'> (0x00000006a04586d0) 
thrown [s\src\hotspot\share\interpreter\linkResolver.cpp, line 759]
Event: 6.623 Thread 0x000001e829070680 Exception <a 'java/lang/NoSuchMethodError'{0x00000006a0472c70}: 'void java.lang.invoke.DirectMethodHandle$Holder.invokeStatic(java.lang.Object, java.lang.Object, int)'> (0x00000006a0472c70) 
thrown [s\src\hotspot\share\interpreter\linkResolver.cpp, line 759]
Event: 6.623 Thread 0x000001e829070680 Exception <a 'java/lang/NoSuchMethodError'{0x00000006a04762f0}: 'void java.lang.invoke.DirectMethodHandle$Holder.invokeStaticInit(java.lang.Object, java.lang.Object, int)'> (0x00000006a04762f0) 
thrown [s\src\hotspot\share\interpreter\linkResolver.cpp, line 759]
Event: 6.673 Thread 0x000001e829070680 Exception <a 'java/lang/NoSuchMethodError'{0x000000069f60e7b0}: 'long java.lang.invoke.DirectMethodHandle$Holder.invokeSpecial(java.lang.Object, java.lang.Object)'> (0x000000069f60e7b0) 
thrown [s\src\hotspot\share\interpreter\linkResolver.cpp, line 759]
Event: 6.677 Thread 0x000001e829070680 Exception <a 'sun/nio/fs/WindowsException'{0x000000069f6a0358}> (0x000000069f6a0358) 
thrown [s\src\hotspot\share\prims\jni.cpp, line 516]
Event: 6.677 Thread 0x000001e829070680 Exception <a 'sun/nio/fs/WindowsException'{0x000000069f6a1c00}> (0x000000069f6a1c00) 
thrown [s\src\hotspot\share\prims\jni.cpp, line 516]
Event: 6.751 Thread 0x000001e829070680 Exception <a 'java/lang/NoSuchMethodError'{0x000000069e6ac8d8}: 'int java.lang.invoke.DirectMethodHandle$Holder.invokeStatic(java.lang.Object)'> (0x000000069e6ac8d8) 
thrown [s\src\hotspot\share\interpreter\linkResolver.cpp, line 759]
Event: 6.770 Thread 0x000001e829070680 Exception <a 'java/lang/NoSuchMethodError'{0x000000069e2c96a0}: 'java.lang.Object java.lang.invoke.Invokers$Holder.linkToTargetMethod(java.lang.Object, int, java.lang.Object, java.lang.Object)'> (0x000000069e2c96a0) 
thrown [s\src\hotspot\share\interpreter\linkResolver.cpp, line 759]
Event: 6.775 Thread 0x000001e829070680 Exception <a 'java/lang/NoSuchMethodError'{0x000000069e37af20}: 'int java.lang.invoke.DirectMethodHandle$Holder.invokeStaticInit(java.lang.Object)'> (0x000000069e37af20) 
thrown [s\src\hotspot\share\interpreter\linkResolver.cpp, line 759]
Event: 6.775 Thread 0x000001e829070680 Exception <a 'java/lang/NoSuchMethodError'{0x000000069e382308}: 'int java.lang.invoke.Invokers$Holder.invokeExact_MT(java.lang.Object, java.lang.Object)'> (0x000000069e382308) 
thrown [s\src\hotspot\share\interpreter\linkResolver.cpp, line 759]
Event: 6.778 Thread 0x000001e829070680 Exception <a 'sun/nio/fs/WindowsException'{0x000000069dc9fbe0}> (0x000000069dc9fbe0) 
thrown [s\src\hotspot\share\prims\jni.cpp, line 516]
Event: 6.778 Thread 0x000001e829070680 Exception <a 'sun/nio/fs/WindowsException'{0x000000069dc9ff70}> (0x000000069dc9ff70) 
thrown [s\src\hotspot\share\prims\jni.cpp, line 516]
Event: 6.786 Thread 0x000001e829070680 Exception <a 'java/lang/NoSuchMethodError'{0x000000069dd2df68}: 'java.lang.Object java.lang.invoke.DirectMethodHandle$Holder.invokeInterface(java.lang.Object, java.lang.Object, double)'> (0x000000069dd2df68) 
thrown [s\src\hotspot\share\interpreter\linkResolver.cpp, line 759]
Event: 6.786 Thread 0x000001e829070680 Exception <a 'java/lang/NoSuchMethodError'{0x000000069dd347b0}: 'double java.lang.invoke.DirectMethodHandle$Holder.invokeInterface(java.lang.Object, java.lang.Object, java.lang.Object)'> (0x000000069dd347b0) 
thrown [s\src\hotspot\share\interpreter\linkResolver.cpp, line 759]
Event: 6.802 Thread 0x000001e829070680 Exception <a 'java/lang/NoSuchMethodError'{0x000000069df30d10}: 'double java.lang.invoke.DirectMethodHandle$Holder.invokeVirtual(java.lang.Object, java.lang.Object)'> (0x000000069df30d10) 
thrown [s\src\hotspot\share\interpreter\linkResolver.cpp, line 759]
Event: 6.837 Thread 0x000001e829070680 Exception <a 'java/lang/NoSuchMethodError'{0x000000069d9e1850}: 'long java.lang.invoke.DirectMethodHandle$Holder.invokeInterface(java.lang.Object, java.lang.Object)'> (0x000000069d9e1850) 
thrown [s\src\hotspot\share\interpreter\linkResolver.cpp, line 759]
Event: 6.839 Thread 0x000001e829070680 Exception <a 'java/lang/NoSuchMethodError'{0x000000069da4b388}: 'java.lang.Object java.lang.invoke.DirectMethodHandle$Holder.newInvokeSpecial(java.lang.Object, long)'> (0x000000069da4b388) 
thrown [s\src\hotspot\share\interpreter\linkResolver.cpp, line 759]
Event: 7.331 Thread 0x000001e829070680 Exception <a 'java/lang/NoSuchMethodError'{0x000000069db0b710}: 'void java.lang.invoke.DirectMethodHandle$Holder.invokeSpecial(java.lang.Object, java.lang.Object, int, long)'> (0x000000069db0b710) 
thrown [s\src\hotspot\share\interpreter\linkResolver.cpp, line 759]
Event: 7.331 Thread 0x000001e829070680 Exception <a 'java/lang/NoSuchMethodError'{0x000000069db11688}: 'void java.lang.invoke.DirectMethodHandle$Holder.invokeStatic(java.lang.Object, int, long)'> (0x000000069db11688) 
thrown [s\src\hotspot\share\interpreter\linkResolver.cpp, line 759]

VM Operations (20 events):
Event: 5.968 Executing VM operation: ICBufferFull
Event: 5.969 Executing VM operation: ICBufferFull done
Event: 6.122 Executing VM operation: HandshakeAllThreads
Event: 6.123 Executing VM operation: HandshakeAllThreads done
Event: 6.144 Executing VM operation: HandshakeAllThreads
Event: 6.144 Executing VM operation: HandshakeAllThreads done
Event: 6.198 Executing VM operation: ICBufferFull
Event: 6.199 Executing VM operation: ICBufferFull done
Event: 6.378 Executing VM operation: CollectForMetadataAllocation
Event: 6.394 Executing VM operation: CollectForMetadataAllocation done
Event: 6.412 Executing VM operation: CollectForMetadataAllocation
Event: 6.412 Executing VM operation: CollectForMetadataAllocation done
Event: 6.428 Executing VM operation: CollectForMetadataAllocation
Event: 6.428 Executing VM operation: CollectForMetadataAllocation done
Event: 6.437 Executing VM operation: G1Concurrent
Event: 6.439 Executing VM operation: G1Concurrent done
Event: 6.452 Executing VM operation: G1Concurrent
Event: 6.452 Executing VM operation: G1Concurrent done
Event: 6.806 Executing VM operation: HandshakeAllThreads
Event: 6.806 Executing VM operation: HandshakeAllThreads done

Events (20 events):
Event: 6.603 loading class java/nio/DirectDoubleBufferU
Event: 6.603 loading class java/nio/DirectDoubleBufferU done
Event: 6.612 loading class java/nio/InvalidMarkException
Event: 6.612 loading class java/nio/InvalidMarkException done
Event: 6.612 loading class java/nio/BufferUnderflowException
Event: 6.612 loading class java/nio/BufferUnderflowException done
Event: 6.679 loading class java/util/function/IntSupplier
Event: 6.679 loading class java/util/function/IntSupplier done
Event: 6.698 Thread 0x000001e858390b30 Thread added: 0x000001e858390b30
Event: 6.706 loading class java/io/CharArrayWriter
Event: 6.706 loading class java/io/CharArrayWriter done
Event: 6.775 loading class java/lang/invoke/DirectMethodHandle$StaticAccessor
Event: 6.775 loading class java/lang/invoke/DirectMethodHandle$StaticAccessor done
Event: 6.784 loading class java/util/function/DoubleFunction
Event: 6.784 loading class java/util/function/DoubleFunction done
Event: 6.810 loading class java/util/EnumMap$Values
Event: 6.810 loading class java/util/EnumMap$Values done
Event: 6.810 loading class java/util/EnumMap$ValueIterator
Event: 6.810 loading class java/util/EnumMap$ValueIterator done
Event: 7.329 Thread 0x000001e858390b30 Thread exited: 0x000001e858390b30


Dynamic libraries:
0x00007ff6edb20000 - 0x00007ff6edb2e000 	C:\Users\user\AppData\Local\Temp\Rar$EXa12212.28763\MCreator20231\jdk\bin\java.exe
0x00007ff8ab8b0000 - 0x00007ff8abaa8000 	C:\Windows\SYSTEM32\ntdll.dll
0x00007ff8a9a30000 - 0x00007ff8a9aef000 	C:\Windows\System32\KERNEL32.DLL
0x00007ff8a9600000 - 0x00007ff8a98da000 	C:\Windows\System32\KERNELBASE.dll
0x00007ff8a8fc0000 - 0x00007ff8a90c0000 	C:\Windows\System32\ucrtbase.dll
0x00007ff89c930000 - 0x00007ff89c949000 	C:\Users\user\AppData\Local\Temp\Rar$EXa12212.28763\MCreator20231\jdk\bin\VCRUNTIME140.dll
0x00007ff89ca10000 - 0x00007ff89ca27000 	C:\Users\user\AppData\Local\Temp\Rar$EXa12212.28763\MCreator20231\jdk\bin\jli.dll
0x00007ff8aa260000 - 0x00007ff8aa3fd000 	C:\Windows\System32\USER32.dll
0x00007ff89bca0000 - 0x00007ff89bf3a000 	C:\Windows\WinSxS\amd64_microsoft.windows.common-controls_6595b64144ccf1df_6.0.19041.1110_none_60b5254171f9507e\COMCTL32.dll
0x00007ff8a98e0000 - 0x00007ff8a9902000 	C:\Windows\System32\win32u.dll
0x00007ff8a9990000 - 0x00007ff8a9a2e000 	C:\Windows\System32\msvcrt.dll
0x00007ff8a9af0000 - 0x00007ff8a9b1b000 	C:\Windows\System32\GDI32.dll
0x00007ff8a9280000 - 0x00007ff8a9390000 	C:\Windows\System32\gdi32full.dll
0x00007ff8a9400000 - 0x00007ff8a949d000 	C:\Windows\System32\msvcp_win.dll
0x00007ff8aae60000 - 0x00007ff8aae90000 	C:\Windows\System32\IMM32.DLL
0x00007ff8a2510000 - 0x00007ff8a251c000 	C:\Users\user\AppData\Local\Temp\Rar$EXa12212.28763\MCreator20231\jdk\bin\vcruntime140_1.dll
0x00007ff88bcd0000 - 0x00007ff88bd61000 	C:\Users\user\AppData\Local\Temp\Rar$EXa12212.28763\MCreator20231\jdk\bin\msvcp140.dll
0x00007ff82fcf0000 - 0x00007ff830934000 	C:\Users\user\AppData\Local\Temp\Rar$EXa12212.28763\MCreator20231\jdk\bin\server\jvm.dll
0x00007ff8aa5f0000 - 0x00007ff8aa69e000 	C:\Windows\System32\ADVAPI32.dll
0x00007ff8aa410000 - 0x00007ff8aa4ac000 	C:\Windows\System32\sechost.dll
0x00007ff8aa860000 - 0x00007ff8aa986000 	C:\Windows\System32\RPCRT4.dll
0x00007ff8a2570000 - 0x00007ff8a2579000 	C:\Windows\SYSTEM32\WSOCK32.dll
0x00007ff89f140000 - 0x00007ff89f167000 	C:\Windows\SYSTEM32\WINMM.dll
0x00007ff8aa770000 - 0x00007ff8aa7db000 	C:\Windows\System32\WS2_32.dll
0x00007ff8a0750000 - 0x00007ff8a075a000 	C:\Windows\SYSTEM32\VERSION.dll
0x00007ff8a7860000 - 0x00007ff8a7872000 	C:\Windows\SYSTEM32\kernel.appcore.dll
0x00007ff89c9d0000 - 0x00007ff89c9da000 	C:\Users\user\AppData\Local\Temp\Rar$EXa12212.28763\MCreator20231\jdk\bin\jimage.dll
0x00007ff8a73b0000 - 0x00007ff8a7594000 	C:\Windows\SYSTEM32\DBGHELP.DLL
0x00007ff89cfd0000 - 0x00007ff89d004000 	C:\Windows\SYSTEM32\dbgcore.DLL
0x00007ff8a91a0000 - 0x00007ff8a9222000 	C:\Windows\System32\bcryptPrimitives.dll
0x00007ff897ec0000 - 0x00007ff897ee5000 	C:\Users\user\AppData\Local\Temp\Rar$EXa12212.28763\MCreator20231\jdk\bin\java.dll
0x00007ff878e30000 - 0x00007ff878f06000 	C:\Users\user\AppData\Local\Temp\Rar$EXa12212.28763\MCreator20231\jdk\bin\jsvml.dll
0x00007ff8aaf20000 - 0x00007ff8ab664000 	C:\Windows\System32\SHELL32.dll
0x00007ff8a6b40000 - 0x00007ff8a72d3000 	C:\Windows\SYSTEM32\windows.storage.dll
0x00007ff8a9b20000 - 0x00007ff8a9e74000 	C:\Windows\System32\combase.dll
0x00007ff8a8a20000 - 0x00007ff8a8a4e000 	C:\Windows\SYSTEM32\Wldp.dll
0x00007ff8aa030000 - 0x00007ff8aa0dd000 	C:\Windows\System32\SHCORE.dll
0x00007ff8aa140000 - 0x00007ff8aa195000 	C:\Windows\System32\shlwapi.dll
0x00007ff8a8f00000 - 0x00007ff8a8f1f000 	C:\Windows\SYSTEM32\profapi.dll
0x00007ff89b930000 - 0x00007ff89b949000 	C:\Users\user\AppData\Local\Temp\Rar$EXa12212.28763\MCreator20231\jdk\bin\net.dll
0x00007ff8a1100000 - 0x00007ff8a120a000 	C:\Windows\SYSTEM32\WINHTTP.dll
0x00007ff8a8730000 - 0x00007ff8a879a000 	C:\Windows\system32\mswsock.dll
0x00007ff89b900000 - 0x00007ff89b915000 	C:\Users\user\AppData\Local\Temp\Rar$EXa12212.28763\MCreator20231\jdk\bin\nio.dll
0x00007ff89a730000 - 0x00007ff89a748000 	C:\Users\user\AppData\Local\Temp\Rar$EXa12212.28763\MCreator20231\jdk\bin\zip.dll
0x00007ff899fd0000 - 0x00007ff899fe0000 	C:\Users\user\AppData\Local\Temp\Rar$EXa12212.28763\MCreator20231\jdk\bin\verify.dll
0x00007ff89a8a0000 - 0x00007ff89a8a9000 	C:\Users\user\AppData\Local\Temp\Rar$EXa12212.28763\MCreator20231\jdk\bin\management.dll
0x00007ff89a6a0000 - 0x00007ff89a6ab000 	C:\Users\user\AppData\Local\Temp\Rar$EXa12212.28763\MCreator20231\jdk\bin\management_ext.dll
0x00007ff8aa400000 - 0x00007ff8aa408000 	C:\Windows\System32\PSAPI.DLL
0x00007ff890720000 - 0x00007ff890737000 	C:\Windows\system32\napinsp.dll
0x00007ff890700000 - 0x00007ff89071b000 	C:\Windows\system32\pnrpnsp.dll
0x00007ff8906e0000 - 0x00007ff8906f5000 	C:\Windows\system32\wshbth.dll
0x00007ff8a2400000 - 0x00007ff8a241d000 	C:\Windows\system32\NLAapi.dll
0x00007ff8a8400000 - 0x00007ff8a843c000 	C:\Windows\SYSTEM32\IPHLPAPI.DLL
0x00007ff8a8440000 - 0x00007ff8a850b000 	C:\Windows\SYSTEM32\DNSAPI.dll
0x00007ff8aa5e0000 - 0x00007ff8aa5e8000 	C:\Windows\System32\NSI.dll
0x00007ff8906c0000 - 0x00007ff8906d2000 	C:\Windows\System32\winrnr.dll
0x00007ff8a0780000 - 0x00007ff8a078a000 	C:\Windows\System32\rasadhlp.dll
0x00007ff89fbb0000 - 0x00007ff89fc30000 	C:\Windows\System32\fwpuclnt.dll
0x00007ff8a9170000 - 0x00007ff8a9197000 	C:\Windows\System32\bcrypt.dll
0x00007ff8a8980000 - 0x00007ff8a8998000 	C:\Windows\SYSTEM32\CRYPTSP.dll
0x00007ff8a7fc0000 - 0x00007ff8a7ff4000 	C:\Windows\system32\rsaenh.dll
0x00007ff8a8ec0000 - 0x00007ff8a8eee000 	C:\Windows\SYSTEM32\USERENV.dll
0x00007ff8a8970000 - 0x00007ff8a897c000 	C:\Windows\SYSTEM32\CRYPTBASE.dll
0x00007ff8a2420000 - 0x00007ff8a2437000 	C:\Windows\SYSTEM32\dhcpcsvc6.DLL
0x00007ff8a23e0000 - 0x00007ff8a23fd000 	C:\Windows\SYSTEM32\dhcpcsvc.DLL
0x00007ff8a43d0000 - 0x00007ff8a4415000 	C:\Users\user\AppData\Local\Temp\jna-1821864651\jna1785536332177281441.dll
0x00007ff8aa4b0000 - 0x00007ff8aa5da000 	C:\Windows\System32\Ole32.dll
0x00007ff8aa1a0000 - 0x00007ff8aa249000 	C:\Windows\System32\clbcatq.dll
0x00007ff8aa6a0000 - 0x00007ff8aa76d000 	C:\Windows\System32\OleAut32.dll
0x00007ff88e4c0000 - 0x00007ff88e4df000 	C:\Windows\SYSTEM32\amsi.dll
0x00007ff88e410000 - 0x00007ff88e48b000 	C:\ProgramData\Microsoft\Windows Defender\Platform\4.18.2304.8-0\MpOav.dll
0x00007ff8838a0000 - 0x00007ff8838e9000 	C:\Windows\SYSTEM32\Pdh.dll
0x00007ff8a3e40000 - 0x00007ff8a3e4f000 	C:\Windows\System32\perfos.dll
0x00007ff8a4350000 - 0x00007ff8a43c5000 	C:\Users\user\AppData\Local\Temp\lwjglJackson Glaz\3.3.1-build-7\lwjgl.dll
0x00007ff89b220000 - 0x00007ff89b479000 	C:\Users\user\AppData\Local\Temp\lwjglJackson Glaz\3.3.1-build-7\jemalloc.dll
0x00007ff89b700000 - 0x00007ff89b761000 	C:\Users\user\AppData\Local\Temp\lwjglJackson Glaz\3.3.1-build-7\glfw.dll
0x00007ff89b6b0000 - 0x00007ff89b6f5000 	C:\Windows\SYSTEM32\dinput8.dll
0x00007ff8899b0000 - 0x00007ff8899c1000 	C:\Windows\SYSTEM32\xinput1_4.dll
0x00007ff8a9230000 - 0x00007ff8a927e000 	C:\Windows\System32\cfgmgr32.dll
0x00007ff8a8d70000 - 0x00007ff8a8d9c000 	C:\Windows\SYSTEM32\DEVOBJ.dll
0x00007ff897b00000 - 0x00007ff897c52000 	C:\Windows\SYSTEM32\inputhost.dll
0x00007ff8a4430000 - 0x00007ff8a4526000 	C:\Windows\SYSTEM32\PROPSYS.dll
0x00007ff8a4d90000 - 0x00007ff8a4ee4000 	C:\Windows\SYSTEM32\wintypes.dll
0x00007ff8a57c0000 - 0x00007ff8a58b2000 	C:\Windows\SYSTEM32\CoreMessaging.dll
0x00007ff8a5460000 - 0x00007ff8a57be000 	C:\Windows\SYSTEM32\CoreUIComponents.dll
0x00007ff8a80e0000 - 0x00007ff8a8113000 	C:\Windows\SYSTEM32\ntmarta.dll
0x00007ff8a5ee0000 - 0x00007ff8a5f0f000 	C:\Windows\SYSTEM32\dwmapi.dll
0x00007ff8a5b30000 - 0x00007ff8a5bce000 	C:\Windows\system32\uxtheme.dll
0x00007ff8ab670000 - 0x00007ff8ab784000 	C:\Windows\System32\MSCTF.dll
0x00007ff889090000 - 0x00007ff8891b5000 	C:\Windows\SYSTEM32\opengl32.dll
0x00007ff889040000 - 0x00007ff88906c000 	C:\Windows\SYSTEM32\GLU32.dll
0x00007ff8a3ed0000 - 0x00007ff8a3efd000 	C:\Windows\System32\DriverStore\FileRepository\u0390451.inf_amd64_39377efdd62734d1\B390182\atig6pxx.dll
0x00007ff807af0000 - 0x00007ff80b725000 	C:\Windows\System32\DriverStore\FileRepository\u0390451.inf_amd64_39377efdd62734d1\B390182\atio6axx.dll
0x00007ff8aa990000 - 0x00007ff8aadf8000 	C:\Windows\System32\SETUPAPI.dll
0x00007ff8a9390000 - 0x00007ff8a93f7000 	C:\Windows\System32\WINTRUST.dll
0x00007ff8a94a0000 - 0x00007ff8a95f6000 	C:\Windows\System32\CRYPT32.dll
0x00007ff8a8bb0000 - 0x00007ff8a8bc2000 	C:\Windows\SYSTEM32\MSASN1.dll

dbghelp: loaded successfully - version: 4.0.5 - missing functions: none
symbol engine: initialized successfully - sym options: 0x614 - pdb path: .;C:\Users\user\AppData\Local\Temp\Rar$EXa12212.28763\MCreator20231\jdk\bin;C:\Windows\SYSTEM32;C:\Windows\WinSxS\amd64_microsoft.windows.common-controls_6595b64144ccf1df_6.0.19041.1110_none_60b5254171f9507e;C:\Users\user\AppData\Local\Temp\Rar$EXa12212.28763\MCreator20231\jdk\bin\server;C:\Users\user\AppData\Local\Temp\jna-1821864651;C:\ProgramData\Microsoft\Windows Defender\Platform\4.18.2304.8-0;C:\Users\user\AppData\Local\Temp\lwjglJackson Glaz\3.3.1-build-7;C:\Windows\System32\DriverStore\FileRepository\u0390451.inf_amd64_39377efdd62734d1\B390182

VM Arguments:
jvm_args: -Dforge.enableGameTest=true -Dforge.logging.console.level=debug -Dforge.logging.markers=REGISTRIES -DignoreList=bootstraplauncher,securejarhandler,asm-commons,asm-util,asm-analysis,asm-tree,asm,JarJarFileSystems,client-extra,fmlcore,javafmllanguage,lowcodelanguage,mclanguage,forge- -Djava.net.preferIPv6Addresses=system -DlegacyClassPath.file=C:\Users\user\MCreatorWorkspaces\minecraft_backlog_updates_fix\build\classpath\runClient_minecraftClasspath.txt -DmergeModules=jna-5.10.0.jar,jna-platform-5.10.0.jar -Dos.version=10.0 --module-path=C:\Users\user\.mcreator\gradle\caches\modules-2\files-2.1\cpw.mods\bootstraplauncher\1.1.2\c546e00443d8432cda6baa1c860346980742628\bootstraplauncher-1.1.2.jar;C:\Users\user\.mcreator\gradle\caches\modules-2\files-2.1\cpw.mods\securejarhandler\2.1.4\f47e3b9dd860a7b82154b8f90a650ffd0aaa5582\securejarhandler-2.1.4.jar;C:\Users\user\.mcreator\gradle\caches\modules-2\files-2.1\org.ow2.asm\asm-commons\9.3\1f2a432d1212f5c352ae607d7b61dcae20c20af5\asm-commons-9.3.jar;C:\Users\user\.mcreator\gradle\caches\modules-2\files-2.1\org.ow2.asm\asm-util\9.3\9595bc05510d0bd4b610188b77333fe4851a1975\asm-util-9.3.jar;C:\Users\user\.mcreator\gradle\caches\modules-2\files-2.1\org.ow2.asm\asm-analysis\9.3\4b071f211b37c38e0e9f5998550197c8593f6ad8\asm-analysis-9.3.jar;C:\Users\user\.mcreator\gradle\caches\modules-2\files-2.1\org.ow2.asm\asm-tree\9.3\78d2ecd61318b5a58cd04fb237636c0e86b77d97\asm-tree-9.3.jar;C:\Users\user\.mcreator\gradle\caches\modules-2\files-2.1\org.ow2.asm\asm\9.3\8e6300ef51c1d801a7ed62d07cd221aca3a90640\asm-9.3.jar;C:\Users\user\.mcreator\gradle\caches\modules-2\files-2.1\net.minecraftforge\JarJarFileSystems\0.3.16\e52afbb2599dc7c6f779efea0496d32fc01152e3\JarJarFileSystems-0.3.16.jar --add-modules=ALL-MODULE-PATH --add-opens=java.base/java.util.jar=cpw.mods.securejarhandler --add-opens=java.base/java.lang.invoke=cpw.mods.securejarhandler --add-exports=java.base/sun.security.util=cpw.mods.securejarhandler --add-exports=jdk.naming.dns/com.sun.jndi.dns=java.naming -XX:HeapDumpPath=MojangTricksIntelDriversForPerformance_javaw.exe_minecraft.exe.heapdump -Dos.name=Windows 10 -Dfile.encoding=UTF-8 -Duser.country=US -Duser.language=en -Duser.variant 
java_command: cpw.mods.bootstraplauncher.BootstrapLauncher --launchTarget forgeclientuserdev --version MOD_DEV --assetIndex 1.19 --assetsDir C:\Users\user\.mcreator\gradle\caches\forge_gradle\assets --gameDir . --fml.forgeVersion 43.2.0 --fml.mcVersion 1.19.2 --fml.forgeGroup net.minecraftforge --fml.mcpVersion 20220805.130853
java_class_path (initial): C:\Users\user\MCreatorWorkspaces\minecraft_backlog_updates_fix\build\classes\java\main;C:\Users\user\MCreatorWorkspaces\minecraft_backlog_updates_fix\build\resources\main;C:\Users\user\.mcreator\gradle\caches\forge_gradle\minecraft_user_repo\net\minecraftforge\forge\1.19.2-43.2.0_mapped_official_1.19.2\forge-1.19.2-43.2.0_mapped_official_1.19.2-recomp.jar;C:\Users\user\.mcreator\gradle\caches\forge_gradle\minecraft_repo\versions\1.19.2\client-extra.jar;C:\Users\user\.mcreator\gradle\caches\modules-2\files-2.1\net.minecraftforge\javafmllanguage\1.19.2-43.2.0\5713dfd49576886a7ffc353f14f067ad42369592\javafmllanguage-1.19.2-43.2.0.jar;C:\Users\user\.mcreator\gradle\caches\modules-2\files-2.1\net.minecraftforge\lowcodelanguage\1.19.2-43.2.0\51c88985dd125457fb8b6c2c58a4f3b9349a6b57\lowcodelanguage-1.19.2-43.2.0.jar;C:\Users\user\.mcreator\gradle\caches\modules-2\files-2.1\net.minecraftforge\mclanguage\1.19.2-43.2.0\f4fa83ef8129c7f7cc5847fbafb07f7ae86c1bb\mclanguage-1.19.2-43.2.0.jar;C:\Users\user\.mcreator\gradle\caches\modules-2\files-2.1\net.minecraftforge\fmlcore\1.19.2-43.2.0\d4dcb5b809b7f035ac22b058941cf81f84451545\fmlcore-1.19.2-43.2.0.jar;C:\Users\user\.mcreator\gradle\caches\modules-2\files-2.1\net.minecraftforge\fmlloader\1.19.2-43.2.0\3e6e8b7b5e1dbc6ee01a20f74675f223b64c7847\fmlloader-1.19.2-43.2.0.jar;C:\Users\user\.mcreator\gradle\caches\modules-2\files-2.1\net.minecraftforge\JarJarSelector\0.3.16\2a31421fb5e267249da103a644f23afb43d158af\JarJarSelector-0.3.16.jar;C:\Users\user\.mcreator\gradle\caches\modules-2\files-2.1\net.minecraftforge\JarJarMetadata\0.3.16\f62c8c898dffc8666f5097a8587ed72095e8e83a\JarJarMetadata-0.3.16.jar;C:\Users\user\.mcreator\gradle\caches\modules-2\files-2.1\com.google.guava\guava\31.0.1-jre\119ea2b2bc205b138974d351777b20f02b92704b\guava-31.0.1-jre.jar;C:\Users\user\.mcreator\gradle\caches\modules-2\files-2.1\com.google.code.findbugs\jsr305\3.0.2\25ea2e8b0c338a877313bd4672d3fe056ea78f0d\jsr305-3.0.2.jar;C:\
Launcher Type: SUN_STANDARD

[Global flags]
     intx CICompilerCount                          = 12                                        {product} {ergonomic}
     uint ConcGCThreads                            = 3                                         {product} {ergonomic}
     uint G1ConcRefinementThreads                  = 13                                        {product} {ergonomic}
   size_t G1HeapRegionSize                         = 4194304                                   {product} {ergonomic}
    uintx GCDrainStackTargetSize                   = 64                                        {product} {ergonomic}
    ccstr HeapDumpPath                             = MojangTricksIntelDriversForPerformance_javaw.exe_minecraft.exe.heapdump         {manageable} {command line}
   size_t InitialHeapSize                          = 402653184                                 {product} {ergonomic}
   size_t MarkStackSize                            = 4194304                                   {product} {ergonomic}
   size_t MaxHeapSize                              = 6421479424                                {product} {ergonomic}
   size_t MaxNewSize                               = 3850371072                                {product} {ergonomic}
   size_t MinHeapDeltaBytes                        = 4194304                                   {product} {ergonomic}
   size_t MinHeapSize                              = 8388608                                   {product} {ergonomic}
    uintx NonNMethodCodeHeapSize                   = 7602480                                {pd product} {ergonomic}
    uintx NonProfiledCodeHeapSize                  = 122027880                              {pd product} {ergonomic}
    uintx ProfiledCodeHeapSize                     = 122027880                              {pd product} {ergonomic}
    uintx ReservedCodeCacheSize                    = 251658240                              {pd product} {ergonomic}
     bool SegmentedCodeCache                       = true                                      {product} {ergonomic}
   size_t SoftMaxHeapSize                          = 6421479424                             {manageable} {ergonomic}
     bool UseCompressedClassPointers               = true                           {product lp64_product} {ergonomic}
     bool UseCompressedOops                        = true                           {product lp64_product} {ergonomic}
     bool UseG1GC                                  = true                                      {product} {ergonomic}
     bool UseLargePagesIndividualAllocation        = false                                  {pd product} {ergonomic}

Logging:
Log output configuration:
 #0: stdout all=warning uptime,level,tags
 #1: stderr all=off uptime,level,tags

Environment Variables:
JAVA_HOME=C:\Users\user\AppData\Local\Temp\Rar$EXa12212.28763\MCreator20231\jdk
PATH=C:\Program Files\WinRAR;C:\Program Files\Common Files\Oracle\Java\javapath;C:\Program Files (x86)\Common Files\Oracle\Java\javapath;C:\Program Files (x86)\Razer Chroma SDK\bin;C:\Program Files\Razer Chroma SDK\bin;C:\Program Files (x86)\Razer\ChromaBroadcast\bin;C:\Program Files\Razer\ChromaBroadcast\bin;C:\Program Files (x86)\NVIDIA Corporation\PhysX\Common;C:\ProgramData\Oracle\Java\javapath;C:\WINDOWS\system32;C:\WINDOWS;C:\WINDOWS\System32\Wbem;C:\WINDOWS\System32\WindowsPowerShell\v1.0\;C:\WINDOWS\System32\OpenSSH\;C:\Windows\system32;C:\Windows;C:\Windows\System32\Wbem;C:\Windows\System32\WindowsPowerShell\v1.0\;C:\Windows\System32\OpenSSH\;C:\Windows\system32\config\systemprofile\AppData\Local\Microsoft\WindowsApps;C:\Program Files\Microsoft SQL Server\120\Tools\Binn\;C:\Program Files\Common Files\Autodesk Shared\;C:\Program Files\dotnet\;C:\Users\user\AppData\Local\Microsoft\WindowsApps;;C:\Users\user\AppData\Local\Programs\Microsoft VS Code\bin;C:\Users\user\AppData\Local\Temp\Rar$EXa12212.28763\MCreator20231\jdk\bin
USERNAME=Jackson Glaz
OS=Windows_NT
PROCESSOR_IDENTIFIER=AMD64 Family 25 Model 33 Stepping 0, AuthenticAMD
TMP=C:\Users\user\AppData\Local\Temp
TEMP=C:\Users\user\AppData\Local\Temp



---------------  S Y S T E M  ---------------

OS:
 Windows 10 , 64 bit Build 19041 (10.0.19041.2788)
OS uptime: 5 days 12:07 hours

CPU: total 16 (initial active 16) (16 cores per cpu, 2 threads per core) family 25 model 33 stepping 0 microcode 0x0, cx8, cmov, fxsr, ht, mmx, 3dnowpref, sse, sse2, sse3, ssse3, sse4a, sse4.1, sse4.2, popcnt, lzcnt, tsc, tscinvbit, avx, avx2, aes, erms, clmul, bmi1, bmi2, adx, sha, fma, vzeroupper, clflush, clflushopt

Memory: 4k page, system-wide physical 24487M (9628M free)
TotalPageFile size 33570M (AvailPageFile size 10973M)
current process WorkingSet (physical memory assigned to process): 748M, peak: 842M
current process commit charge ("private bytes"): 886M, peak: 952M

vm_info: OpenJDK 64-Bit Server VM (17.0.5+8) for windows-amd64 JRE (17.0.5+8), built on Oct 19 2022 04:48:13 by "temurin" with MS VC++ 16.7 (VS2019)

END.
